[0.080s] Invoking command in '/home/meric/f1_ws/build/vesc_msgs': CMAKE_PREFIX_PATH=${CMAKE_PREFIX_PATH}:/home/meric/f1_ws/install/f1tenth_stack:/home/meric/f1_ws/install/joy_teleop:/home/meric/f1_ws/install/mouse_teleop:/home/meric/f1_ws/install/key_teleop:/opt/ros/humble /usr/bin/cmake /home/meric/f1_ws/src/f1tenth_system/vesc/vesc_msgs -DAMENT_CMAKE_SYMLINK_INSTALL=1 -DCMAKE_INSTALL_PREFIX=/home/meric/f1_ws/install/vesc_msgs
[1.383s] -- Found ament_cmake_auto: 1.3.10 (/opt/ros/humble/share/ament_cmake_auto/cmake)
[1.384s] -- Override CMake install command with custom implementation using symlinks instead of copying resources
[1.384s] -- Using all available rosidl_typesupport_c: rosidl_typesupport_fastrtps_c;rosidl_typesupport_introspection_c
[1.384s] -- Found rosidl_adapter: 3.1.5 (/opt/ros/humble/share/rosidl_adapter/cmake)
[1.384s] -- Using all available rosidl_typesupport_cpp: rosidl_typesupport_fastrtps_cpp;rosidl_typesupport_introspection_cpp
[1.385s] -- Found ament_cmake_ros: 0.10.0 (/opt/ros/humble/share/ament_cmake_ros/cmake)
[1.865s] -- Using all available rosidl_typesupport_c: rosidl_typesupport_fastrtps_c;rosidl_typesupport_introspection_c
[2.642s] -- Using all available rosidl_typesupport_cpp: rosidl_typesupport_fastrtps_cpp;rosidl_typesupport_introspection_cpp
[2.697s] -- Found python_cmake_module: 0.10.0 (/opt/ros/humble/share/python_cmake_module/cmake)
[2.755s] -- Using PYTHON_EXECUTABLE: /usr/bin/python3
[2.756s] -- Using PYTHON_INCLUDE_DIRS: /usr/include/python3.10
[2.756s] -- Using PYTHON_LIBRARIES: /usr/lib/aarch64-linux-gnu/libpython3.10.so
[2.849s] -- Found ament_lint_auto: 0.12.11 (/opt/ros/humble/share/ament_lint_auto/cmake)
[2.873s] -- Added test 'copyright' to check source files copyright and LICENSE
[2.878s] -- Added test 'lint_cmake' to check CMake code style
[2.880s] -- Added test 'xmllint' to check XML markup files
[2.887s] -- Configuring done
[2.980s] -- Generating done
[2.987s] -- Build files have been written to: /home/meric/f1_ws/build/vesc_msgs
[3.275s] Invoked command in '/home/meric/f1_ws/build/vesc_msgs' returned '0': CMAKE_PREFIX_PATH=${CMAKE_PREFIX_PATH}:/home/meric/f1_ws/install/f1tenth_stack:/home/meric/f1_ws/install/joy_teleop:/home/meric/f1_ws/install/mouse_teleop:/home/meric/f1_ws/install/key_teleop:/opt/ros/humble /usr/bin/cmake /home/meric/f1_ws/src/f1tenth_system/vesc/vesc_msgs -DAMENT_CMAKE_SYMLINK_INSTALL=1 -DCMAKE_INSTALL_PREFIX=/home/meric/f1_ws/install/vesc_msgs
[3.276s] Invoking command in '/home/meric/f1_ws/build/vesc_msgs': CMAKE_PREFIX_PATH=${CMAKE_PREFIX_PATH}:/home/meric/f1_ws/install/f1tenth_stack:/home/meric/f1_ws/install/joy_teleop:/home/meric/f1_ws/install/mouse_teleop:/home/meric/f1_ws/install/key_teleop:/opt/ros/humble /usr/bin/cmake --build /home/meric/f1_ws/build/vesc_msgs -- -j6 -l6
[3.409s] [35m[1mConsolidate compiler generated dependencies of target vesc_msgs__rosidl_generator_c[0m
[3.492s] [ 10%] Built target vesc_msgs__rosidl_generator_c
[3.505s] [ 12%] Built target vesc_msgs__cpp
[3.507s] failed to create symbolic link '/home/meric/f1_ws/build/vesc_msgs/ament_cmake_python/vesc_msgs/vesc_msgs' because existing path cannot be removed: Is a directory
[3.509s] gmake[2]: *** [CMakeFiles/ament_cmake_python_symlink_vesc_msgs.dir/build.make:70: CMakeFiles/ament_cmake_python_symlink_vesc_msgs] Error 1
[3.510s] gmake[1]: *** [CMakeFiles/Makefile2:421: CMakeFiles/ament_cmake_python_symlink_vesc_msgs.dir/all] Error 2
[3.511s] gmake[1]: *** Waiting for unfinished jobs....
[3.540s] [35m[1mConsolidate compiler generated dependencies of target vesc_msgs__rosidl_typesupport_introspection_c[0m
[3.571s] [ 23%] Built target vesc_msgs__rosidl_typesupport_introspection_c
[3.583s] [35m[1mConsolidate compiler generated dependencies of target vesc_msgs__rosidl_typesupport_fastrtps_c[0m
[3.655s] [ 34%] Built target vesc_msgs__rosidl_typesupport_fastrtps_c
[3.657s] gmake: *** [Makefile:146: all] Error 2
[3.675s] Invoked command in '/home/meric/f1_ws/build/vesc_msgs' returned '2': CMAKE_PREFIX_PATH=${CMAKE_PREFIX_PATH}:/home/meric/f1_ws/install/f1tenth_stack:/home/meric/f1_ws/install/joy_teleop:/home/meric/f1_ws/install/mouse_teleop:/home/meric/f1_ws/install/key_teleop:/opt/ros/humble /usr/bin/cmake --build /home/meric/f1_ws/build/vesc_msgs -- -j6 -l6
