[0.065s] Invoking command in '/home/meric/f1_ws/build/teleop_tools_msgs': CMAKE_PREFIX_PATH=${CMAKE_PREFIX_PATH}:/home/meric/f1_ws/install/f1tenth_stack:/home/meric/f1_ws/install/joy_teleop:/home/meric/f1_ws/install/mouse_teleop:/home/meric/f1_ws/install/key_teleop:/opt/ros/humble /usr/bin/cmake --build /home/meric/f1_ws/build/teleop_tools_msgs -- -j6 -l6
[0.752s] [  3%] Built target teleop_tools_msgs__cpp
[0.752s] [ 12%] Built target teleop_tools_msgs__rosidl_generator_c
[0.752s] [ 12%] Built target ament_cmake_python_copy_teleop_tools_msgs
[0.752s] [ 22%] Built target teleop_tools_msgs__rosidl_typesupport_fastrtps_c
[0.752s] [ 32%] Built target teleop_tools_msgs__rosidl_typesupport_introspection_cpp
[0.753s] [ 41%] Built target teleop_tools_msgs__rosidl_typesupport_cpp
[0.753s] [ 51%] Built target teleop_tools_msgs__rosidl_typesupport_c
[0.753s] [ 61%] Built target teleop_tools_msgs__rosidl_typesupport_introspection_c
[0.753s] [ 70%] Built target teleop_tools_msgs__rosidl_typesupport_fastrtps_cpp
[0.754s] [ 70%] Built target teleop_tools_msgs
[0.754s] [ 74%] Built target teleop_tools_msgs__py
[0.754s] [ 80%] Built target teleop_tools_msgs__rosidl_generator_py
[0.754s] [ 87%] Built target teleop_tools_msgs__rosidl_typesupport_fastrtps_c__pyext
[0.754s] [ 93%] Built target teleop_tools_msgs__rosidl_typesupport_c__pyext
[0.754s] [100%] Built target teleop_tools_msgs__rosidl_typesupport_introspection_c__pyext
[0.902s] running egg_info
[0.903s] writing teleop_tools_msgs.egg-info/PKG-INFO
[0.904s] writing dependency_links to teleop_tools_msgs.egg-info/dependency_links.txt
[0.904s] writing top-level names to teleop_tools_msgs.egg-info/top_level.txt
[0.910s] reading manifest file 'teleop_tools_msgs.egg-info/SOURCES.txt'
[0.911s] writing manifest file 'teleop_tools_msgs.egg-info/SOURCES.txt'
[0.988s] [100%] Built target ament_cmake_python_build_teleop_tools_msgs_egg
[1.395s] Invoked command in '/home/meric/f1_ws/build/teleop_tools_msgs' returned '0': CMAKE_PREFIX_PATH=${CMAKE_PREFIX_PATH}:/home/meric/f1_ws/install/f1tenth_stack:/home/meric/f1_ws/install/joy_teleop:/home/meric/f1_ws/install/mouse_teleop:/home/meric/f1_ws/install/key_teleop:/opt/ros/humble /usr/bin/cmake --build /home/meric/f1_ws/build/teleop_tools_msgs -- -j6 -l6
[1.546s] Invoking command in '/home/meric/f1_ws/build/teleop_tools_msgs': CMAKE_PREFIX_PATH=${CMAKE_PREFIX_PATH}:/home/meric/f1_ws/install/f1tenth_stack:/home/meric/f1_ws/install/joy_teleop:/home/meric/f1_ws/install/mouse_teleop:/home/meric/f1_ws/install/key_teleop:/opt/ros/humble /usr/bin/cmake --install /home/meric/f1_ws/build/teleop_tools_msgs
[1.568s] -- Install configuration: ""
[1.568s] -- Up-to-date: /home/meric/f1_ws/install/teleop_tools_msgs/share/ament_index/resource_index/rosidl_interfaces/teleop_tools_msgs
[1.568s] -- Up-to-date: /home/meric/f1_ws/install/teleop_tools_msgs/include/teleop_tools_msgs/teleop_tools_msgs
[1.569s] -- Up-to-date: /home/meric/f1_ws/install/teleop_tools_msgs/include/teleop_tools_msgs/teleop_tools_msgs/msg
[1.569s] -- Up-to-date: /home/meric/f1_ws/install/teleop_tools_msgs/include/teleop_tools_msgs/teleop_tools_msgs/msg/rosidl_generator_c__visibility_control.h
[1.569s] -- Up-to-date: /home/meric/f1_ws/install/teleop_tools_msgs/include/teleop_tools_msgs/teleop_tools_msgs/action
[1.569s] -- Up-to-date: /home/meric/f1_ws/install/teleop_tools_msgs/include/teleop_tools_msgs/teleop_tools_msgs/action/detail
[1.569s] -- Up-to-date: /home/meric/f1_ws/install/teleop_tools_msgs/include/teleop_tools_msgs/teleop_tools_msgs/action/detail/increment__functions.c
[1.569s] -- Up-to-date: /home/meric/f1_ws/install/teleop_tools_msgs/include/teleop_tools_msgs/teleop_tools_msgs/action/detail/increment__type_support.h
[1.570s] -- Up-to-date: /home/meric/f1_ws/install/teleop_tools_msgs/include/teleop_tools_msgs/teleop_tools_msgs/action/detail/increment__struct.h
[1.570s] -- Up-to-date: /home/meric/f1_ws/install/teleop_tools_msgs/include/teleop_tools_msgs/teleop_tools_msgs/action/detail/increment__functions.h
[1.570s] -- Up-to-date: /home/meric/f1_ws/install/teleop_tools_msgs/include/teleop_tools_msgs/teleop_tools_msgs/action/increment.h
[1.570s] -- Up-to-date: /home/meric/f1_ws/install/teleop_tools_msgs/share/teleop_tools_msgs/environment/library_path.sh
[1.570s] -- Up-to-date: /home/meric/f1_ws/install/teleop_tools_msgs/share/teleop_tools_msgs/environment/library_path.dsv
[1.571s] -- Up-to-date: /home/meric/f1_ws/install/teleop_tools_msgs/lib/libteleop_tools_msgs__rosidl_generator_c.so
[1.571s] -- Up-to-date: /home/meric/f1_ws/install/teleop_tools_msgs/include/teleop_tools_msgs/teleop_tools_msgs
[1.571s] -- Up-to-date: /home/meric/f1_ws/install/teleop_tools_msgs/include/teleop_tools_msgs/teleop_tools_msgs/msg
[1.571s] -- Up-to-date: /home/meric/f1_ws/install/teleop_tools_msgs/include/teleop_tools_msgs/teleop_tools_msgs/msg/rosidl_typesupport_fastrtps_c__visibility_control.h
[1.571s] -- Up-to-date: /home/meric/f1_ws/install/teleop_tools_msgs/include/teleop_tools_msgs/teleop_tools_msgs/action
[1.571s] -- Up-to-date: /home/meric/f1_ws/install/teleop_tools_msgs/include/teleop_tools_msgs/teleop_tools_msgs/action/detail
[1.572s] -- Up-to-date: /home/meric/f1_ws/install/teleop_tools_msgs/include/teleop_tools_msgs/teleop_tools_msgs/action/detail/increment__rosidl_typesupport_fastrtps_c.h
[1.572s] -- Up-to-date: /home/meric/f1_ws/install/teleop_tools_msgs/lib/libteleop_tools_msgs__rosidl_typesupport_fastrtps_c.so
[1.572s] -- Up-to-date: /home/meric/f1_ws/install/teleop_tools_msgs/include/teleop_tools_msgs/teleop_tools_msgs
[1.573s] -- Up-to-date: /home/meric/f1_ws/install/teleop_tools_msgs/include/teleop_tools_msgs/teleop_tools_msgs/msg
[1.573s] -- Up-to-date: /home/meric/f1_ws/install/teleop_tools_msgs/include/teleop_tools_msgs/teleop_tools_msgs/msg/rosidl_typesupport_introspection_c__visibility_control.h
[1.573s] -- Up-to-date: /home/meric/f1_ws/install/teleop_tools_msgs/include/teleop_tools_msgs/teleop_tools_msgs/action
[1.573s] -- Up-to-date: /home/meric/f1_ws/install/teleop_tools_msgs/include/teleop_tools_msgs/teleop_tools_msgs/action/detail
[1.573s] -- Up-to-date: /home/meric/f1_ws/install/teleop_tools_msgs/include/teleop_tools_msgs/teleop_tools_msgs/action/detail/increment__type_support.c
[1.573s] -- Up-to-date: /home/meric/f1_ws/install/teleop_tools_msgs/include/teleop_tools_msgs/teleop_tools_msgs/action/detail/increment__rosidl_typesupport_introspection_c.h
[1.574s] -- Up-to-date: /home/meric/f1_ws/install/teleop_tools_msgs/lib/libteleop_tools_msgs__rosidl_typesupport_introspection_c.so
[1.575s] -- Up-to-date: /home/meric/f1_ws/install/teleop_tools_msgs/lib/libteleop_tools_msgs__rosidl_typesupport_c.so
[1.575s] -- Up-to-date: /home/meric/f1_ws/install/teleop_tools_msgs/include/teleop_tools_msgs/teleop_tools_msgs
[1.575s] -- Up-to-date: /home/meric/f1_ws/install/teleop_tools_msgs/include/teleop_tools_msgs/teleop_tools_msgs/action
[1.576s] -- Up-to-date: /home/meric/f1_ws/install/teleop_tools_msgs/include/teleop_tools_msgs/teleop_tools_msgs/action/increment.hpp
[1.576s] -- Up-to-date: /home/meric/f1_ws/install/teleop_tools_msgs/include/teleop_tools_msgs/teleop_tools_msgs/action/detail
[1.576s] -- Up-to-date: /home/meric/f1_ws/install/teleop_tools_msgs/include/teleop_tools_msgs/teleop_tools_msgs/action/detail/increment__builder.hpp
[1.577s] -- Up-to-date: /home/meric/f1_ws/install/teleop_tools_msgs/include/teleop_tools_msgs/teleop_tools_msgs/action/detail/increment__traits.hpp
[1.577s] -- Up-to-date: /home/meric/f1_ws/install/teleop_tools_msgs/include/teleop_tools_msgs/teleop_tools_msgs/action/detail/increment__struct.hpp
[1.577s] -- Up-to-date: /home/meric/f1_ws/install/teleop_tools_msgs/include/teleop_tools_msgs/teleop_tools_msgs
[1.577s] -- Up-to-date: /home/meric/f1_ws/install/teleop_tools_msgs/include/teleop_tools_msgs/teleop_tools_msgs/msg
[1.577s] -- Up-to-date: /home/meric/f1_ws/install/teleop_tools_msgs/include/teleop_tools_msgs/teleop_tools_msgs/msg/rosidl_typesupport_fastrtps_cpp__visibility_control.h
[1.577s] -- Up-to-date: /home/meric/f1_ws/install/teleop_tools_msgs/include/teleop_tools_msgs/teleop_tools_msgs/action
[1.577s] -- Up-to-date: /home/meric/f1_ws/install/teleop_tools_msgs/include/teleop_tools_msgs/teleop_tools_msgs/action/detail
[1.578s] -- Up-to-date: /home/meric/f1_ws/install/teleop_tools_msgs/include/teleop_tools_msgs/teleop_tools_msgs/action/detail/dds_fastrtps
[1.578s] -- Up-to-date: /home/meric/f1_ws/install/teleop_tools_msgs/include/teleop_tools_msgs/teleop_tools_msgs/action/detail/increment__rosidl_typesupport_fastrtps_cpp.hpp
[1.578s] -- Up-to-date: /home/meric/f1_ws/install/teleop_tools_msgs/lib/libteleop_tools_msgs__rosidl_typesupport_fastrtps_cpp.so
[1.578s] -- Up-to-date: /home/meric/f1_ws/install/teleop_tools_msgs/include/teleop_tools_msgs/teleop_tools_msgs
[1.578s] -- Up-to-date: /home/meric/f1_ws/install/teleop_tools_msgs/include/teleop_tools_msgs/teleop_tools_msgs/action
[1.579s] -- Up-to-date: /home/meric/f1_ws/install/teleop_tools_msgs/include/teleop_tools_msgs/teleop_tools_msgs/action/detail
[1.579s] -- Up-to-date: /home/meric/f1_ws/install/teleop_tools_msgs/include/teleop_tools_msgs/teleop_tools_msgs/action/detail/increment__type_support.cpp
[1.579s] -- Up-to-date: /home/meric/f1_ws/install/teleop_tools_msgs/include/teleop_tools_msgs/teleop_tools_msgs/action/detail/increment__rosidl_typesupport_introspection_cpp.hpp
[1.579s] -- Up-to-date: /home/meric/f1_ws/install/teleop_tools_msgs/lib/libteleop_tools_msgs__rosidl_typesupport_introspection_cpp.so
[1.580s] -- Up-to-date: /home/meric/f1_ws/install/teleop_tools_msgs/lib/libteleop_tools_msgs__rosidl_typesupport_cpp.so
[1.580s] -- Up-to-date: /home/meric/f1_ws/install/teleop_tools_msgs/share/teleop_tools_msgs/environment/pythonpath.sh
[1.580s] -- Up-to-date: /home/meric/f1_ws/install/teleop_tools_msgs/share/teleop_tools_msgs/environment/pythonpath.dsv
[1.581s] -- Up-to-date: /home/meric/f1_ws/install/teleop_tools_msgs/local/lib/python3.10/dist-packages/teleop_tools_msgs-1.2.1-py3.10.egg-info
[1.581s] -- Installing: /home/meric/f1_ws/install/teleop_tools_msgs/local/lib/python3.10/dist-packages/teleop_tools_msgs-1.2.1-py3.10.egg-info/dependency_links.txt
[1.581s] -- Installing: /home/meric/f1_ws/install/teleop_tools_msgs/local/lib/python3.10/dist-packages/teleop_tools_msgs-1.2.1-py3.10.egg-info/top_level.txt
[1.581s] -- Installing: /home/meric/f1_ws/install/teleop_tools_msgs/local/lib/python3.10/dist-packages/teleop_tools_msgs-1.2.1-py3.10.egg-info/PKG-INFO
[1.581s] -- Installing: /home/meric/f1_ws/install/teleop_tools_msgs/local/lib/python3.10/dist-packages/teleop_tools_msgs-1.2.1-py3.10.egg-info/SOURCES.txt
[1.582s] -- Up-to-date: /home/meric/f1_ws/install/teleop_tools_msgs/local/lib/python3.10/dist-packages/teleop_tools_msgs
[1.582s] -- Up-to-date: /home/meric/f1_ws/install/teleop_tools_msgs/local/lib/python3.10/dist-packages/teleop_tools_msgs/teleop_tools_msgs_s__rosidl_typesupport_c.cpython-310-aarch64-linux-gnu.so
[1.583s] -- Up-to-date: /home/meric/f1_ws/install/teleop_tools_msgs/local/lib/python3.10/dist-packages/teleop_tools_msgs/__init__.py
[1.583s] -- Up-to-date: /home/meric/f1_ws/install/teleop_tools_msgs/local/lib/python3.10/dist-packages/teleop_tools_msgs/_teleop_tools_msgs_s.ep.rosidl_typesupport_c.c
[1.583s] -- Up-to-date: /home/meric/f1_ws/install/teleop_tools_msgs/local/lib/python3.10/dist-packages/teleop_tools_msgs/action
[1.583s] -- Up-to-date: /home/meric/f1_ws/install/teleop_tools_msgs/local/lib/python3.10/dist-packages/teleop_tools_msgs/action/__init__.py
[1.583s] -- Up-to-date: /home/meric/f1_ws/install/teleop_tools_msgs/local/lib/python3.10/dist-packages/teleop_tools_msgs/action/_increment.py
[1.583s] -- Up-to-date: /home/meric/f1_ws/install/teleop_tools_msgs/local/lib/python3.10/dist-packages/teleop_tools_msgs/action/_increment_s.c
[1.584s] -- Up-to-date: /home/meric/f1_ws/install/teleop_tools_msgs/local/lib/python3.10/dist-packages/teleop_tools_msgs/_teleop_tools_msgs_s.ep.rosidl_typesupport_fastrtps_c.c
[1.584s] -- Up-to-date: /home/meric/f1_ws/install/teleop_tools_msgs/local/lib/python3.10/dist-packages/teleop_tools_msgs/teleop_tools_msgs_s__rosidl_typesupport_introspection_c.cpython-310-aarch64-linux-gnu.so
[1.584s] -- Up-to-date: /home/meric/f1_ws/install/teleop_tools_msgs/local/lib/python3.10/dist-packages/teleop_tools_msgs/teleop_tools_msgs_s__rosidl_typesupport_fastrtps_c.cpython-310-aarch64-linux-gnu.so
[1.584s] -- Up-to-date: /home/meric/f1_ws/install/teleop_tools_msgs/local/lib/python3.10/dist-packages/teleop_tools_msgs/libteleop_tools_msgs__rosidl_generator_py.so
[1.585s] -- Up-to-date: /home/meric/f1_ws/install/teleop_tools_msgs/local/lib/python3.10/dist-packages/teleop_tools_msgs/_teleop_tools_msgs_s.ep.rosidl_typesupport_introspection_c.c
[1.658s] Listing '/home/meric/f1_ws/install/teleop_tools_msgs/local/lib/python3.10/dist-packages/teleop_tools_msgs'...
[1.659s] Listing '/home/meric/f1_ws/install/teleop_tools_msgs/local/lib/python3.10/dist-packages/teleop_tools_msgs/action'...
[1.671s] -- Up-to-date: /home/meric/f1_ws/install/teleop_tools_msgs/local/lib/python3.10/dist-packages/teleop_tools_msgs/teleop_tools_msgs_s__rosidl_typesupport_fastrtps_c.cpython-310-aarch64-linux-gnu.so
[1.671s] -- Up-to-date: /home/meric/f1_ws/install/teleop_tools_msgs/local/lib/python3.10/dist-packages/teleop_tools_msgs/teleop_tools_msgs_s__rosidl_typesupport_introspection_c.cpython-310-aarch64-linux-gnu.so
[1.672s] -- Up-to-date: /home/meric/f1_ws/install/teleop_tools_msgs/local/lib/python3.10/dist-packages/teleop_tools_msgs/teleop_tools_msgs_s__rosidl_typesupport_c.cpython-310-aarch64-linux-gnu.so
[1.673s] -- Up-to-date: /home/meric/f1_ws/install/teleop_tools_msgs/lib/libteleop_tools_msgs__rosidl_generator_py.so
[1.673s] -- Up-to-date: /home/meric/f1_ws/install/teleop_tools_msgs/share/teleop_tools_msgs/action/Increment.idl
[1.673s] -- Up-to-date: /home/meric/f1_ws/install/teleop_tools_msgs/share/teleop_tools_msgs/action/Increment.action
[1.674s] -- Up-to-date: /home/meric/f1_ws/install/teleop_tools_msgs/share/ament_index/resource_index/package_run_dependencies/teleop_tools_msgs
[1.674s] -- Up-to-date: /home/meric/f1_ws/install/teleop_tools_msgs/share/ament_index/resource_index/parent_prefix_path/teleop_tools_msgs
[1.674s] -- Up-to-date: /home/meric/f1_ws/install/teleop_tools_msgs/share/teleop_tools_msgs/environment/ament_prefix_path.sh
[1.674s] -- Up-to-date: /home/meric/f1_ws/install/teleop_tools_msgs/share/teleop_tools_msgs/environment/ament_prefix_path.dsv
[1.675s] -- Up-to-date: /home/meric/f1_ws/install/teleop_tools_msgs/share/teleop_tools_msgs/environment/path.sh
[1.675s] -- Up-to-date: /home/meric/f1_ws/install/teleop_tools_msgs/share/teleop_tools_msgs/environment/path.dsv
[1.675s] -- Up-to-date: /home/meric/f1_ws/install/teleop_tools_msgs/share/teleop_tools_msgs/local_setup.bash
[1.675s] -- Up-to-date: /home/meric/f1_ws/install/teleop_tools_msgs/share/teleop_tools_msgs/local_setup.sh
[1.675s] -- Up-to-date: /home/meric/f1_ws/install/teleop_tools_msgs/share/teleop_tools_msgs/local_setup.zsh
[1.675s] -- Up-to-date: /home/meric/f1_ws/install/teleop_tools_msgs/share/teleop_tools_msgs/local_setup.dsv
[1.675s] -- Installing: /home/meric/f1_ws/install/teleop_tools_msgs/share/teleop_tools_msgs/package.dsv
[1.675s] -- Up-to-date: /home/meric/f1_ws/install/teleop_tools_msgs/share/ament_index/resource_index/packages/teleop_tools_msgs
[1.676s] -- Up-to-date: /home/meric/f1_ws/install/teleop_tools_msgs/share/teleop_tools_msgs/cmake/export_teleop_tools_msgs__rosidl_generator_cExport.cmake
[1.677s] -- Up-to-date: /home/meric/f1_ws/install/teleop_tools_msgs/share/teleop_tools_msgs/cmake/export_teleop_tools_msgs__rosidl_generator_cExport-noconfig.cmake
[1.677s] -- Up-to-date: /home/meric/f1_ws/install/teleop_tools_msgs/share/teleop_tools_msgs/cmake/export_teleop_tools_msgs__rosidl_typesupport_fastrtps_cExport.cmake
[1.677s] -- Up-to-date: /home/meric/f1_ws/install/teleop_tools_msgs/share/teleop_tools_msgs/cmake/export_teleop_tools_msgs__rosidl_typesupport_fastrtps_cExport-noconfig.cmake
[1.678s] -- Up-to-date: /home/meric/f1_ws/install/teleop_tools_msgs/share/teleop_tools_msgs/cmake/teleop_tools_msgs__rosidl_typesupport_introspection_cExport.cmake
[1.678s] -- Up-to-date: /home/meric/f1_ws/install/teleop_tools_msgs/share/teleop_tools_msgs/cmake/teleop_tools_msgs__rosidl_typesupport_introspection_cExport-noconfig.cmake
[1.678s] -- Up-to-date: /home/meric/f1_ws/install/teleop_tools_msgs/share/teleop_tools_msgs/cmake/teleop_tools_msgs__rosidl_typesupport_cExport.cmake
[1.678s] -- Up-to-date: /home/meric/f1_ws/install/teleop_tools_msgs/share/teleop_tools_msgs/cmake/teleop_tools_msgs__rosidl_typesupport_cExport-noconfig.cmake
[1.679s] -- Up-to-date: /home/meric/f1_ws/install/teleop_tools_msgs/share/teleop_tools_msgs/cmake/export_teleop_tools_msgs__rosidl_generator_cppExport.cmake
[1.679s] -- Up-to-date: /home/meric/f1_ws/install/teleop_tools_msgs/share/teleop_tools_msgs/cmake/export_teleop_tools_msgs__rosidl_typesupport_fastrtps_cppExport.cmake
[1.679s] -- Up-to-date: /home/meric/f1_ws/install/teleop_tools_msgs/share/teleop_tools_msgs/cmake/export_teleop_tools_msgs__rosidl_typesupport_fastrtps_cppExport-noconfig.cmake
[1.680s] -- Up-to-date: /home/meric/f1_ws/install/teleop_tools_msgs/share/teleop_tools_msgs/cmake/teleop_tools_msgs__rosidl_typesupport_introspection_cppExport.cmake
[1.680s] -- Up-to-date: /home/meric/f1_ws/install/teleop_tools_msgs/share/teleop_tools_msgs/cmake/teleop_tools_msgs__rosidl_typesupport_introspection_cppExport-noconfig.cmake
[1.680s] -- Up-to-date: /home/meric/f1_ws/install/teleop_tools_msgs/share/teleop_tools_msgs/cmake/teleop_tools_msgs__rosidl_typesupport_cppExport.cmake
[1.680s] -- Up-to-date: /home/meric/f1_ws/install/teleop_tools_msgs/share/teleop_tools_msgs/cmake/teleop_tools_msgs__rosidl_typesupport_cppExport-noconfig.cmake
[1.681s] -- Up-to-date: /home/meric/f1_ws/install/teleop_tools_msgs/share/teleop_tools_msgs/cmake/export_teleop_tools_msgs__rosidl_generator_pyExport.cmake
[1.681s] -- Up-to-date: /home/meric/f1_ws/install/teleop_tools_msgs/share/teleop_tools_msgs/cmake/export_teleop_tools_msgs__rosidl_generator_pyExport-noconfig.cmake
[1.681s] -- Up-to-date: /home/meric/f1_ws/install/teleop_tools_msgs/share/teleop_tools_msgs/cmake/rosidl_cmake-extras.cmake
[1.681s] -- Up-to-date: /home/meric/f1_ws/install/teleop_tools_msgs/share/teleop_tools_msgs/cmake/ament_cmake_export_dependencies-extras.cmake
[1.682s] -- Up-to-date: /home/meric/f1_ws/install/teleop_tools_msgs/share/teleop_tools_msgs/cmake/ament_cmake_export_include_directories-extras.cmake
[1.682s] -- Up-to-date: /home/meric/f1_ws/install/teleop_tools_msgs/share/teleop_tools_msgs/cmake/ament_cmake_export_libraries-extras.cmake
[1.682s] -- Up-to-date: /home/meric/f1_ws/install/teleop_tools_msgs/share/teleop_tools_msgs/cmake/ament_cmake_export_targets-extras.cmake
[1.682s] -- Up-to-date: /home/meric/f1_ws/install/teleop_tools_msgs/share/teleop_tools_msgs/cmake/rosidl_cmake_export_typesupport_targets-extras.cmake
[1.682s] -- Up-to-date: /home/meric/f1_ws/install/teleop_tools_msgs/share/teleop_tools_msgs/cmake/rosidl_cmake_export_typesupport_libraries-extras.cmake
[1.682s] -- Up-to-date: /home/meric/f1_ws/install/teleop_tools_msgs/share/teleop_tools_msgs/cmake/teleop_tools_msgsConfig.cmake
[1.682s] -- Up-to-date: /home/meric/f1_ws/install/teleop_tools_msgs/share/teleop_tools_msgs/cmake/teleop_tools_msgsConfig-version.cmake
[1.682s] -- Up-to-date: /home/meric/f1_ws/install/teleop_tools_msgs/share/teleop_tools_msgs/package.xml
