[3.205s] Invoking command in '/home/meric/f1_ws/src/f1tenth_system/teleop_tools/key_teleop': PYTHONPATH=/home/meric/f1_ws/build/key_teleop/prefix_override:/home/meric/.local/lib/python3.10/site-packages/colcon_core/task/python/colcon_distutils_commands:/home/meric/f1_ws/install/key_teleop/lib/python3.10/site-packages:${PYTHONPATH} /usr/bin/python3 -W ignore:setup.py install is deprecated setup.py egg_info --egg-base ../../../../build/key_teleop build --build-base /home/meric/f1_ws/build/key_teleop/build install --record /home/meric/f1_ws/build/key_teleop/install.log --single-version-externally-managed install_data
[3.823s] running egg_info
[3.825s] writing ../../../../build/key_teleop/key_teleop.egg-info/PKG-INFO
[3.826s] writing dependency_links to ../../../../build/key_teleop/key_teleop.egg-info/dependency_links.txt
[3.826s] writing entry points to ../../../../build/key_teleop/key_teleop.egg-info/entry_points.txt
[3.827s] writing requirements to ../../../../build/key_teleop/key_teleop.egg-info/requires.txt
[3.827s] writing top-level names to ../../../../build/key_teleop/key_teleop.egg-info/top_level.txt
[3.832s] reading manifest file '../../../../build/key_teleop/key_teleop.egg-info/SOURCES.txt'
[3.832s] adding license file 'LICENSE'
[3.834s] writing manifest file '../../../../build/key_teleop/key_teleop.egg-info/SOURCES.txt'
[3.834s] running build
[3.834s] running build_py
[3.835s] running install
[3.836s] running install_lib
[3.839s] running install_data
[3.839s] running install_egg_info
[3.847s] removing '/home/meric/f1_ws/install/key_teleop/lib/python3.10/site-packages/key_teleop-0.3.0-py3.10.egg-info' (and everything under it)
[3.847s] Copying ../../../../build/key_teleop/key_teleop.egg-info to /home/meric/f1_ws/install/key_teleop/lib/python3.10/site-packages/key_teleop-0.3.0-py3.10.egg-info
[3.848s] running install_scripts
[3.938s] Installing key_teleop script to /home/meric/f1_ws/install/key_teleop/lib/key_teleop
[3.938s] writing list of installed files to '/home/meric/f1_ws/build/key_teleop/install.log'
[4.015s] Invoked command in '/home/meric/f1_ws/src/f1tenth_system/teleop_tools/key_teleop' returned '0': PYTHONPATH=/home/meric/f1_ws/build/key_teleop/prefix_override:/home/meric/.local/lib/python3.10/site-packages/colcon_core/task/python/colcon_distutils_commands:/home/meric/f1_ws/install/key_teleop/lib/python3.10/site-packages:${PYTHONPATH} /usr/bin/python3 -W ignore:setup.py install is deprecated setup.py egg_info --egg-base ../../../../build/key_teleop build --build-base /home/meric/f1_ws/build/key_teleop/build install --record /home/meric/f1_ws/build/key_teleop/install.log --single-version-externally-managed install_data
