[3.127s] Invoking command in '/home/meric/f1_ws/src/f1tenth_system/teleop_tools/key_teleop': PYTHONPATH=/home/meric/f1_ws/build/key_teleop/prefix_override:/home/meric/.local/lib/python3.10/site-packages/colcon_core/task/python/colcon_distutils_commands:/home/meric/f1_ws/install/key_teleop/lib/python3.10/site-packages:${PYTHONPATH} /usr/bin/python3 -W ignore:setup.py install is deprecated setup.py egg_info --egg-base ../../../../build/key_teleop build --build-base /home/meric/f1_ws/build/key_teleop/build install --record /home/meric/f1_ws/build/key_teleop/install.log --single-version-externally-managed install_data
[3.744s] running egg_info
[3.745s] writing ../../../../build/key_teleop/key_teleop.egg-info/PKG-INFO
[3.746s] writing dependency_links to ../../../../build/key_teleop/key_teleop.egg-info/dependency_links.txt
[3.746s] writing entry points to ../../../../build/key_teleop/key_teleop.egg-info/entry_points.txt
[3.747s] writing requirements to ../../../../build/key_teleop/key_teleop.egg-info/requires.txt
[3.747s] writing top-level names to ../../../../build/key_teleop/key_teleop.egg-info/top_level.txt
[3.751s] reading manifest file '../../../../build/key_teleop/key_teleop.egg-info/SOURCES.txt'
[3.752s] adding license file 'LICENSE'
[3.753s] writing manifest file '../../../../build/key_teleop/key_teleop.egg-info/SOURCES.txt'
[3.753s] running build
[3.754s] running build_py
[3.754s] running install
[3.755s] running install_lib
[3.758s] running install_data
[3.759s] running install_egg_info
[3.763s] removing '/home/meric/f1_ws/install/key_teleop/lib/python3.10/site-packages/key_teleop-0.3.0-py3.10.egg-info' (and everything under it)
[3.764s] Copying ../../../../build/key_teleop/key_teleop.egg-info to /home/meric/f1_ws/install/key_teleop/lib/python3.10/site-packages/key_teleop-0.3.0-py3.10.egg-info
[3.766s] running install_scripts
[3.816s] Installing key_teleop script to /home/meric/f1_ws/install/key_teleop/lib/key_teleop
[3.817s] writing list of installed files to '/home/meric/f1_ws/build/key_teleop/install.log'
[3.935s] Invoked command in '/home/meric/f1_ws/src/f1tenth_system/teleop_tools/key_teleop' returned '0': PYTHONPATH=/home/meric/f1_ws/build/key_teleop/prefix_override:/home/meric/.local/lib/python3.10/site-packages/colcon_core/task/python/colcon_distutils_commands:/home/meric/f1_ws/install/key_teleop/lib/python3.10/site-packages:${PYTHONPATH} /usr/bin/python3 -W ignore:setup.py install is deprecated setup.py egg_info --egg-base ../../../../build/key_teleop build --build-base /home/meric/f1_ws/build/key_teleop/build install --record /home/meric/f1_ws/build/key_teleop/install.log --single-version-externally-managed install_data
