[0.065s] Invoking command in '/home/meric/f1_ws/build/teleop_tools_msgs': CMAKE_PREFIX_PATH=/opt/ros/humble /usr/bin/cmake --build /home/meric/f1_ws/build/teleop_tools_msgs -- -j6 -l6
[0.869s] [  3%] Built target teleop_tools_msgs__cpp
[0.870s] [ 12%] Built target teleop_tools_msgs__rosidl_generator_c
[0.870s] [ 12%] Built target ament_cmake_python_copy_teleop_tools_msgs
[0.870s] [ 22%] Built target teleop_tools_msgs__rosidl_typesupport_fastrtps_cpp
[0.870s] [ 32%] Built target teleop_tools_msgs__rosidl_typesupport_cpp
[0.870s] [ 41%] Built target teleop_tools_msgs__rosidl_typesupport_introspection_cpp
[0.870s] [ 51%] Built target teleop_tools_msgs__rosidl_typesupport_introspection_c
[0.870s] [ 61%] Built target teleop_tools_msgs__rosidl_typesupport_c
[0.870s] [ 70%] Built target teleop_tools_msgs__rosidl_typesupport_fastrtps_c
[0.871s] [ 70%] Built target teleop_tools_msgs
[0.871s] [ 74%] Built target teleop_tools_msgs__py
[0.871s] [ 80%] Built target teleop_tools_msgs__rosidl_generator_py
[0.871s] [ 87%] Built target teleop_tools_msgs__rosidl_typesupport_c__pyext
[0.871s] [ 93%] Built target teleop_tools_msgs__rosidl_typesupport_fastrtps_c__pyext
[0.871s] [100%] Built target teleop_tools_msgs__rosidl_typesupport_introspection_c__pyext
[0.973s] running egg_info
[0.975s] writing teleop_tools_msgs.egg-info/PKG-INFO
[0.975s] writing dependency_links to teleop_tools_msgs.egg-info/dependency_links.txt
[0.976s] writing top-level names to teleop_tools_msgs.egg-info/top_level.txt
[0.981s] reading manifest file 'teleop_tools_msgs.egg-info/SOURCES.txt'
[0.982s] writing manifest file 'teleop_tools_msgs.egg-info/SOURCES.txt'
[1.061s] [100%] Built target ament_cmake_python_build_teleop_tools_msgs_egg
[1.489s] Invoked command in '/home/meric/f1_ws/build/teleop_tools_msgs' returned '0': CMAKE_PREFIX_PATH=/opt/ros/humble /usr/bin/cmake --build /home/meric/f1_ws/build/teleop_tools_msgs -- -j6 -l6
