[0.047s] Invoking command in '/home/meric/f1_ws/build/teleop_tools_msgs': CMAKE_PREFIX_PATH=/opt/ros/humble /usr/bin/cmake --build /home/meric/f1_ws/build/teleop_tools_msgs -- -j6 -l6
[0.800s] [  3%] Built target teleop_tools_msgs__cpp
[0.800s] [ 12%] Built target teleop_tools_msgs__rosidl_generator_c
[0.800s] [ 12%] Built target ament_cmake_python_copy_teleop_tools_msgs
[0.801s] [ 22%] Built target teleop_tools_msgs__rosidl_typesupport_cpp
[0.801s] [ 32%] Built target teleop_tools_msgs__rosidl_typesupport_introspection_cpp
[0.801s] [ 41%] Built target teleop_tools_msgs__rosidl_typesupport_fastrtps_cpp
[0.801s] [ 51%] Built target teleop_tools_msgs__rosidl_typesupport_introspection_c
[0.801s] [35m[1mConsolidate compiler generated dependencies of target teleop_tools_msgs__rosidl_typesupport_c[0m
[0.801s] [ 61%] Built target teleop_tools_msgs__rosidl_typesupport_fastrtps_c
[0.801s] [ 70%] Built target teleop_tools_msgs__rosidl_typesupport_c
[0.801s] [ 70%] Built target teleop_tools_msgs
[0.802s] [ 74%] [34m[1mGenerating Python code for ROS interfaces[0m
[0.869s] running egg_info
[0.871s] writing teleop_tools_msgs.egg-info/PKG-INFO
[0.871s] writing dependency_links to teleop_tools_msgs.egg-info/dependency_links.txt
[0.872s] writing top-level names to teleop_tools_msgs.egg-info/top_level.txt
[0.877s] reading manifest file 'teleop_tools_msgs.egg-info/SOURCES.txt'
[0.878s] writing manifest file 'teleop_tools_msgs.egg-info/SOURCES.txt'
[0.964s] [ 74%] Built target ament_cmake_python_build_teleop_tools_msgs_egg
[1.921s] [ 74%] Built target teleop_tools_msgs__py
[1.963s] [ 77%] [32mBuilding C object CMakeFiles/teleop_tools_msgs__rosidl_generator_py.dir/rosidl_generator_py/teleop_tools_msgs/action/_increment_s.c.o[0m
[2.298s] [ 80%] [32m[1mLinking C shared library rosidl_generator_py/teleop_tools_msgs/libteleop_tools_msgs__rosidl_generator_py.so[0m
[2.388s] [ 80%] Built target teleop_tools_msgs__rosidl_generator_py
[2.434s] [ 87%] [32mBuilding C object CMakeFiles/teleop_tools_msgs__rosidl_typesupport_introspection_c__pyext.dir/rosidl_generator_py/teleop_tools_msgs/_teleop_tools_msgs_s.ep.rosidl_typesupport_introspection_c.c.o[0m
[2.440s] [ 87%] [32mBuilding C object CMakeFiles/teleop_tools_msgs__rosidl_typesupport_c__pyext.dir/rosidl_generator_py/teleop_tools_msgs/_teleop_tools_msgs_s.ep.rosidl_typesupport_c.c.o[0m
[2.442s] [ 90%] [32mBuilding C object CMakeFiles/teleop_tools_msgs__rosidl_typesupport_fastrtps_c__pyext.dir/rosidl_generator_py/teleop_tools_msgs/_teleop_tools_msgs_s.ep.rosidl_typesupport_fastrtps_c.c.o[0m
[2.697s] [ 93%] [32m[1mLinking C shared library rosidl_generator_py/teleop_tools_msgs/teleop_tools_msgs_s__rosidl_typesupport_introspection_c.cpython-310-aarch64-linux-gnu.so[0m
[2.717s] [ 96%] [32m[1mLinking C shared library rosidl_generator_py/teleop_tools_msgs/teleop_tools_msgs_s__rosidl_typesupport_fastrtps_c.cpython-310-aarch64-linux-gnu.so[0m
[2.723s] [100%] [32m[1mLinking C shared library rosidl_generator_py/teleop_tools_msgs/teleop_tools_msgs_s__rosidl_typesupport_c.cpython-310-aarch64-linux-gnu.so[0m
[2.794s] [100%] Built target teleop_tools_msgs__rosidl_typesupport_introspection_c__pyext
[2.811s] [100%] Built target teleop_tools_msgs__rosidl_typesupport_fastrtps_c__pyext
[2.828s] [100%] Built target teleop_tools_msgs__rosidl_typesupport_c__pyext
[2.854s] Invoked command in '/home/meric/f1_ws/build/teleop_tools_msgs' returned '0': CMAKE_PREFIX_PATH=/opt/ros/humble /usr/bin/cmake --build /home/meric/f1_ws/build/teleop_tools_msgs -- -j6 -l6
[2.980s] Invoking command in '/home/meric/f1_ws/build/teleop_tools_msgs': CMAKE_PREFIX_PATH=/opt/ros/humble /usr/bin/cmake --install /home/meric/f1_ws/build/teleop_tools_msgs
[2.996s] -- Install configuration: ""
[2.996s] -- Installing: /home/meric/f1_ws/install/teleop_tools_msgs/share/ament_index/resource_index/rosidl_interfaces/teleop_tools_msgs
[2.997s] -- Installing: /home/meric/f1_ws/install/teleop_tools_msgs/include/teleop_tools_msgs/teleop_tools_msgs
[2.997s] -- Installing: /home/meric/f1_ws/install/teleop_tools_msgs/include/teleop_tools_msgs/teleop_tools_msgs/msg
[2.997s] -- Installing: /home/meric/f1_ws/install/teleop_tools_msgs/include/teleop_tools_msgs/teleop_tools_msgs/msg/rosidl_generator_c__visibility_control.h
[2.997s] -- Installing: /home/meric/f1_ws/install/teleop_tools_msgs/include/teleop_tools_msgs/teleop_tools_msgs/action
[2.998s] -- Installing: /home/meric/f1_ws/install/teleop_tools_msgs/include/teleop_tools_msgs/teleop_tools_msgs/action/detail
[2.998s] -- Installing: /home/meric/f1_ws/install/teleop_tools_msgs/include/teleop_tools_msgs/teleop_tools_msgs/action/detail/increment__functions.c
[2.998s] -- Installing: /home/meric/f1_ws/install/teleop_tools_msgs/include/teleop_tools_msgs/teleop_tools_msgs/action/detail/increment__type_support.h
[2.998s] -- Installing: /home/meric/f1_ws/install/teleop_tools_msgs/include/teleop_tools_msgs/teleop_tools_msgs/action/detail/increment__struct.h
[2.998s] -- Installing: /home/meric/f1_ws/install/teleop_tools_msgs/include/teleop_tools_msgs/teleop_tools_msgs/action/detail/increment__functions.h
[2.999s] -- Installing: /home/meric/f1_ws/install/teleop_tools_msgs/include/teleop_tools_msgs/teleop_tools_msgs/action/increment.h
[2.999s] -- Installing: /home/meric/f1_ws/install/teleop_tools_msgs/share/teleop_tools_msgs/environment/library_path.sh
[2.999s] -- Installing: /home/meric/f1_ws/install/teleop_tools_msgs/share/teleop_tools_msgs/environment/library_path.dsv
[3.000s] -- Installing: /home/meric/f1_ws/install/teleop_tools_msgs/lib/libteleop_tools_msgs__rosidl_generator_c.so
[3.001s] -- Set runtime path of "/home/meric/f1_ws/install/teleop_tools_msgs/lib/libteleop_tools_msgs__rosidl_generator_c.so" to ""
[3.001s] -- Up-to-date: /home/meric/f1_ws/install/teleop_tools_msgs/include/teleop_tools_msgs/teleop_tools_msgs
[3.001s] -- Up-to-date: /home/meric/f1_ws/install/teleop_tools_msgs/include/teleop_tools_msgs/teleop_tools_msgs/msg
[3.001s] -- Installing: /home/meric/f1_ws/install/teleop_tools_msgs/include/teleop_tools_msgs/teleop_tools_msgs/msg/rosidl_typesupport_fastrtps_c__visibility_control.h
[3.001s] -- Up-to-date: /home/meric/f1_ws/install/teleop_tools_msgs/include/teleop_tools_msgs/teleop_tools_msgs/action
[3.002s] -- Up-to-date: /home/meric/f1_ws/install/teleop_tools_msgs/include/teleop_tools_msgs/teleop_tools_msgs/action/detail
[3.002s] -- Installing: /home/meric/f1_ws/install/teleop_tools_msgs/include/teleop_tools_msgs/teleop_tools_msgs/action/detail/increment__rosidl_typesupport_fastrtps_c.h
[3.002s] -- Installing: /home/meric/f1_ws/install/teleop_tools_msgs/lib/libteleop_tools_msgs__rosidl_typesupport_fastrtps_c.so
[3.003s] -- Set runtime path of "/home/meric/f1_ws/install/teleop_tools_msgs/lib/libteleop_tools_msgs__rosidl_typesupport_fastrtps_c.so" to ""
[3.003s] -- Up-to-date: /home/meric/f1_ws/install/teleop_tools_msgs/include/teleop_tools_msgs/teleop_tools_msgs
[3.003s] -- Up-to-date: /home/meric/f1_ws/install/teleop_tools_msgs/include/teleop_tools_msgs/teleop_tools_msgs/msg
[3.003s] -- Installing: /home/meric/f1_ws/install/teleop_tools_msgs/include/teleop_tools_msgs/teleop_tools_msgs/msg/rosidl_typesupport_introspection_c__visibility_control.h
[3.003s] -- Up-to-date: /home/meric/f1_ws/install/teleop_tools_msgs/include/teleop_tools_msgs/teleop_tools_msgs/action
[3.004s] -- Up-to-date: /home/meric/f1_ws/install/teleop_tools_msgs/include/teleop_tools_msgs/teleop_tools_msgs/action/detail
[3.005s] -- Installing: /home/meric/f1_ws/install/teleop_tools_msgs/include/teleop_tools_msgs/teleop_tools_msgs/action/detail/increment__type_support.c
[3.006s] -- Installing: /home/meric/f1_ws/install/teleop_tools_msgs/include/teleop_tools_msgs/teleop_tools_msgs/action/detail/increment__rosidl_typesupport_introspection_c.h
[3.006s] -- Installing: /home/meric/f1_ws/install/teleop_tools_msgs/lib/libteleop_tools_msgs__rosidl_typesupport_introspection_c.so
[3.007s] -- Set runtime path of "/home/meric/f1_ws/install/teleop_tools_msgs/lib/libteleop_tools_msgs__rosidl_typesupport_introspection_c.so" to ""
[3.007s] -- Installing: /home/meric/f1_ws/install/teleop_tools_msgs/lib/libteleop_tools_msgs__rosidl_typesupport_c.so
[3.007s] -- Set runtime path of "/home/meric/f1_ws/install/teleop_tools_msgs/lib/libteleop_tools_msgs__rosidl_typesupport_c.so" to ""
[3.007s] -- Up-to-date: /home/meric/f1_ws/install/teleop_tools_msgs/include/teleop_tools_msgs/teleop_tools_msgs
[3.008s] -- Up-to-date: /home/meric/f1_ws/install/teleop_tools_msgs/include/teleop_tools_msgs/teleop_tools_msgs/action
[3.008s] -- Installing: /home/meric/f1_ws/install/teleop_tools_msgs/include/teleop_tools_msgs/teleop_tools_msgs/action/increment.hpp
[3.008s] -- Up-to-date: /home/meric/f1_ws/install/teleop_tools_msgs/include/teleop_tools_msgs/teleop_tools_msgs/action/detail
[3.009s] -- Installing: /home/meric/f1_ws/install/teleop_tools_msgs/include/teleop_tools_msgs/teleop_tools_msgs/action/detail/increment__builder.hpp
[3.009s] -- Installing: /home/meric/f1_ws/install/teleop_tools_msgs/include/teleop_tools_msgs/teleop_tools_msgs/action/detail/increment__traits.hpp
[3.009s] -- Installing: /home/meric/f1_ws/install/teleop_tools_msgs/include/teleop_tools_msgs/teleop_tools_msgs/action/detail/increment__struct.hpp
[3.009s] -- Up-to-date: /home/meric/f1_ws/install/teleop_tools_msgs/include/teleop_tools_msgs/teleop_tools_msgs
[3.010s] -- Up-to-date: /home/meric/f1_ws/install/teleop_tools_msgs/include/teleop_tools_msgs/teleop_tools_msgs/msg
[3.010s] -- Installing: /home/meric/f1_ws/install/teleop_tools_msgs/include/teleop_tools_msgs/teleop_tools_msgs/msg/rosidl_typesupport_fastrtps_cpp__visibility_control.h
[3.010s] -- Up-to-date: /home/meric/f1_ws/install/teleop_tools_msgs/include/teleop_tools_msgs/teleop_tools_msgs/action
[3.010s] -- Up-to-date: /home/meric/f1_ws/install/teleop_tools_msgs/include/teleop_tools_msgs/teleop_tools_msgs/action/detail
[3.010s] -- Installing: /home/meric/f1_ws/install/teleop_tools_msgs/include/teleop_tools_msgs/teleop_tools_msgs/action/detail/dds_fastrtps
[3.010s] -- Installing: /home/meric/f1_ws/install/teleop_tools_msgs/include/teleop_tools_msgs/teleop_tools_msgs/action/detail/increment__rosidl_typesupport_fastrtps_cpp.hpp
[3.010s] -- Installing: /home/meric/f1_ws/install/teleop_tools_msgs/lib/libteleop_tools_msgs__rosidl_typesupport_fastrtps_cpp.so
[3.011s] -- Set runtime path of "/home/meric/f1_ws/install/teleop_tools_msgs/lib/libteleop_tools_msgs__rosidl_typesupport_fastrtps_cpp.so" to ""
[3.011s] -- Up-to-date: /home/meric/f1_ws/install/teleop_tools_msgs/include/teleop_tools_msgs/teleop_tools_msgs
[3.011s] -- Up-to-date: /home/meric/f1_ws/install/teleop_tools_msgs/include/teleop_tools_msgs/teleop_tools_msgs/action
[3.012s] -- Up-to-date: /home/meric/f1_ws/install/teleop_tools_msgs/include/teleop_tools_msgs/teleop_tools_msgs/action/detail
[3.012s] -- Installing: /home/meric/f1_ws/install/teleop_tools_msgs/include/teleop_tools_msgs/teleop_tools_msgs/action/detail/increment__type_support.cpp
[3.012s] -- Installing: /home/meric/f1_ws/install/teleop_tools_msgs/include/teleop_tools_msgs/teleop_tools_msgs/action/detail/increment__rosidl_typesupport_introspection_cpp.hpp
[3.012s] -- Installing: /home/meric/f1_ws/install/teleop_tools_msgs/lib/libteleop_tools_msgs__rosidl_typesupport_introspection_cpp.so
[3.012s] -- Set runtime path of "/home/meric/f1_ws/install/teleop_tools_msgs/lib/libteleop_tools_msgs__rosidl_typesupport_introspection_cpp.so" to ""
[3.013s] -- Installing: /home/meric/f1_ws/install/teleop_tools_msgs/lib/libteleop_tools_msgs__rosidl_typesupport_cpp.so
[3.013s] -- Set runtime path of "/home/meric/f1_ws/install/teleop_tools_msgs/lib/libteleop_tools_msgs__rosidl_typesupport_cpp.so" to ""
[3.013s] -- Installing: /home/meric/f1_ws/install/teleop_tools_msgs/share/teleop_tools_msgs/environment/pythonpath.sh
[3.014s] -- Installing: /home/meric/f1_ws/install/teleop_tools_msgs/share/teleop_tools_msgs/environment/pythonpath.dsv
[3.014s] -- Installing: /home/meric/f1_ws/install/teleop_tools_msgs/local/lib/python3.10/dist-packages/teleop_tools_msgs-1.2.1-py3.10.egg-info
[3.014s] -- Installing: /home/meric/f1_ws/install/teleop_tools_msgs/local/lib/python3.10/dist-packages/teleop_tools_msgs-1.2.1-py3.10.egg-info/dependency_links.txt
[3.014s] -- Installing: /home/meric/f1_ws/install/teleop_tools_msgs/local/lib/python3.10/dist-packages/teleop_tools_msgs-1.2.1-py3.10.egg-info/top_level.txt
[3.014s] -- Installing: /home/meric/f1_ws/install/teleop_tools_msgs/local/lib/python3.10/dist-packages/teleop_tools_msgs-1.2.1-py3.10.egg-info/PKG-INFO
[3.015s] -- Installing: /home/meric/f1_ws/install/teleop_tools_msgs/local/lib/python3.10/dist-packages/teleop_tools_msgs-1.2.1-py3.10.egg-info/SOURCES.txt
[3.015s] -- Installing: /home/meric/f1_ws/install/teleop_tools_msgs/local/lib/python3.10/dist-packages/teleop_tools_msgs
[3.015s] -- Installing: /home/meric/f1_ws/install/teleop_tools_msgs/local/lib/python3.10/dist-packages/teleop_tools_msgs/teleop_tools_msgs_s__rosidl_typesupport_c.cpython-310-aarch64-linux-gnu.so
[3.015s] -- Installing: /home/meric/f1_ws/install/teleop_tools_msgs/local/lib/python3.10/dist-packages/teleop_tools_msgs/__init__.py
[3.015s] -- Installing: /home/meric/f1_ws/install/teleop_tools_msgs/local/lib/python3.10/dist-packages/teleop_tools_msgs/_teleop_tools_msgs_s.ep.rosidl_typesupport_c.c
[3.016s] -- Installing: /home/meric/f1_ws/install/teleop_tools_msgs/local/lib/python3.10/dist-packages/teleop_tools_msgs/action
[3.016s] -- Installing: /home/meric/f1_ws/install/teleop_tools_msgs/local/lib/python3.10/dist-packages/teleop_tools_msgs/action/__init__.py
[3.016s] -- Installing: /home/meric/f1_ws/install/teleop_tools_msgs/local/lib/python3.10/dist-packages/teleop_tools_msgs/action/_increment.py
[3.017s] -- Installing: /home/meric/f1_ws/install/teleop_tools_msgs/local/lib/python3.10/dist-packages/teleop_tools_msgs/action/_increment_s.c
[3.017s] -- Installing: /home/meric/f1_ws/install/teleop_tools_msgs/local/lib/python3.10/dist-packages/teleop_tools_msgs/_teleop_tools_msgs_s.ep.rosidl_typesupport_fastrtps_c.c
[3.017s] -- Installing: /home/meric/f1_ws/install/teleop_tools_msgs/local/lib/python3.10/dist-packages/teleop_tools_msgs/teleop_tools_msgs_s__rosidl_typesupport_introspection_c.cpython-310-aarch64-linux-gnu.so
[3.017s] -- Installing: /home/meric/f1_ws/install/teleop_tools_msgs/local/lib/python3.10/dist-packages/teleop_tools_msgs/teleop_tools_msgs_s__rosidl_typesupport_fastrtps_c.cpython-310-aarch64-linux-gnu.so
[3.017s] -- Installing: /home/meric/f1_ws/install/teleop_tools_msgs/local/lib/python3.10/dist-packages/teleop_tools_msgs/libteleop_tools_msgs__rosidl_generator_py.so
[3.017s] -- Installing: /home/meric/f1_ws/install/teleop_tools_msgs/local/lib/python3.10/dist-packages/teleop_tools_msgs/_teleop_tools_msgs_s.ep.rosidl_typesupport_introspection_c.c
[3.099s] Listing '/home/meric/f1_ws/install/teleop_tools_msgs/local/lib/python3.10/dist-packages/teleop_tools_msgs'...
[3.099s] Compiling '/home/meric/f1_ws/install/teleop_tools_msgs/local/lib/python3.10/dist-packages/teleop_tools_msgs/__init__.py'...
[3.099s] Listing '/home/meric/f1_ws/install/teleop_tools_msgs/local/lib/python3.10/dist-packages/teleop_tools_msgs/action'...
[3.099s] Compiling '/home/meric/f1_ws/install/teleop_tools_msgs/local/lib/python3.10/dist-packages/teleop_tools_msgs/action/__init__.py'...
[3.100s] Compiling '/home/meric/f1_ws/install/teleop_tools_msgs/local/lib/python3.10/dist-packages/teleop_tools_msgs/action/_increment.py'...
[3.113s] -- Installing: /home/meric/f1_ws/install/teleop_tools_msgs/local/lib/python3.10/dist-packages/teleop_tools_msgs/teleop_tools_msgs_s__rosidl_typesupport_fastrtps_c.cpython-310-aarch64-linux-gnu.so
[3.115s] -- Set runtime path of "/home/meric/f1_ws/install/teleop_tools_msgs/local/lib/python3.10/dist-packages/teleop_tools_msgs/teleop_tools_msgs_s__rosidl_typesupport_fastrtps_c.cpython-310-aarch64-linux-gnu.so" to ""
[3.116s] -- Installing: /home/meric/f1_ws/install/teleop_tools_msgs/local/lib/python3.10/dist-packages/teleop_tools_msgs/teleop_tools_msgs_s__rosidl_typesupport_introspection_c.cpython-310-aarch64-linux-gnu.so
[3.116s] -- Set runtime path of "/home/meric/f1_ws/install/teleop_tools_msgs/local/lib/python3.10/dist-packages/teleop_tools_msgs/teleop_tools_msgs_s__rosidl_typesupport_introspection_c.cpython-310-aarch64-linux-gnu.so" to ""
[3.117s] -- Installing: /home/meric/f1_ws/install/teleop_tools_msgs/local/lib/python3.10/dist-packages/teleop_tools_msgs/teleop_tools_msgs_s__rosidl_typesupport_c.cpython-310-aarch64-linux-gnu.so
[3.117s] -- Set runtime path of "/home/meric/f1_ws/install/teleop_tools_msgs/local/lib/python3.10/dist-packages/teleop_tools_msgs/teleop_tools_msgs_s__rosidl_typesupport_c.cpython-310-aarch64-linux-gnu.so" to ""
[3.118s] -- Installing: /home/meric/f1_ws/install/teleop_tools_msgs/lib/libteleop_tools_msgs__rosidl_generator_py.so
[3.118s] -- Set runtime path of "/home/meric/f1_ws/install/teleop_tools_msgs/lib/libteleop_tools_msgs__rosidl_generator_py.so" to ""
[3.119s] -- Installing: /home/meric/f1_ws/install/teleop_tools_msgs/share/teleop_tools_msgs/action/Increment.idl
[3.120s] -- Installing: /home/meric/f1_ws/install/teleop_tools_msgs/share/teleop_tools_msgs/action/Increment.action
[3.120s] -- Installing: /home/meric/f1_ws/install/teleop_tools_msgs/share/ament_index/resource_index/package_run_dependencies/teleop_tools_msgs
[3.120s] -- Installing: /home/meric/f1_ws/install/teleop_tools_msgs/share/ament_index/resource_index/parent_prefix_path/teleop_tools_msgs
[3.121s] -- Installing: /home/meric/f1_ws/install/teleop_tools_msgs/share/teleop_tools_msgs/environment/ament_prefix_path.sh
[3.121s] -- Installing: /home/meric/f1_ws/install/teleop_tools_msgs/share/teleop_tools_msgs/environment/ament_prefix_path.dsv
[3.122s] -- Installing: /home/meric/f1_ws/install/teleop_tools_msgs/share/teleop_tools_msgs/environment/path.sh
[3.123s] -- Installing: /home/meric/f1_ws/install/teleop_tools_msgs/share/teleop_tools_msgs/environment/path.dsv
[3.123s] -- Installing: /home/meric/f1_ws/install/teleop_tools_msgs/share/teleop_tools_msgs/local_setup.bash
[3.124s] -- Installing: /home/meric/f1_ws/install/teleop_tools_msgs/share/teleop_tools_msgs/local_setup.sh
[3.124s] -- Installing: /home/meric/f1_ws/install/teleop_tools_msgs/share/teleop_tools_msgs/local_setup.zsh
[3.124s] -- Installing: /home/meric/f1_ws/install/teleop_tools_msgs/share/teleop_tools_msgs/local_setup.dsv
[3.125s] -- Installing: /home/meric/f1_ws/install/teleop_tools_msgs/share/teleop_tools_msgs/package.dsv
[3.125s] -- Installing: /home/meric/f1_ws/install/teleop_tools_msgs/share/ament_index/resource_index/packages/teleop_tools_msgs
[3.126s] -- Installing: /home/meric/f1_ws/install/teleop_tools_msgs/share/teleop_tools_msgs/cmake/export_teleop_tools_msgs__rosidl_generator_cExport.cmake
[3.126s] -- Installing: /home/meric/f1_ws/install/teleop_tools_msgs/share/teleop_tools_msgs/cmake/export_teleop_tools_msgs__rosidl_generator_cExport-noconfig.cmake
[3.126s] -- Installing: /home/meric/f1_ws/install/teleop_tools_msgs/share/teleop_tools_msgs/cmake/export_teleop_tools_msgs__rosidl_typesupport_fastrtps_cExport.cmake
[3.126s] -- Installing: /home/meric/f1_ws/install/teleop_tools_msgs/share/teleop_tools_msgs/cmake/export_teleop_tools_msgs__rosidl_typesupport_fastrtps_cExport-noconfig.cmake
[3.127s] -- Installing: /home/meric/f1_ws/install/teleop_tools_msgs/share/teleop_tools_msgs/cmake/teleop_tools_msgs__rosidl_typesupport_introspection_cExport.cmake
[3.127s] -- Installing: /home/meric/f1_ws/install/teleop_tools_msgs/share/teleop_tools_msgs/cmake/teleop_tools_msgs__rosidl_typesupport_introspection_cExport-noconfig.cmake
[3.128s] -- Installing: /home/meric/f1_ws/install/teleop_tools_msgs/share/teleop_tools_msgs/cmake/teleop_tools_msgs__rosidl_typesupport_cExport.cmake
[3.128s] -- Installing: /home/meric/f1_ws/install/teleop_tools_msgs/share/teleop_tools_msgs/cmake/teleop_tools_msgs__rosidl_typesupport_cExport-noconfig.cmake
[3.128s] -- Installing: /home/meric/f1_ws/install/teleop_tools_msgs/share/teleop_tools_msgs/cmake/export_teleop_tools_msgs__rosidl_generator_cppExport.cmake
[3.128s] -- Installing: /home/meric/f1_ws/install/teleop_tools_msgs/share/teleop_tools_msgs/cmake/export_teleop_tools_msgs__rosidl_typesupport_fastrtps_cppExport.cmake
[3.128s] -- Installing: /home/meric/f1_ws/install/teleop_tools_msgs/share/teleop_tools_msgs/cmake/export_teleop_tools_msgs__rosidl_typesupport_fastrtps_cppExport-noconfig.cmake
[3.128s] -- Installing: /home/meric/f1_ws/install/teleop_tools_msgs/share/teleop_tools_msgs/cmake/teleop_tools_msgs__rosidl_typesupport_introspection_cppExport.cmake
[3.128s] -- Installing: /home/meric/f1_ws/install/teleop_tools_msgs/share/teleop_tools_msgs/cmake/teleop_tools_msgs__rosidl_typesupport_introspection_cppExport-noconfig.cmake
[3.129s] -- Installing: /home/meric/f1_ws/install/teleop_tools_msgs/share/teleop_tools_msgs/cmake/teleop_tools_msgs__rosidl_typesupport_cppExport.cmake
[3.129s] -- Installing: /home/meric/f1_ws/install/teleop_tools_msgs/share/teleop_tools_msgs/cmake/teleop_tools_msgs__rosidl_typesupport_cppExport-noconfig.cmake
[3.129s] -- Installing: /home/meric/f1_ws/install/teleop_tools_msgs/share/teleop_tools_msgs/cmake/export_teleop_tools_msgs__rosidl_generator_pyExport.cmake
[3.129s] -- Installing: /home/meric/f1_ws/install/teleop_tools_msgs/share/teleop_tools_msgs/cmake/export_teleop_tools_msgs__rosidl_generator_pyExport-noconfig.cmake
[3.129s] -- Installing: /home/meric/f1_ws/install/teleop_tools_msgs/share/teleop_tools_msgs/cmake/rosidl_cmake-extras.cmake
[3.129s] -- Installing: /home/meric/f1_ws/install/teleop_tools_msgs/share/teleop_tools_msgs/cmake/ament_cmake_export_dependencies-extras.cmake
[3.130s] -- Installing: /home/meric/f1_ws/install/teleop_tools_msgs/share/teleop_tools_msgs/cmake/ament_cmake_export_include_directories-extras.cmake
[3.131s] -- Installing: /home/meric/f1_ws/install/teleop_tools_msgs/share/teleop_tools_msgs/cmake/ament_cmake_export_libraries-extras.cmake
[3.131s] -- Installing: /home/meric/f1_ws/install/teleop_tools_msgs/share/teleop_tools_msgs/cmake/ament_cmake_export_targets-extras.cmake
[3.131s] -- Installing: /home/meric/f1_ws/install/teleop_tools_msgs/share/teleop_tools_msgs/cmake/rosidl_cmake_export_typesupport_targets-extras.cmake
[3.131s] -- Installing: /home/meric/f1_ws/install/teleop_tools_msgs/share/teleop_tools_msgs/cmake/rosidl_cmake_export_typesupport_libraries-extras.cmake
[3.131s] -- Installing: /home/meric/f1_ws/install/teleop_tools_msgs/share/teleop_tools_msgs/cmake/teleop_tools_msgsConfig.cmake
[3.132s] -- Installing: /home/meric/f1_ws/install/teleop_tools_msgs/share/teleop_tools_msgs/cmake/teleop_tools_msgsConfig-version.cmake
[3.132s] -- Installing: /home/meric/f1_ws/install/teleop_tools_msgs/share/teleop_tools_msgs/package.xml
[3.138s] Invoked command in '/home/meric/f1_ws/build/teleop_tools_msgs' returned '0': CMAKE_PREFIX_PATH=/opt/ros/humble /usr/bin/cmake --install /home/meric/f1_ws/build/teleop_tools_msgs
