[2.252s] Invoking command in '/home/meric/f1_ws/src/f1tenth_system/teleop_tools/mouse_teleop': PYTHONPATH=/home/meric/f1_ws/build/mouse_teleop/prefix_override:/home/meric/.local/lib/python3.10/site-packages/colcon_core/task/python/colcon_distutils_commands:/home/meric/f1_ws/install/mouse_teleop/lib/python3.10/site-packages:${PYTHONPATH} /usr/bin/python3 -W ignore:setup.py install is deprecated setup.py egg_info --egg-base ../../../../build/mouse_teleop build --build-base /home/meric/f1_ws/build/mouse_teleop/build install --record /home/meric/f1_ws/build/mouse_teleop/install.log --single-version-externally-managed install_data
[2.900s] running egg_info
[2.901s] writing ../../../../build/mouse_teleop/mouse_teleop.egg-info/PKG-INFO
[2.901s] writing dependency_links to ../../../../build/mouse_teleop/mouse_teleop.egg-info/dependency_links.txt
[2.902s] writing entry points to ../../../../build/mouse_teleop/mouse_teleop.egg-info/entry_points.txt
[2.902s] writing requirements to ../../../../build/mouse_teleop/mouse_teleop.egg-info/requires.txt
[2.902s] writing top-level names to ../../../../build/mouse_teleop/mouse_teleop.egg-info/top_level.txt
[2.907s] reading manifest file '../../../../build/mouse_teleop/mouse_teleop.egg-info/SOURCES.txt'
[2.908s] adding license file 'LICENSE'
[2.909s] writing manifest file '../../../../build/mouse_teleop/mouse_teleop.egg-info/SOURCES.txt'
[2.909s] running build
[2.909s] running build_py
[2.910s] creating /home/meric/f1_ws/build/mouse_teleop/build
[2.910s] creating /home/meric/f1_ws/build/mouse_teleop/build/lib
[2.911s] creating /home/meric/f1_ws/build/mouse_teleop/build/lib/mouse_teleop
[2.911s] copying mouse_teleop/__init__.py -> /home/meric/f1_ws/build/mouse_teleop/build/lib/mouse_teleop
[2.911s] copying mouse_teleop/mouse_teleop.py -> /home/meric/f1_ws/build/mouse_teleop/build/lib/mouse_teleop
[2.911s] running install
[2.912s] running install_lib
[2.914s] creating /home/meric/f1_ws/install/mouse_teleop/lib/python3.10/site-packages/mouse_teleop
[2.914s] copying /home/meric/f1_ws/build/mouse_teleop/build/lib/mouse_teleop/__init__.py -> /home/meric/f1_ws/install/mouse_teleop/lib/python3.10/site-packages/mouse_teleop
[2.914s] copying /home/meric/f1_ws/build/mouse_teleop/build/lib/mouse_teleop/mouse_teleop.py -> /home/meric/f1_ws/install/mouse_teleop/lib/python3.10/site-packages/mouse_teleop
[2.916s] byte-compiling /home/meric/f1_ws/install/mouse_teleop/lib/python3.10/site-packages/mouse_teleop/__init__.py to __init__.cpython-310.pyc
[2.916s] byte-compiling /home/meric/f1_ws/install/mouse_teleop/lib/python3.10/site-packages/mouse_teleop/mouse_teleop.py to mouse_teleop.cpython-310.pyc
[2.920s] running install_data
[2.921s] copying package.xml -> /home/meric/f1_ws/install/mouse_teleop/share/mouse_teleop
[2.921s] creating /home/meric/f1_ws/install/mouse_teleop/share/mouse_teleop/config
[2.921s] copying config/mouse_teleop.yaml -> /home/meric/f1_ws/install/mouse_teleop/share/mouse_teleop/config
[2.922s] creating /home/meric/f1_ws/install/mouse_teleop/share/mouse_teleop/launch
[2.922s] copying launch/mouse_teleop.launch.py -> /home/meric/f1_ws/install/mouse_teleop/share/mouse_teleop/launch
[2.922s] creating /home/meric/f1_ws/install/mouse_teleop/share/ament_index
[2.922s] creating /home/meric/f1_ws/install/mouse_teleop/share/ament_index/resource_index
[2.922s] creating /home/meric/f1_ws/install/mouse_teleop/share/ament_index/resource_index/packages
[2.922s] copying resource/mouse_teleop -> /home/meric/f1_ws/install/mouse_teleop/share/ament_index/resource_index/packages
[2.923s] running install_egg_info
[2.927s] Copying ../../../../build/mouse_teleop/mouse_teleop.egg-info to /home/meric/f1_ws/install/mouse_teleop/lib/python3.10/site-packages/mouse_teleop-0.3.0-py3.10.egg-info
[2.929s] running install_scripts
[2.977s] Installing mouse_teleop script to /home/meric/f1_ws/install/mouse_teleop/lib/mouse_teleop
[2.978s] writing list of installed files to '/home/meric/f1_ws/build/mouse_teleop/install.log'
[3.083s] Invoked command in '/home/meric/f1_ws/src/f1tenth_system/teleop_tools/mouse_teleop' returned '0': PYTHONPATH=/home/meric/f1_ws/build/mouse_teleop/prefix_override:/home/meric/.local/lib/python3.10/site-packages/colcon_core/task/python/colcon_distutils_commands:/home/meric/f1_ws/install/mouse_teleop/lib/python3.10/site-packages:${PYTHONPATH} /usr/bin/python3 -W ignore:setup.py install is deprecated setup.py egg_info --egg-base ../../../../build/mouse_teleop build --build-base /home/meric/f1_ws/build/mouse_teleop/build install --record /home/meric/f1_ws/build/mouse_teleop/install.log --single-version-externally-managed install_data
