[0.057s] Invoking command in '/home/meric/f1_ws/build/teleop_tools_msgs': CMAKE_PREFIX_PATH=/opt/ros/humble /usr/bin/cmake --build /home/meric/f1_ws/build/teleop_tools_msgs -- -j6 -l6
[1.854s] [  3%] Built target teleop_tools_msgs__cpp
[1.854s] [ 12%] Built target teleop_tools_msgs__rosidl_generator_c
[1.855s] [ 12%] Built target ament_cmake_python_symlink_teleop_tools_msgs
[1.855s] [ 22%] Built target teleop_tools_msgs__rosidl_typesupport_fastrtps_c
[1.855s] [ 32%] Built target teleop_tools_msgs__rosidl_typesupport_cpp
[1.855s] [ 41%] Built target teleop_tools_msgs__rosidl_typesupport_c
[1.855s] [ 51%] Built target teleop_tools_msgs__rosidl_typesupport_fastrtps_cpp
[1.855s] [ 61%] Built target teleop_tools_msgs__rosidl_typesupport_introspection_cpp
[1.855s] [ 70%] Built target teleop_tools_msgs__rosidl_typesupport_introspection_c
[1.855s] [ 70%] Built target teleop_tools_msgs
[1.856s] [ 74%] Built target teleop_tools_msgs__py
[1.856s] [ 80%] Built target teleop_tools_msgs__rosidl_generator_py
[1.856s] [ 93%] Built target teleop_tools_msgs__rosidl_typesupport_introspection_c__pyext
[1.856s] [ 93%] Built target teleop_tools_msgs__rosidl_typesupport_fastrtps_c__pyext
[1.856s] [100%] Built target teleop_tools_msgs__rosidl_typesupport_c__pyext
[1.856s] running egg_info
[1.856s] writing teleop_tools_msgs.egg-info/PKG-INFO
[1.856s] writing dependency_links to teleop_tools_msgs.egg-info/dependency_links.txt
[1.857s] writing top-level names to teleop_tools_msgs.egg-info/top_level.txt
[1.857s] reading manifest file 'teleop_tools_msgs.egg-info/SOURCES.txt'
[1.857s] writing manifest file 'teleop_tools_msgs.egg-info/SOURCES.txt'
[1.857s] [100%] Built target ament_cmake_python_build_teleop_tools_msgs_egg
[1.858s] Invoked command in '/home/meric/f1_ws/build/teleop_tools_msgs' returned '0': CMAKE_PREFIX_PATH=/opt/ros/humble /usr/bin/cmake --build /home/meric/f1_ws/build/teleop_tools_msgs -- -j6 -l6
[1.963s] Invoking command in '/home/meric/f1_ws/build/teleop_tools_msgs': CMAKE_PREFIX_PATH=/opt/ros/humble /usr/bin/cmake --install /home/meric/f1_ws/build/teleop_tools_msgs
[1.982s] -- Install configuration: ""
[1.984s] -- Execute custom install script
[1.985s] -- Up-to-date symlink: /home/meric/f1_ws/install/teleop_tools_msgs/share/ament_index/resource_index/rosidl_interfaces/teleop_tools_msgs
[1.987s] -- Up-to-date symlink: /home/meric/f1_ws/install/teleop_tools_msgs/include/teleop_tools_msgs/teleop_tools_msgs/action/detail/increment__functions.h
[1.988s] -- Up-to-date symlink: /home/meric/f1_ws/install/teleop_tools_msgs/include/teleop_tools_msgs/teleop_tools_msgs/action/detail/increment__struct.h
[1.989s] -- Up-to-date symlink: /home/meric/f1_ws/install/teleop_tools_msgs/include/teleop_tools_msgs/teleop_tools_msgs/action/detail/increment__type_support.h
[1.991s] -- Up-to-date symlink: /home/meric/f1_ws/install/teleop_tools_msgs/include/teleop_tools_msgs/teleop_tools_msgs/action/increment.h
[1.992s] -- Up-to-date symlink: /home/meric/f1_ws/install/teleop_tools_msgs/include/teleop_tools_msgs/teleop_tools_msgs/msg/rosidl_generator_c__visibility_control.h
[1.993s] -- Up-to-date symlink: /home/meric/f1_ws/install/teleop_tools_msgs/share/teleop_tools_msgs/environment/library_path.sh
[1.994s] -- Up-to-date symlink: /home/meric/f1_ws/install/teleop_tools_msgs/share/teleop_tools_msgs/environment/library_path.dsv
[1.997s] -- Up-to-date symlink: /home/meric/f1_ws/install/teleop_tools_msgs/include/teleop_tools_msgs/teleop_tools_msgs/action/detail/increment__rosidl_typesupport_fastrtps_c.h
[1.997s] -- Up-to-date symlink: /home/meric/f1_ws/install/teleop_tools_msgs/include/teleop_tools_msgs/teleop_tools_msgs/msg/rosidl_typesupport_fastrtps_c__visibility_control.h
[2.003s] -- Up-to-date symlink: /home/meric/f1_ws/install/teleop_tools_msgs/include/teleop_tools_msgs/teleop_tools_msgs/action/detail/increment__rosidl_typesupport_introspection_c.h
[2.004s] -- Up-to-date symlink: /home/meric/f1_ws/install/teleop_tools_msgs/include/teleop_tools_msgs/teleop_tools_msgs/msg/rosidl_typesupport_introspection_c__visibility_control.h
[2.004s] -- Up-to-date symlink: /home/meric/f1_ws/install/teleop_tools_msgs/include/teleop_tools_msgs/teleop_tools_msgs/action/detail/increment__builder.hpp
[2.004s] -- Up-to-date symlink: /home/meric/f1_ws/install/teleop_tools_msgs/include/teleop_tools_msgs/teleop_tools_msgs/action/detail/increment__struct.hpp
[2.004s] -- Up-to-date symlink: /home/meric/f1_ws/install/teleop_tools_msgs/include/teleop_tools_msgs/teleop_tools_msgs/action/detail/increment__traits.hpp
[2.004s] -- Up-to-date symlink: /home/meric/f1_ws/install/teleop_tools_msgs/include/teleop_tools_msgs/teleop_tools_msgs/action/increment.hpp
[2.004s] -- Up-to-date symlink: /home/meric/f1_ws/install/teleop_tools_msgs/include/teleop_tools_msgs/teleop_tools_msgs/action/detail/increment__rosidl_typesupport_fastrtps_cpp.hpp
[2.005s] -- Up-to-date symlink: /home/meric/f1_ws/install/teleop_tools_msgs/include/teleop_tools_msgs/teleop_tools_msgs/msg/rosidl_typesupport_fastrtps_cpp__visibility_control.h
[2.005s] -- Up-to-date symlink: /home/meric/f1_ws/install/teleop_tools_msgs/include/teleop_tools_msgs/teleop_tools_msgs/action/detail/increment__rosidl_typesupport_introspection_cpp.hpp
[2.005s] -- Up-to-date symlink: /home/meric/f1_ws/install/teleop_tools_msgs/share/teleop_tools_msgs/environment/pythonpath.sh
[2.005s] -- Up-to-date symlink: /home/meric/f1_ws/install/teleop_tools_msgs/share/teleop_tools_msgs/environment/pythonpath.dsv
[2.005s] -- Up-to-date symlink: /home/meric/f1_ws/install/teleop_tools_msgs/local/lib/python3.10/dist-packages/teleop_tools_msgs-1.2.1-py3.10.egg-info/PKG-INFO
[2.005s] -- Up-to-date symlink: /home/meric/f1_ws/install/teleop_tools_msgs/local/lib/python3.10/dist-packages/teleop_tools_msgs-1.2.1-py3.10.egg-info/SOURCES.txt
[2.005s] -- Up-to-date symlink: /home/meric/f1_ws/install/teleop_tools_msgs/local/lib/python3.10/dist-packages/teleop_tools_msgs-1.2.1-py3.10.egg-info/dependency_links.txt
[2.005s] -- Up-to-date symlink: /home/meric/f1_ws/install/teleop_tools_msgs/local/lib/python3.10/dist-packages/teleop_tools_msgs-1.2.1-py3.10.egg-info/top_level.txt
[2.006s] -- Up-to-date symlink: /home/meric/f1_ws/install/teleop_tools_msgs/local/lib/python3.10/dist-packages/teleop_tools_msgs/__init__.py
[2.006s] -- Up-to-date symlink: /home/meric/f1_ws/install/teleop_tools_msgs/local/lib/python3.10/dist-packages/teleop_tools_msgs/_teleop_tools_msgs_s.ep.rosidl_typesupport_c.c
[2.006s] -- Up-to-date symlink: /home/meric/f1_ws/install/teleop_tools_msgs/local/lib/python3.10/dist-packages/teleop_tools_msgs/_teleop_tools_msgs_s.ep.rosidl_typesupport_fastrtps_c.c
[2.006s] -- Up-to-date symlink: /home/meric/f1_ws/install/teleop_tools_msgs/local/lib/python3.10/dist-packages/teleop_tools_msgs/_teleop_tools_msgs_s.ep.rosidl_typesupport_introspection_c.c
[2.006s] -- Up-to-date symlink: /home/meric/f1_ws/install/teleop_tools_msgs/local/lib/python3.10/dist-packages/teleop_tools_msgs/action/__init__.py
[2.006s] -- Up-to-date symlink: /home/meric/f1_ws/install/teleop_tools_msgs/local/lib/python3.10/dist-packages/teleop_tools_msgs/action/_increment.py
[2.006s] -- Up-to-date symlink: /home/meric/f1_ws/install/teleop_tools_msgs/local/lib/python3.10/dist-packages/teleop_tools_msgs/action/_increment_s.c
[2.007s] -- Up-to-date symlink: /home/meric/f1_ws/install/teleop_tools_msgs/local/lib/python3.10/dist-packages/teleop_tools_msgs/libteleop_tools_msgs__rosidl_generator_py.so
[2.008s] -- Up-to-date symlink: /home/meric/f1_ws/install/teleop_tools_msgs/local/lib/python3.10/dist-packages/teleop_tools_msgs/teleop_tools_msgs_s__rosidl_typesupport_c.cpython-310-aarch64-linux-gnu.so
[2.008s] -- Up-to-date symlink: /home/meric/f1_ws/install/teleop_tools_msgs/local/lib/python3.10/dist-packages/teleop_tools_msgs/teleop_tools_msgs_s__rosidl_typesupport_fastrtps_c.cpython-310-aarch64-linux-gnu.so
[2.008s] -- Up-to-date symlink: /home/meric/f1_ws/install/teleop_tools_msgs/local/lib/python3.10/dist-packages/teleop_tools_msgs/teleop_tools_msgs_s__rosidl_typesupport_introspection_c.cpython-310-aarch64-linux-gnu.so
[2.008s] -- Up-to-date symlink: /home/meric/f1_ws/install/teleop_tools_msgs/local/lib/python3.10/dist-packages/teleop_tools_msgs/teleop_tools_msgs_s__rosidl_typesupport_fastrtps_c.cpython-310-aarch64-linux-gnu.so
[2.009s] -- Up-to-date symlink: /home/meric/f1_ws/install/teleop_tools_msgs/local/lib/python3.10/dist-packages/teleop_tools_msgs/teleop_tools_msgs_s__rosidl_typesupport_introspection_c.cpython-310-aarch64-linux-gnu.so
[2.010s] -- Up-to-date symlink: /home/meric/f1_ws/install/teleop_tools_msgs/local/lib/python3.10/dist-packages/teleop_tools_msgs/teleop_tools_msgs_s__rosidl_typesupport_c.cpython-310-aarch64-linux-gnu.so
[2.010s] -- Up-to-date symlink: /home/meric/f1_ws/install/teleop_tools_msgs/share/teleop_tools_msgs/action/Increment.idl
[2.019s] -- Up-to-date symlink: /home/meric/f1_ws/install/teleop_tools_msgs/share/teleop_tools_msgs/action/Increment.action
[2.020s] -- Up-to-date symlink: /home/meric/f1_ws/install/teleop_tools_msgs/share/ament_index/resource_index/package_run_dependencies/teleop_tools_msgs
[2.020s] -- Up-to-date symlink: /home/meric/f1_ws/install/teleop_tools_msgs/share/ament_index/resource_index/parent_prefix_path/teleop_tools_msgs
[2.020s] -- Up-to-date symlink: /home/meric/f1_ws/install/teleop_tools_msgs/share/teleop_tools_msgs/environment/ament_prefix_path.sh
[2.020s] -- Up-to-date symlink: /home/meric/f1_ws/install/teleop_tools_msgs/share/teleop_tools_msgs/environment/ament_prefix_path.dsv
[2.020s] -- Up-to-date symlink: /home/meric/f1_ws/install/teleop_tools_msgs/share/teleop_tools_msgs/environment/path.sh
[2.020s] -- Up-to-date symlink: /home/meric/f1_ws/install/teleop_tools_msgs/share/teleop_tools_msgs/environment/path.dsv
[2.021s] -- Up-to-date symlink: /home/meric/f1_ws/install/teleop_tools_msgs/share/teleop_tools_msgs/local_setup.bash
[2.021s] -- Up-to-date symlink: /home/meric/f1_ws/install/teleop_tools_msgs/share/teleop_tools_msgs/local_setup.sh
[2.021s] -- Up-to-date symlink: /home/meric/f1_ws/install/teleop_tools_msgs/share/teleop_tools_msgs/local_setup.zsh
[2.021s] -- Up-to-date symlink: /home/meric/f1_ws/install/teleop_tools_msgs/share/teleop_tools_msgs/local_setup.dsv
[2.021s] -- Symlinking: /home/meric/f1_ws/install/teleop_tools_msgs/share/teleop_tools_msgs/package.dsv
[2.031s] -- Up-to-date symlink: /home/meric/f1_ws/install/teleop_tools_msgs/share/ament_index/resource_index/packages/teleop_tools_msgs
[2.033s] -- Up-to-date symlink: /home/meric/f1_ws/install/teleop_tools_msgs/share/teleop_tools_msgs/cmake/rosidl_cmake-extras.cmake
[2.033s] -- Up-to-date symlink: /home/meric/f1_ws/install/teleop_tools_msgs/share/teleop_tools_msgs/cmake/ament_cmake_export_dependencies-extras.cmake
[2.033s] -- Up-to-date symlink: /home/meric/f1_ws/install/teleop_tools_msgs/share/teleop_tools_msgs/cmake/ament_cmake_export_include_directories-extras.cmake
[2.034s] -- Up-to-date symlink: /home/meric/f1_ws/install/teleop_tools_msgs/share/teleop_tools_msgs/cmake/ament_cmake_export_libraries-extras.cmake
[2.034s] -- Up-to-date symlink: /home/meric/f1_ws/install/teleop_tools_msgs/share/teleop_tools_msgs/cmake/ament_cmake_export_targets-extras.cmake
[2.034s] -- Up-to-date symlink: /home/meric/f1_ws/install/teleop_tools_msgs/share/teleop_tools_msgs/cmake/rosidl_cmake_export_typesupport_targets-extras.cmake
[2.036s] -- Up-to-date symlink: /home/meric/f1_ws/install/teleop_tools_msgs/share/teleop_tools_msgs/cmake/rosidl_cmake_export_typesupport_libraries-extras.cmake
[2.036s] -- Up-to-date symlink: /home/meric/f1_ws/install/teleop_tools_msgs/share/teleop_tools_msgs/cmake/teleop_tools_msgsConfig.cmake
[2.036s] -- Up-to-date symlink: /home/meric/f1_ws/install/teleop_tools_msgs/share/teleop_tools_msgs/cmake/teleop_tools_msgsConfig-version.cmake
[2.036s] -- Up-to-date symlink: /home/meric/f1_ws/install/teleop_tools_msgs/share/teleop_tools_msgs/package.xml
[2.036s] -- Up-to-date: /home/meric/f1_ws/install/teleop_tools_msgs/lib/libteleop_tools_msgs__rosidl_generator_c.so
[2.037s] -- Up-to-date: /home/meric/f1_ws/install/teleop_tools_msgs/lib/libteleop_tools_msgs__rosidl_typesupport_fastrtps_c.so
[2.039s] -- Up-to-date: /home/meric/f1_ws/install/teleop_tools_msgs/lib/libteleop_tools_msgs__rosidl_typesupport_introspection_c.so
[2.039s] -- Up-to-date: /home/meric/f1_ws/install/teleop_tools_msgs/lib/libteleop_tools_msgs__rosidl_typesupport_c.so
[2.039s] -- Up-to-date: /home/meric/f1_ws/install/teleop_tools_msgs/lib/libteleop_tools_msgs__rosidl_typesupport_fastrtps_cpp.so
[2.039s] -- Up-to-date: /home/meric/f1_ws/install/teleop_tools_msgs/lib/libteleop_tools_msgs__rosidl_typesupport_introspection_cpp.so
[2.040s] -- Up-to-date: /home/meric/f1_ws/install/teleop_tools_msgs/lib/libteleop_tools_msgs__rosidl_typesupport_cpp.so
[2.107s] Listing '/home/meric/f1_ws/install/teleop_tools_msgs/local/lib/python3.10/dist-packages/teleop_tools_msgs'...
[2.107s] Listing '/home/meric/f1_ws/install/teleop_tools_msgs/local/lib/python3.10/dist-packages/teleop_tools_msgs/action'...
[2.125s] -- Up-to-date: /home/meric/f1_ws/install/teleop_tools_msgs/lib/libteleop_tools_msgs__rosidl_generator_py.so
[2.126s] -- Up-to-date: /home/meric/f1_ws/install/teleop_tools_msgs/share/teleop_tools_msgs/cmake/export_teleop_tools_msgs__rosidl_generator_cExport.cmake
[2.127s] -- Up-to-date: /home/meric/f1_ws/install/teleop_tools_msgs/share/teleop_tools_msgs/cmake/export_teleop_tools_msgs__rosidl_generator_cExport-noconfig.cmake
[2.127s] -- Up-to-date: /home/meric/f1_ws/install/teleop_tools_msgs/share/teleop_tools_msgs/cmake/export_teleop_tools_msgs__rosidl_typesupport_fastrtps_cExport.cmake
[2.128s] -- Up-to-date: /home/meric/f1_ws/install/teleop_tools_msgs/share/teleop_tools_msgs/cmake/export_teleop_tools_msgs__rosidl_typesupport_fastrtps_cExport-noconfig.cmake
[2.128s] -- Up-to-date: /home/meric/f1_ws/install/teleop_tools_msgs/share/teleop_tools_msgs/cmake/teleop_tools_msgs__rosidl_typesupport_introspection_cExport.cmake
[2.129s] -- Up-to-date: /home/meric/f1_ws/install/teleop_tools_msgs/share/teleop_tools_msgs/cmake/teleop_tools_msgs__rosidl_typesupport_introspection_cExport-noconfig.cmake
[2.129s] -- Up-to-date: /home/meric/f1_ws/install/teleop_tools_msgs/share/teleop_tools_msgs/cmake/teleop_tools_msgs__rosidl_typesupport_cExport.cmake
[2.129s] -- Up-to-date: /home/meric/f1_ws/install/teleop_tools_msgs/share/teleop_tools_msgs/cmake/teleop_tools_msgs__rosidl_typesupport_cExport-noconfig.cmake
[2.129s] -- Up-to-date: /home/meric/f1_ws/install/teleop_tools_msgs/share/teleop_tools_msgs/cmake/export_teleop_tools_msgs__rosidl_generator_cppExport.cmake
[2.129s] -- Up-to-date: /home/meric/f1_ws/install/teleop_tools_msgs/share/teleop_tools_msgs/cmake/export_teleop_tools_msgs__rosidl_typesupport_fastrtps_cppExport.cmake
[2.129s] -- Up-to-date: /home/meric/f1_ws/install/teleop_tools_msgs/share/teleop_tools_msgs/cmake/export_teleop_tools_msgs__rosidl_typesupport_fastrtps_cppExport-noconfig.cmake
[2.130s] -- Up-to-date: /home/meric/f1_ws/install/teleop_tools_msgs/share/teleop_tools_msgs/cmake/teleop_tools_msgs__rosidl_typesupport_introspection_cppExport.cmake
[2.130s] -- Up-to-date: /home/meric/f1_ws/install/teleop_tools_msgs/share/teleop_tools_msgs/cmake/teleop_tools_msgs__rosidl_typesupport_introspection_cppExport-noconfig.cmake
[2.130s] -- Up-to-date: /home/meric/f1_ws/install/teleop_tools_msgs/share/teleop_tools_msgs/cmake/teleop_tools_msgs__rosidl_typesupport_cppExport.cmake
[2.130s] -- Up-to-date: /home/meric/f1_ws/install/teleop_tools_msgs/share/teleop_tools_msgs/cmake/teleop_tools_msgs__rosidl_typesupport_cppExport-noconfig.cmake
[2.130s] -- Up-to-date: /home/meric/f1_ws/install/teleop_tools_msgs/share/teleop_tools_msgs/cmake/export_teleop_tools_msgs__rosidl_generator_pyExport.cmake
[2.131s] -- Up-to-date: /home/meric/f1_ws/install/teleop_tools_msgs/share/teleop_tools_msgs/cmake/export_teleop_tools_msgs__rosidl_generator_pyExport-noconfig.cmake
[2.138s] Invoked command in '/home/meric/f1_ws/build/teleop_tools_msgs' returned '0': CMAKE_PREFIX_PATH=/opt/ros/humble /usr/bin/cmake --install /home/meric/f1_ws/build/teleop_tools_msgs
