[0.039s] Invoking command in '/home/meric/f1_ws/build/vesc_ackermann': AMENT_PREFIX_PATH=/home/meric/f1_ws/install/vesc_msgs:${AMENT_PREFIX_PATH} CMAKE_PREFIX_PATH=/home/meric/f1_ws/install/vesc_msgs:/opt/ros/humble LD_LIBRARY_PATH=/home/meric/f1_ws/install/vesc_msgs/lib:/opt/ros/humble/opt/rviz_ogre_vendor/lib:/opt/ros/humble/lib/aarch64-linux-gnu:/opt/ros/humble/lib:/usr/local/cuda-12.2/lib64:/home/meric/f1tenth_ws/install/vesc_ackermann/lib PS1=(venv) \[\e]0;\u@\h: \w\a\]${debian_chroot:+($debian_chroot)}\[\033[01;32m\]\u@\h\[\033[00m\]:\[\033[01;34m\]\w\[\033[00m\]\$ PYTHONPATH=/home/meric/f1_ws/install/vesc_msgs/local/lib/python3.10/dist-packages:${PYTHONPATH} VIRTUAL_ENV_PROMPT=(venv) /usr/bin/cmake --build /home/meric/f1_ws/build/vesc_ackermann -- -j6 -l6
[0.134s] [35m[1mConsolidate compiler generated dependencies of target vesc_ackermann[0m
[0.204s] [ 42%] Built target vesc_ackermann
[0.222s] [ 71%] Built target vesc_to_odom_node
[0.236s] [100%] Built target ackermann_to_vesc_node
[0.267s] Invoked command in '/home/meric/f1_ws/build/vesc_ackermann' returned '0': AMENT_PREFIX_PATH=/home/meric/f1_ws/install/vesc_msgs:${AMENT_PREFIX_PATH} CMAKE_PREFIX_PATH=/home/meric/f1_ws/install/vesc_msgs:/opt/ros/humble LD_LIBRARY_PATH=/home/meric/f1_ws/install/vesc_msgs/lib:/opt/ros/humble/opt/rviz_ogre_vendor/lib:/opt/ros/humble/lib/aarch64-linux-gnu:/opt/ros/humble/lib:/usr/local/cuda-12.2/lib64:/home/meric/f1tenth_ws/install/vesc_ackermann/lib PS1=(venv) \[\e]0;\u@\h: \w\a\]${debian_chroot:+($debian_chroot)}\[\033[01;32m\]\u@\h\[\033[00m\]:\[\033[01;34m\]\w\[\033[00m\]\$ PYTHONPATH=/home/meric/f1_ws/install/vesc_msgs/local/lib/python3.10/dist-packages:${PYTHONPATH} VIRTUAL_ENV_PROMPT=(venv) /usr/bin/cmake --build /home/meric/f1_ws/build/vesc_ackermann -- -j6 -l6
[0.343s] Invoking command in '/home/meric/f1_ws/build/vesc_ackermann': AMENT_PREFIX_PATH=/home/meric/f1_ws/install/vesc_msgs:${AMENT_PREFIX_PATH} CMAKE_PREFIX_PATH=/home/meric/f1_ws/install/vesc_msgs:/opt/ros/humble LD_LIBRARY_PATH=/home/meric/f1_ws/install/vesc_msgs/lib:/opt/ros/humble/opt/rviz_ogre_vendor/lib:/opt/ros/humble/lib/aarch64-linux-gnu:/opt/ros/humble/lib:/usr/local/cuda-12.2/lib64:/home/meric/f1tenth_ws/install/vesc_ackermann/lib PS1=(venv) \[\e]0;\u@\h: \w\a\]${debian_chroot:+($debian_chroot)}\[\033[01;32m\]\u@\h\[\033[00m\]:\[\033[01;34m\]\w\[\033[00m\]\$ PYTHONPATH=/home/meric/f1_ws/install/vesc_msgs/local/lib/python3.10/dist-packages:${PYTHONPATH} VIRTUAL_ENV_PROMPT=(venv) /usr/bin/cmake --install /home/meric/f1_ws/build/vesc_ackermann
[0.356s] -- Install configuration: ""
[0.356s] -- Up-to-date: /home/meric/f1_ws/install/vesc_ackermann/lib/vesc_ackermann/ackermann_to_vesc_node
[0.357s] -- Up-to-date: /home/meric/f1_ws/install/vesc_ackermann/lib/vesc_ackermann/vesc_to_odom_node
[0.357s] -- Up-to-date: /home/meric/f1_ws/install/vesc_ackermann/include
[0.357s] -- Up-to-date: /home/meric/f1_ws/install/vesc_ackermann/include/vesc_ackermann
[0.358s] -- Up-to-date: /home/meric/f1_ws/install/vesc_ackermann/include/vesc_ackermann/ackermann_to_vesc.hpp
[0.358s] -- Up-to-date: /home/meric/f1_ws/install/vesc_ackermann/include/vesc_ackermann/vesc_to_odom.hpp
[0.358s] -- Up-to-date: /home/meric/f1_ws/install/vesc_ackermann/share/vesc_ackermann/environment/library_path.sh
[0.358s] -- Up-to-date: /home/meric/f1_ws/install/vesc_ackermann/share/vesc_ackermann/environment/library_path.dsv
[0.359s] -- Up-to-date: /home/meric/f1_ws/install/vesc_ackermann/lib/libvesc_ackermann.so
[0.359s] -- Up-to-date: /home/meric/f1_ws/install/vesc_ackermann/share/vesc_ackermann/launch
[0.359s] -- Up-to-date: /home/meric/f1_ws/install/vesc_ackermann/share/vesc_ackermann/launch/ackermann_to_vesc_node.launch.xml
[0.359s] -- Up-to-date: /home/meric/f1_ws/install/vesc_ackermann/share/vesc_ackermann/launch/vesc_to_odom_node.launch.xml
[0.359s] -- Up-to-date: /home/meric/f1_ws/install/vesc_ackermann/share/ament_index/resource_index/package_run_dependencies/vesc_ackermann
[0.359s] -- Up-to-date: /home/meric/f1_ws/install/vesc_ackermann/share/ament_index/resource_index/parent_prefix_path/vesc_ackermann
[0.359s] -- Up-to-date: /home/meric/f1_ws/install/vesc_ackermann/share/vesc_ackermann/environment/ament_prefix_path.sh
[0.360s] -- Up-to-date: /home/meric/f1_ws/install/vesc_ackermann/share/vesc_ackermann/environment/ament_prefix_path.dsv
[0.360s] -- Up-to-date: /home/meric/f1_ws/install/vesc_ackermann/share/vesc_ackermann/environment/path.sh
[0.360s] -- Up-to-date: /home/meric/f1_ws/install/vesc_ackermann/share/vesc_ackermann/environment/path.dsv
[0.361s] -- Up-to-date: /home/meric/f1_ws/install/vesc_ackermann/share/vesc_ackermann/local_setup.bash
[0.361s] -- Up-to-date: /home/meric/f1_ws/install/vesc_ackermann/share/vesc_ackermann/local_setup.sh
[0.361s] -- Up-to-date: /home/meric/f1_ws/install/vesc_ackermann/share/vesc_ackermann/local_setup.zsh
[0.361s] -- Up-to-date: /home/meric/f1_ws/install/vesc_ackermann/share/vesc_ackermann/local_setup.dsv
[0.361s] -- Installing: /home/meric/f1_ws/install/vesc_ackermann/share/vesc_ackermann/package.dsv
[0.361s] -- Up-to-date: /home/meric/f1_ws/install/vesc_ackermann/share/ament_index/resource_index/packages/vesc_ackermann
[0.361s] -- Up-to-date: /home/meric/f1_ws/install/vesc_ackermann/share/ament_index/resource_index/rclcpp_components/vesc_ackermann
[0.361s] -- Up-to-date: /home/meric/f1_ws/install/vesc_ackermann/share/vesc_ackermann/cmake/ament_cmake_export_dependencies-extras.cmake
[0.362s] -- Up-to-date: /home/meric/f1_ws/install/vesc_ackermann/share/vesc_ackermann/cmake/ament_cmake_export_include_directories-extras.cmake
[0.362s] -- Up-to-date: /home/meric/f1_ws/install/vesc_ackermann/share/vesc_ackermann/cmake/ament_cmake_export_libraries-extras.cmake
[0.362s] -- Up-to-date: /home/meric/f1_ws/install/vesc_ackermann/share/vesc_ackermann/cmake/vesc_ackermannConfig.cmake
[0.362s] -- Up-to-date: /home/meric/f1_ws/install/vesc_ackermann/share/vesc_ackermann/cmake/vesc_ackermannConfig-version.cmake
[0.362s] -- Up-to-date: /home/meric/f1_ws/install/vesc_ackermann/share/vesc_ackermann/package.xml
[0.374s] Invoked command in '/home/meric/f1_ws/build/vesc_ackermann' returned '0': AMENT_PREFIX_PATH=/home/meric/f1_ws/install/vesc_msgs:${AMENT_PREFIX_PATH} CMAKE_PREFIX_PATH=/home/meric/f1_ws/install/vesc_msgs:/opt/ros/humble LD_LIBRARY_PATH=/home/meric/f1_ws/install/vesc_msgs/lib:/opt/ros/humble/opt/rviz_ogre_vendor/lib:/opt/ros/humble/lib/aarch64-linux-gnu:/opt/ros/humble/lib:/usr/local/cuda-12.2/lib64:/home/meric/f1tenth_ws/install/vesc_ackermann/lib PS1=(venv) \[\e]0;\u@\h: \w\a\]${debian_chroot:+($debian_chroot)}\[\033[01;32m\]\u@\h\[\033[00m\]:\[\033[01;34m\]\w\[\033[00m\]\$ PYTHONPATH=/home/meric/f1_ws/install/vesc_msgs/local/lib/python3.10/dist-packages:${PYTHONPATH} VIRTUAL_ENV_PROMPT=(venv) /usr/bin/cmake --install /home/meric/f1_ws/build/vesc_ackermann
