[1.393s] Invoking command in '/home/meric/f1_ws/src/avoid': PYTHONPATH=/home/meric/f1_ws/build/avoid/prefix_override:/home/meric/.local/lib/python3.10/site-packages/colcon_core/task/python/colcon_distutils_commands:/home/meric/f1_ws/install/avoid/lib/python3.10/site-packages:${PYTHONPATH} /usr/bin/python3 -W ignore:setup.py install is deprecated setup.py egg_info --egg-base ../../build/avoid build --build-base /home/meric/f1_ws/build/avoid/build install --record /home/meric/f1_ws/build/avoid/install.log --single-version-externally-managed
[1.954s] running egg_info
[1.956s] writing ../../build/avoid/avoid.egg-info/PKG-INFO
[1.956s] writing dependency_links to ../../build/avoid/avoid.egg-info/dependency_links.txt
[1.956s] writing entry points to ../../build/avoid/avoid.egg-info/entry_points.txt
[1.957s] writing requirements to ../../build/avoid/avoid.egg-info/requires.txt
[1.957s] writing top-level names to ../../build/avoid/avoid.egg-info/top_level.txt
[1.960s] reading manifest file '../../build/avoid/avoid.egg-info/SOURCES.txt'
[1.962s] writing manifest file '../../build/avoid/avoid.egg-info/SOURCES.txt'
[1.962s] running build
[1.962s] running build_py
[1.963s] running install
[1.963s] running install_lib
[1.966s] running install_egg_info
[1.970s] removing '/home/meric/f1_ws/install/avoid/lib/python3.10/site-packages/avoid-0.0.0-py3.10.egg-info' (and everything under it)
[1.970s] Copying ../../build/avoid/avoid.egg-info to /home/meric/f1_ws/install/avoid/lib/python3.10/site-packages/avoid-0.0.0-py3.10.egg-info
[1.972s] running install_scripts
[2.013s] Installing simple_controller script to /home/meric/f1_ws/install/avoid/lib/avoid
[2.014s] writing list of installed files to '/home/meric/f1_ws/build/avoid/install.log'
[2.085s] Invoked command in '/home/meric/f1_ws/src/avoid' returned '0': PYTHONPATH=/home/meric/f1_ws/build/avoid/prefix_override:/home/meric/.local/lib/python3.10/site-packages/colcon_core/task/python/colcon_distutils_commands:/home/meric/f1_ws/install/avoid/lib/python3.10/site-packages:${PYTHONPATH} /usr/bin/python3 -W ignore:setup.py install is deprecated setup.py egg_info --egg-base ../../build/avoid build --build-base /home/meric/f1_ws/build/avoid/build install --record /home/meric/f1_ws/build/avoid/install.log --single-version-externally-managed
