[0.071s] Invoking command in '/home/meric/f1_ws/build/vesc_msgs': CMAKE_PREFIX_PATH=${CMAKE_PREFIX_PATH}:/home/meric/f1_ws/install/f1tenth_stack:/home/meric/f1_ws/install/joy_teleop:/home/meric/f1_ws/install/mouse_teleop:/home/meric/f1_ws/install/key_teleop:/opt/ros/humble /usr/bin/cmake --build /home/meric/f1_ws/build/vesc_msgs -- -j6 -l6
[1.413s] [  1%] Built target vesc_msgs__cpp
[1.413s] [ 12%] Built target vesc_msgs__rosidl_generator_c
[1.414s] [ 12%] Built target ament_cmake_python_copy_vesc_msgs
[1.415s] [ 23%] Built target vesc_msgs__rosidl_typesupport_cpp
[1.415s] [ 34%] Built target vesc_msgs__rosidl_typesupport_introspection_cpp
[1.416s] [ 45%] Built target vesc_msgs__rosidl_typesupport_fastrtps_cpp
[1.417s] [ 56%] Built target vesc_msgs__rosidl_typesupport_fastrtps_c
[1.417s] [ 69%] Built target vesc_msgs__rosidl_typesupport_c
[1.417s] [ 78%] Built target vesc_msgs__rosidl_typesupport_introspection_c
[1.417s] [ 78%] Built target vesc_msgs
[1.417s] [ 80%] Built target vesc_msgs__py
[1.418s] [ 89%] Built target vesc_msgs__rosidl_generator_py
[1.418s] [ 92%] Built target vesc_msgs__rosidl_typesupport_c__pyext
[1.418s] [ 96%] Built target vesc_msgs__rosidl_typesupport_introspection_c__pyext
[1.418s] [100%] Built target vesc_msgs__rosidl_typesupport_fastrtps_c__pyext
[1.418s] running egg_info
[1.419s] writing vesc_msgs.egg-info/PKG-INFO
[1.419s] writing dependency_links to vesc_msgs.egg-info/dependency_links.txt
[1.419s] writing top-level names to vesc_msgs.egg-info/top_level.txt
[1.419s] reading manifest file 'vesc_msgs.egg-info/SOURCES.txt'
[1.419s] writing manifest file 'vesc_msgs.egg-info/SOURCES.txt'
[1.419s] [100%] Built target ament_cmake_python_build_vesc_msgs_egg
[2.090s] Invoked command in '/home/meric/f1_ws/build/vesc_msgs' returned '0': CMAKE_PREFIX_PATH=${CMAKE_PREFIX_PATH}:/home/meric/f1_ws/install/f1tenth_stack:/home/meric/f1_ws/install/joy_teleop:/home/meric/f1_ws/install/mouse_teleop:/home/meric/f1_ws/install/key_teleop:/opt/ros/humble /usr/bin/cmake --build /home/meric/f1_ws/build/vesc_msgs -- -j6 -l6
[2.435s] Invoking command in '/home/meric/f1_ws/build/vesc_msgs': CMAKE_PREFIX_PATH=${CMAKE_PREFIX_PATH}:/home/meric/f1_ws/install/f1tenth_stack:/home/meric/f1_ws/install/joy_teleop:/home/meric/f1_ws/install/mouse_teleop:/home/meric/f1_ws/install/key_teleop:/opt/ros/humble /usr/bin/cmake --install /home/meric/f1_ws/build/vesc_msgs
[2.458s] -- Install configuration: ""
[2.458s] -- Up-to-date: /home/meric/f1_ws/install/vesc_msgs/share/ament_index/resource_index/rosidl_interfaces/vesc_msgs
[2.458s] -- Up-to-date: /home/meric/f1_ws/install/vesc_msgs/include/vesc_msgs/vesc_msgs
[2.459s] -- Up-to-date: /home/meric/f1_ws/install/vesc_msgs/include/vesc_msgs/vesc_msgs/msg
[2.459s] -- Up-to-date: /home/meric/f1_ws/install/vesc_msgs/include/vesc_msgs/vesc_msgs/msg/rosidl_generator_c__visibility_control.h
[2.459s] -- Up-to-date: /home/meric/f1_ws/install/vesc_msgs/include/vesc_msgs/vesc_msgs/msg/detail
[2.459s] -- Up-to-date: /home/meric/f1_ws/install/vesc_msgs/include/vesc_msgs/vesc_msgs/msg/detail/vesc_state_stamped__type_support.h
[2.459s] -- Up-to-date: /home/meric/f1_ws/install/vesc_msgs/include/vesc_msgs/vesc_msgs/msg/detail/vesc_imu_stamped__struct.h
[2.459s] -- Up-to-date: /home/meric/f1_ws/install/vesc_msgs/include/vesc_msgs/vesc_msgs/msg/detail/vesc_imu_stamped__functions.h
[2.460s] -- Up-to-date: /home/meric/f1_ws/install/vesc_msgs/include/vesc_msgs/vesc_msgs/msg/detail/vesc_imu_stamped__type_support.h
[2.460s] -- Up-to-date: /home/meric/f1_ws/install/vesc_msgs/include/vesc_msgs/vesc_msgs/msg/detail/vesc_imu__functions.c
[2.460s] -- Up-to-date: /home/meric/f1_ws/install/vesc_msgs/include/vesc_msgs/vesc_msgs/msg/detail/vesc_imu__struct.h
[2.460s] -- Up-to-date: /home/meric/f1_ws/install/vesc_msgs/include/vesc_msgs/vesc_msgs/msg/detail/vesc_state__struct.h
[2.460s] -- Up-to-date: /home/meric/f1_ws/install/vesc_msgs/include/vesc_msgs/vesc_msgs/msg/detail/vesc_state_stamped__struct.h
[2.460s] -- Up-to-date: /home/meric/f1_ws/install/vesc_msgs/include/vesc_msgs/vesc_msgs/msg/detail/vesc_state_stamped__functions.h
[2.460s] -- Up-to-date: /home/meric/f1_ws/install/vesc_msgs/include/vesc_msgs/vesc_msgs/msg/detail/vesc_state__type_support.h
[2.461s] -- Up-to-date: /home/meric/f1_ws/install/vesc_msgs/include/vesc_msgs/vesc_msgs/msg/detail/vesc_state__functions.c
[2.461s] -- Up-to-date: /home/meric/f1_ws/install/vesc_msgs/include/vesc_msgs/vesc_msgs/msg/detail/vesc_imu__functions.h
[2.461s] -- Up-to-date: /home/meric/f1_ws/install/vesc_msgs/include/vesc_msgs/vesc_msgs/msg/detail/vesc_state_stamped__functions.c
[2.461s] -- Up-to-date: /home/meric/f1_ws/install/vesc_msgs/include/vesc_msgs/vesc_msgs/msg/detail/vesc_imu_stamped__functions.c
[2.461s] -- Up-to-date: /home/meric/f1_ws/install/vesc_msgs/include/vesc_msgs/vesc_msgs/msg/detail/vesc_imu__type_support.h
[2.462s] -- Up-to-date: /home/meric/f1_ws/install/vesc_msgs/include/vesc_msgs/vesc_msgs/msg/detail/vesc_state__functions.h
[2.462s] -- Up-to-date: /home/meric/f1_ws/install/vesc_msgs/include/vesc_msgs/vesc_msgs/msg/vesc_state_stamped.h
[2.462s] -- Up-to-date: /home/meric/f1_ws/install/vesc_msgs/include/vesc_msgs/vesc_msgs/msg/vesc_state.h
[2.462s] -- Up-to-date: /home/meric/f1_ws/install/vesc_msgs/include/vesc_msgs/vesc_msgs/msg/vesc_imu.h
[2.462s] -- Up-to-date: /home/meric/f1_ws/install/vesc_msgs/include/vesc_msgs/vesc_msgs/msg/vesc_imu_stamped.h
[2.463s] -- Up-to-date: /home/meric/f1_ws/install/vesc_msgs/share/vesc_msgs/environment/library_path.sh
[2.463s] -- Up-to-date: /home/meric/f1_ws/install/vesc_msgs/share/vesc_msgs/environment/library_path.dsv
[2.463s] -- Up-to-date: /home/meric/f1_ws/install/vesc_msgs/lib/libvesc_msgs__rosidl_generator_c.so
[2.464s] -- Up-to-date: /home/meric/f1_ws/install/vesc_msgs/include/vesc_msgs/vesc_msgs
[2.464s] -- Up-to-date: /home/meric/f1_ws/install/vesc_msgs/include/vesc_msgs/vesc_msgs/msg
[2.464s] -- Up-to-date: /home/meric/f1_ws/install/vesc_msgs/include/vesc_msgs/vesc_msgs/msg/detail
[2.464s] -- Up-to-date: /home/meric/f1_ws/install/vesc_msgs/include/vesc_msgs/vesc_msgs/msg/detail/vesc_imu__rosidl_typesupport_fastrtps_c.h
[2.464s] -- Up-to-date: /home/meric/f1_ws/install/vesc_msgs/include/vesc_msgs/vesc_msgs/msg/detail/vesc_state_stamped__rosidl_typesupport_fastrtps_c.h
[2.464s] -- Up-to-date: /home/meric/f1_ws/install/vesc_msgs/include/vesc_msgs/vesc_msgs/msg/detail/vesc_imu_stamped__rosidl_typesupport_fastrtps_c.h
[2.465s] -- Up-to-date: /home/meric/f1_ws/install/vesc_msgs/include/vesc_msgs/vesc_msgs/msg/detail/vesc_state__rosidl_typesupport_fastrtps_c.h
[2.466s] -- Up-to-date: /home/meric/f1_ws/install/vesc_msgs/include/vesc_msgs/vesc_msgs/msg/rosidl_typesupport_fastrtps_c__visibility_control.h
[2.466s] -- Up-to-date: /home/meric/f1_ws/install/vesc_msgs/lib/libvesc_msgs__rosidl_typesupport_fastrtps_c.so
[2.466s] -- Up-to-date: /home/meric/f1_ws/install/vesc_msgs/include/vesc_msgs/vesc_msgs
[2.466s] -- Up-to-date: /home/meric/f1_ws/install/vesc_msgs/include/vesc_msgs/vesc_msgs/msg
[2.466s] -- Up-to-date: /home/meric/f1_ws/install/vesc_msgs/include/vesc_msgs/vesc_msgs/msg/rosidl_typesupport_introspection_c__visibility_control.h
[2.466s] -- Up-to-date: /home/meric/f1_ws/install/vesc_msgs/include/vesc_msgs/vesc_msgs/msg/detail
[2.467s] -- Up-to-date: /home/meric/f1_ws/install/vesc_msgs/include/vesc_msgs/vesc_msgs/msg/detail/vesc_state_stamped__rosidl_typesupport_introspection_c.h
[2.467s] -- Up-to-date: /home/meric/f1_ws/install/vesc_msgs/include/vesc_msgs/vesc_msgs/msg/detail/vesc_imu_stamped__type_support.c
[2.467s] -- Up-to-date: /home/meric/f1_ws/install/vesc_msgs/include/vesc_msgs/vesc_msgs/msg/detail/vesc_imu__type_support.c
[2.468s] -- Up-to-date: /home/meric/f1_ws/install/vesc_msgs/include/vesc_msgs/vesc_msgs/msg/detail/vesc_state_stamped__type_support.c
[2.468s] -- Up-to-date: /home/meric/f1_ws/install/vesc_msgs/include/vesc_msgs/vesc_msgs/msg/detail/vesc_imu_stamped__rosidl_typesupport_introspection_c.h
[2.468s] -- Up-to-date: /home/meric/f1_ws/install/vesc_msgs/include/vesc_msgs/vesc_msgs/msg/detail/vesc_state__rosidl_typesupport_introspection_c.h
[2.468s] -- Up-to-date: /home/meric/f1_ws/install/vesc_msgs/include/vesc_msgs/vesc_msgs/msg/detail/vesc_state__type_support.c
[2.469s] -- Up-to-date: /home/meric/f1_ws/install/vesc_msgs/include/vesc_msgs/vesc_msgs/msg/detail/vesc_imu__rosidl_typesupport_introspection_c.h
[2.469s] -- Up-to-date: /home/meric/f1_ws/install/vesc_msgs/lib/libvesc_msgs__rosidl_typesupport_introspection_c.so
[2.469s] -- Up-to-date: /home/meric/f1_ws/install/vesc_msgs/lib/libvesc_msgs__rosidl_typesupport_c.so
[2.469s] -- Up-to-date: /home/meric/f1_ws/install/vesc_msgs/include/vesc_msgs/vesc_msgs
[2.469s] -- Up-to-date: /home/meric/f1_ws/install/vesc_msgs/include/vesc_msgs/vesc_msgs/msg
[2.469s] -- Up-to-date: /home/meric/f1_ws/install/vesc_msgs/include/vesc_msgs/vesc_msgs/msg/vesc_state_stamped.hpp
[2.470s] -- Up-to-date: /home/meric/f1_ws/install/vesc_msgs/include/vesc_msgs/vesc_msgs/msg/vesc_imu_stamped.hpp
[2.470s] -- Up-to-date: /home/meric/f1_ws/install/vesc_msgs/include/vesc_msgs/vesc_msgs/msg/detail
[2.470s] -- Up-to-date: /home/meric/f1_ws/install/vesc_msgs/include/vesc_msgs/vesc_msgs/msg/detail/vesc_imu_stamped__struct.hpp
[2.470s] -- Up-to-date: /home/meric/f1_ws/install/vesc_msgs/include/vesc_msgs/vesc_msgs/msg/detail/vesc_imu__builder.hpp
[2.470s] -- Up-to-date: /home/meric/f1_ws/install/vesc_msgs/include/vesc_msgs/vesc_msgs/msg/detail/vesc_state__struct.hpp
[2.470s] -- Up-to-date: /home/meric/f1_ws/install/vesc_msgs/include/vesc_msgs/vesc_msgs/msg/detail/vesc_imu_stamped__traits.hpp
[2.470s] -- Up-to-date: /home/meric/f1_ws/install/vesc_msgs/include/vesc_msgs/vesc_msgs/msg/detail/vesc_state_stamped__traits.hpp
[2.471s] -- Up-to-date: /home/meric/f1_ws/install/vesc_msgs/include/vesc_msgs/vesc_msgs/msg/detail/vesc_imu__traits.hpp
[2.471s] -- Up-to-date: /home/meric/f1_ws/install/vesc_msgs/include/vesc_msgs/vesc_msgs/msg/detail/vesc_state__builder.hpp
[2.471s] -- Up-to-date: /home/meric/f1_ws/install/vesc_msgs/include/vesc_msgs/vesc_msgs/msg/detail/vesc_state_stamped__struct.hpp
[2.471s] -- Up-to-date: /home/meric/f1_ws/install/vesc_msgs/include/vesc_msgs/vesc_msgs/msg/detail/vesc_state__traits.hpp
[2.471s] -- Up-to-date: /home/meric/f1_ws/install/vesc_msgs/include/vesc_msgs/vesc_msgs/msg/detail/vesc_imu__struct.hpp
[2.471s] -- Up-to-date: /home/meric/f1_ws/install/vesc_msgs/include/vesc_msgs/vesc_msgs/msg/detail/vesc_imu_stamped__builder.hpp
[2.472s] -- Up-to-date: /home/meric/f1_ws/install/vesc_msgs/include/vesc_msgs/vesc_msgs/msg/detail/vesc_state_stamped__builder.hpp
[2.472s] -- Up-to-date: /home/meric/f1_ws/install/vesc_msgs/include/vesc_msgs/vesc_msgs/msg/vesc_state.hpp
[2.472s] -- Up-to-date: /home/meric/f1_ws/install/vesc_msgs/include/vesc_msgs/vesc_msgs/msg/vesc_imu.hpp
[2.472s] -- Up-to-date: /home/meric/f1_ws/install/vesc_msgs/include/vesc_msgs/vesc_msgs
[2.472s] -- Up-to-date: /home/meric/f1_ws/install/vesc_msgs/include/vesc_msgs/vesc_msgs/msg
[2.472s] -- Up-to-date: /home/meric/f1_ws/install/vesc_msgs/include/vesc_msgs/vesc_msgs/msg/rosidl_typesupport_fastrtps_cpp__visibility_control.h
[2.472s] -- Up-to-date: /home/meric/f1_ws/install/vesc_msgs/include/vesc_msgs/vesc_msgs/msg/detail
[2.473s] -- Up-to-date: /home/meric/f1_ws/install/vesc_msgs/include/vesc_msgs/vesc_msgs/msg/detail/vesc_imu_stamped__rosidl_typesupport_fastrtps_cpp.hpp
[2.473s] -- Up-to-date: /home/meric/f1_ws/install/vesc_msgs/include/vesc_msgs/vesc_msgs/msg/detail/vesc_state_stamped__rosidl_typesupport_fastrtps_cpp.hpp
[2.473s] -- Up-to-date: /home/meric/f1_ws/install/vesc_msgs/include/vesc_msgs/vesc_msgs/msg/detail/dds_fastrtps
[2.473s] -- Up-to-date: /home/meric/f1_ws/install/vesc_msgs/include/vesc_msgs/vesc_msgs/msg/detail/vesc_state__rosidl_typesupport_fastrtps_cpp.hpp
[2.473s] -- Up-to-date: /home/meric/f1_ws/install/vesc_msgs/include/vesc_msgs/vesc_msgs/msg/detail/vesc_imu__rosidl_typesupport_fastrtps_cpp.hpp
[2.473s] -- Up-to-date: /home/meric/f1_ws/install/vesc_msgs/lib/libvesc_msgs__rosidl_typesupport_fastrtps_cpp.so
[2.473s] -- Up-to-date: /home/meric/f1_ws/install/vesc_msgs/include/vesc_msgs/vesc_msgs
[2.474s] -- Up-to-date: /home/meric/f1_ws/install/vesc_msgs/include/vesc_msgs/vesc_msgs/msg
[2.474s] -- Up-to-date: /home/meric/f1_ws/install/vesc_msgs/include/vesc_msgs/vesc_msgs/msg/detail
[2.474s] -- Up-to-date: /home/meric/f1_ws/install/vesc_msgs/include/vesc_msgs/vesc_msgs/msg/detail/vesc_imu__type_support.cpp
[2.474s] -- Up-to-date: /home/meric/f1_ws/install/vesc_msgs/include/vesc_msgs/vesc_msgs/msg/detail/vesc_state__rosidl_typesupport_introspection_cpp.hpp
[2.474s] -- Up-to-date: /home/meric/f1_ws/install/vesc_msgs/include/vesc_msgs/vesc_msgs/msg/detail/vesc_state__type_support.cpp
[2.474s] -- Up-to-date: /home/meric/f1_ws/install/vesc_msgs/include/vesc_msgs/vesc_msgs/msg/detail/vesc_imu_stamped__type_support.cpp
[2.474s] -- Up-to-date: /home/meric/f1_ws/install/vesc_msgs/include/vesc_msgs/vesc_msgs/msg/detail/vesc_state_stamped__rosidl_typesupport_introspection_cpp.hpp
[2.475s] -- Up-to-date: /home/meric/f1_ws/install/vesc_msgs/include/vesc_msgs/vesc_msgs/msg/detail/vesc_state_stamped__type_support.cpp
[2.475s] -- Up-to-date: /home/meric/f1_ws/install/vesc_msgs/include/vesc_msgs/vesc_msgs/msg/detail/vesc_imu_stamped__rosidl_typesupport_introspection_cpp.hpp
[2.475s] -- Up-to-date: /home/meric/f1_ws/install/vesc_msgs/include/vesc_msgs/vesc_msgs/msg/detail/vesc_imu__rosidl_typesupport_introspection_cpp.hpp
[2.475s] -- Up-to-date: /home/meric/f1_ws/install/vesc_msgs/lib/libvesc_msgs__rosidl_typesupport_introspection_cpp.so
[2.475s] -- Up-to-date: /home/meric/f1_ws/install/vesc_msgs/lib/libvesc_msgs__rosidl_typesupport_cpp.so
[2.475s] -- Up-to-date: /home/meric/f1_ws/install/vesc_msgs/share/vesc_msgs/environment/pythonpath.sh
[2.475s] -- Up-to-date: /home/meric/f1_ws/install/vesc_msgs/share/vesc_msgs/environment/pythonpath.dsv
[2.475s] -- Up-to-date: /home/meric/f1_ws/install/vesc_msgs/local/lib/python3.10/dist-packages/vesc_msgs-1.2.0-py3.10.egg-info
[2.475s] -- Installing: /home/meric/f1_ws/install/vesc_msgs/local/lib/python3.10/dist-packages/vesc_msgs-1.2.0-py3.10.egg-info/dependency_links.txt
[2.476s] -- Installing: /home/meric/f1_ws/install/vesc_msgs/local/lib/python3.10/dist-packages/vesc_msgs-1.2.0-py3.10.egg-info/top_level.txt
[2.476s] -- Installing: /home/meric/f1_ws/install/vesc_msgs/local/lib/python3.10/dist-packages/vesc_msgs-1.2.0-py3.10.egg-info/PKG-INFO
[2.476s] -- Installing: /home/meric/f1_ws/install/vesc_msgs/local/lib/python3.10/dist-packages/vesc_msgs-1.2.0-py3.10.egg-info/SOURCES.txt
[2.476s] -- Up-to-date: /home/meric/f1_ws/install/vesc_msgs/local/lib/python3.10/dist-packages/vesc_msgs
[2.476s] -- Up-to-date: /home/meric/f1_ws/install/vesc_msgs/local/lib/python3.10/dist-packages/vesc_msgs/vesc_msgs_s__rosidl_typesupport_fastrtps_c.cpython-310-aarch64-linux-gnu.so
[2.476s] -- Up-to-date: /home/meric/f1_ws/install/vesc_msgs/local/lib/python3.10/dist-packages/vesc_msgs/_vesc_msgs_s.ep.rosidl_typesupport_introspection_c.c
[2.476s] -- Up-to-date: /home/meric/f1_ws/install/vesc_msgs/local/lib/python3.10/dist-packages/vesc_msgs/msg
[2.477s] -- Up-to-date: /home/meric/f1_ws/install/vesc_msgs/local/lib/python3.10/dist-packages/vesc_msgs/msg/_vesc_state_stamped.py
[2.477s] -- Up-to-date: /home/meric/f1_ws/install/vesc_msgs/local/lib/python3.10/dist-packages/vesc_msgs/msg/_vesc_imu_stamped.py
[2.477s] -- Up-to-date: /home/meric/f1_ws/install/vesc_msgs/local/lib/python3.10/dist-packages/vesc_msgs/msg/_vesc_imu.py
[2.477s] -- Up-to-date: /home/meric/f1_ws/install/vesc_msgs/local/lib/python3.10/dist-packages/vesc_msgs/msg/__init__.py
[2.477s] -- Up-to-date: /home/meric/f1_ws/install/vesc_msgs/local/lib/python3.10/dist-packages/vesc_msgs/msg/_vesc_state.py
[2.477s] -- Up-to-date: /home/meric/f1_ws/install/vesc_msgs/local/lib/python3.10/dist-packages/vesc_msgs/msg/_vesc_state_stamped_s.c
[2.477s] -- Up-to-date: /home/meric/f1_ws/install/vesc_msgs/local/lib/python3.10/dist-packages/vesc_msgs/msg/_vesc_imu_stamped_s.c
[2.478s] -- Up-to-date: /home/meric/f1_ws/install/vesc_msgs/local/lib/python3.10/dist-packages/vesc_msgs/msg/_vesc_imu_s.c
[2.478s] -- Up-to-date: /home/meric/f1_ws/install/vesc_msgs/local/lib/python3.10/dist-packages/vesc_msgs/msg/_vesc_state_s.c
[2.478s] -- Up-to-date: /home/meric/f1_ws/install/vesc_msgs/local/lib/python3.10/dist-packages/vesc_msgs/__init__.py
[2.478s] -- Up-to-date: /home/meric/f1_ws/install/vesc_msgs/local/lib/python3.10/dist-packages/vesc_msgs/libvesc_msgs__rosidl_generator_py.so
[2.478s] -- Up-to-date: /home/meric/f1_ws/install/vesc_msgs/local/lib/python3.10/dist-packages/vesc_msgs/_vesc_msgs_s.ep.rosidl_typesupport_fastrtps_c.c
[2.478s] -- Up-to-date: /home/meric/f1_ws/install/vesc_msgs/local/lib/python3.10/dist-packages/vesc_msgs/vesc_msgs_s__rosidl_typesupport_c.cpython-310-aarch64-linux-gnu.so
[2.478s] -- Up-to-date: /home/meric/f1_ws/install/vesc_msgs/local/lib/python3.10/dist-packages/vesc_msgs/vesc_msgs_s__rosidl_typesupport_introspection_c.cpython-310-aarch64-linux-gnu.so
[2.478s] -- Up-to-date: /home/meric/f1_ws/install/vesc_msgs/local/lib/python3.10/dist-packages/vesc_msgs/_vesc_msgs_s.ep.rosidl_typesupport_c.c
[2.548s] Listing '/home/meric/f1_ws/install/vesc_msgs/local/lib/python3.10/dist-packages/vesc_msgs'...
[2.549s] Listing '/home/meric/f1_ws/install/vesc_msgs/local/lib/python3.10/dist-packages/vesc_msgs/msg'...
[2.561s] -- Up-to-date: /home/meric/f1_ws/install/vesc_msgs/local/lib/python3.10/dist-packages/vesc_msgs/vesc_msgs_s__rosidl_typesupport_fastrtps_c.cpython-310-aarch64-linux-gnu.so
[2.562s] -- Up-to-date: /home/meric/f1_ws/install/vesc_msgs/local/lib/python3.10/dist-packages/vesc_msgs/vesc_msgs_s__rosidl_typesupport_introspection_c.cpython-310-aarch64-linux-gnu.so
[2.562s] -- Up-to-date: /home/meric/f1_ws/install/vesc_msgs/local/lib/python3.10/dist-packages/vesc_msgs/vesc_msgs_s__rosidl_typesupport_c.cpython-310-aarch64-linux-gnu.so
[2.563s] -- Up-to-date: /home/meric/f1_ws/install/vesc_msgs/lib/libvesc_msgs__rosidl_generator_py.so
[2.563s] -- Up-to-date: /home/meric/f1_ws/install/vesc_msgs/share/vesc_msgs/msg/VescState.idl
[2.563s] -- Up-to-date: /home/meric/f1_ws/install/vesc_msgs/share/vesc_msgs/msg/VescStateStamped.idl
[2.563s] -- Up-to-date: /home/meric/f1_ws/install/vesc_msgs/share/vesc_msgs/msg/VescImu.idl
[2.564s] -- Up-to-date: /home/meric/f1_ws/install/vesc_msgs/share/vesc_msgs/msg/VescImuStamped.idl
[2.564s] -- Up-to-date: /home/meric/f1_ws/install/vesc_msgs/share/vesc_msgs/msg/VescState.msg
[2.564s] -- Up-to-date: /home/meric/f1_ws/install/vesc_msgs/share/vesc_msgs/msg/VescStateStamped.msg
[2.564s] -- Up-to-date: /home/meric/f1_ws/install/vesc_msgs/share/vesc_msgs/msg/VescImu.msg
[2.564s] -- Up-to-date: /home/meric/f1_ws/install/vesc_msgs/share/vesc_msgs/msg/VescImuStamped.msg
[2.564s] -- Up-to-date: /home/meric/f1_ws/install/vesc_msgs/share/ament_index/resource_index/package_run_dependencies/vesc_msgs
[2.564s] -- Up-to-date: /home/meric/f1_ws/install/vesc_msgs/share/ament_index/resource_index/parent_prefix_path/vesc_msgs
[2.565s] -- Up-to-date: /home/meric/f1_ws/install/vesc_msgs/share/vesc_msgs/environment/ament_prefix_path.sh
[2.565s] -- Up-to-date: /home/meric/f1_ws/install/vesc_msgs/share/vesc_msgs/environment/ament_prefix_path.dsv
[2.565s] -- Up-to-date: /home/meric/f1_ws/install/vesc_msgs/share/vesc_msgs/environment/path.sh
[2.565s] -- Up-to-date: /home/meric/f1_ws/install/vesc_msgs/share/vesc_msgs/environment/path.dsv
[2.565s] -- Up-to-date: /home/meric/f1_ws/install/vesc_msgs/share/vesc_msgs/local_setup.bash
[2.565s] -- Up-to-date: /home/meric/f1_ws/install/vesc_msgs/share/vesc_msgs/local_setup.sh
[2.566s] -- Up-to-date: /home/meric/f1_ws/install/vesc_msgs/share/vesc_msgs/local_setup.zsh
[2.566s] -- Up-to-date: /home/meric/f1_ws/install/vesc_msgs/share/vesc_msgs/local_setup.dsv
[2.566s] -- Installing: /home/meric/f1_ws/install/vesc_msgs/share/vesc_msgs/package.dsv
[2.566s] -- Up-to-date: /home/meric/f1_ws/install/vesc_msgs/share/ament_index/resource_index/packages/vesc_msgs
[2.566s] -- Up-to-date: /home/meric/f1_ws/install/vesc_msgs/share/vesc_msgs/cmake/export_vesc_msgs__rosidl_generator_cExport.cmake
[2.567s] -- Up-to-date: /home/meric/f1_ws/install/vesc_msgs/share/vesc_msgs/cmake/export_vesc_msgs__rosidl_generator_cExport-noconfig.cmake
[2.567s] -- Up-to-date: /home/meric/f1_ws/install/vesc_msgs/share/vesc_msgs/cmake/export_vesc_msgs__rosidl_typesupport_fastrtps_cExport.cmake
[2.567s] -- Up-to-date: /home/meric/f1_ws/install/vesc_msgs/share/vesc_msgs/cmake/export_vesc_msgs__rosidl_typesupport_fastrtps_cExport-noconfig.cmake
[2.568s] -- Up-to-date: /home/meric/f1_ws/install/vesc_msgs/share/vesc_msgs/cmake/vesc_msgs__rosidl_typesupport_introspection_cExport.cmake
[2.568s] -- Up-to-date: /home/meric/f1_ws/install/vesc_msgs/share/vesc_msgs/cmake/vesc_msgs__rosidl_typesupport_introspection_cExport-noconfig.cmake
[2.568s] -- Up-to-date: /home/meric/f1_ws/install/vesc_msgs/share/vesc_msgs/cmake/vesc_msgs__rosidl_typesupport_cExport.cmake
[2.568s] -- Up-to-date: /home/meric/f1_ws/install/vesc_msgs/share/vesc_msgs/cmake/vesc_msgs__rosidl_typesupport_cExport-noconfig.cmake
[2.568s] -- Up-to-date: /home/meric/f1_ws/install/vesc_msgs/share/vesc_msgs/cmake/export_vesc_msgs__rosidl_generator_cppExport.cmake
[2.568s] -- Up-to-date: /home/meric/f1_ws/install/vesc_msgs/share/vesc_msgs/cmake/export_vesc_msgs__rosidl_typesupport_fastrtps_cppExport.cmake
[2.569s] -- Up-to-date: /home/meric/f1_ws/install/vesc_msgs/share/vesc_msgs/cmake/export_vesc_msgs__rosidl_typesupport_fastrtps_cppExport-noconfig.cmake
[2.569s] -- Up-to-date: /home/meric/f1_ws/install/vesc_msgs/share/vesc_msgs/cmake/vesc_msgs__rosidl_typesupport_introspection_cppExport.cmake
[2.569s] -- Up-to-date: /home/meric/f1_ws/install/vesc_msgs/share/vesc_msgs/cmake/vesc_msgs__rosidl_typesupport_introspection_cppExport-noconfig.cmake
[2.569s] -- Up-to-date: /home/meric/f1_ws/install/vesc_msgs/share/vesc_msgs/cmake/vesc_msgs__rosidl_typesupport_cppExport.cmake
[2.569s] -- Up-to-date: /home/meric/f1_ws/install/vesc_msgs/share/vesc_msgs/cmake/vesc_msgs__rosidl_typesupport_cppExport-noconfig.cmake
[2.569s] -- Up-to-date: /home/meric/f1_ws/install/vesc_msgs/share/vesc_msgs/cmake/export_vesc_msgs__rosidl_generator_pyExport.cmake
[2.570s] -- Up-to-date: /home/meric/f1_ws/install/vesc_msgs/share/vesc_msgs/cmake/export_vesc_msgs__rosidl_generator_pyExport-noconfig.cmake
[2.570s] -- Up-to-date: /home/meric/f1_ws/install/vesc_msgs/share/vesc_msgs/cmake/rosidl_cmake-extras.cmake
[2.570s] -- Up-to-date: /home/meric/f1_ws/install/vesc_msgs/share/vesc_msgs/cmake/ament_cmake_export_dependencies-extras.cmake
[2.570s] -- Up-to-date: /home/meric/f1_ws/install/vesc_msgs/share/vesc_msgs/cmake/ament_cmake_export_include_directories-extras.cmake
[2.570s] -- Up-to-date: /home/meric/f1_ws/install/vesc_msgs/share/vesc_msgs/cmake/ament_cmake_export_libraries-extras.cmake
[2.571s] -- Up-to-date: /home/meric/f1_ws/install/vesc_msgs/share/vesc_msgs/cmake/ament_cmake_export_targets-extras.cmake
[2.571s] -- Up-to-date: /home/meric/f1_ws/install/vesc_msgs/share/vesc_msgs/cmake/rosidl_cmake_export_typesupport_targets-extras.cmake
[2.571s] -- Up-to-date: /home/meric/f1_ws/install/vesc_msgs/share/vesc_msgs/cmake/rosidl_cmake_export_typesupport_libraries-extras.cmake
[2.571s] -- Up-to-date: /home/meric/f1_ws/install/vesc_msgs/share/vesc_msgs/cmake/vesc_msgsConfig.cmake
[2.571s] -- Up-to-date: /home/meric/f1_ws/install/vesc_msgs/share/vesc_msgs/cmake/vesc_msgsConfig-version.cmake
[2.573s] -- Up-to-date: /home/meric/f1_ws/install/vesc_msgs/share/vesc_msgs/package.xml
[2.577s] Invoked command in '/home/meric/f1_ws/build/vesc_msgs' returned '0': CMAKE_PREFIX_PATH=${CMAKE_PREFIX_PATH}:/home/meric/f1_ws/install/f1tenth_stack:/home/meric/f1_ws/install/joy_teleop:/home/meric/f1_ws/install/mouse_teleop:/home/meric/f1_ws/install/key_teleop:/opt/ros/humble /usr/bin/cmake --install /home/meric/f1_ws/build/vesc_msgs
