[2.841s] Invoking command in '/home/meric/f1_ws/src/f1tenth_system/teleop_tools/key_teleop': PYTHONPATH=/home/meric/f1_ws/build/key_teleop/prefix_override:/home/meric/.local/lib/python3.10/site-packages/colcon_core/task/python/colcon_distutils_commands:/home/meric/f1_ws/install/key_teleop/lib/python3.10/site-packages:${PYTHONPATH} /usr/bin/python3 -W ignore:setup.py install is deprecated setup.py egg_info --egg-base ../../../../build/key_teleop build --build-base /home/meric/f1_ws/build/key_teleop/build install --record /home/meric/f1_ws/build/key_teleop/install.log --single-version-externally-managed install_data
[3.412s] running egg_info
[3.413s] writing ../../../../build/key_teleop/key_teleop.egg-info/PKG-INFO
[3.413s] writing dependency_links to ../../../../build/key_teleop/key_teleop.egg-info/dependency_links.txt
[3.414s] writing entry points to ../../../../build/key_teleop/key_teleop.egg-info/entry_points.txt
[3.414s] writing requirements to ../../../../build/key_teleop/key_teleop.egg-info/requires.txt
[3.414s] writing top-level names to ../../../../build/key_teleop/key_teleop.egg-info/top_level.txt
[3.418s] reading manifest file '../../../../build/key_teleop/key_teleop.egg-info/SOURCES.txt'
[3.419s] adding license file 'LICENSE'
[3.420s] writing manifest file '../../../../build/key_teleop/key_teleop.egg-info/SOURCES.txt'
[3.420s] running build
[3.420s] running build_py
[3.421s] running install
[3.421s] running install_lib
[3.424s] running install_data
[3.424s] running install_egg_info
[3.429s] removing '/home/meric/f1_ws/install/key_teleop/lib/python3.10/site-packages/key_teleop-0.3.0-py3.10.egg-info' (and everything under it)
[3.430s] Copying ../../../../build/key_teleop/key_teleop.egg-info to /home/meric/f1_ws/install/key_teleop/lib/python3.10/site-packages/key_teleop-0.3.0-py3.10.egg-info
[3.432s] running install_scripts
[3.476s] Installing key_teleop script to /home/meric/f1_ws/install/key_teleop/lib/key_teleop
[3.477s] writing list of installed files to '/home/meric/f1_ws/build/key_teleop/install.log'
[3.612s] Invoked command in '/home/meric/f1_ws/src/f1tenth_system/teleop_tools/key_teleop' returned '0': PYTHONPATH=/home/meric/f1_ws/build/key_teleop/prefix_override:/home/meric/.local/lib/python3.10/site-packages/colcon_core/task/python/colcon_distutils_commands:/home/meric/f1_ws/install/key_teleop/lib/python3.10/site-packages:${PYTHONPATH} /usr/bin/python3 -W ignore:setup.py install is deprecated setup.py egg_info --egg-base ../../../../build/key_teleop build --build-base /home/meric/f1_ws/build/key_teleop/build install --record /home/meric/f1_ws/build/key_teleop/install.log --single-version-externally-managed install_data
