[0.053s] Invoking command in '/home/meric/f1_ws/build/teleop_tools_msgs': CMAKE_PREFIX_PATH=/opt/ros/humble /usr/bin/cmake /home/meric/f1_ws/src/f1tenth_system/teleop_tools/teleop_tools_msgs -DCMAKE_INSTALL_PREFIX=/home/meric/f1_ws/install/teleop_tools_msgs
[2.047s] -- Found ament_cmake: 1.3.10 (/opt/ros/humble/share/ament_cmake/cmake)
[2.049s] -- Override CMake install command with custom implementation using symlinks instead of copying resources
[2.051s] -- Found rosidl_default_generators: 1.2.0 (/opt/ros/humble/share/rosidl_default_generators/cmake)
[2.051s] -- Using all available rosidl_typesupport_c: rosidl_typesupport_fastrtps_c;rosidl_typesupport_introspection_c
[2.051s] -- Found rosidl_adapter: 3.1.5 (/opt/ros/humble/share/rosidl_adapter/cmake)
[2.052s] -- Using all available rosidl_typesupport_cpp: rosidl_typesupport_fastrtps_cpp;rosidl_typesupport_introspection_cpp
[2.052s] -- Found ament_lint_auto: 0.12.11 (/opt/ros/humble/share/ament_lint_auto/cmake)
[2.052s] -- Found ament_cmake_ros: 0.10.0 (/opt/ros/humble/share/ament_cmake_ros/cmake)
[2.052s] -- Using all available rosidl_typesupport_c: rosidl_typesupport_fastrtps_c;rosidl_typesupport_introspection_c
[2.083s] -- Using all available rosidl_typesupport_cpp: rosidl_typesupport_fastrtps_cpp;rosidl_typesupport_introspection_cpp
[2.141s] -- Found python_cmake_module: 0.10.0 (/opt/ros/humble/share/python_cmake_module/cmake)
[2.202s] -- Using PYTHON_EXECUTABLE: /usr/bin/python3
[2.202s] -- Using PYTHON_INCLUDE_DIRS: /usr/include/python3.10
[2.202s] -- Using PYTHON_LIBRARIES: /usr/lib/aarch64-linux-gnu/libpython3.10.so
[2.257s] -- Added test 'copyright' to check source files copyright and LICENSE
[2.260s] -- Added test 'lint_cmake' to check CMake code style
[2.261s] -- Added test 'xmllint' to check XML markup files
[2.272s] -- Configuring done
[2.356s] -- Generating done
[2.367s] -- Build files have been written to: /home/meric/f1_ws/build/teleop_tools_msgs
[2.405s] Invoked command in '/home/meric/f1_ws/build/teleop_tools_msgs' returned '0': CMAKE_PREFIX_PATH=/opt/ros/humble /usr/bin/cmake /home/meric/f1_ws/src/f1tenth_system/teleop_tools/teleop_tools_msgs -DCMAKE_INSTALL_PREFIX=/home/meric/f1_ws/install/teleop_tools_msgs
[2.406s] Invoking command in '/home/meric/f1_ws/build/teleop_tools_msgs': CMAKE_PREFIX_PATH=/opt/ros/humble /usr/bin/cmake --build /home/meric/f1_ws/build/teleop_tools_msgs -- -j6 -l6
[2.539s] [35m[1mConsolidate compiler generated dependencies of target teleop_tools_msgs__rosidl_generator_c[0m
[2.598s] [  3%] Built target teleop_tools_msgs__cpp
[2.612s] [ 12%] Built target teleop_tools_msgs__rosidl_generator_c
[2.618s] [ 12%] Built target ament_cmake_python_symlink_teleop_tools_msgs
[2.636s] [35m[1mConsolidate compiler generated dependencies of target teleop_tools_msgs__rosidl_typesupport_fastrtps_cpp[0m
[2.666s] [35m[1mConsolidate compiler generated dependencies of target teleop_tools_msgs__rosidl_typesupport_introspection_cpp[0m
[2.672s] [35m[1mConsolidate compiler generated dependencies of target teleop_tools_msgs__rosidl_typesupport_cpp[0m
[2.689s] [35m[1mConsolidate compiler generated dependencies of target teleop_tools_msgs__rosidl_typesupport_fastrtps_c[0m
[2.711s] [35m[1mConsolidate compiler generated dependencies of target teleop_tools_msgs__rosidl_typesupport_introspection_c[0m
[2.718s] [ 22%] Built target teleop_tools_msgs__rosidl_typesupport_fastrtps_cpp
[2.740s] [ 32%] Built target teleop_tools_msgs__rosidl_typesupport_introspection_cpp
[2.742s] [35m[1mConsolidate compiler generated dependencies of target teleop_tools_msgs__rosidl_typesupport_c[0m
[2.774s] [ 41%] Built target teleop_tools_msgs__rosidl_typesupport_cpp
[2.785s] [ 61%] Built target teleop_tools_msgs__rosidl_typesupport_fastrtps_c
[2.789s] [ 61%] Built target teleop_tools_msgs__rosidl_typesupport_introspection_c
[2.812s] [ 70%] Built target teleop_tools_msgs__rosidl_typesupport_c
[2.908s] [ 70%] Built target teleop_tools_msgs
[2.971s] [ 74%] Built target teleop_tools_msgs__py
[2.994s] [35m[1mConsolidate compiler generated dependencies of target teleop_tools_msgs__rosidl_generator_py[0m
[3.022s] [ 80%] Built target teleop_tools_msgs__rosidl_generator_py
[3.045s] [35m[1mConsolidate compiler generated dependencies of target teleop_tools_msgs__rosidl_typesupport_c__pyext[0m
[3.045s] [35m[1mConsolidate compiler generated dependencies of target teleop_tools_msgs__rosidl_typesupport_introspection_c__pyext[0m
[3.046s] [35m[1mConsolidate compiler generated dependencies of target teleop_tools_msgs__rosidl_typesupport_fastrtps_c__pyext[0m
[3.075s] [ 96%] Built target teleop_tools_msgs__rosidl_typesupport_c__pyext
[3.075s] [100%] Built target teleop_tools_msgs__rosidl_typesupport_introspection_c__pyext
[3.076s] [ 96%] Built target teleop_tools_msgs__rosidl_typesupport_fastrtps_c__pyext
[3.455s] running egg_info
[3.456s] writing teleop_tools_msgs.egg-info/PKG-INFO
[3.457s] writing dependency_links to teleop_tools_msgs.egg-info/dependency_links.txt
[3.457s] writing top-level names to teleop_tools_msgs.egg-info/top_level.txt
[3.462s] reading manifest file 'teleop_tools_msgs.egg-info/SOURCES.txt'
[3.463s] writing manifest file 'teleop_tools_msgs.egg-info/SOURCES.txt'
[3.542s] [100%] Built target ament_cmake_python_build_teleop_tools_msgs_egg
[3.568s] Invoked command in '/home/meric/f1_ws/build/teleop_tools_msgs' returned '0': CMAKE_PREFIX_PATH=/opt/ros/humble /usr/bin/cmake --build /home/meric/f1_ws/build/teleop_tools_msgs -- -j6 -l6
