[0.034s] Invoking command in '/home/meric/f1_ws/build/vesc_ackermann': AMENT_PREFIX_PATH=/home/meric/f1_ws/install/vesc_msgs:${AMENT_PREFIX_PATH} CMAKE_PREFIX_PATH=/home/meric/f1_ws/install/vesc_msgs:/opt/ros/humble LD_LIBRARY_PATH=/home/meric/f1_ws/install/vesc_msgs/lib:/opt/ros/humble/opt/rviz_ogre_vendor/lib:/opt/ros/humble/lib/aarch64-linux-gnu:/opt/ros/humble/lib:/usr/local/cuda-12.2/lib64:/home/meric/f1tenth_ws/install/vesc_ackermann/lib PYTHONPATH=/home/meric/f1_ws/install/vesc_msgs/local/lib/python3.10/dist-packages:${PYTHONPATH} /usr/bin/cmake --build /home/meric/f1_ws/build/vesc_ackermann -- -j6 -l6
[0.237s] [ 28%] Built target ackermann_to_vesc_node
[0.245s] [ 71%] Built target vesc_ackermann
[0.256s] [100%] Built target vesc_to_odom_node
[0.308s] Invoked command in '/home/meric/f1_ws/build/vesc_ackermann' returned '0': AMENT_PREFIX_PATH=/home/meric/f1_ws/install/vesc_msgs:${AMENT_PREFIX_PATH} CMAKE_PREFIX_PATH=/home/meric/f1_ws/install/vesc_msgs:/opt/ros/humble LD_LIBRARY_PATH=/home/meric/f1_ws/install/vesc_msgs/lib:/opt/ros/humble/opt/rviz_ogre_vendor/lib:/opt/ros/humble/lib/aarch64-linux-gnu:/opt/ros/humble/lib:/usr/local/cuda-12.2/lib64:/home/meric/f1tenth_ws/install/vesc_ackermann/lib PYTHONPATH=/home/meric/f1_ws/install/vesc_msgs/local/lib/python3.10/dist-packages:${PYTHONPATH} /usr/bin/cmake --build /home/meric/f1_ws/build/vesc_ackermann -- -j6 -l6
[0.380s] Invoking command in '/home/meric/f1_ws/build/vesc_ackermann': AMENT_PREFIX_PATH=/home/meric/f1_ws/install/vesc_msgs:${AMENT_PREFIX_PATH} CMAKE_PREFIX_PATH=/home/meric/f1_ws/install/vesc_msgs:/opt/ros/humble LD_LIBRARY_PATH=/home/meric/f1_ws/install/vesc_msgs/lib:/opt/ros/humble/opt/rviz_ogre_vendor/lib:/opt/ros/humble/lib/aarch64-linux-gnu:/opt/ros/humble/lib:/usr/local/cuda-12.2/lib64:/home/meric/f1tenth_ws/install/vesc_ackermann/lib PYTHONPATH=/home/meric/f1_ws/install/vesc_msgs/local/lib/python3.10/dist-packages:${PYTHONPATH} /usr/bin/cmake --install /home/meric/f1_ws/build/vesc_ackermann
[0.397s] -- Install configuration: ""
[0.397s] -- Up-to-date: /home/meric/f1_ws/install/vesc_ackermann/lib/vesc_ackermann/ackermann_to_vesc_node
[0.398s] -- Up-to-date: /home/meric/f1_ws/install/vesc_ackermann/lib/vesc_ackermann/vesc_to_odom_node
[0.398s] -- Up-to-date: /home/meric/f1_ws/install/vesc_ackermann/include
[0.398s] -- Up-to-date: /home/meric/f1_ws/install/vesc_ackermann/include/vesc_ackermann
[0.398s] -- Up-to-date: /home/meric/f1_ws/install/vesc_ackermann/include/vesc_ackermann/ackermann_to_vesc.hpp
[0.398s] -- Up-to-date: /home/meric/f1_ws/install/vesc_ackermann/include/vesc_ackermann/vesc_to_odom.hpp
[0.399s] -- Up-to-date: /home/meric/f1_ws/install/vesc_ackermann/share/vesc_ackermann/environment/library_path.sh
[0.399s] -- Up-to-date: /home/meric/f1_ws/install/vesc_ackermann/share/vesc_ackermann/environment/library_path.dsv
[0.399s] -- Up-to-date: /home/meric/f1_ws/install/vesc_ackermann/lib/libvesc_ackermann.so
[0.399s] -- Up-to-date: /home/meric/f1_ws/install/vesc_ackermann/share/vesc_ackermann/launch
[0.400s] -- Up-to-date: /home/meric/f1_ws/install/vesc_ackermann/share/vesc_ackermann/launch/ackermann_to_vesc_node.launch.xml
[0.400s] -- Up-to-date: /home/meric/f1_ws/install/vesc_ackermann/share/vesc_ackermann/launch/vesc_to_odom_node.launch.xml
[0.400s] -- Up-to-date: /home/meric/f1_ws/install/vesc_ackermann/share/ament_index/resource_index/package_run_dependencies/vesc_ackermann
[0.400s] -- Up-to-date: /home/meric/f1_ws/install/vesc_ackermann/share/ament_index/resource_index/parent_prefix_path/vesc_ackermann
[0.401s] -- Up-to-date: /home/meric/f1_ws/install/vesc_ackermann/share/vesc_ackermann/environment/ament_prefix_path.sh
[0.401s] -- Up-to-date: /home/meric/f1_ws/install/vesc_ackermann/share/vesc_ackermann/environment/ament_prefix_path.dsv
[0.401s] -- Up-to-date: /home/meric/f1_ws/install/vesc_ackermann/share/vesc_ackermann/environment/path.sh
[0.402s] -- Up-to-date: /home/meric/f1_ws/install/vesc_ackermann/share/vesc_ackermann/environment/path.dsv
[0.402s] -- Up-to-date: /home/meric/f1_ws/install/vesc_ackermann/share/vesc_ackermann/local_setup.bash
[0.402s] -- Up-to-date: /home/meric/f1_ws/install/vesc_ackermann/share/vesc_ackermann/local_setup.sh
[0.402s] -- Up-to-date: /home/meric/f1_ws/install/vesc_ackermann/share/vesc_ackermann/local_setup.zsh
[0.402s] -- Up-to-date: /home/meric/f1_ws/install/vesc_ackermann/share/vesc_ackermann/local_setup.dsv
[0.402s] -- Installing: /home/meric/f1_ws/install/vesc_ackermann/share/vesc_ackermann/package.dsv
[0.403s] -- Up-to-date: /home/meric/f1_ws/install/vesc_ackermann/share/ament_index/resource_index/packages/vesc_ackermann
[0.403s] -- Up-to-date: /home/meric/f1_ws/install/vesc_ackermann/share/ament_index/resource_index/rclcpp_components/vesc_ackermann
[0.403s] -- Up-to-date: /home/meric/f1_ws/install/vesc_ackermann/share/vesc_ackermann/cmake/ament_cmake_export_dependencies-extras.cmake
[0.403s] -- Up-to-date: /home/meric/f1_ws/install/vesc_ackermann/share/vesc_ackermann/cmake/ament_cmake_export_include_directories-extras.cmake
[0.403s] -- Up-to-date: /home/meric/f1_ws/install/vesc_ackermann/share/vesc_ackermann/cmake/ament_cmake_export_libraries-extras.cmake
[0.404s] -- Up-to-date: /home/meric/f1_ws/install/vesc_ackermann/share/vesc_ackermann/cmake/vesc_ackermannConfig.cmake
[0.404s] -- Up-to-date: /home/meric/f1_ws/install/vesc_ackermann/share/vesc_ackermann/cmake/vesc_ackermannConfig-version.cmake
[0.404s] -- Up-to-date: /home/meric/f1_ws/install/vesc_ackermann/share/vesc_ackermann/package.xml
[0.413s] Invoked command in '/home/meric/f1_ws/build/vesc_ackermann' returned '0': AMENT_PREFIX_PATH=/home/meric/f1_ws/install/vesc_msgs:${AMENT_PREFIX_PATH} CMAKE_PREFIX_PATH=/home/meric/f1_ws/install/vesc_msgs:/opt/ros/humble LD_LIBRARY_PATH=/home/meric/f1_ws/install/vesc_msgs/lib:/opt/ros/humble/opt/rviz_ogre_vendor/lib:/opt/ros/humble/lib/aarch64-linux-gnu:/opt/ros/humble/lib:/usr/local/cuda-12.2/lib64:/home/meric/f1tenth_ws/install/vesc_ackermann/lib PYTHONPATH=/home/meric/f1_ws/install/vesc_msgs/local/lib/python3.10/dist-packages:${PYTHONPATH} /usr/bin/cmake --install /home/meric/f1_ws/build/vesc_ackermann
