[0.026s] Invoking command in '/home/meric/f1_ws/build/teleop_tools': AMENT_PREFIX_PATH=/home/meric/f1_ws/install/joy_teleop:/home/meric/f1_ws/install/teleop_tools_msgs:/home/meric/f1_ws/install/key_teleop:${AMENT_PREFIX_PATH} CMAKE_PREFIX_PATH=/home/meric/f1_ws/install/teleop_tools_msgs:/opt/ros/humble LD_LIBRARY_PATH=/home/meric/f1_ws/install/teleop_tools_msgs/lib:/opt/ros/humble/opt/rviz_ogre_vendor/lib:/opt/ros/humble/lib/aarch64-linux-gnu:/opt/ros/humble/lib:/usr/local/cuda-12.2/lib64:/home/meric/f1tenth_ws/install/vesc_ackermann/lib PYTHONPATH=/home/meric/f1_ws/install/joy_teleop/lib/python3.10/site-packages:/home/meric/f1_ws/install/teleop_tools_msgs/local/lib/python3.10/dist-packages:/home/meric/f1_ws/install/key_teleop/lib/python3.10/site-packages:${PYTHONPATH} /usr/bin/cmake --build /home/meric/f1_ws/build/teleop_tools -- -j6 -l6
[0.673s] Invoked command in '/home/meric/f1_ws/build/teleop_tools' returned '0': AMENT_PREFIX_PATH=/home/meric/f1_ws/install/joy_teleop:/home/meric/f1_ws/install/teleop_tools_msgs:/home/meric/f1_ws/install/key_teleop:${AMENT_PREFIX_PATH} CMAKE_PREFIX_PATH=/home/meric/f1_ws/install/teleop_tools_msgs:/opt/ros/humble LD_LIBRARY_PATH=/home/meric/f1_ws/install/teleop_tools_msgs/lib:/opt/ros/humble/opt/rviz_ogre_vendor/lib:/opt/ros/humble/lib/aarch64-linux-gnu:/opt/ros/humble/lib:/usr/local/cuda-12.2/lib64:/home/meric/f1tenth_ws/install/vesc_ackermann/lib PYTHONPATH=/home/meric/f1_ws/install/joy_teleop/lib/python3.10/site-packages:/home/meric/f1_ws/install/teleop_tools_msgs/local/lib/python3.10/dist-packages:/home/meric/f1_ws/install/key_teleop/lib/python3.10/site-packages:${PYTHONPATH} /usr/bin/cmake --build /home/meric/f1_ws/build/teleop_tools -- -j6 -l6
[0.713s] Invoking command in '/home/meric/f1_ws/build/teleop_tools': AMENT_PREFIX_PATH=/home/meric/f1_ws/install/joy_teleop:/home/meric/f1_ws/install/teleop_tools_msgs:/home/meric/f1_ws/install/key_teleop:${AMENT_PREFIX_PATH} CMAKE_PREFIX_PATH=/home/meric/f1_ws/install/teleop_tools_msgs:/opt/ros/humble LD_LIBRARY_PATH=/home/meric/f1_ws/install/teleop_tools_msgs/lib:/opt/ros/humble/opt/rviz_ogre_vendor/lib:/opt/ros/humble/lib/aarch64-linux-gnu:/opt/ros/humble/lib:/usr/local/cuda-12.2/lib64:/home/meric/f1tenth_ws/install/vesc_ackermann/lib PYTHONPATH=/home/meric/f1_ws/install/joy_teleop/lib/python3.10/site-packages:/home/meric/f1_ws/install/teleop_tools_msgs/local/lib/python3.10/dist-packages:/home/meric/f1_ws/install/key_teleop/lib/python3.10/site-packages:${PYTHONPATH} /usr/bin/cmake --install /home/meric/f1_ws/build/teleop_tools
[0.731s] -- Install configuration: ""
[0.731s] -- Up-to-date: /home/meric/f1_ws/install/teleop_tools/share/ament_index/resource_index/package_run_dependencies/teleop_tools
[0.732s] -- Up-to-date: /home/meric/f1_ws/install/teleop_tools/share/ament_index/resource_index/parent_prefix_path/teleop_tools
[0.732s] -- Up-to-date: /home/meric/f1_ws/install/teleop_tools/share/teleop_tools/environment/ament_prefix_path.sh
[0.732s] -- Up-to-date: /home/meric/f1_ws/install/teleop_tools/share/teleop_tools/environment/ament_prefix_path.dsv
[0.732s] -- Up-to-date: /home/meric/f1_ws/install/teleop_tools/share/teleop_tools/environment/path.sh
[0.732s] -- Up-to-date: /home/meric/f1_ws/install/teleop_tools/share/teleop_tools/environment/path.dsv
[0.732s] -- Up-to-date: /home/meric/f1_ws/install/teleop_tools/share/teleop_tools/local_setup.bash
[0.733s] -- Up-to-date: /home/meric/f1_ws/install/teleop_tools/share/teleop_tools/local_setup.sh
[0.733s] -- Up-to-date: /home/meric/f1_ws/install/teleop_tools/share/teleop_tools/local_setup.zsh
[0.733s] -- Up-to-date: /home/meric/f1_ws/install/teleop_tools/share/teleop_tools/local_setup.dsv
[0.733s] -- Installing: /home/meric/f1_ws/install/teleop_tools/share/teleop_tools/package.dsv
[0.733s] -- Up-to-date: /home/meric/f1_ws/install/teleop_tools/share/ament_index/resource_index/packages/teleop_tools
[0.733s] -- Up-to-date: /home/meric/f1_ws/install/teleop_tools/share/teleop_tools/cmake/teleop_toolsConfig.cmake
[0.733s] -- Up-to-date: /home/meric/f1_ws/install/teleop_tools/share/teleop_tools/cmake/teleop_toolsConfig-version.cmake
[0.734s] -- Up-to-date: /home/meric/f1_ws/install/teleop_tools/share/teleop_tools/package.xml
[0.740s] Invoked command in '/home/meric/f1_ws/build/teleop_tools' returned '0': AMENT_PREFIX_PATH=/home/meric/f1_ws/install/joy_teleop:/home/meric/f1_ws/install/teleop_tools_msgs:/home/meric/f1_ws/install/key_teleop:${AMENT_PREFIX_PATH} CMAKE_PREFIX_PATH=/home/meric/f1_ws/install/teleop_tools_msgs:/opt/ros/humble LD_LIBRARY_PATH=/home/meric/f1_ws/install/teleop_tools_msgs/lib:/opt/ros/humble/opt/rviz_ogre_vendor/lib:/opt/ros/humble/lib/aarch64-linux-gnu:/opt/ros/humble/lib:/usr/local/cuda-12.2/lib64:/home/meric/f1tenth_ws/install/vesc_ackermann/lib PYTHONPATH=/home/meric/f1_ws/install/joy_teleop/lib/python3.10/site-packages:/home/meric/f1_ws/install/teleop_tools_msgs/local/lib/python3.10/dist-packages:/home/meric/f1_ws/install/key_teleop/lib/python3.10/site-packages:${PYTHONPATH} /usr/bin/cmake --install /home/meric/f1_ws/build/teleop_tools
