[0.062s] Invoking command in '/home/meric/f1_ws/build/ackermann_mux': CMAKE_PREFIX_PATH=${CMAKE_PREFIX_PATH}:/home/meric/f1_ws/install/f1tenth_stack:/home/meric/f1_ws/install/joy_teleop:/home/meric/f1_ws/install/mouse_teleop:/home/meric/f1_ws/install/key_teleop:/opt/ros/humble /usr/bin/cmake --build /home/meric/f1_ws/build/ackermann_mux -- -j6 -l6
[0.746s] [100%] Built target ackermann_mux
[1.375s] Invoked command in '/home/meric/f1_ws/build/ackermann_mux' returned '0': CMAKE_PREFIX_PATH=${CMAKE_PREFIX_PATH}:/home/meric/f1_ws/install/f1tenth_stack:/home/meric/f1_ws/install/joy_teleop:/home/meric/f1_ws/install/mouse_teleop:/home/meric/f1_ws/install/key_teleop:/opt/ros/humble /usr/bin/cmake --build /home/meric/f1_ws/build/ackermann_mux -- -j6 -l6
[1.474s] Invoking command in '/home/meric/f1_ws/build/ackermann_mux': CMAKE_PREFIX_PATH=${CMAKE_PREFIX_PATH}:/home/meric/f1_ws/install/f1tenth_stack:/home/meric/f1_ws/install/joy_teleop:/home/meric/f1_ws/install/mouse_teleop:/home/meric/f1_ws/install/key_teleop:/opt/ros/humble /usr/bin/cmake --install /home/meric/f1_ws/build/ackermann_mux
[1.491s] -- Install configuration: ""
[1.492s] -- Up-to-date: /home/meric/f1_ws/install/ackermann_mux/lib/ackermann_mux/ackermann_mux
[1.492s] -- Up-to-date: /home/meric/f1_ws/install/ackermann_mux/share/ackermann_mux/launch
[1.493s] -- Up-to-date: /home/meric/f1_ws/install/ackermann_mux/share/ackermann_mux/launch/ackermann_mux_launch.py
[1.493s] -- Up-to-date: /home/meric/f1_ws/install/ackermann_mux/share/ackermann_mux/config
[1.493s] -- Up-to-date: /home/meric/f1_ws/install/ackermann_mux/share/ackermann_mux/config/ackermann_mux_locks.yaml
[1.493s] -- Up-to-date: /home/meric/f1_ws/install/ackermann_mux/share/ackermann_mux/config/joystick.yaml
[1.493s] -- Up-to-date: /home/meric/f1_ws/install/ackermann_mux/share/ackermann_mux/config/ackermann_mux_topics.yaml
[1.494s] -- Up-to-date: /home/meric/f1_ws/install/ackermann_mux/include
[1.494s] -- Up-to-date: /home/meric/f1_ws/install/ackermann_mux/include/ackermann_mux
[1.494s] -- Up-to-date: /home/meric/f1_ws/install/ackermann_mux/include/ackermann_mux/topic_handle.hpp
[1.494s] -- Up-to-date: /home/meric/f1_ws/install/ackermann_mux/include/ackermann_mux/params_helpers.hpp
[1.495s] -- Up-to-date: /home/meric/f1_ws/install/ackermann_mux/include/ackermann_mux/utils.hpp
[1.495s] -- Up-to-date: /home/meric/f1_ws/install/ackermann_mux/include/ackermann_mux/ackermann_mux.hpp
[1.495s] -- Up-to-date: /home/meric/f1_ws/install/ackermann_mux/include/ackermann_mux/ackermann_mux_diagnostics.hpp
[1.495s] -- Up-to-date: /home/meric/f1_ws/install/ackermann_mux/include/ackermann_mux/ackermann_mux_diagnostics_status.hpp
[1.495s] -- Up-to-date: /home/meric/f1_ws/install/ackermann_mux/share/ament_index/resource_index/package_run_dependencies/ackermann_mux
[1.495s] -- Up-to-date: /home/meric/f1_ws/install/ackermann_mux/share/ament_index/resource_index/parent_prefix_path/ackermann_mux
[1.496s] -- Up-to-date: /home/meric/f1_ws/install/ackermann_mux/share/ackermann_mux/environment/ament_prefix_path.sh
[1.496s] -- Up-to-date: /home/meric/f1_ws/install/ackermann_mux/share/ackermann_mux/environment/ament_prefix_path.dsv
[1.496s] -- Up-to-date: /home/meric/f1_ws/install/ackermann_mux/share/ackermann_mux/environment/path.sh
[1.496s] -- Up-to-date: /home/meric/f1_ws/install/ackermann_mux/share/ackermann_mux/environment/path.dsv
[1.496s] -- Up-to-date: /home/meric/f1_ws/install/ackermann_mux/share/ackermann_mux/local_setup.bash
[1.496s] -- Up-to-date: /home/meric/f1_ws/install/ackermann_mux/share/ackermann_mux/local_setup.sh
[1.496s] -- Up-to-date: /home/meric/f1_ws/install/ackermann_mux/share/ackermann_mux/local_setup.zsh
[1.496s] -- Up-to-date: /home/meric/f1_ws/install/ackermann_mux/share/ackermann_mux/local_setup.dsv
[1.497s] -- Installing: /home/meric/f1_ws/install/ackermann_mux/share/ackermann_mux/package.dsv
[1.497s] -- Up-to-date: /home/meric/f1_ws/install/ackermann_mux/share/ament_index/resource_index/packages/ackermann_mux
[1.511s] -- Up-to-date: /home/meric/f1_ws/install/ackermann_mux/share/ackermann_mux/cmake/ament_cmake_export_include_directories-extras.cmake
[1.511s] -- Up-to-date: /home/meric/f1_ws/install/ackermann_mux/share/ackermann_mux/cmake/ament_cmake_export_dependencies-extras.cmake
[1.511s] -- Up-to-date: /home/meric/f1_ws/install/ackermann_mux/share/ackermann_mux/cmake/ackermann_muxConfig.cmake
[1.511s] -- Up-to-date: /home/meric/f1_ws/install/ackermann_mux/share/ackermann_mux/cmake/ackermann_muxConfig-version.cmake
[1.511s] -- Up-to-date: /home/meric/f1_ws/install/ackermann_mux/share/ackermann_mux/package.xml
[1.512s] Invoked command in '/home/meric/f1_ws/build/ackermann_mux' returned '0': CMAKE_PREFIX_PATH=${CMAKE_PREFIX_PATH}:/home/meric/f1_ws/install/f1tenth_stack:/home/meric/f1_ws/install/joy_teleop:/home/meric/f1_ws/install/mouse_teleop:/home/meric/f1_ws/install/key_teleop:/opt/ros/humble /usr/bin/cmake --install /home/meric/f1_ws/build/ackermann_mux
