[3.190s] Invoking command in '/home/meric/f1_ws/src/f1tenth_system/teleop_tools/mouse_teleop': PYTHONPATH=/home/meric/f1_ws/build/mouse_teleop/prefix_override:/home/meric/.local/lib/python3.10/site-packages/colcon_core/task/python/colcon_distutils_commands:/home/meric/f1_ws/install/mouse_teleop/lib/python3.10/site-packages:${PYTHONPATH} /usr/bin/python3 -W ignore:setup.py install is deprecated setup.py egg_info --egg-base ../../../../build/mouse_teleop build --build-base /home/meric/f1_ws/build/mouse_teleop/build install --record /home/meric/f1_ws/build/mouse_teleop/install.log --single-version-externally-managed install_data
[3.841s] running egg_info
[3.843s] writing ../../../../build/mouse_teleop/mouse_teleop.egg-info/PKG-INFO
[3.843s] writing dependency_links to ../../../../build/mouse_teleop/mouse_teleop.egg-info/dependency_links.txt
[3.843s] writing entry points to ../../../../build/mouse_teleop/mouse_teleop.egg-info/entry_points.txt
[3.844s] writing requirements to ../../../../build/mouse_teleop/mouse_teleop.egg-info/requires.txt
[3.844s] writing top-level names to ../../../../build/mouse_teleop/mouse_teleop.egg-info/top_level.txt
[3.849s] reading manifest file '../../../../build/mouse_teleop/mouse_teleop.egg-info/SOURCES.txt'
[3.849s] adding license file 'LICENSE'
[3.851s] writing manifest file '../../../../build/mouse_teleop/mouse_teleop.egg-info/SOURCES.txt'
[3.851s] running build
[3.851s] running build_py
[3.851s] running install
[3.852s] running install_lib
[3.855s] running install_data
[3.856s] running install_egg_info
[3.861s] removing '/home/meric/f1_ws/install/mouse_teleop/lib/python3.10/site-packages/mouse_teleop-0.3.0-py3.10.egg-info' (and everything under it)
[3.861s] Copying ../../../../build/mouse_teleop/mouse_teleop.egg-info to /home/meric/f1_ws/install/mouse_teleop/lib/python3.10/site-packages/mouse_teleop-0.3.0-py3.10.egg-info
[3.864s] running install_scripts
[3.925s] Installing mouse_teleop script to /home/meric/f1_ws/install/mouse_teleop/lib/mouse_teleop
[3.926s] writing list of installed files to '/home/meric/f1_ws/build/mouse_teleop/install.log'
[4.039s] Invoked command in '/home/meric/f1_ws/src/f1tenth_system/teleop_tools/mouse_teleop' returned '0': PYTHONPATH=/home/meric/f1_ws/build/mouse_teleop/prefix_override:/home/meric/.local/lib/python3.10/site-packages/colcon_core/task/python/colcon_distutils_commands:/home/meric/f1_ws/install/mouse_teleop/lib/python3.10/site-packages:${PYTHONPATH} /usr/bin/python3 -W ignore:setup.py install is deprecated setup.py egg_info --egg-base ../../../../build/mouse_teleop build --build-base /home/meric/f1_ws/build/mouse_teleop/build install --record /home/meric/f1_ws/build/mouse_teleop/install.log --single-version-externally-managed install_data
