[2.412s] Invoking command in '/home/meric/f1_ws/src/avoid': PYTHONPATH=/home/meric/f1_ws/build/avoid/prefix_override:/home/meric/.local/lib/python3.10/site-packages/colcon_core/task/python/colcon_distutils_commands:/home/meric/f1_ws/install/avoid/lib/python3.10/site-packages:${PYTHONPATH} /usr/bin/python3 -W ignore:setup.py install is deprecated setup.py egg_info --egg-base ../../build/avoid build --build-base /home/meric/f1_ws/build/avoid/build install --record /home/meric/f1_ws/build/avoid/install.log --single-version-externally-managed
[3.135s] running egg_info
[3.137s] writing ../../build/avoid/avoid.egg-info/PKG-INFO
[3.137s] writing dependency_links to ../../build/avoid/avoid.egg-info/dependency_links.txt
[3.137s] writing entry points to ../../build/avoid/avoid.egg-info/entry_points.txt
[3.138s] writing requirements to ../../build/avoid/avoid.egg-info/requires.txt
[3.138s] writing top-level names to ../../build/avoid/avoid.egg-info/top_level.txt
[3.142s] reading manifest file '../../build/avoid/avoid.egg-info/SOURCES.txt'
[3.144s] writing manifest file '../../build/avoid/avoid.egg-info/SOURCES.txt'
[3.145s] running build
[3.145s] running build_py
[3.145s] running install
[3.145s] running install_lib
[3.148s] running install_egg_info
[3.153s] removing '/home/meric/f1_ws/install/avoid/lib/python3.10/site-packages/avoid-0.0.0-py3.10.egg-info' (and everything under it)
[3.153s] Copying ../../build/avoid/avoid.egg-info to /home/meric/f1_ws/install/avoid/lib/python3.10/site-packages/avoid-0.0.0-py3.10.egg-info
[3.156s] running install_scripts
[3.203s] Installing simple_controller script to /home/meric/f1_ws/install/avoid/lib/avoid
[3.205s] writing list of installed files to '/home/meric/f1_ws/build/avoid/install.log'
[3.349s] Invoked command in '/home/meric/f1_ws/src/avoid' returned '0': PYTHONPATH=/home/meric/f1_ws/build/avoid/prefix_override:/home/meric/.local/lib/python3.10/site-packages/colcon_core/task/python/colcon_distutils_commands:/home/meric/f1_ws/install/avoid/lib/python3.10/site-packages:${PYTHONPATH} /usr/bin/python3 -W ignore:setup.py install is deprecated setup.py egg_info --egg-base ../../build/avoid build --build-base /home/meric/f1_ws/build/avoid/build install --record /home/meric/f1_ws/build/avoid/install.log --single-version-externally-managed
