[1.727s] Invoking command in '/home/meric/f1_ws/src/stanley_avoidance': PYTHONPATH=/home/meric/f1_ws/build/stanley_avoidance/prefix_override:/home/meric/.local/lib/python3.10/site-packages/colcon_core/task/python/colcon_distutils_commands:/home/meric/f1_ws/install/stanley_avoidance/lib/python3.10/site-packages:${PYTHONPATH} /usr/bin/python3 -W ignore:setup.py install is deprecated setup.py egg_info --egg-base ../../build/stanley_avoidance build --build-base /home/meric/f1_ws/build/stanley_avoidance/build install --record /home/meric/f1_ws/build/stanley_avoidance/install.log --single-version-externally-managed install_data
[2.299s] running egg_info
[2.300s] writing ../../build/stanley_avoidance/stanley_avoidance.egg-info/PKG-INFO
[2.301s] writing dependency_links to ../../build/stanley_avoidance/stanley_avoidance.egg-info/dependency_links.txt
[2.301s] writing entry points to ../../build/stanley_avoidance/stanley_avoidance.egg-info/entry_points.txt
[2.301s] writing requirements to ../../build/stanley_avoidance/stanley_avoidance.egg-info/requires.txt
[2.302s] writing top-level names to ../../build/stanley_avoidance/stanley_avoidance.egg-info/top_level.txt
[2.306s] reading manifest file '../../build/stanley_avoidance/stanley_avoidance.egg-info/SOURCES.txt'
[2.307s] adding license file 'LICENSE'
[2.308s] writing manifest file '../../build/stanley_avoidance/stanley_avoidance.egg-info/SOURCES.txt'
[2.308s] running build
[2.308s] running build_py
[2.309s] running install
[2.309s] running install_lib
[2.312s] running install_data
[2.312s] running install_egg_info
[2.316s] removing '/home/meric/f1_ws/install/stanley_avoidance/lib/python3.10/site-packages/stanley_avoidance-0.0.0-py3.10.egg-info' (and everything under it)
[2.317s] Copying ../../build/stanley_avoidance/stanley_avoidance.egg-info to /home/meric/f1_ws/install/stanley_avoidance/lib/python3.10/site-packages/stanley_avoidance-0.0.0-py3.10.egg-info
[2.319s] running install_scripts
[2.361s] Installing stanley_avoidance script to /home/meric/f1_ws/install/stanley_avoidance/lib/stanley_avoidance
[2.362s] writing list of installed files to '/home/meric/f1_ws/build/stanley_avoidance/install.log'
[2.443s] Invoked command in '/home/meric/f1_ws/src/stanley_avoidance' returned '0': PYTHONPATH=/home/meric/f1_ws/build/stanley_avoidance/prefix_override:/home/meric/.local/lib/python3.10/site-packages/colcon_core/task/python/colcon_distutils_commands:/home/meric/f1_ws/install/stanley_avoidance/lib/python3.10/site-packages:${PYTHONPATH} /usr/bin/python3 -W ignore:setup.py install is deprecated setup.py egg_info --egg-base ../../build/stanley_avoidance build --build-base /home/meric/f1_ws/build/stanley_avoidance/build install --record /home/meric/f1_ws/build/stanley_avoidance/install.log --single-version-externally-managed install_data
