[0.056s] Invoking command in '/home/meric/f1_ws/build/ackermann_mux': CMAKE_PREFIX_PATH=/opt/ros/humble /usr/bin/cmake --build /home/meric/f1_ws/build/ackermann_mux -- -j6 -l6
[1.851s] [100%] Built target ackermann_mux
[1.851s] Invoked command in '/home/meric/f1_ws/build/ackermann_mux' returned '0': CMAKE_PREFIX_PATH=/opt/ros/humble /usr/bin/cmake --build /home/meric/f1_ws/build/ackermann_mux -- -j6 -l6
[1.938s] Invoking command in '/home/meric/f1_ws/build/ackermann_mux': CMAKE_PREFIX_PATH=/opt/ros/humble /usr/bin/cmake --install /home/meric/f1_ws/build/ackermann_mux
[1.958s] -- Install configuration: ""
[1.958s] -- Execute custom install script
[1.959s] -- Up-to-date symlink: /home/meric/f1_ws/install/ackermann_mux/lib/ackermann_mux/ackermann_mux
[1.959s] -- Up-to-date symlink: /home/meric/f1_ws/install/ackermann_mux/share/ackermann_mux/launch/ackermann_mux_launch.py
[1.959s] -- Up-to-date symlink: /home/meric/f1_ws/install/ackermann_mux/share/ackermann_mux/config/ackermann_mux_locks.yaml
[1.959s] -- Up-to-date symlink: /home/meric/f1_ws/install/ackermann_mux/share/ackermann_mux/config/ackermann_mux_topics.yaml
[1.960s] -- Up-to-date symlink: /home/meric/f1_ws/install/ackermann_mux/share/ackermann_mux/config/joystick.yaml
[1.960s] -- Up-to-date symlink: /home/meric/f1_ws/install/ackermann_mux/include/ackermann_mux/ackermann_mux.hpp
[1.960s] -- Up-to-date symlink: /home/meric/f1_ws/install/ackermann_mux/include/ackermann_mux/ackermann_mux_diagnostics.hpp
[1.961s] -- Up-to-date symlink: /home/meric/f1_ws/install/ackermann_mux/include/ackermann_mux/ackermann_mux_diagnostics_status.hpp
[1.961s] -- Up-to-date symlink: /home/meric/f1_ws/install/ackermann_mux/include/ackermann_mux/params_helpers.hpp
[1.961s] -- Up-to-date symlink: /home/meric/f1_ws/install/ackermann_mux/include/ackermann_mux/topic_handle.hpp
[1.961s] -- Up-to-date symlink: /home/meric/f1_ws/install/ackermann_mux/include/ackermann_mux/utils.hpp
[1.961s] -- Up-to-date symlink: /home/meric/f1_ws/install/ackermann_mux/share/ament_index/resource_index/package_run_dependencies/ackermann_mux
[1.962s] -- Up-to-date symlink: /home/meric/f1_ws/install/ackermann_mux/share/ament_index/resource_index/parent_prefix_path/ackermann_mux
[1.962s] -- Up-to-date symlink: /home/meric/f1_ws/install/ackermann_mux/share/ackermann_mux/environment/ament_prefix_path.sh
[1.963s] -- Up-to-date symlink: /home/meric/f1_ws/install/ackermann_mux/share/ackermann_mux/environment/ament_prefix_path.dsv
[1.963s] -- Up-to-date symlink: /home/meric/f1_ws/install/ackermann_mux/share/ackermann_mux/environment/path.sh
[1.963s] -- Up-to-date symlink: /home/meric/f1_ws/install/ackermann_mux/share/ackermann_mux/environment/path.dsv
[1.964s] -- Up-to-date symlink: /home/meric/f1_ws/install/ackermann_mux/share/ackermann_mux/local_setup.bash
[1.964s] -- Up-to-date symlink: /home/meric/f1_ws/install/ackermann_mux/share/ackermann_mux/local_setup.sh
[1.964s] -- Up-to-date symlink: /home/meric/f1_ws/install/ackermann_mux/share/ackermann_mux/local_setup.zsh
[1.965s] -- Up-to-date symlink: /home/meric/f1_ws/install/ackermann_mux/share/ackermann_mux/local_setup.dsv
[1.965s] -- Symlinking: /home/meric/f1_ws/install/ackermann_mux/share/ackermann_mux/package.dsv
[1.983s] -- Up-to-date symlink: /home/meric/f1_ws/install/ackermann_mux/share/ament_index/resource_index/packages/ackermann_mux
[1.983s] -- Up-to-date symlink: /home/meric/f1_ws/install/ackermann_mux/share/ackermann_mux/cmake/ament_cmake_export_include_directories-extras.cmake
[1.984s] -- Up-to-date symlink: /home/meric/f1_ws/install/ackermann_mux/share/ackermann_mux/cmake/ament_cmake_export_dependencies-extras.cmake
[1.984s] -- Up-to-date symlink: /home/meric/f1_ws/install/ackermann_mux/share/ackermann_mux/cmake/ackermann_muxConfig.cmake
[1.984s] -- Up-to-date symlink: /home/meric/f1_ws/install/ackermann_mux/share/ackermann_mux/cmake/ackermann_muxConfig-version.cmake
[1.985s] -- Up-to-date symlink: /home/meric/f1_ws/install/ackermann_mux/share/ackermann_mux/package.xml
[1.990s] Invoked command in '/home/meric/f1_ws/build/ackermann_mux' returned '0': CMAKE_PREFIX_PATH=/opt/ros/humble /usr/bin/cmake --install /home/meric/f1_ws/build/ackermann_mux
