[1.709s] Invoking command in '/home/meric/f1_ws/src/f1tenth_system/teleop_tools/joy_teleop': CMAKE_PREFIX_PATH=/home/meric/f1_ws/install/teleop_tools_msgs:${CMAKE_PREFIX_PATH} LD_LIBRARY_PATH=/home/meric/f1_ws/install/teleop_tools_msgs/lib:/home/meric/f1_ws/install/vesc_driver/lib:/home/meric/f1_ws/install/vesc_ackermann/lib:/home/meric/f1_ws/install/vesc_msgs/lib:/home/meric/f1_ws/install/keyboard_msgs/lib:/opt/ros/humble/opt/rviz_ogre_vendor/lib:/opt/ros/humble/lib/aarch64-linux-gnu:/opt/ros/humble/lib:/usr/local/cuda-12.2/lib64:/home/meric/f1tenth_ws/install/vesc_ackermann/lib PYTHONPATH=/home/meric/f1_ws/build/joy_teleop/prefix_override:/home/meric/.local/lib/python3.10/site-packages/colcon_core/task/python/colcon_distutils_commands:/home/meric/f1_ws/install/joy_teleop/lib/python3.10/site-packages:${PYTHONPATH} /usr/bin/python3 -W ignore:setup.py install is deprecated setup.py egg_info --egg-base ../../../../build/joy_teleop build --build-base /home/meric/f1_ws/build/joy_teleop/build install --record /home/meric/f1_ws/build/joy_teleop/install.log --single-version-externally-managed install_data
[2.267s] running egg_info
[2.268s] writing ../../../../build/joy_teleop/joy_teleop.egg-info/PKG-INFO
[2.276s] writing dependency_links to ../../../../build/joy_teleop/joy_teleop.egg-info/dependency_links.txt
[2.277s] writing entry points to ../../../../build/joy_teleop/joy_teleop.egg-info/entry_points.txt
[2.277s] writing requirements to ../../../../build/joy_teleop/joy_teleop.egg-info/requires.txt
[2.278s] writing top-level names to ../../../../build/joy_teleop/joy_teleop.egg-info/top_level.txt
[2.281s] reading manifest file '../../../../build/joy_teleop/joy_teleop.egg-info/SOURCES.txt'
[2.283s] writing manifest file '../../../../build/joy_teleop/joy_teleop.egg-info/SOURCES.txt'
[2.284s] running build
[2.284s] running build_py
[2.285s] running install
[2.285s] running install_lib
[2.288s] running install_data
[2.289s] running install_egg_info
[2.293s] removing '/home/meric/f1_ws/install/joy_teleop/lib/python3.10/site-packages/joy_teleop-0.3.0-py3.10.egg-info' (and everything under it)
[2.293s] Copying ../../../../build/joy_teleop/joy_teleop.egg-info to /home/meric/f1_ws/install/joy_teleop/lib/python3.10/site-packages/joy_teleop-0.3.0-py3.10.egg-info
[2.295s] running install_scripts
[2.337s] Installing incrementer_server script to /home/meric/f1_ws/install/joy_teleop/lib/joy_teleop
[2.338s] Installing joy_teleop script to /home/meric/f1_ws/install/joy_teleop/lib/joy_teleop
[2.338s] writing list of installed files to '/home/meric/f1_ws/build/joy_teleop/install.log'
[2.410s] Invoked command in '/home/meric/f1_ws/src/f1tenth_system/teleop_tools/joy_teleop' returned '0': CMAKE_PREFIX_PATH=/home/meric/f1_ws/install/teleop_tools_msgs:${CMAKE_PREFIX_PATH} LD_LIBRARY_PATH=/home/meric/f1_ws/install/teleop_tools_msgs/lib:/home/meric/f1_ws/install/vesc_driver/lib:/home/meric/f1_ws/install/vesc_ackermann/lib:/home/meric/f1_ws/install/vesc_msgs/lib:/home/meric/f1_ws/install/keyboard_msgs/lib:/opt/ros/humble/opt/rviz_ogre_vendor/lib:/opt/ros/humble/lib/aarch64-linux-gnu:/opt/ros/humble/lib:/usr/local/cuda-12.2/lib64:/home/meric/f1tenth_ws/install/vesc_ackermann/lib PYTHONPATH=/home/meric/f1_ws/build/joy_teleop/prefix_override:/home/meric/.local/lib/python3.10/site-packages/colcon_core/task/python/colcon_distutils_commands:/home/meric/f1_ws/install/joy_teleop/lib/python3.10/site-packages:${PYTHONPATH} /usr/bin/python3 -W ignore:setup.py install is deprecated setup.py egg_info --egg-base ../../../../build/joy_teleop build --build-base /home/meric/f1_ws/build/joy_teleop/build install --record /home/meric/f1_ws/build/joy_teleop/install.log --single-version-externally-managed install_data
