[0.067s] Invoking command in '/home/meric/f1_ws/build/teleop_tools_msgs': CMAKE_PREFIX_PATH=${CMAKE_PREFIX_PATH}:/home/meric/f1_ws/install/f1tenth_stack:/home/meric/f1_ws/install/joy_teleop:/home/meric/f1_ws/install/mouse_teleop:/home/meric/f1_ws/install/key_teleop:/opt/ros/humble /usr/bin/cmake --build /home/meric/f1_ws/build/teleop_tools_msgs -- -j6 -l6
[0.814s] [  3%] Built target teleop_tools_msgs__cpp
[0.815s] [ 12%] Built target teleop_tools_msgs__rosidl_generator_c
[0.815s] [ 12%] Built target ament_cmake_python_copy_teleop_tools_msgs
[0.815s] [ 22%] Built target teleop_tools_msgs__rosidl_typesupport_introspection_cpp
[0.815s] [ 32%] Built target teleop_tools_msgs__rosidl_typesupport_cpp
[0.815s] [ 48%] Built target teleop_tools_msgs__rosidl_typesupport_fastrtps_cpp
[0.815s] [ 51%] Built target teleop_tools_msgs__rosidl_typesupport_fastrtps_c
[0.815s] [ 61%] Built target teleop_tools_msgs__rosidl_typesupport_introspection_c
[0.815s] [ 70%] Built target teleop_tools_msgs__rosidl_typesupport_c
[0.816s] [ 70%] Built target teleop_tools_msgs
[0.816s] [ 74%] Built target teleop_tools_msgs__py
[0.816s] [ 80%] Built target teleop_tools_msgs__rosidl_generator_py
[0.817s] [ 87%] Built target teleop_tools_msgs__rosidl_typesupport_fastrtps_c__pyext
[0.818s] [ 93%] Built target teleop_tools_msgs__rosidl_typesupport_introspection_c__pyext
[0.818s] [100%] Built target teleop_tools_msgs__rosidl_typesupport_c__pyext
[1.006s] running egg_info
[1.007s] writing teleop_tools_msgs.egg-info/PKG-INFO
[1.008s] writing dependency_links to teleop_tools_msgs.egg-info/dependency_links.txt
[1.008s] writing top-level names to teleop_tools_msgs.egg-info/top_level.txt
[1.014s] reading manifest file 'teleop_tools_msgs.egg-info/SOURCES.txt'
[1.015s] writing manifest file 'teleop_tools_msgs.egg-info/SOURCES.txt'
[1.089s] [100%] Built target ament_cmake_python_build_teleop_tools_msgs_egg
[1.486s] Invoked command in '/home/meric/f1_ws/build/teleop_tools_msgs' returned '0': CMAKE_PREFIX_PATH=${CMAKE_PREFIX_PATH}:/home/meric/f1_ws/install/f1tenth_stack:/home/meric/f1_ws/install/joy_teleop:/home/meric/f1_ws/install/mouse_teleop:/home/meric/f1_ws/install/key_teleop:/opt/ros/humble /usr/bin/cmake --build /home/meric/f1_ws/build/teleop_tools_msgs -- -j6 -l6
[1.670s] Invoking command in '/home/meric/f1_ws/build/teleop_tools_msgs': CMAKE_PREFIX_PATH=${CMAKE_PREFIX_PATH}:/home/meric/f1_ws/install/f1tenth_stack:/home/meric/f1_ws/install/joy_teleop:/home/meric/f1_ws/install/mouse_teleop:/home/meric/f1_ws/install/key_teleop:/opt/ros/humble /usr/bin/cmake --install /home/meric/f1_ws/build/teleop_tools_msgs
