[0.056s] Invoking command in '/home/meric/f1_ws/src/build/teleop_tools_msgs': CMAKE_PREFIX_PATH=/opt/ros/humble /usr/bin/cmake --build /home/meric/f1_ws/src/build/teleop_tools_msgs -- -j6 -l6
[1.323s] [35m[1mConsolidate compiler generated dependencies of target teleop_tools_msgs__rosidl_generator_c[0m
[1.323s] [  3%] Built target teleop_tools_msgs__cpp
[1.324s] [ 12%] Built target teleop_tools_msgs__rosidl_generator_c
[1.324s] [ 12%] Built target ament_cmake_python_copy_teleop_tools_msgs
[1.324s] [35m[1mConsolidate compiler generated dependencies of target teleop_tools_msgs__rosidl_typesupport_introspection_cpp[0m
[1.324s] [35m[1mConsolidate compiler generated dependencies of target teleop_tools_msgs__rosidl_typesupport_cpp[0m
[1.324s] [35m[1mConsolidate compiler generated dependencies of target teleop_tools_msgs__rosidl_typesupport_fastrtps_cpp[0m
[1.324s] [35m[1mConsolidate compiler generated dependencies of target teleop_tools_msgs__rosidl_typesupport_c[0m
[1.325s] [35m[1mConsolidate compiler generated dependencies of target teleop_tools_msgs__rosidl_typesupport_fastrtps_c[0m
[1.325s] [35m[1mConsolidate compiler generated dependencies of target teleop_tools_msgs__rosidl_typesupport_introspection_c[0m
[1.325s] [ 22%] Built target teleop_tools_msgs__rosidl_typesupport_introspection_cpp
[1.325s] [ 32%] Built target teleop_tools_msgs__rosidl_typesupport_cpp
[1.325s] [ 41%] Built target teleop_tools_msgs__rosidl_typesupport_fastrtps_cpp
[1.325s] [ 51%] Built target teleop_tools_msgs__rosidl_typesupport_c
[1.325s] [ 61%] Built target teleop_tools_msgs__rosidl_typesupport_fastrtps_c
[1.326s] [ 70%] Built target teleop_tools_msgs__rosidl_typesupport_introspection_c
[1.326s] [ 70%] Built target teleop_tools_msgs
[1.326s] [ 74%] Built target teleop_tools_msgs__py
[1.329s] [35m[1mConsolidate compiler generated dependencies of target teleop_tools_msgs__rosidl_generator_py[0m
[1.329s] [ 80%] Built target teleop_tools_msgs__rosidl_generator_py
[1.329s] [35m[1mConsolidate compiler generated dependencies of target teleop_tools_msgs__rosidl_typesupport_fastrtps_c__pyext[0m
[1.329s] [35m[1mConsolidate compiler generated dependencies of target teleop_tools_msgs__rosidl_typesupport_c__pyext[0m
[1.329s] [35m[1mConsolidate compiler generated dependencies of target teleop_tools_msgs__rosidl_typesupport_introspection_c__pyext[0m
[1.329s] [ 87%] Built target teleop_tools_msgs__rosidl_typesupport_fastrtps_c__pyext
[1.329s] [ 93%] Built target teleop_tools_msgs__rosidl_typesupport_c__pyext
[1.330s] [100%] Built target teleop_tools_msgs__rosidl_typesupport_introspection_c__pyext
[1.330s] running egg_info
[1.330s] writing teleop_tools_msgs.egg-info/PKG-INFO
[1.330s] writing dependency_links to teleop_tools_msgs.egg-info/dependency_links.txt
[1.330s] writing top-level names to teleop_tools_msgs.egg-info/top_level.txt
[1.330s] reading manifest file 'teleop_tools_msgs.egg-info/SOURCES.txt'
[1.330s] writing manifest file 'teleop_tools_msgs.egg-info/SOURCES.txt'
[1.330s] [100%] Built target ament_cmake_python_build_teleop_tools_msgs_egg
[1.335s] Invoked command in '/home/meric/f1_ws/src/build/teleop_tools_msgs' returned '0': CMAKE_PREFIX_PATH=/opt/ros/humble /usr/bin/cmake --build /home/meric/f1_ws/src/build/teleop_tools_msgs -- -j6 -l6
[1.463s] Invoking command in '/home/meric/f1_ws/src/build/teleop_tools_msgs': CMAKE_PREFIX_PATH=/opt/ros/humble /usr/bin/cmake --install /home/meric/f1_ws/src/build/teleop_tools_msgs
[1.496s] -- Install configuration: ""
[1.496s] -- Installing: /home/meric/f1_ws/src/install/teleop_tools_msgs/share/ament_index/resource_index/rosidl_interfaces/teleop_tools_msgs
[1.496s] -- Installing: /home/meric/f1_ws/src/install/teleop_tools_msgs/include/teleop_tools_msgs/teleop_tools_msgs
[1.496s] -- Installing: /home/meric/f1_ws/src/install/teleop_tools_msgs/include/teleop_tools_msgs/teleop_tools_msgs/msg
[1.497s] -- Installing: /home/meric/f1_ws/src/install/teleop_tools_msgs/include/teleop_tools_msgs/teleop_tools_msgs/msg/rosidl_generator_c__visibility_control.h
[1.497s] -- Installing: /home/meric/f1_ws/src/install/teleop_tools_msgs/include/teleop_tools_msgs/teleop_tools_msgs/action
[1.497s] -- Installing: /home/meric/f1_ws/src/install/teleop_tools_msgs/include/teleop_tools_msgs/teleop_tools_msgs/action/detail
[1.497s] -- Installing: /home/meric/f1_ws/src/install/teleop_tools_msgs/include/teleop_tools_msgs/teleop_tools_msgs/action/detail/increment__functions.c
[1.498s] -- Installing: /home/meric/f1_ws/src/install/teleop_tools_msgs/include/teleop_tools_msgs/teleop_tools_msgs/action/detail/increment__type_support.h
[1.498s] -- Installing: /home/meric/f1_ws/src/install/teleop_tools_msgs/include/teleop_tools_msgs/teleop_tools_msgs/action/detail/increment__struct.h
[1.499s] -- Installing: /home/meric/f1_ws/src/install/teleop_tools_msgs/include/teleop_tools_msgs/teleop_tools_msgs/action/detail/increment__functions.h
[1.501s] -- Installing: /home/meric/f1_ws/src/install/teleop_tools_msgs/include/teleop_tools_msgs/teleop_tools_msgs/action/increment.h
[1.501s] -- Installing: /home/meric/f1_ws/src/install/teleop_tools_msgs/share/teleop_tools_msgs/environment/library_path.sh
[1.501s] -- Installing: /home/meric/f1_ws/src/install/teleop_tools_msgs/share/teleop_tools_msgs/environment/library_path.dsv
[1.502s] -- Installing: /home/meric/f1_ws/src/install/teleop_tools_msgs/lib/libteleop_tools_msgs__rosidl_generator_c.so
[1.503s] -- Set runtime path of "/home/meric/f1_ws/src/install/teleop_tools_msgs/lib/libteleop_tools_msgs__rosidl_generator_c.so" to ""
[1.503s] -- Up-to-date: /home/meric/f1_ws/src/install/teleop_tools_msgs/include/teleop_tools_msgs/teleop_tools_msgs
[1.503s] -- Up-to-date: /home/meric/f1_ws/src/install/teleop_tools_msgs/include/teleop_tools_msgs/teleop_tools_msgs/msg
[1.504s] -- Installing: /home/meric/f1_ws/src/install/teleop_tools_msgs/include/teleop_tools_msgs/teleop_tools_msgs/msg/rosidl_typesupport_fastrtps_c__visibility_control.h
[1.505s] -- Up-to-date: /home/meric/f1_ws/src/install/teleop_tools_msgs/include/teleop_tools_msgs/teleop_tools_msgs/action
[1.505s] -- Up-to-date: /home/meric/f1_ws/src/install/teleop_tools_msgs/include/teleop_tools_msgs/teleop_tools_msgs/action/detail
[1.506s] -- Installing: /home/meric/f1_ws/src/install/teleop_tools_msgs/include/teleop_tools_msgs/teleop_tools_msgs/action/detail/increment__rosidl_typesupport_fastrtps_c.h
[1.506s] -- Installing: /home/meric/f1_ws/src/install/teleop_tools_msgs/lib/libteleop_tools_msgs__rosidl_typesupport_fastrtps_c.so
[1.506s] -- Set runtime path of "/home/meric/f1_ws/src/install/teleop_tools_msgs/lib/libteleop_tools_msgs__rosidl_typesupport_fastrtps_c.so" to ""
[1.507s] -- Up-to-date: /home/meric/f1_ws/src/install/teleop_tools_msgs/include/teleop_tools_msgs/teleop_tools_msgs
[1.507s] -- Up-to-date: /home/meric/f1_ws/src/install/teleop_tools_msgs/include/teleop_tools_msgs/teleop_tools_msgs/msg
[1.508s] -- Installing: /home/meric/f1_ws/src/install/teleop_tools_msgs/include/teleop_tools_msgs/teleop_tools_msgs/msg/rosidl_typesupport_introspection_c__visibility_control.h
[1.508s] -- Up-to-date: /home/meric/f1_ws/src/install/teleop_tools_msgs/include/teleop_tools_msgs/teleop_tools_msgs/action
[1.508s] -- Up-to-date: /home/meric/f1_ws/src/install/teleop_tools_msgs/include/teleop_tools_msgs/teleop_tools_msgs/action/detail
[1.509s] -- Installing: /home/meric/f1_ws/src/install/teleop_tools_msgs/include/teleop_tools_msgs/teleop_tools_msgs/action/detail/increment__type_support.c
[1.510s] -- Installing: /home/meric/f1_ws/src/install/teleop_tools_msgs/include/teleop_tools_msgs/teleop_tools_msgs/action/detail/increment__rosidl_typesupport_introspection_c.h
[1.510s] -- Installing: /home/meric/f1_ws/src/install/teleop_tools_msgs/lib/libteleop_tools_msgs__rosidl_typesupport_introspection_c.so
[1.510s] -- Set runtime path of "/home/meric/f1_ws/src/install/teleop_tools_msgs/lib/libteleop_tools_msgs__rosidl_typesupport_introspection_c.so" to ""
[1.510s] -- Installing: /home/meric/f1_ws/src/install/teleop_tools_msgs/lib/libteleop_tools_msgs__rosidl_typesupport_c.so
[1.511s] -- Set runtime path of "/home/meric/f1_ws/src/install/teleop_tools_msgs/lib/libteleop_tools_msgs__rosidl_typesupport_c.so" to ""
[1.511s] -- Up-to-date: /home/meric/f1_ws/src/install/teleop_tools_msgs/include/teleop_tools_msgs/teleop_tools_msgs
[1.511s] -- Up-to-date: /home/meric/f1_ws/src/install/teleop_tools_msgs/include/teleop_tools_msgs/teleop_tools_msgs/action
[1.511s] -- Installing: /home/meric/f1_ws/src/install/teleop_tools_msgs/include/teleop_tools_msgs/teleop_tools_msgs/action/increment.hpp
[1.511s] -- Up-to-date: /home/meric/f1_ws/src/install/teleop_tools_msgs/include/teleop_tools_msgs/teleop_tools_msgs/action/detail
[1.511s] -- Installing: /home/meric/f1_ws/src/install/teleop_tools_msgs/include/teleop_tools_msgs/teleop_tools_msgs/action/detail/increment__builder.hpp
[1.511s] -- Installing: /home/meric/f1_ws/src/install/teleop_tools_msgs/include/teleop_tools_msgs/teleop_tools_msgs/action/detail/increment__traits.hpp
[1.512s] -- Installing: /home/meric/f1_ws/src/install/teleop_tools_msgs/include/teleop_tools_msgs/teleop_tools_msgs/action/detail/increment__struct.hpp
[1.512s] -- Up-to-date: /home/meric/f1_ws/src/install/teleop_tools_msgs/include/teleop_tools_msgs/teleop_tools_msgs
[1.512s] -- Up-to-date: /home/meric/f1_ws/src/install/teleop_tools_msgs/include/teleop_tools_msgs/teleop_tools_msgs/msg
[1.512s] -- Installing: /home/meric/f1_ws/src/install/teleop_tools_msgs/include/teleop_tools_msgs/teleop_tools_msgs/msg/rosidl_typesupport_fastrtps_cpp__visibility_control.h
[1.512s] -- Up-to-date: /home/meric/f1_ws/src/install/teleop_tools_msgs/include/teleop_tools_msgs/teleop_tools_msgs/action
[1.512s] -- Up-to-date: /home/meric/f1_ws/src/install/teleop_tools_msgs/include/teleop_tools_msgs/teleop_tools_msgs/action/detail
[1.512s] -- Installing: /home/meric/f1_ws/src/install/teleop_tools_msgs/include/teleop_tools_msgs/teleop_tools_msgs/action/detail/dds_fastrtps
[1.513s] -- Installing: /home/meric/f1_ws/src/install/teleop_tools_msgs/include/teleop_tools_msgs/teleop_tools_msgs/action/detail/increment__rosidl_typesupport_fastrtps_cpp.hpp
[1.513s] -- Installing: /home/meric/f1_ws/src/install/teleop_tools_msgs/lib/libteleop_tools_msgs__rosidl_typesupport_fastrtps_cpp.so
[1.513s] -- Set runtime path of "/home/meric/f1_ws/src/install/teleop_tools_msgs/lib/libteleop_tools_msgs__rosidl_typesupport_fastrtps_cpp.so" to ""
[1.513s] -- Up-to-date: /home/meric/f1_ws/src/install/teleop_tools_msgs/include/teleop_tools_msgs/teleop_tools_msgs
[1.513s] -- Up-to-date: /home/meric/f1_ws/src/install/teleop_tools_msgs/include/teleop_tools_msgs/teleop_tools_msgs/action
[1.513s] -- Up-to-date: /home/meric/f1_ws/src/install/teleop_tools_msgs/include/teleop_tools_msgs/teleop_tools_msgs/action/detail
[1.513s] -- Installing: /home/meric/f1_ws/src/install/teleop_tools_msgs/include/teleop_tools_msgs/teleop_tools_msgs/action/detail/increment__type_support.cpp
[1.514s] -- Installing: /home/meric/f1_ws/src/install/teleop_tools_msgs/include/teleop_tools_msgs/teleop_tools_msgs/action/detail/increment__rosidl_typesupport_introspection_cpp.hpp
[1.514s] -- Installing: /home/meric/f1_ws/src/install/teleop_tools_msgs/lib/libteleop_tools_msgs__rosidl_typesupport_introspection_cpp.so
[1.514s] -- Set runtime path of "/home/meric/f1_ws/src/install/teleop_tools_msgs/lib/libteleop_tools_msgs__rosidl_typesupport_introspection_cpp.so" to ""
[1.515s] -- Installing: /home/meric/f1_ws/src/install/teleop_tools_msgs/lib/libteleop_tools_msgs__rosidl_typesupport_cpp.so
[1.516s] -- Set runtime path of "/home/meric/f1_ws/src/install/teleop_tools_msgs/lib/libteleop_tools_msgs__rosidl_typesupport_cpp.so" to ""
[1.516s] -- Installing: /home/meric/f1_ws/src/install/teleop_tools_msgs/share/teleop_tools_msgs/environment/pythonpath.sh
[1.517s] -- Installing: /home/meric/f1_ws/src/install/teleop_tools_msgs/share/teleop_tools_msgs/environment/pythonpath.dsv
[1.518s] -- Installing: /home/meric/f1_ws/src/install/teleop_tools_msgs/local/lib/python3.10/dist-packages/teleop_tools_msgs-1.2.1-py3.10.egg-info
[1.518s] -- Installing: /home/meric/f1_ws/src/install/teleop_tools_msgs/local/lib/python3.10/dist-packages/teleop_tools_msgs-1.2.1-py3.10.egg-info/dependency_links.txt
[1.518s] -- Installing: /home/meric/f1_ws/src/install/teleop_tools_msgs/local/lib/python3.10/dist-packages/teleop_tools_msgs-1.2.1-py3.10.egg-info/top_level.txt
[1.519s] -- Installing: /home/meric/f1_ws/src/install/teleop_tools_msgs/local/lib/python3.10/dist-packages/teleop_tools_msgs-1.2.1-py3.10.egg-info/PKG-INFO
[1.519s] -- Installing: /home/meric/f1_ws/src/install/teleop_tools_msgs/local/lib/python3.10/dist-packages/teleop_tools_msgs-1.2.1-py3.10.egg-info/SOURCES.txt
[1.519s] -- Installing: /home/meric/f1_ws/src/install/teleop_tools_msgs/local/lib/python3.10/dist-packages/teleop_tools_msgs
[1.519s] -- Installing: /home/meric/f1_ws/src/install/teleop_tools_msgs/local/lib/python3.10/dist-packages/teleop_tools_msgs/teleop_tools_msgs_s__rosidl_typesupport_c.cpython-310-aarch64-linux-gnu.so
[1.520s] -- Installing: /home/meric/f1_ws/src/install/teleop_tools_msgs/local/lib/python3.10/dist-packages/teleop_tools_msgs/__init__.py
[1.520s] -- Installing: /home/meric/f1_ws/src/install/teleop_tools_msgs/local/lib/python3.10/dist-packages/teleop_tools_msgs/_teleop_tools_msgs_s.ep.rosidl_typesupport_c.c
[1.520s] -- Installing: /home/meric/f1_ws/src/install/teleop_tools_msgs/local/lib/python3.10/dist-packages/teleop_tools_msgs/action
[1.521s] -- Installing: /home/meric/f1_ws/src/install/teleop_tools_msgs/local/lib/python3.10/dist-packages/teleop_tools_msgs/action/__init__.py
[1.521s] -- Installing: /home/meric/f1_ws/src/install/teleop_tools_msgs/local/lib/python3.10/dist-packages/teleop_tools_msgs/action/_increment.py
[1.521s] -- Installing: /home/meric/f1_ws/src/install/teleop_tools_msgs/local/lib/python3.10/dist-packages/teleop_tools_msgs/action/_increment_s.c
[1.521s] -- Installing: /home/meric/f1_ws/src/install/teleop_tools_msgs/local/lib/python3.10/dist-packages/teleop_tools_msgs/_teleop_tools_msgs_s.ep.rosidl_typesupport_fastrtps_c.c
[1.521s] -- Installing: /home/meric/f1_ws/src/install/teleop_tools_msgs/local/lib/python3.10/dist-packages/teleop_tools_msgs/teleop_tools_msgs_s__rosidl_typesupport_introspection_c.cpython-310-aarch64-linux-gnu.so
[1.522s] -- Installing: /home/meric/f1_ws/src/install/teleop_tools_msgs/local/lib/python3.10/dist-packages/teleop_tools_msgs/teleop_tools_msgs_s__rosidl_typesupport_fastrtps_c.cpython-310-aarch64-linux-gnu.so
[1.522s] -- Installing: /home/meric/f1_ws/src/install/teleop_tools_msgs/local/lib/python3.10/dist-packages/teleop_tools_msgs/libteleop_tools_msgs__rosidl_generator_py.so
[1.522s] -- Installing: /home/meric/f1_ws/src/install/teleop_tools_msgs/local/lib/python3.10/dist-packages/teleop_tools_msgs/_teleop_tools_msgs_s.ep.rosidl_typesupport_introspection_c.c
[1.608s] Listing '/home/meric/f1_ws/src/install/teleop_tools_msgs/local/lib/python3.10/dist-packages/teleop_tools_msgs'...
[1.608s] Compiling '/home/meric/f1_ws/src/install/teleop_tools_msgs/local/lib/python3.10/dist-packages/teleop_tools_msgs/__init__.py'...
[1.608s] Listing '/home/meric/f1_ws/src/install/teleop_tools_msgs/local/lib/python3.10/dist-packages/teleop_tools_msgs/action'...
[1.608s] Compiling '/home/meric/f1_ws/src/install/teleop_tools_msgs/local/lib/python3.10/dist-packages/teleop_tools_msgs/action/__init__.py'...
[1.608s] Compiling '/home/meric/f1_ws/src/install/teleop_tools_msgs/local/lib/python3.10/dist-packages/teleop_tools_msgs/action/_increment.py'...
[1.620s] -- Installing: /home/meric/f1_ws/src/install/teleop_tools_msgs/local/lib/python3.10/dist-packages/teleop_tools_msgs/teleop_tools_msgs_s__rosidl_typesupport_fastrtps_c.cpython-310-aarch64-linux-gnu.so
[1.621s] -- Set runtime path of "/home/meric/f1_ws/src/install/teleop_tools_msgs/local/lib/python3.10/dist-packages/teleop_tools_msgs/teleop_tools_msgs_s__rosidl_typesupport_fastrtps_c.cpython-310-aarch64-linux-gnu.so" to ""
[1.621s] -- Installing: /home/meric/f1_ws/src/install/teleop_tools_msgs/local/lib/python3.10/dist-packages/teleop_tools_msgs/teleop_tools_msgs_s__rosidl_typesupport_introspection_c.cpython-310-aarch64-linux-gnu.so
[1.622s] -- Set runtime path of "/home/meric/f1_ws/src/install/teleop_tools_msgs/local/lib/python3.10/dist-packages/teleop_tools_msgs/teleop_tools_msgs_s__rosidl_typesupport_introspection_c.cpython-310-aarch64-linux-gnu.so" to ""
[1.627s] -- Installing: /home/meric/f1_ws/src/install/teleop_tools_msgs/local/lib/python3.10/dist-packages/teleop_tools_msgs/teleop_tools_msgs_s__rosidl_typesupport_c.cpython-310-aarch64-linux-gnu.so
[1.627s] -- Set runtime path of "/home/meric/f1_ws/src/install/teleop_tools_msgs/local/lib/python3.10/dist-packages/teleop_tools_msgs/teleop_tools_msgs_s__rosidl_typesupport_c.cpython-310-aarch64-linux-gnu.so" to ""
[1.628s] -- Installing: /home/meric/f1_ws/src/install/teleop_tools_msgs/lib/libteleop_tools_msgs__rosidl_generator_py.so
[1.628s] -- Set runtime path of "/home/meric/f1_ws/src/install/teleop_tools_msgs/lib/libteleop_tools_msgs__rosidl_generator_py.so" to ""
[1.628s] -- Installing: /home/meric/f1_ws/src/install/teleop_tools_msgs/share/teleop_tools_msgs/action/Increment.idl
[1.628s] -- Installing: /home/meric/f1_ws/src/install/teleop_tools_msgs/share/teleop_tools_msgs/action/Increment.action
[1.629s] -- Installing: /home/meric/f1_ws/src/install/teleop_tools_msgs/share/ament_index/resource_index/package_run_dependencies/teleop_tools_msgs
[1.629s] -- Installing: /home/meric/f1_ws/src/install/teleop_tools_msgs/share/ament_index/resource_index/parent_prefix_path/teleop_tools_msgs
[1.630s] -- Installing: /home/meric/f1_ws/src/install/teleop_tools_msgs/share/teleop_tools_msgs/environment/ament_prefix_path.sh
[1.630s] -- Installing: /home/meric/f1_ws/src/install/teleop_tools_msgs/share/teleop_tools_msgs/environment/ament_prefix_path.dsv
[1.631s] -- Installing: /home/meric/f1_ws/src/install/teleop_tools_msgs/share/teleop_tools_msgs/environment/path.sh
[1.631s] -- Installing: /home/meric/f1_ws/src/install/teleop_tools_msgs/share/teleop_tools_msgs/environment/path.dsv
[1.631s] -- Installing: /home/meric/f1_ws/src/install/teleop_tools_msgs/share/teleop_tools_msgs/local_setup.bash
[1.631s] -- Installing: /home/meric/f1_ws/src/install/teleop_tools_msgs/share/teleop_tools_msgs/local_setup.sh
[1.632s] -- Installing: /home/meric/f1_ws/src/install/teleop_tools_msgs/share/teleop_tools_msgs/local_setup.zsh
[1.632s] -- Installing: /home/meric/f1_ws/src/install/teleop_tools_msgs/share/teleop_tools_msgs/local_setup.dsv
[1.633s] -- Installing: /home/meric/f1_ws/src/install/teleop_tools_msgs/share/teleop_tools_msgs/package.dsv
[1.633s] -- Installing: /home/meric/f1_ws/src/install/teleop_tools_msgs/share/ament_index/resource_index/packages/teleop_tools_msgs
[1.633s] -- Installing: /home/meric/f1_ws/src/install/teleop_tools_msgs/share/teleop_tools_msgs/cmake/export_teleop_tools_msgs__rosidl_generator_cExport.cmake
[1.634s] -- Installing: /home/meric/f1_ws/src/install/teleop_tools_msgs/share/teleop_tools_msgs/cmake/export_teleop_tools_msgs__rosidl_generator_cExport-noconfig.cmake
[1.634s] -- Installing: /home/meric/f1_ws/src/install/teleop_tools_msgs/share/teleop_tools_msgs/cmake/export_teleop_tools_msgs__rosidl_typesupport_fastrtps_cExport.cmake
[1.634s] -- Installing: /home/meric/f1_ws/src/install/teleop_tools_msgs/share/teleop_tools_msgs/cmake/export_teleop_tools_msgs__rosidl_typesupport_fastrtps_cExport-noconfig.cmake
[1.635s] -- Installing: /home/meric/f1_ws/src/install/teleop_tools_msgs/share/teleop_tools_msgs/cmake/teleop_tools_msgs__rosidl_typesupport_introspection_cExport.cmake
[1.635s] -- Installing: /home/meric/f1_ws/src/install/teleop_tools_msgs/share/teleop_tools_msgs/cmake/teleop_tools_msgs__rosidl_typesupport_introspection_cExport-noconfig.cmake
[1.636s] -- Installing: /home/meric/f1_ws/src/install/teleop_tools_msgs/share/teleop_tools_msgs/cmake/teleop_tools_msgs__rosidl_typesupport_cExport.cmake
[1.636s] -- Installing: /home/meric/f1_ws/src/install/teleop_tools_msgs/share/teleop_tools_msgs/cmake/teleop_tools_msgs__rosidl_typesupport_cExport-noconfig.cmake
[1.636s] -- Installing: /home/meric/f1_ws/src/install/teleop_tools_msgs/share/teleop_tools_msgs/cmake/export_teleop_tools_msgs__rosidl_generator_cppExport.cmake
[1.637s] -- Installing: /home/meric/f1_ws/src/install/teleop_tools_msgs/share/teleop_tools_msgs/cmake/export_teleop_tools_msgs__rosidl_typesupport_fastrtps_cppExport.cmake
[1.637s] -- Installing: /home/meric/f1_ws/src/install/teleop_tools_msgs/share/teleop_tools_msgs/cmake/export_teleop_tools_msgs__rosidl_typesupport_fastrtps_cppExport-noconfig.cmake
[1.638s] -- Installing: /home/meric/f1_ws/src/install/teleop_tools_msgs/share/teleop_tools_msgs/cmake/teleop_tools_msgs__rosidl_typesupport_introspection_cppExport.cmake
[1.639s] -- Installing: /home/meric/f1_ws/src/install/teleop_tools_msgs/share/teleop_tools_msgs/cmake/teleop_tools_msgs__rosidl_typesupport_introspection_cppExport-noconfig.cmake
[1.640s] -- Installing: /home/meric/f1_ws/src/install/teleop_tools_msgs/share/teleop_tools_msgs/cmake/teleop_tools_msgs__rosidl_typesupport_cppExport.cmake
[1.645s] -- Installing: /home/meric/f1_ws/src/install/teleop_tools_msgs/share/teleop_tools_msgs/cmake/teleop_tools_msgs__rosidl_typesupport_cppExport-noconfig.cmake
[1.646s] -- Installing: /home/meric/f1_ws/src/install/teleop_tools_msgs/share/teleop_tools_msgs/cmake/export_teleop_tools_msgs__rosidl_generator_pyExport.cmake
[1.646s] -- Installing: /home/meric/f1_ws/src/install/teleop_tools_msgs/share/teleop_tools_msgs/cmake/export_teleop_tools_msgs__rosidl_generator_pyExport-noconfig.cmake
[1.647s] -- Installing: /home/meric/f1_ws/src/install/teleop_tools_msgs/share/teleop_tools_msgs/cmake/rosidl_cmake-extras.cmake
[1.647s] -- Installing: /home/meric/f1_ws/src/install/teleop_tools_msgs/share/teleop_tools_msgs/cmake/ament_cmake_export_dependencies-extras.cmake
[1.648s] -- Installing: /home/meric/f1_ws/src/install/teleop_tools_msgs/share/teleop_tools_msgs/cmake/ament_cmake_export_include_directories-extras.cmake
[1.648s] -- Installing: /home/meric/f1_ws/src/install/teleop_tools_msgs/share/teleop_tools_msgs/cmake/ament_cmake_export_libraries-extras.cmake
[1.649s] -- Installing: /home/meric/f1_ws/src/install/teleop_tools_msgs/share/teleop_tools_msgs/cmake/ament_cmake_export_targets-extras.cmake
[1.649s] -- Installing: /home/meric/f1_ws/src/install/teleop_tools_msgs/share/teleop_tools_msgs/cmake/rosidl_cmake_export_typesupport_targets-extras.cmake
[1.649s] -- Installing: /home/meric/f1_ws/src/install/teleop_tools_msgs/share/teleop_tools_msgs/cmake/rosidl_cmake_export_typesupport_libraries-extras.cmake
[1.649s] -- Installing: /home/meric/f1_ws/src/install/teleop_tools_msgs/share/teleop_tools_msgs/cmake/teleop_tools_msgsConfig.cmake
[1.650s] -- Installing: /home/meric/f1_ws/src/install/teleop_tools_msgs/share/teleop_tools_msgs/cmake/teleop_tools_msgsConfig-version.cmake
[1.650s] -- Installing: /home/meric/f1_ws/src/install/teleop_tools_msgs/share/teleop_tools_msgs/package.xml
[1.660s] Invoked command in '/home/meric/f1_ws/src/build/teleop_tools_msgs' returned '0': CMAKE_PREFIX_PATH=/opt/ros/humble /usr/bin/cmake --install /home/meric/f1_ws/src/build/teleop_tools_msgs
