[2.493s] Invoking command in '/home/meric/f1_ws/src/f1tenth_system/teleop_tools/key_teleop': PYTHONPATH=/home/meric/f1_ws/src/build/key_teleop/prefix_override:/home/meric/.local/lib/python3.10/site-packages/colcon_core/task/python/colcon_distutils_commands:/home/meric/f1_ws/src/install/key_teleop/lib/python3.10/site-packages:${PYTHONPATH} /usr/bin/python3 -W ignore:setup.py install is deprecated setup.py egg_info --egg-base ../../../build/key_teleop build --build-base /home/meric/f1_ws/src/build/key_teleop/build install --record /home/meric/f1_ws/src/build/key_teleop/install.log --single-version-externally-managed install_data
[3.079s] running egg_info
[3.081s] writing ../../../build/key_teleop/key_teleop.egg-info/PKG-INFO
[3.082s] writing dependency_links to ../../../build/key_teleop/key_teleop.egg-info/dependency_links.txt
[3.082s] writing entry points to ../../../build/key_teleop/key_teleop.egg-info/entry_points.txt
[3.083s] writing requirements to ../../../build/key_teleop/key_teleop.egg-info/requires.txt
[3.083s] writing top-level names to ../../../build/key_teleop/key_teleop.egg-info/top_level.txt
[3.088s] reading manifest file '../../../build/key_teleop/key_teleop.egg-info/SOURCES.txt'
[3.089s] adding license file 'LICENSE'
[3.090s] writing manifest file '../../../build/key_teleop/key_teleop.egg-info/SOURCES.txt'
[3.091s] running build
[3.091s] running build_py
[3.092s] running install
[3.093s] running install_lib
[3.097s] running install_data
[3.098s] running install_egg_info
[3.103s] removing '/home/meric/f1_ws/src/install/key_teleop/lib/python3.10/site-packages/key_teleop-0.3.0-py3.10.egg-info' (and everything under it)
[3.104s] Copying ../../../build/key_teleop/key_teleop.egg-info to /home/meric/f1_ws/src/install/key_teleop/lib/python3.10/site-packages/key_teleop-0.3.0-py3.10.egg-info
[3.106s] running install_scripts
[3.150s] Installing key_teleop script to /home/meric/f1_ws/src/install/key_teleop/lib/key_teleop
[3.151s] writing list of installed files to '/home/meric/f1_ws/src/build/key_teleop/install.log'
