[0.056s] Invoking command in '/home/meric/f1_ws/build/teleop_tools_msgs': CMAKE_PREFIX_PATH=/opt/ros/humble /usr/bin/cmake --build /home/meric/f1_ws/build/teleop_tools_msgs -- -j6 -l6
[0.772s] [  9%] Built target teleop_tools_msgs__rosidl_generator_c
[0.772s] [ 12%] Built target teleop_tools_msgs__cpp
[0.773s] [ 12%] Built target ament_cmake_python_copy_teleop_tools_msgs
[0.773s] [ 22%] Built target teleop_tools_msgs__rosidl_typesupport_introspection_c
[0.773s] [ 45%] Built target teleop_tools_msgs__rosidl_typesupport_c
[0.773s] [ 51%] Built target teleop_tools_msgs__rosidl_typesupport_fastrtps_c
[0.773s] [ 45%] Built target teleop_tools_msgs__rosidl_typesupport_fastrtps_cpp
[0.773s] [ 61%] Built target teleop_tools_msgs__rosidl_typesupport_introspection_cpp
[0.773s] [ 70%] Built target teleop_tools_msgs__rosidl_typesupport_cpp
[0.774s] [ 70%] Built target teleop_tools_msgs
[0.774s] [ 74%] Built target teleop_tools_msgs__py
[0.774s] [ 80%] Built target teleop_tools_msgs__rosidl_generator_py
[0.774s] [ 87%] Built target teleop_tools_msgs__rosidl_typesupport_c__pyext
[0.774s] [ 93%] Built target teleop_tools_msgs__rosidl_typesupport_fastrtps_c__pyext
[0.774s] [100%] Built target teleop_tools_msgs__rosidl_typesupport_introspection_c__pyext
[0.879s] running egg_info
[0.880s] writing teleop_tools_msgs.egg-info/PKG-INFO
[0.881s] writing dependency_links to teleop_tools_msgs.egg-info/dependency_links.txt
[0.881s] writing top-level names to teleop_tools_msgs.egg-info/top_level.txt
[0.886s] reading manifest file 'teleop_tools_msgs.egg-info/SOURCES.txt'
[0.887s] writing manifest file 'teleop_tools_msgs.egg-info/SOURCES.txt'
[0.963s] [100%] Built target ament_cmake_python_build_teleop_tools_msgs_egg
[1.390s] Invoked command in '/home/meric/f1_ws/build/teleop_tools_msgs' returned '0': CMAKE_PREFIX_PATH=/opt/ros/humble /usr/bin/cmake --build /home/meric/f1_ws/build/teleop_tools_msgs -- -j6 -l6
