[3.093s] Invoking command in '/home/meric/f1_ws/src/f1tenth_system/teleop_tools/key_teleop': PYTHONPATH=/home/meric/f1_ws/build/key_teleop/prefix_override:/home/meric/.local/lib/python3.10/site-packages/colcon_core/task/python/colcon_distutils_commands:/home/meric/f1_ws/install/key_teleop/lib/python3.10/site-packages:${PYTHONPATH} /usr/bin/python3 -W ignore:setup.py install is deprecated setup.py egg_info --egg-base ../../../../build/key_teleop build --build-base /home/meric/f1_ws/build/key_teleop/build install --record /home/meric/f1_ws/build/key_teleop/install.log --single-version-externally-managed install_data
[3.681s] running egg_info
[3.683s] writing ../../../../build/key_teleop/key_teleop.egg-info/PKG-INFO
[3.684s] writing dependency_links to ../../../../build/key_teleop/key_teleop.egg-info/dependency_links.txt
[3.684s] writing entry points to ../../../../build/key_teleop/key_teleop.egg-info/entry_points.txt
[3.685s] writing requirements to ../../../../build/key_teleop/key_teleop.egg-info/requires.txt
[3.685s] writing top-level names to ../../../../build/key_teleop/key_teleop.egg-info/top_level.txt
[3.694s] reading manifest file '../../../../build/key_teleop/key_teleop.egg-info/SOURCES.txt'
[3.695s] adding license file 'LICENSE'
[3.697s] writing manifest file '../../../../build/key_teleop/key_teleop.egg-info/SOURCES.txt'
[3.697s] running build
[3.697s] running build_py
[3.698s] running install
[3.699s] running install_lib
[3.705s] running install_data
[3.705s] running install_egg_info
[3.714s] removing '/home/meric/f1_ws/install/key_teleop/lib/python3.10/site-packages/key_teleop-0.3.0-py3.10.egg-info' (and everything under it)
[3.715s] Copying ../../../../build/key_teleop/key_teleop.egg-info to /home/meric/f1_ws/install/key_teleop/lib/python3.10/site-packages/key_teleop-0.3.0-py3.10.egg-info
[3.717s] running install_scripts
[3.763s] Installing key_teleop script to /home/meric/f1_ws/install/key_teleop/lib/key_teleop
[3.764s] writing list of installed files to '/home/meric/f1_ws/build/key_teleop/install.log'
[3.904s] Invoked command in '/home/meric/f1_ws/src/f1tenth_system/teleop_tools/key_teleop' returned '0': PYTHONPATH=/home/meric/f1_ws/build/key_teleop/prefix_override:/home/meric/.local/lib/python3.10/site-packages/colcon_core/task/python/colcon_distutils_commands:/home/meric/f1_ws/install/key_teleop/lib/python3.10/site-packages:${PYTHONPATH} /usr/bin/python3 -W ignore:setup.py install is deprecated setup.py egg_info --egg-base ../../../../build/key_teleop build --build-base /home/meric/f1_ws/build/key_teleop/build install --record /home/meric/f1_ws/build/key_teleop/install.log --single-version-externally-managed install_data
