[0.040s] Invoking command in '/home/meric/f1_ws/build/vesc_ackermann': CMAKE_PREFIX_PATH=/home/meric/f1_ws/install/vesc_msgs:/home/meric/f1_ws/install/vesc:/home/meric/f1_ws/install/vesc_driver:/home/meric/f1_ws/install/vesc_ackermann:/home/meric/f1_ws/install/teleop_tools:/home/meric/f1_ws/install/teleop_tools_msgs:/home/meric/f1_ws/install/keyboard:/home/meric/f1_ws/install/keyboard_msgs:/home/meric/f1_ws/install/ackermann_mux:/home/meric/f1_ws/install/f1tenth_stack:/home/meric/f1_ws/install/joy_teleop:/home/meric/f1_ws/install/mouse_teleop:/home/meric/f1_ws/install/key_teleop:/opt/ros/humble LD_LIBRARY_PATH=/home/meric/f1_ws/install/vesc_msgs/lib:/home/meric/f1_ws/install/vesc_driver/lib:/home/meric/f1_ws/install/vesc_ackermann/lib:/home/meric/f1_ws/install/teleop_tools_msgs/lib:/home/meric/f1_ws/install/keyboard_msgs/lib:/opt/ros/humble/opt/rviz_ogre_vendor/lib:/opt/ros/humble/lib/aarch64-linux-gnu:/opt/ros/humble/lib:/usr/local/cuda-12.2/lib64:/home/meric/f1tenth_ws/install/vesc_ackermann/lib /usr/bin/cmake --build /home/meric/f1_ws/build/vesc_ackermann -- -j6 -l6
[0.235s] [ 42%] Built target vesc_ackermann
[0.258s] [ 71%] Built target ackermann_to_vesc_node
[0.272s] [100%] Built target vesc_to_odom_node
[0.318s] Invoked command in '/home/meric/f1_ws/build/vesc_ackermann' returned '0': CMAKE_PREFIX_PATH=/home/meric/f1_ws/install/vesc_msgs:/home/meric/f1_ws/install/vesc:/home/meric/f1_ws/install/vesc_driver:/home/meric/f1_ws/install/vesc_ackermann:/home/meric/f1_ws/install/teleop_tools:/home/meric/f1_ws/install/teleop_tools_msgs:/home/meric/f1_ws/install/keyboard:/home/meric/f1_ws/install/keyboard_msgs:/home/meric/f1_ws/install/ackermann_mux:/home/meric/f1_ws/install/f1tenth_stack:/home/meric/f1_ws/install/joy_teleop:/home/meric/f1_ws/install/mouse_teleop:/home/meric/f1_ws/install/key_teleop:/opt/ros/humble LD_LIBRARY_PATH=/home/meric/f1_ws/install/vesc_msgs/lib:/home/meric/f1_ws/install/vesc_driver/lib:/home/meric/f1_ws/install/vesc_ackermann/lib:/home/meric/f1_ws/install/teleop_tools_msgs/lib:/home/meric/f1_ws/install/keyboard_msgs/lib:/opt/ros/humble/opt/rviz_ogre_vendor/lib:/opt/ros/humble/lib/aarch64-linux-gnu:/opt/ros/humble/lib:/usr/local/cuda-12.2/lib64:/home/meric/f1tenth_ws/install/vesc_ackermann/lib /usr/bin/cmake --build /home/meric/f1_ws/build/vesc_ackermann -- -j6 -l6
[0.409s] Invoking command in '/home/meric/f1_ws/build/vesc_ackermann': CMAKE_PREFIX_PATH=/home/meric/f1_ws/install/vesc_msgs:/home/meric/f1_ws/install/vesc:/home/meric/f1_ws/install/vesc_driver:/home/meric/f1_ws/install/vesc_ackermann:/home/meric/f1_ws/install/teleop_tools:/home/meric/f1_ws/install/teleop_tools_msgs:/home/meric/f1_ws/install/keyboard:/home/meric/f1_ws/install/keyboard_msgs:/home/meric/f1_ws/install/ackermann_mux:/home/meric/f1_ws/install/f1tenth_stack:/home/meric/f1_ws/install/joy_teleop:/home/meric/f1_ws/install/mouse_teleop:/home/meric/f1_ws/install/key_teleop:/opt/ros/humble LD_LIBRARY_PATH=/home/meric/f1_ws/install/vesc_msgs/lib:/home/meric/f1_ws/install/vesc_driver/lib:/home/meric/f1_ws/install/vesc_ackermann/lib:/home/meric/f1_ws/install/teleop_tools_msgs/lib:/home/meric/f1_ws/install/keyboard_msgs/lib:/opt/ros/humble/opt/rviz_ogre_vendor/lib:/opt/ros/humble/lib/aarch64-linux-gnu:/opt/ros/humble/lib:/usr/local/cuda-12.2/lib64:/home/meric/f1tenth_ws/install/vesc_ackermann/lib /usr/bin/cmake --install /home/meric/f1_ws/build/vesc_ackermann
[0.431s] -- Install configuration: ""
[0.432s] -- Up-to-date: /home/meric/f1_ws/install/vesc_ackermann/lib/vesc_ackermann/ackermann_to_vesc_node
[0.433s] -- Up-to-date: /home/meric/f1_ws/install/vesc_ackermann/lib/vesc_ackermann/vesc_to_odom_node
[0.434s] -- Up-to-date: /home/meric/f1_ws/install/vesc_ackermann/include
[0.434s] -- Up-to-date: /home/meric/f1_ws/install/vesc_ackermann/include/vesc_ackermann
[0.435s] -- Up-to-date: /home/meric/f1_ws/install/vesc_ackermann/include/vesc_ackermann/ackermann_to_vesc.hpp
[0.435s] -- Up-to-date: /home/meric/f1_ws/install/vesc_ackermann/include/vesc_ackermann/vesc_to_odom.hpp
[0.436s] -- Up-to-date: /home/meric/f1_ws/install/vesc_ackermann/share/vesc_ackermann/environment/library_path.sh
[0.436s] -- Up-to-date: /home/meric/f1_ws/install/vesc_ackermann/share/vesc_ackermann/environment/library_path.dsv
[0.437s] -- Up-to-date: /home/meric/f1_ws/install/vesc_ackermann/lib/libvesc_ackermann.so
[0.438s] -- Up-to-date: /home/meric/f1_ws/install/vesc_ackermann/share/vesc_ackermann/launch
[0.438s] -- Up-to-date: /home/meric/f1_ws/install/vesc_ackermann/share/vesc_ackermann/launch/ackermann_to_vesc_node.launch.xml
[0.439s] -- Up-to-date: /home/meric/f1_ws/install/vesc_ackermann/share/vesc_ackermann/launch/vesc_to_odom_node.launch.xml
[0.439s] -- Up-to-date: /home/meric/f1_ws/install/vesc_ackermann/share/ament_index/resource_index/package_run_dependencies/vesc_ackermann
[0.440s] -- Up-to-date: /home/meric/f1_ws/install/vesc_ackermann/share/ament_index/resource_index/parent_prefix_path/vesc_ackermann
[0.440s] -- Up-to-date: /home/meric/f1_ws/install/vesc_ackermann/share/vesc_ackermann/environment/ament_prefix_path.sh
[0.441s] -- Up-to-date: /home/meric/f1_ws/install/vesc_ackermann/share/vesc_ackermann/environment/ament_prefix_path.dsv
[0.441s] -- Up-to-date: /home/meric/f1_ws/install/vesc_ackermann/share/vesc_ackermann/environment/path.sh
[0.442s] -- Up-to-date: /home/meric/f1_ws/install/vesc_ackermann/share/vesc_ackermann/environment/path.dsv
[0.442s] -- Up-to-date: /home/meric/f1_ws/install/vesc_ackermann/share/vesc_ackermann/local_setup.bash
[0.443s] -- Up-to-date: /home/meric/f1_ws/install/vesc_ackermann/share/vesc_ackermann/local_setup.sh
[0.443s] -- Up-to-date: /home/meric/f1_ws/install/vesc_ackermann/share/vesc_ackermann/local_setup.zsh
[0.444s] -- Up-to-date: /home/meric/f1_ws/install/vesc_ackermann/share/vesc_ackermann/local_setup.dsv
[0.444s] -- Installing: /home/meric/f1_ws/install/vesc_ackermann/share/vesc_ackermann/package.dsv
[0.446s] -- Up-to-date: /home/meric/f1_ws/install/vesc_ackermann/share/ament_index/resource_index/packages/vesc_ackermann
[0.446s] -- Up-to-date: /home/meric/f1_ws/install/vesc_ackermann/share/ament_index/resource_index/rclcpp_components/vesc_ackermann
[0.447s] -- Up-to-date: /home/meric/f1_ws/install/vesc_ackermann/share/vesc_ackermann/cmake/ament_cmake_export_dependencies-extras.cmake
[0.448s] -- Up-to-date: /home/meric/f1_ws/install/vesc_ackermann/share/vesc_ackermann/cmake/ament_cmake_export_include_directories-extras.cmake
[0.448s] -- Up-to-date: /home/meric/f1_ws/install/vesc_ackermann/share/vesc_ackermann/cmake/ament_cmake_export_libraries-extras.cmake
[0.449s] -- Up-to-date: /home/meric/f1_ws/install/vesc_ackermann/share/vesc_ackermann/cmake/vesc_ackermannConfig.cmake
[0.449s] -- Up-to-date: /home/meric/f1_ws/install/vesc_ackermann/share/vesc_ackermann/cmake/vesc_ackermannConfig-version.cmake
[0.450s] -- Up-to-date: /home/meric/f1_ws/install/vesc_ackermann/share/vesc_ackermann/package.xml
[0.458s] Invoked command in '/home/meric/f1_ws/build/vesc_ackermann' returned '0': CMAKE_PREFIX_PATH=/home/meric/f1_ws/install/vesc_msgs:/home/meric/f1_ws/install/vesc:/home/meric/f1_ws/install/vesc_driver:/home/meric/f1_ws/install/vesc_ackermann:/home/meric/f1_ws/install/teleop_tools:/home/meric/f1_ws/install/teleop_tools_msgs:/home/meric/f1_ws/install/keyboard:/home/meric/f1_ws/install/keyboard_msgs:/home/meric/f1_ws/install/ackermann_mux:/home/meric/f1_ws/install/f1tenth_stack:/home/meric/f1_ws/install/joy_teleop:/home/meric/f1_ws/install/mouse_teleop:/home/meric/f1_ws/install/key_teleop:/opt/ros/humble LD_LIBRARY_PATH=/home/meric/f1_ws/install/vesc_msgs/lib:/home/meric/f1_ws/install/vesc_driver/lib:/home/meric/f1_ws/install/vesc_ackermann/lib:/home/meric/f1_ws/install/teleop_tools_msgs/lib:/home/meric/f1_ws/install/keyboard_msgs/lib:/opt/ros/humble/opt/rviz_ogre_vendor/lib:/opt/ros/humble/lib/aarch64-linux-gnu:/opt/ros/humble/lib:/usr/local/cuda-12.2/lib64:/home/meric/f1tenth_ws/install/vesc_ackermann/lib /usr/bin/cmake --install /home/meric/f1_ws/build/vesc_ackermann
