[3.066s] Invoking command in '/home/meric/f1_ws/src/f1tenth_system/teleop_tools/key_teleop': PYTHONPATH=/home/meric/f1_ws/build/key_teleop/prefix_override:/home/meric/.local/lib/python3.10/site-packages/colcon_core/task/python/colcon_distutils_commands:/home/meric/f1_ws/install/key_teleop/lib/python3.10/site-packages:${PYTHONPATH} /usr/bin/python3 -W ignore:setup.py install is deprecated setup.py egg_info --egg-base ../../../../build/key_teleop build --build-base /home/meric/f1_ws/build/key_teleop/build install --record /home/meric/f1_ws/build/key_teleop/install.log --single-version-externally-managed install_data
[3.683s] running egg_info
[3.684s] writing ../../../../build/key_teleop/key_teleop.egg-info/PKG-INFO
[3.686s] writing dependency_links to ../../../../build/key_teleop/key_teleop.egg-info/dependency_links.txt
[3.686s] writing entry points to ../../../../build/key_teleop/key_teleop.egg-info/entry_points.txt
[3.687s] writing requirements to ../../../../build/key_teleop/key_teleop.egg-info/requires.txt
[3.687s] writing top-level names to ../../../../build/key_teleop/key_teleop.egg-info/top_level.txt
[3.693s] reading manifest file '../../../../build/key_teleop/key_teleop.egg-info/SOURCES.txt'
[3.694s] adding license file 'LICENSE'
[3.695s] writing manifest file '../../../../build/key_teleop/key_teleop.egg-info/SOURCES.txt'
[3.696s] running build
[3.696s] running build_py
[3.696s] running install
[3.698s] running install_lib
[3.701s] running install_data
[3.702s] running install_egg_info
[3.707s] removing '/home/meric/f1_ws/install/key_teleop/lib/python3.10/site-packages/key_teleop-0.3.0-py3.10.egg-info' (and everything under it)
[3.708s] Copying ../../../../build/key_teleop/key_teleop.egg-info to /home/meric/f1_ws/install/key_teleop/lib/python3.10/site-packages/key_teleop-0.3.0-py3.10.egg-info
[3.710s] running install_scripts
[3.768s] Installing key_teleop script to /home/meric/f1_ws/install/key_teleop/lib/key_teleop
[3.768s] writing list of installed files to '/home/meric/f1_ws/build/key_teleop/install.log'
[3.914s] Invoked command in '/home/meric/f1_ws/src/f1tenth_system/teleop_tools/key_teleop' returned '0': PYTHONPATH=/home/meric/f1_ws/build/key_teleop/prefix_override:/home/meric/.local/lib/python3.10/site-packages/colcon_core/task/python/colcon_distutils_commands:/home/meric/f1_ws/install/key_teleop/lib/python3.10/site-packages:${PYTHONPATH} /usr/bin/python3 -W ignore:setup.py install is deprecated setup.py egg_info --egg-base ../../../../build/key_teleop build --build-base /home/meric/f1_ws/build/key_teleop/build install --record /home/meric/f1_ws/build/key_teleop/install.log --single-version-externally-managed install_data
