[0.057s] Invoking command in '/home/meric/f1_ws/build/vesc_msgs': CMAKE_PREFIX_PATH=/opt/ros/humble /usr/bin/cmake --build /home/meric/f1_ws/build/vesc_msgs -- -j6 -l6
[1.923s] -- Found ament_cmake_auto: 1.3.10 (/opt/ros/humble/share/ament_cmake_auto/cmake)
[1.924s] -- Override CMake install command with custom implementation using symlinks instead of copying resources
[1.925s] -- Using all available rosidl_typesupport_c: rosidl_typesupport_fastrtps_c;rosidl_typesupport_introspection_c
[1.925s] -- Found rosidl_adapter: 3.1.5 (/opt/ros/humble/share/rosidl_adapter/cmake)
[1.926s] -- Using all available rosidl_typesupport_cpp: rosidl_typesupport_fastrtps_cpp;rosidl_typesupport_introspection_cpp
[1.926s] -- Found ament_cmake_ros: 0.10.0 (/opt/ros/humble/share/ament_cmake_ros/cmake)
[1.927s] -- Using all available rosidl_typesupport_c: rosidl_typesupport_fastrtps_c;rosidl_typesupport_introspection_c
[2.411s] -- Using all available rosidl_typesupport_cpp: rosidl_typesupport_fastrtps_cpp;rosidl_typesupport_introspection_cpp
[2.463s] -- Found python_cmake_module: 0.10.0 (/opt/ros/humble/share/python_cmake_module/cmake)
[2.521s] -- Using PYTHON_EXECUTABLE: /usr/bin/python3
[2.522s] -- Using PYTHON_INCLUDE_DIRS: /usr/include/python3.10
[2.522s] -- Using PYTHON_LIBRARIES: /usr/lib/aarch64-linux-gnu/libpython3.10.so
[2.612s] -- Found ament_lint_auto: 0.12.11 (/opt/ros/humble/share/ament_lint_auto/cmake)
[2.635s] -- Added test 'copyright' to check source files copyright and LICENSE
[2.640s] -- Added test 'lint_cmake' to check CMake code style
[2.644s] -- Added test 'xmllint' to check XML markup files
[2.650s] -- Configuring done
[2.751s] -- Generating done
[2.759s] -- Build files have been written to: /home/meric/f1_ws/build/vesc_msgs
[2.832s] [35m[1mConsolidate compiler generated dependencies of target vesc_msgs__rosidl_generator_c[0m
[2.852s] failed to create symbolic link '/home/meric/f1_ws/build/vesc_msgs/ament_cmake_python/vesc_msgs/vesc_msgs' because existing path cannot be removed: Is a directory
[2.852s] [  1%] Built target vesc_msgs__cpp
[2.853s] gmake[2]: *** [CMakeFiles/ament_cmake_python_symlink_vesc_msgs.dir/build.make:70: CMakeFiles/ament_cmake_python_symlink_vesc_msgs] Error 1
[2.854s] gmake[1]: *** [CMakeFiles/Makefile2:421: CMakeFiles/ament_cmake_python_symlink_vesc_msgs.dir/all] Error 2
[2.854s] gmake[1]: *** Waiting for unfinished jobs....
[2.857s] [ 12%] Built target vesc_msgs__rosidl_generator_c
[2.859s] gmake: *** [Makefile:146: all] Error 2
[3.161s] Invoked command in '/home/meric/f1_ws/build/vesc_msgs' returned '2': CMAKE_PREFIX_PATH=/opt/ros/humble /usr/bin/cmake --build /home/meric/f1_ws/build/vesc_msgs -- -j6 -l6
