[0.027s] Invoking command in '/home/meric/f1_ws/build/vesc': AMENT_PREFIX_PATH=/home/meric/f1_ws/install/vesc_driver:/home/meric/f1_ws/install/vesc_ackermann:/home/meric/f1_ws/install/vesc_msgs:${AMENT_PREFIX_PATH} CMAKE_PREFIX_PATH=/home/meric/f1_ws/install/vesc_driver:/home/meric/f1_ws/install/vesc_ackermann:/home/meric/f1_ws/install/vesc_msgs:/opt/ros/humble LD_LIBRARY_PATH=/home/meric/f1_ws/install/vesc_driver/lib:/home/meric/f1_ws/install/vesc_ackermann/lib:/home/meric/f1_ws/install/vesc_msgs/lib:/opt/ros/humble/opt/rviz_ogre_vendor/lib:/opt/ros/humble/lib/aarch64-linux-gnu:/opt/ros/humble/lib:/usr/local/cuda-12.2/lib64:/home/meric/f1tenth_ws/install/vesc_ackermann/lib PYTHONPATH=/home/meric/f1_ws/install/vesc_msgs/local/lib/python3.10/dist-packages:${PYTHONPATH} /usr/bin/cmake --build /home/meric/f1_ws/build/vesc -- -j6 -l6
[0.114s] Invoked command in '/home/meric/f1_ws/build/vesc' returned '0': AMENT_PREFIX_PATH=/home/meric/f1_ws/install/vesc_driver:/home/meric/f1_ws/install/vesc_ackermann:/home/meric/f1_ws/install/vesc_msgs:${AMENT_PREFIX_PATH} CMAKE_PREFIX_PATH=/home/meric/f1_ws/install/vesc_driver:/home/meric/f1_ws/install/vesc_ackermann:/home/meric/f1_ws/install/vesc_msgs:/opt/ros/humble LD_LIBRARY_PATH=/home/meric/f1_ws/install/vesc_driver/lib:/home/meric/f1_ws/install/vesc_ackermann/lib:/home/meric/f1_ws/install/vesc_msgs/lib:/opt/ros/humble/opt/rviz_ogre_vendor/lib:/opt/ros/humble/lib/aarch64-linux-gnu:/opt/ros/humble/lib:/usr/local/cuda-12.2/lib64:/home/meric/f1tenth_ws/install/vesc_ackermann/lib PYTHONPATH=/home/meric/f1_ws/install/vesc_msgs/local/lib/python3.10/dist-packages:${PYTHONPATH} /usr/bin/cmake --build /home/meric/f1_ws/build/vesc -- -j6 -l6
[0.155s] Invoking command in '/home/meric/f1_ws/build/vesc': AMENT_PREFIX_PATH=/home/meric/f1_ws/install/vesc_driver:/home/meric/f1_ws/install/vesc_ackermann:/home/meric/f1_ws/install/vesc_msgs:${AMENT_PREFIX_PATH} CMAKE_PREFIX_PATH=/home/meric/f1_ws/install/vesc_driver:/home/meric/f1_ws/install/vesc_ackermann:/home/meric/f1_ws/install/vesc_msgs:/opt/ros/humble LD_LIBRARY_PATH=/home/meric/f1_ws/install/vesc_driver/lib:/home/meric/f1_ws/install/vesc_ackermann/lib:/home/meric/f1_ws/install/vesc_msgs/lib:/opt/ros/humble/opt/rviz_ogre_vendor/lib:/opt/ros/humble/lib/aarch64-linux-gnu:/opt/ros/humble/lib:/usr/local/cuda-12.2/lib64:/home/meric/f1tenth_ws/install/vesc_ackermann/lib PYTHONPATH=/home/meric/f1_ws/install/vesc_msgs/local/lib/python3.10/dist-packages:${PYTHONPATH} /usr/bin/cmake --install /home/meric/f1_ws/build/vesc
[0.172s] -- Install configuration: ""
[0.173s] -- Up-to-date: /home/meric/f1_ws/install/vesc/share/ament_index/resource_index/package_run_dependencies/vesc
[0.173s] -- Up-to-date: /home/meric/f1_ws/install/vesc/share/ament_index/resource_index/parent_prefix_path/vesc
[0.173s] -- Up-to-date: /home/meric/f1_ws/install/vesc/share/vesc/environment/ament_prefix_path.sh
[0.173s] -- Up-to-date: /home/meric/f1_ws/install/vesc/share/vesc/environment/ament_prefix_path.dsv
[0.174s] -- Up-to-date: /home/meric/f1_ws/install/vesc/share/vesc/environment/path.sh
[0.174s] -- Up-to-date: /home/meric/f1_ws/install/vesc/share/vesc/environment/path.dsv
[0.174s] -- Up-to-date: /home/meric/f1_ws/install/vesc/share/vesc/local_setup.bash
[0.174s] -- Up-to-date: /home/meric/f1_ws/install/vesc/share/vesc/local_setup.sh
[0.174s] -- Up-to-date: /home/meric/f1_ws/install/vesc/share/vesc/local_setup.zsh
[0.174s] -- Up-to-date: /home/meric/f1_ws/install/vesc/share/vesc/local_setup.dsv
[0.175s] -- Installing: /home/meric/f1_ws/install/vesc/share/vesc/package.dsv
[0.175s] -- Up-to-date: /home/meric/f1_ws/install/vesc/share/ament_index/resource_index/packages/vesc
[0.175s] -- Up-to-date: /home/meric/f1_ws/install/vesc/share/vesc/cmake/vescConfig.cmake
[0.175s] -- Up-to-date: /home/meric/f1_ws/install/vesc/share/vesc/cmake/vescConfig-version.cmake
[0.175s] -- Up-to-date: /home/meric/f1_ws/install/vesc/share/vesc/package.xml
[0.180s] Invoked command in '/home/meric/f1_ws/build/vesc' returned '0': AMENT_PREFIX_PATH=/home/meric/f1_ws/install/vesc_driver:/home/meric/f1_ws/install/vesc_ackermann:/home/meric/f1_ws/install/vesc_msgs:${AMENT_PREFIX_PATH} CMAKE_PREFIX_PATH=/home/meric/f1_ws/install/vesc_driver:/home/meric/f1_ws/install/vesc_ackermann:/home/meric/f1_ws/install/vesc_msgs:/opt/ros/humble LD_LIBRARY_PATH=/home/meric/f1_ws/install/vesc_driver/lib:/home/meric/f1_ws/install/vesc_ackermann/lib:/home/meric/f1_ws/install/vesc_msgs/lib:/opt/ros/humble/opt/rviz_ogre_vendor/lib:/opt/ros/humble/lib/aarch64-linux-gnu:/opt/ros/humble/lib:/usr/local/cuda-12.2/lib64:/home/meric/f1tenth_ws/install/vesc_ackermann/lib PYTHONPATH=/home/meric/f1_ws/install/vesc_msgs/local/lib/python3.10/dist-packages:${PYTHONPATH} /usr/bin/cmake --install /home/meric/f1_ws/build/vesc
