[0.067s] Invoking command in '/home/meric/f1_ws/build/ackermann_mux': CMAKE_PREFIX_PATH=${CMAKE_PREFIX_PATH}:/home/meric/f1_ws/install/f1tenth_stack:/home/meric/f1_ws/install/joy_teleop:/home/meric/f1_ws/install/mouse_teleop:/home/meric/f1_ws/install/key_teleop:/opt/ros/humble /usr/bin/cmake /home/meric/f1_ws/src/f1tenth_system/ackermann_mux -DCMAKE_INSTALL_PREFIX=/home/meric/f1_ws/install/ackermann_mux
[1.388s] -- Found ament_cmake: 1.3.10 (/opt/ros/humble/share/ament_cmake/cmake)
[1.388s] -- Override CMake install command with custom implementation using symlinks instead of copying resources
[1.389s] -- Found rclcpp: 16.0.10 (/opt/ros/humble/share/rclcpp/cmake)
[1.389s] -- Found rosidl_generator_c: 3.1.5 (/opt/ros/humble/share/rosidl_generator_c/cmake)
[1.389s] -- Found rosidl_adapter: 3.1.5 (/opt/ros/humble/share/rosidl_adapter/cmake)
[1.389s] -- Found rosidl_generator_cpp: 3.1.5 (/opt/ros/humble/share/rosidl_generator_cpp/cmake)
[1.389s] -- Using all available rosidl_typesupport_c: rosidl_typesupport_fastrtps_c;rosidl_typesupport_introspection_c
[1.389s] -- Using all available rosidl_typesupport_cpp: rosidl_typesupport_fastrtps_cpp;rosidl_typesupport_introspection_cpp
[1.389s] -- Found rmw_implementation_cmake: 6.1.2 (/opt/ros/humble/share/rmw_implementation_cmake/cmake)
[1.389s] -- Found rmw_fastrtps_cpp: 6.2.7 (/opt/ros/humble/share/rmw_fastrtps_cpp/cmake)
[1.389s] -- Using RMW implementation 'rmw_fastrtps_cpp' as default
[1.390s] -- Found ackermann_msgs: 2.0.2 (/opt/ros/humble/share/ackermann_msgs/cmake)
[1.390s] -- Found diagnostic_updater: 4.0.0 (/opt/ros/humble/share/diagnostic_updater/cmake)
[1.390s] -- Found ament_lint_auto: 0.12.11 (/opt/ros/humble/share/ament_lint_auto/cmake)
[1.390s] -- Found python_cmake_module: 0.10.0 (/opt/ros/humble/share/python_cmake_module/cmake)
[1.390s] -- Using PYTHON_EXECUTABLE: /usr/bin/python3
[1.390s] -- Using PYTHON_INCLUDE_DIRS: /usr/include/python3.10
[1.390s] -- Using PYTHON_LIBRARIES: /usr/lib/aarch64-linux-gnu/libpython3.10.so
[1.390s] -- Added test 'xmllint' to check XML markup files
[1.390s] -- Added test 'copyright' to check source files copyright and LICENSE
[1.391s] -- Added test 'cppcheck' to perform static code analysis on C / C++ code
[1.391s] -- Configured cppcheck include dirs: /home/meric/f1_ws/src/f1tenth_system/ackermann_mux/include
[1.391s] -- Configured cppcheck exclude dirs and/or files: 
[1.391s] -- Added test 'cpplint' to check C / C++ code against the Google style
[1.391s] -- Configured cpplint exclude dirs and/or files: 
[1.391s] -- Added test 'flake8' to check Python code syntax and style conventions
[1.391s] -- Added test 'lint_cmake' to check CMake code style
[1.391s] -- Added test 'pep257' to check Python code against some of the docstring style conventions in PEP 257
[1.391s] -- Added test 'uncrustify' to check C / C++ code style
[1.392s] -- Configured uncrustify additional arguments: 
[1.392s] -- Configuring done
[1.392s] -- Generating done
[1.392s] -- Build files have been written to: /home/meric/f1_ws/build/ackermann_mux
[2.048s] Invoked command in '/home/meric/f1_ws/build/ackermann_mux' returned '0': CMAKE_PREFIX_PATH=${CMAKE_PREFIX_PATH}:/home/meric/f1_ws/install/f1tenth_stack:/home/meric/f1_ws/install/joy_teleop:/home/meric/f1_ws/install/mouse_teleop:/home/meric/f1_ws/install/key_teleop:/opt/ros/humble /usr/bin/cmake /home/meric/f1_ws/src/f1tenth_system/ackermann_mux -DCMAKE_INSTALL_PREFIX=/home/meric/f1_ws/install/ackermann_mux
[2.052s] Invoking command in '/home/meric/f1_ws/build/ackermann_mux': CMAKE_PREFIX_PATH=${CMAKE_PREFIX_PATH}:/home/meric/f1_ws/install/f1tenth_stack:/home/meric/f1_ws/install/joy_teleop:/home/meric/f1_ws/install/mouse_teleop:/home/meric/f1_ws/install/key_teleop:/opt/ros/humble /usr/bin/cmake --build /home/meric/f1_ws/build/ackermann_mux -- -j6 -l6
[2.181s] [35m[1mConsolidate compiler generated dependencies of target ackermann_mux[0m
[2.228s] [100%] Built target ackermann_mux
[2.257s] Invoked command in '/home/meric/f1_ws/build/ackermann_mux' returned '0': CMAKE_PREFIX_PATH=${CMAKE_PREFIX_PATH}:/home/meric/f1_ws/install/f1tenth_stack:/home/meric/f1_ws/install/joy_teleop:/home/meric/f1_ws/install/mouse_teleop:/home/meric/f1_ws/install/key_teleop:/opt/ros/humble /usr/bin/cmake --build /home/meric/f1_ws/build/ackermann_mux -- -j6 -l6
[2.363s] Invoking command in '/home/meric/f1_ws/build/ackermann_mux': CMAKE_PREFIX_PATH=${CMAKE_PREFIX_PATH}:/home/meric/f1_ws/install/f1tenth_stack:/home/meric/f1_ws/install/joy_teleop:/home/meric/f1_ws/install/mouse_teleop:/home/meric/f1_ws/install/key_teleop:/opt/ros/humble /usr/bin/cmake --install /home/meric/f1_ws/build/ackermann_mux
[2.384s] -- Install configuration: ""
[2.385s] -- Execute custom install script
[2.386s] -- Symlinking: /home/meric/f1_ws/install/ackermann_mux/lib/ackermann_mux/ackermann_mux
[2.408s] -- Symlinking: /home/meric/f1_ws/install/ackermann_mux/share/ackermann_mux/launch/ackermann_mux_launch.py
[2.440s] -- Symlinking: /home/meric/f1_ws/install/ackermann_mux/share/ackermann_mux/config/ackermann_mux_locks.yaml
[2.461s] -- Symlinking: /home/meric/f1_ws/install/ackermann_mux/share/ackermann_mux/config/ackermann_mux_topics.yaml
[2.481s] -- Symlinking: /home/meric/f1_ws/install/ackermann_mux/share/ackermann_mux/config/joystick.yaml
[2.503s] -- Symlinking: /home/meric/f1_ws/install/ackermann_mux/include/ackermann_mux/ackermann_mux.hpp
[2.528s] -- Symlinking: /home/meric/f1_ws/install/ackermann_mux/include/ackermann_mux/ackermann_mux_diagnostics.hpp
[2.549s] -- Symlinking: /home/meric/f1_ws/install/ackermann_mux/include/ackermann_mux/ackermann_mux_diagnostics_status.hpp
[2.571s] -- Symlinking: /home/meric/f1_ws/install/ackermann_mux/include/ackermann_mux/params_helpers.hpp
[2.594s] -- Symlinking: /home/meric/f1_ws/install/ackermann_mux/include/ackermann_mux/topic_handle.hpp
[2.617s] -- Symlinking: /home/meric/f1_ws/install/ackermann_mux/include/ackermann_mux/utils.hpp
[2.638s] -- Symlinking: /home/meric/f1_ws/install/ackermann_mux/share/ament_index/resource_index/package_run_dependencies/ackermann_mux
[2.660s] -- Symlinking: /home/meric/f1_ws/install/ackermann_mux/share/ament_index/resource_index/parent_prefix_path/ackermann_mux
[2.685s] -- Symlinking: /home/meric/f1_ws/install/ackermann_mux/share/ackermann_mux/environment/ament_prefix_path.sh
[2.731s] -- Symlinking: /home/meric/f1_ws/install/ackermann_mux/share/ackermann_mux/environment/ament_prefix_path.dsv
[2.760s] -- Symlinking: /home/meric/f1_ws/install/ackermann_mux/share/ackermann_mux/environment/path.sh
[2.781s] -- Symlinking: /home/meric/f1_ws/install/ackermann_mux/share/ackermann_mux/environment/path.dsv
[2.811s] -- Symlinking: /home/meric/f1_ws/install/ackermann_mux/share/ackermann_mux/local_setup.bash
[2.838s] -- Symlinking: /home/meric/f1_ws/install/ackermann_mux/share/ackermann_mux/local_setup.sh
[2.859s] -- Symlinking: /home/meric/f1_ws/install/ackermann_mux/share/ackermann_mux/local_setup.zsh
[2.880s] -- Symlinking: /home/meric/f1_ws/install/ackermann_mux/share/ackermann_mux/local_setup.dsv
[2.906s] -- Symlinking: /home/meric/f1_ws/install/ackermann_mux/share/ackermann_mux/package.dsv
[2.928s] -- Symlinking: /home/meric/f1_ws/install/ackermann_mux/share/ament_index/resource_index/packages/ackermann_mux
[2.949s] -- Symlinking: /home/meric/f1_ws/install/ackermann_mux/share/ackermann_mux/cmake/ament_cmake_export_include_directories-extras.cmake
[2.975s] -- Symlinking: /home/meric/f1_ws/install/ackermann_mux/share/ackermann_mux/cmake/ament_cmake_export_dependencies-extras.cmake
[3.005s] -- Symlinking: /home/meric/f1_ws/install/ackermann_mux/share/ackermann_mux/cmake/ackermann_muxConfig.cmake
[3.031s] -- Symlinking: /home/meric/f1_ws/install/ackermann_mux/share/ackermann_mux/cmake/ackermann_muxConfig-version.cmake
[3.054s] -- Symlinking: /home/meric/f1_ws/install/ackermann_mux/share/ackermann_mux/package.xml
