[0.052s] Invoking command in '/home/meric/f1_ws/build/ackermann_mux': CMAKE_PREFIX_PATH=/opt/ros/humble /usr/bin/cmake /home/meric/f1_ws/src/f1tenth_system/ackermann_mux -DAMENT_CMAKE_SYMLINK_INSTALL=1 -DCMAKE_INSTALL_PREFIX=/home/meric/f1_ws/install/ackermann_mux
[1.978s] -- Found ament_cmake: 1.3.10 (/opt/ros/humble/share/ament_cmake/cmake)
[1.979s] -- Override CMake install command with custom implementation using symlinks instead of copying resources
[1.979s] -- Found rclcpp: 16.0.10 (/opt/ros/humble/share/rclcpp/cmake)
[1.979s] -- Found rosidl_generator_c: 3.1.5 (/opt/ros/humble/share/rosidl_generator_c/cmake)
[1.983s] -- Found rosidl_adapter: 3.1.5 (/opt/ros/humble/share/rosidl_adapter/cmake)
[1.984s] -- Found rosidl_generator_cpp: 3.1.5 (/opt/ros/humble/share/rosidl_generator_cpp/cmake)
[1.984s] -- Using all available rosidl_typesupport_c: rosidl_typesupport_fastrtps_c;rosidl_typesupport_introspection_c
[1.984s] -- Using all available rosidl_typesupport_cpp: rosidl_typesupport_fastrtps_cpp;rosidl_typesupport_introspection_cpp
[1.984s] -- Found rmw_implementation_cmake: 6.1.2 (/opt/ros/humble/share/rmw_implementation_cmake/cmake)
[1.984s] -- Found rmw_fastrtps_cpp: 6.2.7 (/opt/ros/humble/share/rmw_fastrtps_cpp/cmake)
[1.984s] -- Using RMW implementation 'rmw_fastrtps_cpp' as default
[1.984s] -- Found ackermann_msgs: 2.0.2 (/opt/ros/humble/share/ackermann_msgs/cmake)
[1.985s] -- Found diagnostic_updater: 4.0.0 (/opt/ros/humble/share/diagnostic_updater/cmake)
[1.985s] -- Found ament_lint_auto: 0.12.11 (/opt/ros/humble/share/ament_lint_auto/cmake)
[1.985s] -- Found python_cmake_module: 0.10.0 (/opt/ros/humble/share/python_cmake_module/cmake)
[1.985s] -- Using PYTHON_EXECUTABLE: /usr/bin/python3
[1.985s] -- Using PYTHON_INCLUDE_DIRS: /usr/include/python3.10
[1.985s] -- Using PYTHON_LIBRARIES: /usr/lib/aarch64-linux-gnu/libpython3.10.so
[1.986s] -- Added test 'xmllint' to check XML markup files
[1.986s] -- Added test 'copyright' to check source files copyright and LICENSE
[1.986s] -- Added test 'cppcheck' to perform static code analysis on C / C++ code
[1.986s] -- Configured cppcheck include dirs: /home/meric/f1_ws/src/f1tenth_system/ackermann_mux/include
[1.986s] -- Configured cppcheck exclude dirs and/or files: 
[1.986s] -- Added test 'cpplint' to check C / C++ code against the Google style
[1.986s] -- Configured cpplint exclude dirs and/or files: 
[1.986s] -- Added test 'flake8' to check Python code syntax and style conventions
[1.987s] -- Added test 'lint_cmake' to check CMake code style
[1.987s] -- Added test 'pep257' to check Python code against some of the docstring style conventions in PEP 257
[1.987s] -- Added test 'uncrustify' to check C / C++ code style
[1.987s] -- Configured uncrustify additional arguments: 
[1.987s] -- Configuring done
[1.987s] -- Generating done
[1.987s] -- Build files have been written to: /home/meric/f1_ws/build/ackermann_mux
[1.988s] Invoked command in '/home/meric/f1_ws/build/ackermann_mux' returned '0': CMAKE_PREFIX_PATH=/opt/ros/humble /usr/bin/cmake /home/meric/f1_ws/src/f1tenth_system/ackermann_mux -DAMENT_CMAKE_SYMLINK_INSTALL=1 -DCMAKE_INSTALL_PREFIX=/home/meric/f1_ws/install/ackermann_mux
[1.989s] Invoking command in '/home/meric/f1_ws/build/ackermann_mux': CMAKE_PREFIX_PATH=/opt/ros/humble /usr/bin/cmake --build /home/meric/f1_ws/build/ackermann_mux -- -j6 -l6
[2.086s] [35m[1mConsolidate compiler generated dependencies of target ackermann_mux[0m
[2.132s] [ 25%] [32m[1mLinking CXX executable ackermann_mux[0m
[3.668s] [100%] Built target ackermann_mux
