[ 10%] Built target vesc_msgs__rosidl_generator_c
[ 12%] Built target vesc_msgs__cpp
[ 12%] Built target ament_cmake_python_copy_vesc_msgs
[35m[1mConsolidate compiler generated dependencies of target vesc_msgs__rosidl_typesupport_fastrtps_c[0m
[35m[1mConsolidate compiler generated dependencies of target vesc_msgs__rosidl_typesupport_cpp[0m
[35m[1mConsolidate compiler generated dependencies of target vesc_msgs__rosidl_typesupport_introspection_c[0m
[35m[1mConsolidate compiler generated dependencies of target vesc_msgs__rosidl_typesupport_c[0m
[35m[1mConsolidate compiler generated dependencies of target vesc_msgs__rosidl_typesupport_introspection_cpp[0m
[35m[1mConsolidate compiler generated dependencies of target vesc_msgs__rosidl_typesupport_fastrtps_cpp[0m
[ 23%] Built target vesc_msgs__rosidl_typesupport_fastrtps_c
[ 34%] Built target vesc_msgs__rosidl_typesupport_cpp
[ 45%] Built target vesc_msgs__rosidl_typesupport_introspection_c
[ 56%] Built target vesc_msgs__rosidl_typesupport_introspection_cpp
[ 76%] Built target vesc_msgs__rosidl_typesupport_fastrtps_cpp
[ 78%] Built target vesc_msgs__rosidl_typesupport_c
[ 78%] Built target vesc_msgs
[ 80%] [34m[1mGenerating Python code for ROS interfaces[0m
running egg_info
writing vesc_msgs.egg-info/PKG-INFO
writing dependency_links to vesc_msgs.egg-info/dependency_links.txt
writing top-level names to vesc_msgs.egg-info/top_level.txt
reading manifest file 'vesc_msgs.egg-info/SOURCES.txt'
[ 80%] Built target vesc_msgs__py
