[0.060s] Invoking command in '/home/meric/f1_ws/build/teleop_tools_msgs': CMAKE_PREFIX_PATH=/opt/ros/humble /usr/bin/cmake --build /home/meric/f1_ws/build/teleop_tools_msgs -- -j6 -l6
[1.312s] [  9%] Built target teleop_tools_msgs__rosidl_generator_c
[1.313s] [ 12%] Built target teleop_tools_msgs__cpp
[1.313s] [ 12%] Built target ament_cmake_python_copy_teleop_tools_msgs
[1.314s] [ 22%] Built target teleop_tools_msgs__rosidl_typesupport_introspection_c
[1.315s] [ 32%] Built target teleop_tools_msgs__rosidl_typesupport_c
[1.315s] [ 41%] Built target teleop_tools_msgs__rosidl_typesupport_fastrtps_c
[1.315s] [ 51%] Built target teleop_tools_msgs__rosidl_typesupport_fastrtps_cpp
[1.315s] [ 61%] Built target teleop_tools_msgs__rosidl_typesupport_introspection_cpp
[1.315s] [ 70%] Built target teleop_tools_msgs__rosidl_typesupport_cpp
[1.315s] [ 70%] Built target teleop_tools_msgs
[1.316s] [ 74%] Built target teleop_tools_msgs__py
[1.316s] [ 80%] Built target teleop_tools_msgs__rosidl_generator_py
[1.316s] [ 87%] Built target teleop_tools_msgs__rosidl_typesupport_fastrtps_c__pyext
[1.316s] [ 96%] Built target teleop_tools_msgs__rosidl_typesupport_introspection_c__pyext
[1.316s] [100%] Built target teleop_tools_msgs__rosidl_typesupport_c__pyext
[1.316s] running egg_info
[1.316s] writing teleop_tools_msgs.egg-info/PKG-INFO
[1.316s] writing dependency_links to teleop_tools_msgs.egg-info/dependency_links.txt
[1.316s] writing top-level names to teleop_tools_msgs.egg-info/top_level.txt
[1.317s] reading manifest file 'teleop_tools_msgs.egg-info/SOURCES.txt'
[1.317s] writing manifest file 'teleop_tools_msgs.egg-info/SOURCES.txt'
[1.317s] [100%] Built target ament_cmake_python_build_teleop_tools_msgs_egg
[1.917s] Invoked command in '/home/meric/f1_ws/build/teleop_tools_msgs' returned '0': CMAKE_PREFIX_PATH=/opt/ros/humble /usr/bin/cmake --build /home/meric/f1_ws/build/teleop_tools_msgs -- -j6 -l6
[2.096s] Invoking command in '/home/meric/f1_ws/build/teleop_tools_msgs': CMAKE_PREFIX_PATH=/opt/ros/humble /usr/bin/cmake --install /home/meric/f1_ws/build/teleop_tools_msgs
[2.112s] -- Install configuration: ""
[2.112s] -- Up-to-date: /home/meric/f1_ws/install/teleop_tools_msgs/share/ament_index/resource_index/rosidl_interfaces/teleop_tools_msgs
[2.113s] -- Up-to-date: /home/meric/f1_ws/install/teleop_tools_msgs/include/teleop_tools_msgs/teleop_tools_msgs
[2.113s] -- Up-to-date: /home/meric/f1_ws/install/teleop_tools_msgs/include/teleop_tools_msgs/teleop_tools_msgs/msg
[2.113s] -- Up-to-date: /home/meric/f1_ws/install/teleop_tools_msgs/include/teleop_tools_msgs/teleop_tools_msgs/msg/rosidl_generator_c__visibility_control.h
[2.113s] -- Up-to-date: /home/meric/f1_ws/install/teleop_tools_msgs/include/teleop_tools_msgs/teleop_tools_msgs/action
[2.113s] -- Up-to-date: /home/meric/f1_ws/install/teleop_tools_msgs/include/teleop_tools_msgs/teleop_tools_msgs/action/detail
[2.114s] -- Up-to-date: /home/meric/f1_ws/install/teleop_tools_msgs/include/teleop_tools_msgs/teleop_tools_msgs/action/detail/increment__functions.c
[2.114s] -- Up-to-date: /home/meric/f1_ws/install/teleop_tools_msgs/include/teleop_tools_msgs/teleop_tools_msgs/action/detail/increment__type_support.h
[2.114s] -- Up-to-date: /home/meric/f1_ws/install/teleop_tools_msgs/include/teleop_tools_msgs/teleop_tools_msgs/action/detail/increment__struct.h
[2.114s] -- Up-to-date: /home/meric/f1_ws/install/teleop_tools_msgs/include/teleop_tools_msgs/teleop_tools_msgs/action/detail/increment__functions.h
[2.114s] -- Up-to-date: /home/meric/f1_ws/install/teleop_tools_msgs/include/teleop_tools_msgs/teleop_tools_msgs/action/increment.h
[2.114s] -- Up-to-date: /home/meric/f1_ws/install/teleop_tools_msgs/share/teleop_tools_msgs/environment/library_path.sh
[2.114s] -- Up-to-date: /home/meric/f1_ws/install/teleop_tools_msgs/share/teleop_tools_msgs/environment/library_path.dsv
[2.115s] -- Up-to-date: /home/meric/f1_ws/install/teleop_tools_msgs/lib/libteleop_tools_msgs__rosidl_generator_c.so
[2.115s] -- Up-to-date: /home/meric/f1_ws/install/teleop_tools_msgs/include/teleop_tools_msgs/teleop_tools_msgs
[2.115s] -- Up-to-date: /home/meric/f1_ws/install/teleop_tools_msgs/include/teleop_tools_msgs/teleop_tools_msgs/msg
[2.115s] -- Up-to-date: /home/meric/f1_ws/install/teleop_tools_msgs/include/teleop_tools_msgs/teleop_tools_msgs/msg/rosidl_typesupport_fastrtps_c__visibility_control.h
[2.116s] -- Up-to-date: /home/meric/f1_ws/install/teleop_tools_msgs/include/teleop_tools_msgs/teleop_tools_msgs/action
[2.116s] -- Up-to-date: /home/meric/f1_ws/install/teleop_tools_msgs/include/teleop_tools_msgs/teleop_tools_msgs/action/detail
[2.116s] -- Up-to-date: /home/meric/f1_ws/install/teleop_tools_msgs/include/teleop_tools_msgs/teleop_tools_msgs/action/detail/increment__rosidl_typesupport_fastrtps_c.h
[2.117s] -- Up-to-date: /home/meric/f1_ws/install/teleop_tools_msgs/lib/libteleop_tools_msgs__rosidl_typesupport_fastrtps_c.so
[2.117s] -- Up-to-date: /home/meric/f1_ws/install/teleop_tools_msgs/include/teleop_tools_msgs/teleop_tools_msgs
[2.117s] -- Up-to-date: /home/meric/f1_ws/install/teleop_tools_msgs/include/teleop_tools_msgs/teleop_tools_msgs/msg
[2.117s] -- Up-to-date: /home/meric/f1_ws/install/teleop_tools_msgs/include/teleop_tools_msgs/teleop_tools_msgs/msg/rosidl_typesupport_introspection_c__visibility_control.h
[2.118s] -- Up-to-date: /home/meric/f1_ws/install/teleop_tools_msgs/include/teleop_tools_msgs/teleop_tools_msgs/action
[2.118s] -- Up-to-date: /home/meric/f1_ws/install/teleop_tools_msgs/include/teleop_tools_msgs/teleop_tools_msgs/action/detail
[2.118s] -- Up-to-date: /home/meric/f1_ws/install/teleop_tools_msgs/include/teleop_tools_msgs/teleop_tools_msgs/action/detail/increment__type_support.c
[2.118s] -- Up-to-date: /home/meric/f1_ws/install/teleop_tools_msgs/include/teleop_tools_msgs/teleop_tools_msgs/action/detail/increment__rosidl_typesupport_introspection_c.h
[2.119s] -- Up-to-date: /home/meric/f1_ws/install/teleop_tools_msgs/lib/libteleop_tools_msgs__rosidl_typesupport_introspection_c.so
[2.119s] -- Up-to-date: /home/meric/f1_ws/install/teleop_tools_msgs/lib/libteleop_tools_msgs__rosidl_typesupport_c.so
[2.119s] -- Up-to-date: /home/meric/f1_ws/install/teleop_tools_msgs/include/teleop_tools_msgs/teleop_tools_msgs
[2.119s] -- Up-to-date: /home/meric/f1_ws/install/teleop_tools_msgs/include/teleop_tools_msgs/teleop_tools_msgs/action
[2.119s] -- Up-to-date: /home/meric/f1_ws/install/teleop_tools_msgs/include/teleop_tools_msgs/teleop_tools_msgs/action/increment.hpp
[2.119s] -- Up-to-date: /home/meric/f1_ws/install/teleop_tools_msgs/include/teleop_tools_msgs/teleop_tools_msgs/action/detail
[2.120s] -- Up-to-date: /home/meric/f1_ws/install/teleop_tools_msgs/include/teleop_tools_msgs/teleop_tools_msgs/action/detail/increment__builder.hpp
[2.120s] -- Up-to-date: /home/meric/f1_ws/install/teleop_tools_msgs/include/teleop_tools_msgs/teleop_tools_msgs/action/detail/increment__traits.hpp
[2.120s] -- Up-to-date: /home/meric/f1_ws/install/teleop_tools_msgs/include/teleop_tools_msgs/teleop_tools_msgs/action/detail/increment__struct.hpp
[2.120s] -- Up-to-date: /home/meric/f1_ws/install/teleop_tools_msgs/include/teleop_tools_msgs/teleop_tools_msgs
[2.121s] -- Up-to-date: /home/meric/f1_ws/install/teleop_tools_msgs/include/teleop_tools_msgs/teleop_tools_msgs/msg
[2.121s] -- Up-to-date: /home/meric/f1_ws/install/teleop_tools_msgs/include/teleop_tools_msgs/teleop_tools_msgs/msg/rosidl_typesupport_fastrtps_cpp__visibility_control.h
[2.121s] -- Up-to-date: /home/meric/f1_ws/install/teleop_tools_msgs/include/teleop_tools_msgs/teleop_tools_msgs/action
[2.121s] -- Up-to-date: /home/meric/f1_ws/install/teleop_tools_msgs/include/teleop_tools_msgs/teleop_tools_msgs/action/detail
[2.121s] -- Up-to-date: /home/meric/f1_ws/install/teleop_tools_msgs/include/teleop_tools_msgs/teleop_tools_msgs/action/detail/dds_fastrtps
[2.121s] -- Up-to-date: /home/meric/f1_ws/install/teleop_tools_msgs/include/teleop_tools_msgs/teleop_tools_msgs/action/detail/increment__rosidl_typesupport_fastrtps_cpp.hpp
[2.121s] -- Up-to-date: /home/meric/f1_ws/install/teleop_tools_msgs/lib/libteleop_tools_msgs__rosidl_typesupport_fastrtps_cpp.so
[2.122s] -- Up-to-date: /home/meric/f1_ws/install/teleop_tools_msgs/include/teleop_tools_msgs/teleop_tools_msgs
[2.122s] -- Up-to-date: /home/meric/f1_ws/install/teleop_tools_msgs/include/teleop_tools_msgs/teleop_tools_msgs/action
[2.122s] -- Up-to-date: /home/meric/f1_ws/install/teleop_tools_msgs/include/teleop_tools_msgs/teleop_tools_msgs/action/detail
[2.122s] -- Up-to-date: /home/meric/f1_ws/install/teleop_tools_msgs/include/teleop_tools_msgs/teleop_tools_msgs/action/detail/increment__type_support.cpp
[2.122s] -- Up-to-date: /home/meric/f1_ws/install/teleop_tools_msgs/include/teleop_tools_msgs/teleop_tools_msgs/action/detail/increment__rosidl_typesupport_introspection_cpp.hpp
[2.122s] -- Up-to-date: /home/meric/f1_ws/install/teleop_tools_msgs/lib/libteleop_tools_msgs__rosidl_typesupport_introspection_cpp.so
[2.125s] -- Up-to-date: /home/meric/f1_ws/install/teleop_tools_msgs/lib/libteleop_tools_msgs__rosidl_typesupport_cpp.so
[2.126s] -- Up-to-date: /home/meric/f1_ws/install/teleop_tools_msgs/share/teleop_tools_msgs/environment/pythonpath.sh
[2.126s] -- Up-to-date: /home/meric/f1_ws/install/teleop_tools_msgs/share/teleop_tools_msgs/environment/pythonpath.dsv
[2.126s] -- Up-to-date: /home/meric/f1_ws/install/teleop_tools_msgs/local/lib/python3.10/dist-packages/teleop_tools_msgs-1.2.1-py3.10.egg-info
[2.126s] -- Installing: /home/meric/f1_ws/install/teleop_tools_msgs/local/lib/python3.10/dist-packages/teleop_tools_msgs-1.2.1-py3.10.egg-info/dependency_links.txt
[2.127s] -- Installing: /home/meric/f1_ws/install/teleop_tools_msgs/local/lib/python3.10/dist-packages/teleop_tools_msgs-1.2.1-py3.10.egg-info/top_level.txt
[2.127s] -- Installing: /home/meric/f1_ws/install/teleop_tools_msgs/local/lib/python3.10/dist-packages/teleop_tools_msgs-1.2.1-py3.10.egg-info/PKG-INFO
[2.127s] -- Installing: /home/meric/f1_ws/install/teleop_tools_msgs/local/lib/python3.10/dist-packages/teleop_tools_msgs-1.2.1-py3.10.egg-info/SOURCES.txt
[2.127s] -- Up-to-date: /home/meric/f1_ws/install/teleop_tools_msgs/local/lib/python3.10/dist-packages/teleop_tools_msgs
[2.127s] -- Up-to-date: /home/meric/f1_ws/install/teleop_tools_msgs/local/lib/python3.10/dist-packages/teleop_tools_msgs/teleop_tools_msgs_s__rosidl_typesupport_c.cpython-310-aarch64-linux-gnu.so
[2.127s] -- Up-to-date: /home/meric/f1_ws/install/teleop_tools_msgs/local/lib/python3.10/dist-packages/teleop_tools_msgs/__init__.py
[2.128s] -- Up-to-date: /home/meric/f1_ws/install/teleop_tools_msgs/local/lib/python3.10/dist-packages/teleop_tools_msgs/_teleop_tools_msgs_s.ep.rosidl_typesupport_c.c
[2.128s] -- Up-to-date: /home/meric/f1_ws/install/teleop_tools_msgs/local/lib/python3.10/dist-packages/teleop_tools_msgs/action
[2.128s] -- Up-to-date: /home/meric/f1_ws/install/teleop_tools_msgs/local/lib/python3.10/dist-packages/teleop_tools_msgs/action/__init__.py
[2.128s] -- Up-to-date: /home/meric/f1_ws/install/teleop_tools_msgs/local/lib/python3.10/dist-packages/teleop_tools_msgs/action/_increment.py
[2.128s] -- Up-to-date: /home/meric/f1_ws/install/teleop_tools_msgs/local/lib/python3.10/dist-packages/teleop_tools_msgs/action/_increment_s.c
[2.128s] -- Up-to-date: /home/meric/f1_ws/install/teleop_tools_msgs/local/lib/python3.10/dist-packages/teleop_tools_msgs/_teleop_tools_msgs_s.ep.rosidl_typesupport_fastrtps_c.c
[2.128s] -- Up-to-date: /home/meric/f1_ws/install/teleop_tools_msgs/local/lib/python3.10/dist-packages/teleop_tools_msgs/teleop_tools_msgs_s__rosidl_typesupport_introspection_c.cpython-310-aarch64-linux-gnu.so
[2.129s] -- Up-to-date: /home/meric/f1_ws/install/teleop_tools_msgs/local/lib/python3.10/dist-packages/teleop_tools_msgs/teleop_tools_msgs_s__rosidl_typesupport_fastrtps_c.cpython-310-aarch64-linux-gnu.so
[2.129s] -- Up-to-date: /home/meric/f1_ws/install/teleop_tools_msgs/local/lib/python3.10/dist-packages/teleop_tools_msgs/libteleop_tools_msgs__rosidl_generator_py.so
[2.129s] -- Up-to-date: /home/meric/f1_ws/install/teleop_tools_msgs/local/lib/python3.10/dist-packages/teleop_tools_msgs/_teleop_tools_msgs_s.ep.rosidl_typesupport_introspection_c.c
[2.204s] Listing '/home/meric/f1_ws/install/teleop_tools_msgs/local/lib/python3.10/dist-packages/teleop_tools_msgs'...
[2.204s] Listing '/home/meric/f1_ws/install/teleop_tools_msgs/local/lib/python3.10/dist-packages/teleop_tools_msgs/action'...
[2.254s] -- Up-to-date: /home/meric/f1_ws/install/teleop_tools_msgs/local/lib/python3.10/dist-packages/teleop_tools_msgs/teleop_tools_msgs_s__rosidl_typesupport_fastrtps_c.cpython-310-aarch64-linux-gnu.so
[2.254s] -- Up-to-date: /home/meric/f1_ws/install/teleop_tools_msgs/local/lib/python3.10/dist-packages/teleop_tools_msgs/teleop_tools_msgs_s__rosidl_typesupport_introspection_c.cpython-310-aarch64-linux-gnu.so
[2.255s] -- Up-to-date: /home/meric/f1_ws/install/teleop_tools_msgs/local/lib/python3.10/dist-packages/teleop_tools_msgs/teleop_tools_msgs_s__rosidl_typesupport_c.cpython-310-aarch64-linux-gnu.so
[2.256s] -- Up-to-date: /home/meric/f1_ws/install/teleop_tools_msgs/lib/libteleop_tools_msgs__rosidl_generator_py.so
[2.257s] -- Up-to-date: /home/meric/f1_ws/install/teleop_tools_msgs/share/teleop_tools_msgs/action/Increment.idl
[2.257s] -- Up-to-date: /home/meric/f1_ws/install/teleop_tools_msgs/share/teleop_tools_msgs/action/Increment.action
[2.257s] -- Up-to-date: /home/meric/f1_ws/install/teleop_tools_msgs/share/ament_index/resource_index/package_run_dependencies/teleop_tools_msgs
[2.257s] -- Up-to-date: /home/meric/f1_ws/install/teleop_tools_msgs/share/ament_index/resource_index/parent_prefix_path/teleop_tools_msgs
[2.258s] -- Up-to-date: /home/meric/f1_ws/install/teleop_tools_msgs/share/teleop_tools_msgs/environment/ament_prefix_path.sh
[2.258s] -- Up-to-date: /home/meric/f1_ws/install/teleop_tools_msgs/share/teleop_tools_msgs/environment/ament_prefix_path.dsv
[2.258s] -- Up-to-date: /home/meric/f1_ws/install/teleop_tools_msgs/share/teleop_tools_msgs/environment/path.sh
[2.258s] -- Up-to-date: /home/meric/f1_ws/install/teleop_tools_msgs/share/teleop_tools_msgs/environment/path.dsv
[2.260s] -- Up-to-date: /home/meric/f1_ws/install/teleop_tools_msgs/share/teleop_tools_msgs/local_setup.bash
[2.265s] -- Up-to-date: /home/meric/f1_ws/install/teleop_tools_msgs/share/teleop_tools_msgs/local_setup.sh
[2.266s] -- Up-to-date: /home/meric/f1_ws/install/teleop_tools_msgs/share/teleop_tools_msgs/local_setup.zsh
[2.266s] -- Up-to-date: /home/meric/f1_ws/install/teleop_tools_msgs/share/teleop_tools_msgs/local_setup.dsv
[2.266s] -- Installing: /home/meric/f1_ws/install/teleop_tools_msgs/share/teleop_tools_msgs/package.dsv
[2.267s] -- Up-to-date: /home/meric/f1_ws/install/teleop_tools_msgs/share/ament_index/resource_index/packages/teleop_tools_msgs
[2.267s] -- Up-to-date: /home/meric/f1_ws/install/teleop_tools_msgs/share/teleop_tools_msgs/cmake/export_teleop_tools_msgs__rosidl_generator_cExport.cmake
[2.268s] -- Up-to-date: /home/meric/f1_ws/install/teleop_tools_msgs/share/teleop_tools_msgs/cmake/export_teleop_tools_msgs__rosidl_generator_cExport-noconfig.cmake
[2.268s] -- Up-to-date: /home/meric/f1_ws/install/teleop_tools_msgs/share/teleop_tools_msgs/cmake/export_teleop_tools_msgs__rosidl_typesupport_fastrtps_cExport.cmake
[2.269s] -- Up-to-date: /home/meric/f1_ws/install/teleop_tools_msgs/share/teleop_tools_msgs/cmake/export_teleop_tools_msgs__rosidl_typesupport_fastrtps_cExport-noconfig.cmake
[2.269s] -- Up-to-date: /home/meric/f1_ws/install/teleop_tools_msgs/share/teleop_tools_msgs/cmake/teleop_tools_msgs__rosidl_typesupport_introspection_cExport.cmake
[2.269s] -- Up-to-date: /home/meric/f1_ws/install/teleop_tools_msgs/share/teleop_tools_msgs/cmake/teleop_tools_msgs__rosidl_typesupport_introspection_cExport-noconfig.cmake
[2.270s] -- Up-to-date: /home/meric/f1_ws/install/teleop_tools_msgs/share/teleop_tools_msgs/cmake/teleop_tools_msgs__rosidl_typesupport_cExport.cmake
[2.270s] -- Up-to-date: /home/meric/f1_ws/install/teleop_tools_msgs/share/teleop_tools_msgs/cmake/teleop_tools_msgs__rosidl_typesupport_cExport-noconfig.cmake
[2.270s] -- Up-to-date: /home/meric/f1_ws/install/teleop_tools_msgs/share/teleop_tools_msgs/cmake/export_teleop_tools_msgs__rosidl_generator_cppExport.cmake
[2.272s] -- Up-to-date: /home/meric/f1_ws/install/teleop_tools_msgs/share/teleop_tools_msgs/cmake/export_teleop_tools_msgs__rosidl_typesupport_fastrtps_cppExport.cmake
[2.272s] -- Up-to-date: /home/meric/f1_ws/install/teleop_tools_msgs/share/teleop_tools_msgs/cmake/export_teleop_tools_msgs__rosidl_typesupport_fastrtps_cppExport-noconfig.cmake
[2.273s] -- Up-to-date: /home/meric/f1_ws/install/teleop_tools_msgs/share/teleop_tools_msgs/cmake/teleop_tools_msgs__rosidl_typesupport_introspection_cppExport.cmake
[2.273s] -- Up-to-date: /home/meric/f1_ws/install/teleop_tools_msgs/share/teleop_tools_msgs/cmake/teleop_tools_msgs__rosidl_typesupport_introspection_cppExport-noconfig.cmake
[2.273s] -- Up-to-date: /home/meric/f1_ws/install/teleop_tools_msgs/share/teleop_tools_msgs/cmake/teleop_tools_msgs__rosidl_typesupport_cppExport.cmake
[2.273s] -- Up-to-date: /home/meric/f1_ws/install/teleop_tools_msgs/share/teleop_tools_msgs/cmake/teleop_tools_msgs__rosidl_typesupport_cppExport-noconfig.cmake
[2.273s] -- Up-to-date: /home/meric/f1_ws/install/teleop_tools_msgs/share/teleop_tools_msgs/cmake/export_teleop_tools_msgs__rosidl_generator_pyExport.cmake
[2.273s] -- Up-to-date: /home/meric/f1_ws/install/teleop_tools_msgs/share/teleop_tools_msgs/cmake/export_teleop_tools_msgs__rosidl_generator_pyExport-noconfig.cmake
[2.274s] -- Up-to-date: /home/meric/f1_ws/install/teleop_tools_msgs/share/teleop_tools_msgs/cmake/rosidl_cmake-extras.cmake
[2.274s] -- Up-to-date: /home/meric/f1_ws/install/teleop_tools_msgs/share/teleop_tools_msgs/cmake/ament_cmake_export_dependencies-extras.cmake
[2.274s] -- Up-to-date: /home/meric/f1_ws/install/teleop_tools_msgs/share/teleop_tools_msgs/cmake/ament_cmake_export_include_directories-extras.cmake
[2.276s] -- Up-to-date: /home/meric/f1_ws/install/teleop_tools_msgs/share/teleop_tools_msgs/cmake/ament_cmake_export_libraries-extras.cmake
[2.276s] -- Up-to-date: /home/meric/f1_ws/install/teleop_tools_msgs/share/teleop_tools_msgs/cmake/ament_cmake_export_targets-extras.cmake
[2.276s] -- Up-to-date: /home/meric/f1_ws/install/teleop_tools_msgs/share/teleop_tools_msgs/cmake/rosidl_cmake_export_typesupport_targets-extras.cmake
[2.276s] -- Up-to-date: /home/meric/f1_ws/install/teleop_tools_msgs/share/teleop_tools_msgs/cmake/rosidl_cmake_export_typesupport_libraries-extras.cmake
[2.276s] -- Up-to-date: /home/meric/f1_ws/install/teleop_tools_msgs/share/teleop_tools_msgs/cmake/teleop_tools_msgsConfig.cmake
[2.276s] -- Up-to-date: /home/meric/f1_ws/install/teleop_tools_msgs/share/teleop_tools_msgs/cmake/teleop_tools_msgsConfig-version.cmake
[2.276s] -- Up-to-date: /home/meric/f1_ws/install/teleop_tools_msgs/share/teleop_tools_msgs/package.xml
[2.277s] Invoked command in '/home/meric/f1_ws/build/teleop_tools_msgs' returned '0': CMAKE_PREFIX_PATH=/opt/ros/humble /usr/bin/cmake --install /home/meric/f1_ws/build/teleop_tools_msgs
