[3.063s] Invoking command in '/home/meric/f1_ws/src/f1tenth_system/teleop_tools/key_teleop': PS1=(venv) \[\e]0;\u@\h: \w\a\]${debian_chroot:+($debian_chroot)}\[\033[01;32m\]\u@\h\[\033[00m\]:\[\033[01;34m\]\w\[\033[00m\]\$ PYTHONPATH=/home/meric/f1_ws/build/key_teleop/prefix_override:/home/meric/.local/lib/python3.10/site-packages/colcon_core/task/python/colcon_distutils_commands:/home/meric/f1_ws/install/key_teleop/lib/python3.10/site-packages:${PYTHONPATH} VIRTUAL_ENV_PROMPT=(venv) /usr/bin/python3 -W ignore:setup.py install is deprecated setup.py egg_info --egg-base ../../../../build/key_teleop build --build-base /home/meric/f1_ws/build/key_teleop/build install --record /home/meric/f1_ws/build/key_teleop/install.log --single-version-externally-managed install_data
[3.684s] running egg_info
[3.686s] writing ../../../../build/key_teleop/key_teleop.egg-info/PKG-INFO
[3.687s] writing dependency_links to ../../../../build/key_teleop/key_teleop.egg-info/dependency_links.txt
[3.688s] writing entry points to ../../../../build/key_teleop/key_teleop.egg-info/entry_points.txt
[3.689s] writing requirements to ../../../../build/key_teleop/key_teleop.egg-info/requires.txt
[3.690s] writing top-level names to ../../../../build/key_teleop/key_teleop.egg-info/top_level.txt
[3.695s] reading manifest file '../../../../build/key_teleop/key_teleop.egg-info/SOURCES.txt'
[3.696s] adding license file 'LICENSE'
[3.698s] writing manifest file '../../../../build/key_teleop/key_teleop.egg-info/SOURCES.txt'
[3.699s] running build
[3.699s] running build_py
[3.700s] running install
[3.701s] running install_lib
[3.704s] running install_data
[3.705s] running install_egg_info
[3.710s] removing '/home/meric/f1_ws/install/key_teleop/lib/python3.10/site-packages/key_teleop-0.3.0-py3.10.egg-info' (and everything under it)
[3.711s] Copying ../../../../build/key_teleop/key_teleop.egg-info to /home/meric/f1_ws/install/key_teleop/lib/python3.10/site-packages/key_teleop-0.3.0-py3.10.egg-info
[3.713s] running install_scripts
[3.770s] Installing key_teleop script to /home/meric/f1_ws/install/key_teleop/lib/key_teleop
[3.771s] writing list of installed files to '/home/meric/f1_ws/build/key_teleop/install.log'
[3.893s] Invoked command in '/home/meric/f1_ws/src/f1tenth_system/teleop_tools/key_teleop' returned '0': PS1=(venv) \[\e]0;\u@\h: \w\a\]${debian_chroot:+($debian_chroot)}\[\033[01;32m\]\u@\h\[\033[00m\]:\[\033[01;34m\]\w\[\033[00m\]\$ PYTHONPATH=/home/meric/f1_ws/build/key_teleop/prefix_override:/home/meric/.local/lib/python3.10/site-packages/colcon_core/task/python/colcon_distutils_commands:/home/meric/f1_ws/install/key_teleop/lib/python3.10/site-packages:${PYTHONPATH} VIRTUAL_ENV_PROMPT=(venv) /usr/bin/python3 -W ignore:setup.py install is deprecated setup.py egg_info --egg-base ../../../../build/key_teleop build --build-base /home/meric/f1_ws/build/key_teleop/build install --record /home/meric/f1_ws/build/key_teleop/install.log --single-version-externally-managed install_data
