[2.232s] Invoking command in '/home/meric/f1_ws/src/f1tenth_system/teleop_tools/key_teleop': PYTHONPATH=/home/meric/f1_ws/build/key_teleop/prefix_override:/home/meric/.local/lib/python3.10/site-packages/colcon_core/task/python/colcon_distutils_commands:/home/meric/f1_ws/install/key_teleop/lib/python3.10/site-packages:${PYTHONPATH} /usr/bin/python3 -W ignore:setup.py install is deprecated setup.py egg_info --egg-base ../../../../build/key_teleop build --build-base /home/meric/f1_ws/build/key_teleop/build install --record /home/meric/f1_ws/build/key_teleop/install.log --single-version-externally-managed install_data
[2.888s] running egg_info
[2.889s] writing ../../../../build/key_teleop/key_teleop.egg-info/PKG-INFO
[2.890s] writing dependency_links to ../../../../build/key_teleop/key_teleop.egg-info/dependency_links.txt
[2.891s] writing entry points to ../../../../build/key_teleop/key_teleop.egg-info/entry_points.txt
[2.892s] writing requirements to ../../../../build/key_teleop/key_teleop.egg-info/requires.txt
[2.893s] writing top-level names to ../../../../build/key_teleop/key_teleop.egg-info/top_level.txt
[2.899s] reading manifest file '../../../../build/key_teleop/key_teleop.egg-info/SOURCES.txt'
[2.899s] adding license file 'LICENSE'
[2.901s] writing manifest file '../../../../build/key_teleop/key_teleop.egg-info/SOURCES.txt'
[2.902s] running build
[2.903s] running build_py
[2.903s] creating /home/meric/f1_ws/build/key_teleop/build
[2.904s] creating /home/meric/f1_ws/build/key_teleop/build/lib
[2.904s] creating /home/meric/f1_ws/build/key_teleop/build/lib/key_teleop
[2.904s] copying key_teleop/__init__.py -> /home/meric/f1_ws/build/key_teleop/build/lib/key_teleop
[2.904s] copying key_teleop/key_teleop.py -> /home/meric/f1_ws/build/key_teleop/build/lib/key_teleop
[2.905s] running install
[2.905s] running install_lib
[2.909s] creating /home/meric/f1_ws/install/key_teleop/lib/python3.10/site-packages/key_teleop
[2.909s] copying /home/meric/f1_ws/build/key_teleop/build/lib/key_teleop/__init__.py -> /home/meric/f1_ws/install/key_teleop/lib/python3.10/site-packages/key_teleop
[2.909s] copying /home/meric/f1_ws/build/key_teleop/build/lib/key_teleop/key_teleop.py -> /home/meric/f1_ws/install/key_teleop/lib/python3.10/site-packages/key_teleop
[2.910s] byte-compiling /home/meric/f1_ws/install/key_teleop/lib/python3.10/site-packages/key_teleop/__init__.py to __init__.cpython-310.pyc
[2.910s] byte-compiling /home/meric/f1_ws/install/key_teleop/lib/python3.10/site-packages/key_teleop/key_teleop.py to key_teleop.cpython-310.pyc
[2.915s] running install_data
[2.916s] copying package.xml -> /home/meric/f1_ws/install/key_teleop/share/key_teleop
[2.917s] creating /home/meric/f1_ws/install/key_teleop/share/key_teleop/config
[2.917s] copying config/key_teleop.yaml -> /home/meric/f1_ws/install/key_teleop/share/key_teleop/config
[2.917s] creating /home/meric/f1_ws/install/key_teleop/share/ament_index
[2.917s] creating /home/meric/f1_ws/install/key_teleop/share/ament_index/resource_index
[2.917s] creating /home/meric/f1_ws/install/key_teleop/share/ament_index/resource_index/packages
[2.918s] copying resource/key_teleop -> /home/meric/f1_ws/install/key_teleop/share/ament_index/resource_index/packages
[2.918s] running install_egg_info
[2.922s] Copying ../../../../build/key_teleop/key_teleop.egg-info to /home/meric/f1_ws/install/key_teleop/lib/python3.10/site-packages/key_teleop-0.3.0-py3.10.egg-info
[2.924s] running install_scripts
[2.968s] Installing key_teleop script to /home/meric/f1_ws/install/key_teleop/lib/key_teleop
[2.969s] writing list of installed files to '/home/meric/f1_ws/build/key_teleop/install.log'
[3.067s] Invoked command in '/home/meric/f1_ws/src/f1tenth_system/teleop_tools/key_teleop' returned '0': PYTHONPATH=/home/meric/f1_ws/build/key_teleop/prefix_override:/home/meric/.local/lib/python3.10/site-packages/colcon_core/task/python/colcon_distutils_commands:/home/meric/f1_ws/install/key_teleop/lib/python3.10/site-packages:${PYTHONPATH} /usr/bin/python3 -W ignore:setup.py install is deprecated setup.py egg_info --egg-base ../../../../build/key_teleop build --build-base /home/meric/f1_ws/build/key_teleop/build install --record /home/meric/f1_ws/build/key_teleop/install.log --single-version-externally-managed install_data
