[  3%] Built target teleop_tools_msgs__cpp
[ 12%] Built target teleop_tools_msgs__rosidl_generator_c
[35m[1mConsolidate compiler generated dependencies of target teleop_tools_msgs__rosidl_typesupport_cpp[0m
[35m[1mConsolidate compiler generated dependencies of target teleop_tools_msgs__rosidl_typesupport_fastrtps_cpp[0m
[ 12%] Built target ament_cmake_python_copy_teleop_tools_msgs
[35m[1mConsolidate compiler generated dependencies of target teleop_tools_msgs__rosidl_typesupport_introspection_cpp[0m
[ 22%] Built target teleop_tools_msgs__rosidl_typesupport_fastrtps_cpp
[ 32%] Built target teleop_tools_msgs__rosidl_typesupport_cpp
[35m[1mConsolidate compiler generated dependencies of target teleop_tools_msgs__rosidl_typesupport_fastrtps_c[0m
[ 41%] Built target teleop_tools_msgs__rosidl_typesupport_introspection_cpp
[35m[1mConsolidate compiler generated dependencies of target teleop_tools_msgs__rosidl_typesupport_introspection_c[0m
[ 54%] [34m[1mGenerating C type support dispatch for ROS interfaces[0m
[ 54%] Built target teleop_tools_msgs__rosidl_typesupport_fastrtps_c
[ 64%] Built target teleop_tools_msgs__rosidl_typesupport_introspection_c
running egg_info
writing teleop_tools_msgs.egg-info/PKG-INFO
writing dependency_links to teleop_tools_msgs.egg-info/dependency_links.txt
writing top-level names to teleop_tools_msgs.egg-info/top_level.txt
[ 67%] [32mBuilding CXX object CMakeFiles/teleop_tools_msgs__rosidl_typesupport_c.dir/rosidl_typesupport_c/teleop_tools_msgs/action/increment__type_support.cpp.o[0m
reading manifest file 'teleop_tools_msgs.egg-info/SOURCES.txt'
[ 70%] [32m[1mLinking CXX shared library libteleop_tools_msgs__rosidl_typesupport_c.so[0m
[ 70%] Built target teleop_tools_msgs__rosidl_typesupport_c
