[0.049s] Invoking command in '/home/meric/f1_ws/build/teleop_tools_msgs': CMAKE_PREFIX_PATH=/opt/ros/humble /usr/bin/cmake --build /home/meric/f1_ws/build/teleop_tools_msgs -- -j6 -l6
[0.632s] [  3%] Built target teleop_tools_msgs__cpp
[0.632s] [ 12%] Built target teleop_tools_msgs__rosidl_generator_c
[0.632s] [35m[1mConsolidate compiler generated dependencies of target teleop_tools_msgs__rosidl_typesupport_cpp[0m
[0.632s] [35m[1mConsolidate compiler generated dependencies of target teleop_tools_msgs__rosidl_typesupport_fastrtps_cpp[0m
[0.632s] [ 12%] Built target ament_cmake_python_copy_teleop_tools_msgs
[0.632s] [35m[1mConsolidate compiler generated dependencies of target teleop_tools_msgs__rosidl_typesupport_introspection_cpp[0m
[0.632s] [ 22%] Built target teleop_tools_msgs__rosidl_typesupport_fastrtps_cpp
[0.632s] [ 32%] Built target teleop_tools_msgs__rosidl_typesupport_cpp
[0.632s] [35m[1mConsolidate compiler generated dependencies of target teleop_tools_msgs__rosidl_typesupport_fastrtps_c[0m
[0.633s] [ 41%] Built target teleop_tools_msgs__rosidl_typesupport_introspection_cpp
[0.633s] [35m[1mConsolidate compiler generated dependencies of target teleop_tools_msgs__rosidl_typesupport_introspection_c[0m
[0.633s] [ 54%] [34m[1mGenerating C type support dispatch for ROS interfaces[0m
[0.633s] [ 54%] Built target teleop_tools_msgs__rosidl_typesupport_fastrtps_c
[0.633s] [ 64%] Built target teleop_tools_msgs__rosidl_typesupport_introspection_c
[0.742s] running egg_info
[0.777s] writing teleop_tools_msgs.egg-info/PKG-INFO
[0.779s] writing dependency_links to teleop_tools_msgs.egg-info/dependency_links.txt
[0.779s] writing top-level names to teleop_tools_msgs.egg-info/top_level.txt
[0.866s] [ 67%] [32mBuilding CXX object CMakeFiles/teleop_tools_msgs__rosidl_typesupport_c.dir/rosidl_typesupport_c/teleop_tools_msgs/action/increment__type_support.cpp.o[0m
[0.886s] reading manifest file 'teleop_tools_msgs.egg-info/SOURCES.txt'
[0.922s] Traceback (most recent call last):
[0.923s]   File "/home/meric/f1_ws/build/teleop_tools_msgs/ament_cmake_python/teleop_tools_msgs/setup.py", line 4, in <module>
[0.924s]     setup(
[0.924s]   File "/home/meric/.local/lib/python3.10/site-packages/setuptools/__init__.py", line 117, in setup
[0.924s]     return distutils.core.setup(**attrs)
[0.924s]   File "/home/meric/.local/lib/python3.10/site-packages/setuptools/_distutils/core.py", line 183, in setup
[0.924s]     return run_commands(dist)
[0.925s]   File "/home/meric/.local/lib/python3.10/site-packages/setuptools/_distutils/core.py", line 199, in run_commands
[0.925s]     dist.run_commands()
[0.925s]   File "/home/meric/.local/lib/python3.10/site-packages/setuptools/_distutils/dist.py", line 954, in run_commands
[0.925s]     self.run_command(cmd)
[0.925s]   File "/home/meric/.local/lib/python3.10/site-packages/setuptools/dist.py", line 950, in run_command
[0.925s]     super().run_command(command)
[0.925s]   File "/home/meric/.local/lib/python3.10/site-packages/setuptools/_distutils/dist.py", line 973, in run_command
[0.925s]     cmd_obj.run()
[0.926s]   File "/home/meric/.local/lib/python3.10/site-packages/setuptools/command/egg_info.py", line 311, in run
[0.926s]     self.find_sources()
[0.926s]   File "/home/meric/.local/lib/python3.10/site-packages/setuptools/command/egg_info.py", line 319, in find_sources
[0.926s]     mm.run()
[0.926s]   File "/home/meric/.local/lib/python3.10/site-packages/setuptools/command/egg_info.py", line 545, in run
[0.926s]     self.prune_file_list()
[0.926s]   File "/home/meric/.local/lib/python3.10/site-packages/setuptools/command/sdist.py", line 161, in prune_file_list
[0.926s]     super().prune_file_list()
[0.926s]   File "/home/meric/.local/lib/python3.10/site-packages/setuptools/_distutils/command/sdist.py", line 380, in prune_file_list
[0.927s]     base_dir = self.distribution.get_fullname()
[0.927s]   File "/home/meric/.local/lib/python3.10/site-packages/setuptools/_core_metadata.py", line 267, in get_fullname
[0.927s]     return _distribution_fullname(self.get_name(), self.get_version())
[0.927s]   File "/home/meric/.local/lib/python3.10/site-packages/setuptools/_core_metadata.py", line 285, in _distribution_fullname
[0.927s]     canonicalize_version(version, strip_trailing_zero=False),
[0.928s] TypeError: canonicalize_version() got an unexpected keyword argument 'strip_trailing_zero'
[0.968s] [ 70%] [32m[1mLinking CXX shared library libteleop_tools_msgs__rosidl_typesupport_c.so[0m
[1.010s] gmake[2]: *** [CMakeFiles/ament_cmake_python_build_teleop_tools_msgs_egg.dir/build.make:70: CMakeFiles/ament_cmake_python_build_teleop_tools_msgs_egg] Error 1
[1.010s] gmake[1]: *** [CMakeFiles/Makefile2:447: CMakeFiles/ament_cmake_python_build_teleop_tools_msgs_egg.dir/all] Error 2
[1.011s] gmake[1]: *** Waiting for unfinished jobs....
[1.047s] [ 70%] Built target teleop_tools_msgs__rosidl_typesupport_c
[1.051s] gmake: *** [Makefile:146: all] Error 2
[1.150s] Invoked command in '/home/meric/f1_ws/build/teleop_tools_msgs' returned '2': CMAKE_PREFIX_PATH=/opt/ros/humble /usr/bin/cmake --build /home/meric/f1_ws/build/teleop_tools_msgs -- -j6 -l6
