[0.076s] Invoking command in '/home/meric/f1_ws/build/vesc_msgs': CMAKE_PREFIX_PATH=${CMAKE_PREFIX_PATH}:/home/meric/f1_ws/install/f1tenth_stack:/home/meric/f1_ws/install/joy_teleop:/home/meric/f1_ws/install/teleop_tools_msgs:/home/meric/f1_ws/install/mouse_teleop:/home/meric/f1_ws/install/key_teleop:/opt/ros/humble /usr/bin/cmake --build /home/meric/f1_ws/build/vesc_msgs -- -j6 -l6
[0.797s] [  1%] Built target vesc_msgs__cpp
[0.797s] [ 12%] Built target vesc_msgs__rosidl_generator_c
[0.797s] [ 12%] Built target ament_cmake_python_copy_vesc_msgs
[0.799s] [ 23%] Built target vesc_msgs__rosidl_typesupport_cpp
[0.800s] [ 34%] Built target vesc_msgs__rosidl_typesupport_fastrtps_cpp
[0.801s] [ 45%] Built target vesc_msgs__rosidl_typesupport_introspection_cpp
[0.801s] [ 56%] Built target vesc_msgs__rosidl_typesupport_fastrtps_c
[0.802s] [ 67%] Built target vesc_msgs__rosidl_typesupport_introspection_c
[0.802s] [ 78%] Built target vesc_msgs__rosidl_typesupport_c
[0.802s] [ 78%] Built target vesc_msgs
[0.802s] [ 80%] Built target vesc_msgs__py
[0.803s] [ 89%] Built target vesc_msgs__rosidl_generator_py
[0.803s] [ 92%] Built target vesc_msgs__rosidl_typesupport_fastrtps_c__pyext
[0.803s] [ 96%] Built target vesc_msgs__rosidl_typesupport_c__pyext
[0.803s] [100%] Built target vesc_msgs__rosidl_typesupport_introspection_c__pyext
[0.936s] running egg_info
[0.937s] writing vesc_msgs.egg-info/PKG-INFO
[0.938s] writing dependency_links to vesc_msgs.egg-info/dependency_links.txt
[0.938s] writing top-level names to vesc_msgs.egg-info/top_level.txt
[0.943s] reading manifest file 'vesc_msgs.egg-info/SOURCES.txt'
[0.944s] writing manifest file 'vesc_msgs.egg-info/SOURCES.txt'
[1.018s] [100%] Built target ament_cmake_python_build_vesc_msgs_egg
[1.460s] Invoked command in '/home/meric/f1_ws/build/vesc_msgs' returned '0': CMAKE_PREFIX_PATH=${CMAKE_PREFIX_PATH}:/home/meric/f1_ws/install/f1tenth_stack:/home/meric/f1_ws/install/joy_teleop:/home/meric/f1_ws/install/teleop_tools_msgs:/home/meric/f1_ws/install/mouse_teleop:/home/meric/f1_ws/install/key_teleop:/opt/ros/humble /usr/bin/cmake --build /home/meric/f1_ws/build/vesc_msgs -- -j6 -l6
