[0.086s] Invoking command in '/home/meric/f1_ws/build/vesc_msgs': CMAKE_PREFIX_PATH=${CMAKE_PREFIX_PATH}:/home/meric/f1_ws/install/f1tenth_stack:/home/meric/f1_ws/install/joy_teleop:/home/meric/f1_ws/install/mouse_teleop:/home/meric/f1_ws/install/key_teleop:/opt/ros/humble /usr/bin/cmake --build /home/meric/f1_ws/build/vesc_msgs -- -j6 -l6
[0.840s] [  1%] Built target vesc_msgs__cpp
[0.840s] [  1%] Built target ament_cmake_python_copy_vesc_msgs
[0.840s] [ 12%] Built target vesc_msgs__rosidl_generator_c
[0.841s] [ 23%] Built target vesc_msgs__rosidl_typesupport_cpp
[0.841s] [ 34%] Built target vesc_msgs__rosidl_typesupport_introspection_cpp
[0.841s] [ 45%] Built target vesc_msgs__rosidl_typesupport_fastrtps_cpp
[0.841s] [ 56%] Built target vesc_msgs__rosidl_typesupport_fastrtps_c
[0.841s] [ 67%] Built target vesc_msgs__rosidl_typesupport_introspection_c
[0.842s] [ 78%] Built target vesc_msgs__rosidl_typesupport_c
[0.842s] [ 78%] Built target vesc_msgs
[0.842s] [ 80%] Built target vesc_msgs__py
[0.842s] [ 89%] Built target vesc_msgs__rosidl_generator_py
[0.842s] [ 92%] Built target vesc_msgs__rosidl_typesupport_c__pyext
[0.843s] [ 96%] Built target vesc_msgs__rosidl_typesupport_fastrtps_c__pyext
[0.843s] [100%] Built target vesc_msgs__rosidl_typesupport_introspection_c__pyext
[0.973s] running egg_info
[0.975s] writing vesc_msgs.egg-info/PKG-INFO
[0.975s] writing dependency_links to vesc_msgs.egg-info/dependency_links.txt
[0.976s] writing top-level names to vesc_msgs.egg-info/top_level.txt
[0.982s] reading manifest file 'vesc_msgs.egg-info/SOURCES.txt'
[0.983s] writing manifest file 'vesc_msgs.egg-info/SOURCES.txt'
[1.053s] [100%] Built target ament_cmake_python_build_vesc_msgs_egg
[1.498s] Invoked command in '/home/meric/f1_ws/build/vesc_msgs' returned '0': CMAKE_PREFIX_PATH=${CMAKE_PREFIX_PATH}:/home/meric/f1_ws/install/f1tenth_stack:/home/meric/f1_ws/install/joy_teleop:/home/meric/f1_ws/install/mouse_teleop:/home/meric/f1_ws/install/key_teleop:/opt/ros/humble /usr/bin/cmake --build /home/meric/f1_ws/build/vesc_msgs -- -j6 -l6
