[3.056s] Invoking command in '/home/meric/f1_ws/build/key_teleop': PYTHONPATH=/home/meric/f1_ws/build/key_teleop/prefix_override:/home/meric/.local/lib/python3.10/site-packages/colcon_core/task/python/colcon_distutils_commands:/home/meric/f1_ws/install/key_teleop/lib/python3.10/site-packages:${PYTHONPATH} /usr/bin/python3 -W ignore:setup.py install is deprecated setup.py develop --uninstall --editable --build-directory /home/meric/f1_ws/build/key_teleop/build
[3.714s] running develop
[4.181s] Invoked command in '/home/meric/f1_ws/build/key_teleop' returned '0': PYTHONPATH=/home/meric/f1_ws/build/key_teleop/prefix_override:/home/meric/.local/lib/python3.10/site-packages/colcon_core/task/python/colcon_distutils_commands:/home/meric/f1_ws/install/key_teleop/lib/python3.10/site-packages:${PYTHONPATH} /usr/bin/python3 -W ignore:setup.py install is deprecated setup.py develop --uninstall --editable --build-directory /home/meric/f1_ws/build/key_teleop/build
[4.185s] Invoking command in '/home/meric/f1_ws/src/f1tenth_system/teleop_tools/key_teleop': PYTHONPATH=/home/meric/f1_ws/build/key_teleop/prefix_override:/home/meric/.local/lib/python3.10/site-packages/colcon_core/task/python/colcon_distutils_commands:/home/meric/f1_ws/install/key_teleop/lib/python3.10/site-packages:${PYTHONPATH} /usr/bin/python3 -W ignore:setup.py install is deprecated setup.py egg_info --egg-base ../../../../build/key_teleop build --build-base /home/meric/f1_ws/build/key_teleop/build install --record /home/meric/f1_ws/build/key_teleop/install.log --single-version-externally-managed install_data --force
[4.756s] running egg_info
[4.758s] writing ../../../../build/key_teleop/key_teleop.egg-info/PKG-INFO
[4.758s] writing dependency_links to ../../../../build/key_teleop/key_teleop.egg-info/dependency_links.txt
[4.758s] writing entry points to ../../../../build/key_teleop/key_teleop.egg-info/entry_points.txt
[4.759s] writing requirements to ../../../../build/key_teleop/key_teleop.egg-info/requires.txt
[4.759s] writing top-level names to ../../../../build/key_teleop/key_teleop.egg-info/top_level.txt
[4.763s] reading manifest file '../../../../build/key_teleop/key_teleop.egg-info/SOURCES.txt'
[4.763s] adding license file 'LICENSE'
[4.764s] writing manifest file '../../../../build/key_teleop/key_teleop.egg-info/SOURCES.txt'
[4.764s] running build
[4.765s] running build_py
[4.765s] running install
[4.766s] running install_lib
[4.767s] creating /home/meric/f1_ws/install/key_teleop/lib/python3.10/site-packages/key_teleop
[4.768s] copying /home/meric/f1_ws/build/key_teleop/build/lib/key_teleop/__init__.py -> /home/meric/f1_ws/install/key_teleop/lib/python3.10/site-packages/key_teleop
[4.768s] copying /home/meric/f1_ws/build/key_teleop/build/lib/key_teleop/key_teleop.py -> /home/meric/f1_ws/install/key_teleop/lib/python3.10/site-packages/key_teleop
[4.769s] byte-compiling /home/meric/f1_ws/install/key_teleop/lib/python3.10/site-packages/key_teleop/__init__.py to __init__.cpython-310.pyc
[4.770s] byte-compiling /home/meric/f1_ws/install/key_teleop/lib/python3.10/site-packages/key_teleop/key_teleop.py to key_teleop.cpython-310.pyc
[4.773s] running install_data
[4.773s] copying package.xml -> /home/meric/f1_ws/install/key_teleop/share/key_teleop
[4.773s] copying config/key_teleop.yaml -> /home/meric/f1_ws/install/key_teleop/share/key_teleop/config
[4.774s] copying resource/key_teleop -> /home/meric/f1_ws/install/key_teleop/share/ament_index/resource_index/packages
[4.774s] running install_egg_info
[4.778s] Copying ../../../../build/key_teleop/key_teleop.egg-info to /home/meric/f1_ws/install/key_teleop/lib/python3.10/site-packages/key_teleop-0.3.0-py3.10.egg-info
[4.780s] running install_scripts
[4.823s] Installing key_teleop script to /home/meric/f1_ws/install/key_teleop/lib/key_teleop
[4.824s] writing list of installed files to '/home/meric/f1_ws/build/key_teleop/install.log'
[4.909s] Invoked command in '/home/meric/f1_ws/src/f1tenth_system/teleop_tools/key_teleop' returned '0': PYTHONPATH=/home/meric/f1_ws/build/key_teleop/prefix_override:/home/meric/.local/lib/python3.10/site-packages/colcon_core/task/python/colcon_distutils_commands:/home/meric/f1_ws/install/key_teleop/lib/python3.10/site-packages:${PYTHONPATH} /usr/bin/python3 -W ignore:setup.py install is deprecated setup.py egg_info --egg-base ../../../../build/key_teleop build --build-base /home/meric/f1_ws/build/key_teleop/build install --record /home/meric/f1_ws/build/key_teleop/install.log --single-version-externally-managed install_data --force
