[0.051s] Invoking command in '/home/meric/f1_ws/build/ackermann_mux': CMAKE_PREFIX_PATH=/opt/ros/humble /usr/bin/cmake /home/meric/f1_ws/src/f1tenth_system/ackermann_mux -DCMAKE_INSTALL_PREFIX=/home/meric/f1_ws/install/ackermann_mux
[2.046s] -- Found ament_cmake: 1.3.10 (/opt/ros/humble/share/ament_cmake/cmake)
[2.047s] -- Override CMake install command with custom implementation using symlinks instead of copying resources
[2.047s] -- Found rclcpp: 16.0.10 (/opt/ros/humble/share/rclcpp/cmake)
[2.047s] -- Found rosidl_generator_c: 3.1.5 (/opt/ros/humble/share/rosidl_generator_c/cmake)
[2.047s] -- Found rosidl_adapter: 3.1.5 (/opt/ros/humble/share/rosidl_adapter/cmake)
[2.047s] -- Found rosidl_generator_cpp: 3.1.5 (/opt/ros/humble/share/rosidl_generator_cpp/cmake)
[2.047s] -- Using all available rosidl_typesupport_c: rosidl_typesupport_fastrtps_c;rosidl_typesupport_introspection_c
[2.048s] -- Using all available rosidl_typesupport_cpp: rosidl_typesupport_fastrtps_cpp;rosidl_typesupport_introspection_cpp
[2.048s] -- Found rmw_implementation_cmake: 6.1.2 (/opt/ros/humble/share/rmw_implementation_cmake/cmake)
[2.048s] -- Found rmw_fastrtps_cpp: 6.2.7 (/opt/ros/humble/share/rmw_fastrtps_cpp/cmake)
[2.048s] -- Using RMW implementation 'rmw_fastrtps_cpp' as default
[2.048s] -- Found ackermann_msgs: 2.0.2 (/opt/ros/humble/share/ackermann_msgs/cmake)
[2.048s] -- Found diagnostic_updater: 4.0.0 (/opt/ros/humble/share/diagnostic_updater/cmake)
[2.048s] -- Found ament_lint_auto: 0.12.11 (/opt/ros/humble/share/ament_lint_auto/cmake)
[2.048s] -- Found python_cmake_module: 0.10.0 (/opt/ros/humble/share/python_cmake_module/cmake)
[2.049s] -- Using PYTHON_EXECUTABLE: /usr/bin/python3
[2.049s] -- Using PYTHON_INCLUDE_DIRS: /usr/include/python3.10
[2.049s] -- Using PYTHON_LIBRARIES: /usr/lib/aarch64-linux-gnu/libpython3.10.so
[2.049s] -- Added test 'xmllint' to check XML markup files
[2.049s] -- Added test 'copyright' to check source files copyright and LICENSE
[2.049s] -- Added test 'cppcheck' to perform static code analysis on C / C++ code
[2.049s] -- Configured cppcheck include dirs: /home/meric/f1_ws/src/f1tenth_system/ackermann_mux/include
[2.049s] -- Configured cppcheck exclude dirs and/or files: 
[2.050s] -- Added test 'cpplint' to check C / C++ code against the Google style
[2.050s] -- Configured cpplint exclude dirs and/or files: 
[2.050s] -- Added test 'flake8' to check Python code syntax and style conventions
[2.050s] -- Added test 'lint_cmake' to check CMake code style
[2.050s] -- Added test 'pep257' to check Python code against some of the docstring style conventions in PEP 257
[2.050s] -- Added test 'uncrustify' to check C / C++ code style
[2.050s] -- Configured uncrustify additional arguments: 
[2.050s] -- Configuring done
[2.051s] -- Generating done
[2.051s] -- Build files have been written to: /home/meric/f1_ws/build/ackermann_mux
[2.051s] Invoked command in '/home/meric/f1_ws/build/ackermann_mux' returned '0': CMAKE_PREFIX_PATH=/opt/ros/humble /usr/bin/cmake /home/meric/f1_ws/src/f1tenth_system/ackermann_mux -DCMAKE_INSTALL_PREFIX=/home/meric/f1_ws/install/ackermann_mux
[2.052s] Invoking command in '/home/meric/f1_ws/build/ackermann_mux': CMAKE_PREFIX_PATH=/opt/ros/humble /usr/bin/cmake --build /home/meric/f1_ws/build/ackermann_mux -- -j6 -l6
[2.138s] [35m[1mConsolidate compiler generated dependencies of target ackermann_mux[0m
[2.191s] [100%] Built target ackermann_mux
[2.217s] Invoked command in '/home/meric/f1_ws/build/ackermann_mux' returned '0': CMAKE_PREFIX_PATH=/opt/ros/humble /usr/bin/cmake --build /home/meric/f1_ws/build/ackermann_mux -- -j6 -l6
[2.305s] Invoking command in '/home/meric/f1_ws/build/ackermann_mux': CMAKE_PREFIX_PATH=/opt/ros/humble /usr/bin/cmake --install /home/meric/f1_ws/build/ackermann_mux
[2.324s] -- Install configuration: ""
[2.325s] -- Execute custom install script
[2.327s] -- Up-to-date symlink: /home/meric/f1_ws/install/ackermann_mux/lib/ackermann_mux/ackermann_mux
[2.328s] -- Up-to-date symlink: /home/meric/f1_ws/install/ackermann_mux/share/ackermann_mux/launch/ackermann_mux_launch.py
[2.329s] -- Up-to-date symlink: /home/meric/f1_ws/install/ackermann_mux/share/ackermann_mux/config/ackermann_mux_locks.yaml
[2.329s] -- Up-to-date symlink: /home/meric/f1_ws/install/ackermann_mux/share/ackermann_mux/config/ackermann_mux_topics.yaml
[2.330s] -- Up-to-date symlink: /home/meric/f1_ws/install/ackermann_mux/share/ackermann_mux/config/joystick.yaml
[2.331s] -- Up-to-date symlink: /home/meric/f1_ws/install/ackermann_mux/include/ackermann_mux/ackermann_mux.hpp
[2.332s] -- Up-to-date symlink: /home/meric/f1_ws/install/ackermann_mux/include/ackermann_mux/ackermann_mux_diagnostics.hpp
[2.332s] -- Up-to-date symlink: /home/meric/f1_ws/install/ackermann_mux/include/ackermann_mux/ackermann_mux_diagnostics_status.hpp
[2.333s] -- Up-to-date symlink: /home/meric/f1_ws/install/ackermann_mux/include/ackermann_mux/params_helpers.hpp
[2.333s] -- Up-to-date symlink: /home/meric/f1_ws/install/ackermann_mux/include/ackermann_mux/topic_handle.hpp
[2.334s] -- Up-to-date symlink: /home/meric/f1_ws/install/ackermann_mux/include/ackermann_mux/utils.hpp
[2.335s] -- Up-to-date symlink: /home/meric/f1_ws/install/ackermann_mux/share/ament_index/resource_index/package_run_dependencies/ackermann_mux
[2.335s] -- Up-to-date symlink: /home/meric/f1_ws/install/ackermann_mux/share/ament_index/resource_index/parent_prefix_path/ackermann_mux
[2.336s] -- Up-to-date symlink: /home/meric/f1_ws/install/ackermann_mux/share/ackermann_mux/environment/ament_prefix_path.sh
[2.337s] -- Up-to-date symlink: /home/meric/f1_ws/install/ackermann_mux/share/ackermann_mux/environment/ament_prefix_path.dsv
[2.338s] -- Up-to-date symlink: /home/meric/f1_ws/install/ackermann_mux/share/ackermann_mux/environment/path.sh
[2.339s] -- Up-to-date symlink: /home/meric/f1_ws/install/ackermann_mux/share/ackermann_mux/environment/path.dsv
[2.339s] -- Up-to-date symlink: /home/meric/f1_ws/install/ackermann_mux/share/ackermann_mux/local_setup.bash
[2.340s] -- Up-to-date symlink: /home/meric/f1_ws/install/ackermann_mux/share/ackermann_mux/local_setup.sh
[2.340s] -- Up-to-date symlink: /home/meric/f1_ws/install/ackermann_mux/share/ackermann_mux/local_setup.zsh
[2.341s] -- Up-to-date symlink: /home/meric/f1_ws/install/ackermann_mux/share/ackermann_mux/local_setup.dsv
[2.342s] -- Symlinking: /home/meric/f1_ws/install/ackermann_mux/share/ackermann_mux/package.dsv
[2.366s] -- Up-to-date symlink: /home/meric/f1_ws/install/ackermann_mux/share/ament_index/resource_index/packages/ackermann_mux
[2.367s] -- Up-to-date symlink: /home/meric/f1_ws/install/ackermann_mux/share/ackermann_mux/cmake/ament_cmake_export_include_directories-extras.cmake
[2.367s] -- Up-to-date symlink: /home/meric/f1_ws/install/ackermann_mux/share/ackermann_mux/cmake/ament_cmake_export_dependencies-extras.cmake
[2.367s] -- Up-to-date symlink: /home/meric/f1_ws/install/ackermann_mux/share/ackermann_mux/cmake/ackermann_muxConfig.cmake
[2.367s] -- Up-to-date symlink: /home/meric/f1_ws/install/ackermann_mux/share/ackermann_mux/cmake/ackermann_muxConfig-version.cmake
[2.367s] -- Up-to-date symlink: /home/meric/f1_ws/install/ackermann_mux/share/ackermann_mux/package.xml
[2.380s] Invoked command in '/home/meric/f1_ws/build/ackermann_mux' returned '0': CMAKE_PREFIX_PATH=/opt/ros/humble /usr/bin/cmake --install /home/meric/f1_ws/build/ackermann_mux
