[0.027s] Invoking command in '/home/meric/f1_ws/build/keyboard': AMENT_PREFIX_PATH=/home/meric/f1_ws/install/keyboard_msgs:${AMENT_PREFIX_PATH} CMAKE_PREFIX_PATH=/home/meric/f1_ws/install/keyboard_msgs:/home/meric/f1_ws/install/vesc:/home/meric/f1_ws/install/vesc_driver:/home/meric/f1_ws/install/vesc_ackermann:/home/meric/f1_ws/install/vesc_msgs:/home/meric/f1_ws/install/teleop_tools:/home/meric/f1_ws/install/teleop_tools_msgs:/home/meric/f1_ws/install/ackermann_mux:/home/meric/f1_ws/install/f1tenth_stack:/home/meric/f1_ws/install/joy_teleop:/home/meric/f1_ws/install/mouse_teleop:/home/meric/f1_ws/install/key_teleop:/opt/ros/humble LD_LIBRARY_PATH=/home/meric/f1_ws/install/keyboard_msgs/lib:/home/meric/f1_ws/install/vesc_driver/lib:/home/meric/f1_ws/install/vesc_ackermann/lib:/home/meric/f1_ws/install/vesc_msgs/lib:/home/meric/f1_ws/install/teleop_tools_msgs/lib:/opt/ros/humble/opt/rviz_ogre_vendor/lib:/opt/ros/humble/lib/aarch64-linux-gnu:/opt/ros/humble/lib:/usr/local/cuda-12.2/lib64:/home/meric/f1tenth_ws/install/vesc_ackermann/lib PYTHONPATH=/home/meric/f1_ws/install/keyboard_msgs/local/lib/python3.10/dist-packages:${PYTHONPATH} /usr/bin/cmake /home/meric/f1_ws/src/ros2-keyboard/keyboard -DCMAKE_INSTALL_PREFIX=/home/meric/f1_ws/install/keyboard
[0.142s] -- The C compiler identification is GNU 11.4.0
[0.264s] -- The CXX compiler identification is GNU 11.4.0
[0.287s] -- Detecting C compiler ABI info
[0.453s] -- Detecting C compiler ABI info - done
[0.478s] -- Check for working C compiler: /usr/bin/cc - skipped
[0.479s] -- Detecting C compile features
[0.480s] -- Detecting C compile features - done
[0.490s] -- Detecting CXX compiler ABI info
[0.670s] -- Detecting CXX compiler ABI info - done
[0.690s] -- Check for working CXX compiler: /usr/bin/c++ - skipped
[0.690s] -- Detecting CXX compile features
[0.692s] -- Detecting CXX compile features - done
[0.704s] -- Found ament_cmake: 1.3.10 (/opt/ros/humble/share/ament_cmake/cmake)
[1.097s] -- Found Python3: /usr/bin/python3 (found version "3.10.12") found components: Interpreter 
[1.353s] -- Found rclcpp: 16.0.10 (/opt/ros/humble/share/rclcpp/cmake)
[1.457s] -- Found rosidl_generator_c: 3.1.5 (/opt/ros/humble/share/rosidl_generator_c/cmake)
[1.469s] -- Found rosidl_adapter: 3.1.5 (/opt/ros/humble/share/rosidl_adapter/cmake)
[1.486s] -- Found rosidl_generator_cpp: 3.1.5 (/opt/ros/humble/share/rosidl_generator_cpp/cmake)
[1.511s] -- Using all available rosidl_typesupport_c: rosidl_typesupport_fastrtps_c;rosidl_typesupport_introspection_c
[1.546s] -- Using all available rosidl_typesupport_cpp: rosidl_typesupport_fastrtps_cpp;rosidl_typesupport_introspection_cpp
[1.641s] -- Found rmw_implementation_cmake: 6.1.2 (/opt/ros/humble/share/rmw_implementation_cmake/cmake)
[1.648s] -- Found rmw_fastrtps_cpp: 6.2.7 (/opt/ros/humble/share/rmw_fastrtps_cpp/cmake)
[1.832s] -- Found OpenSSL: /usr/lib/aarch64-linux-gnu/libcrypto.so (found version "3.0.2")  
[1.913s] -- Found FastRTPS: /opt/ros/humble/include  
[2.005s] -- Using RMW implementation 'rmw_fastrtps_cpp' as default
[2.034s] -- Looking for pthread.h
[2.180s] -- Looking for pthread.h - found
[2.181s] -- Performing Test CMAKE_HAVE_LIBC_PTHREAD
[2.356s] -- Performing Test CMAKE_HAVE_LIBC_PTHREAD - Success
[2.359s] -- Found Threads: TRUE  
[2.516s] -- Found SDL: /usr/lib/aarch64-linux-gnu/libSDLmain.a;/usr/lib/aarch64-linux-gnu/libSDL.so (found version "1.2.15") 
[2.516s] -- Found keyboard_msgs: 1.0.0 (/home/meric/f1_ws/install/keyboard_msgs/share/keyboard_msgs/cmake)
[2.549s] -- Found ament_lint_auto: 0.12.11 (/opt/ros/humble/share/ament_lint_auto/cmake)
[2.742s] -- Added test 'copyright' to check source files copyright and LICENSE
[2.744s] -- Added test 'cppcheck' to perform static code analysis on C / C++ code
[2.745s] -- Configured cppcheck include dirs: $<BUILD_INTERFACE:/home/meric/f1_ws/src/ros2-keyboard/keyboard/include>
[2.745s] -- Configured cppcheck exclude dirs and/or files: 
[2.747s] -- Added test 'cpplint' to check C / C++ code against the Google style
[2.747s] -- Configured cpplint exclude dirs and/or files: 
[2.748s] -- Added test 'flake8' to check Python code syntax and style conventions
[2.750s] -- Added test 'lint_cmake' to check CMake code style
[2.751s] -- Added test 'pep257' to check Python code against some of the docstring style conventions in PEP 257
[2.753s] -- Added test 'uncrustify' to check C / C++ code style
[2.753s] -- Configured uncrustify additional arguments: 
[2.754s] -- Added test 'xmllint' to check XML markup files
[2.757s] -- Configuring done
[2.778s] -- Generating done
[2.781s] -- Build files have been written to: /home/meric/f1_ws/build/keyboard
[2.805s] Invoked command in '/home/meric/f1_ws/build/keyboard' returned '0': AMENT_PREFIX_PATH=/home/meric/f1_ws/install/keyboard_msgs:${AMENT_PREFIX_PATH} CMAKE_PREFIX_PATH=/home/meric/f1_ws/install/keyboard_msgs:/home/meric/f1_ws/install/vesc:/home/meric/f1_ws/install/vesc_driver:/home/meric/f1_ws/install/vesc_ackermann:/home/meric/f1_ws/install/vesc_msgs:/home/meric/f1_ws/install/teleop_tools:/home/meric/f1_ws/install/teleop_tools_msgs:/home/meric/f1_ws/install/ackermann_mux:/home/meric/f1_ws/install/f1tenth_stack:/home/meric/f1_ws/install/joy_teleop:/home/meric/f1_ws/install/mouse_teleop:/home/meric/f1_ws/install/key_teleop:/opt/ros/humble LD_LIBRARY_PATH=/home/meric/f1_ws/install/keyboard_msgs/lib:/home/meric/f1_ws/install/vesc_driver/lib:/home/meric/f1_ws/install/vesc_ackermann/lib:/home/meric/f1_ws/install/vesc_msgs/lib:/home/meric/f1_ws/install/teleop_tools_msgs/lib:/opt/ros/humble/opt/rviz_ogre_vendor/lib:/opt/ros/humble/lib/aarch64-linux-gnu:/opt/ros/humble/lib:/usr/local/cuda-12.2/lib64:/home/meric/f1tenth_ws/install/vesc_ackermann/lib PYTHONPATH=/home/meric/f1_ws/install/keyboard_msgs/local/lib/python3.10/dist-packages:${PYTHONPATH} /usr/bin/cmake /home/meric/f1_ws/src/ros2-keyboard/keyboard -DCMAKE_INSTALL_PREFIX=/home/meric/f1_ws/install/keyboard
[2.810s] Invoking command in '/home/meric/f1_ws/build/keyboard': AMENT_PREFIX_PATH=/home/meric/f1_ws/install/keyboard_msgs:${AMENT_PREFIX_PATH} CMAKE_PREFIX_PATH=/home/meric/f1_ws/install/keyboard_msgs:/home/meric/f1_ws/install/vesc:/home/meric/f1_ws/install/vesc_driver:/home/meric/f1_ws/install/vesc_ackermann:/home/meric/f1_ws/install/vesc_msgs:/home/meric/f1_ws/install/teleop_tools:/home/meric/f1_ws/install/teleop_tools_msgs:/home/meric/f1_ws/install/ackermann_mux:/home/meric/f1_ws/install/f1tenth_stack:/home/meric/f1_ws/install/joy_teleop:/home/meric/f1_ws/install/mouse_teleop:/home/meric/f1_ws/install/key_teleop:/opt/ros/humble LD_LIBRARY_PATH=/home/meric/f1_ws/install/keyboard_msgs/lib:/home/meric/f1_ws/install/vesc_driver/lib:/home/meric/f1_ws/install/vesc_ackermann/lib:/home/meric/f1_ws/install/vesc_msgs/lib:/home/meric/f1_ws/install/teleop_tools_msgs/lib:/opt/ros/humble/opt/rviz_ogre_vendor/lib:/opt/ros/humble/lib/aarch64-linux-gnu:/opt/ros/humble/lib:/usr/local/cuda-12.2/lib64:/home/meric/f1tenth_ws/install/vesc_ackermann/lib PYTHONPATH=/home/meric/f1_ws/install/keyboard_msgs/local/lib/python3.10/dist-packages:${PYTHONPATH} /usr/bin/cmake --build /home/meric/f1_ws/build/keyboard -- -j6 -l6
[2.920s] [ 50%] [32mBuilding CXX object CMakeFiles/keyboard.dir/src/keyboard.cpp.o[0m
[14.938s] [100%] [32m[1mLinking CXX executable keyboard[0m
[15.292s] [100%] Built target keyboard
[15.320s] Invoked command in '/home/meric/f1_ws/build/keyboard' returned '0': AMENT_PREFIX_PATH=/home/meric/f1_ws/install/keyboard_msgs:${AMENT_PREFIX_PATH} CMAKE_PREFIX_PATH=/home/meric/f1_ws/install/keyboard_msgs:/home/meric/f1_ws/install/vesc:/home/meric/f1_ws/install/vesc_driver:/home/meric/f1_ws/install/vesc_ackermann:/home/meric/f1_ws/install/vesc_msgs:/home/meric/f1_ws/install/teleop_tools:/home/meric/f1_ws/install/teleop_tools_msgs:/home/meric/f1_ws/install/ackermann_mux:/home/meric/f1_ws/install/f1tenth_stack:/home/meric/f1_ws/install/joy_teleop:/home/meric/f1_ws/install/mouse_teleop:/home/meric/f1_ws/install/key_teleop:/opt/ros/humble LD_LIBRARY_PATH=/home/meric/f1_ws/install/keyboard_msgs/lib:/home/meric/f1_ws/install/vesc_driver/lib:/home/meric/f1_ws/install/vesc_ackermann/lib:/home/meric/f1_ws/install/vesc_msgs/lib:/home/meric/f1_ws/install/teleop_tools_msgs/lib:/opt/ros/humble/opt/rviz_ogre_vendor/lib:/opt/ros/humble/lib/aarch64-linux-gnu:/opt/ros/humble/lib:/usr/local/cuda-12.2/lib64:/home/meric/f1tenth_ws/install/vesc_ackermann/lib PYTHONPATH=/home/meric/f1_ws/install/keyboard_msgs/local/lib/python3.10/dist-packages:${PYTHONPATH} /usr/bin/cmake --build /home/meric/f1_ws/build/keyboard -- -j6 -l6
[15.382s] Invoking command in '/home/meric/f1_ws/build/keyboard': AMENT_PREFIX_PATH=/home/meric/f1_ws/install/keyboard_msgs:${AMENT_PREFIX_PATH} CMAKE_PREFIX_PATH=/home/meric/f1_ws/install/keyboard_msgs:/home/meric/f1_ws/install/vesc:/home/meric/f1_ws/install/vesc_driver:/home/meric/f1_ws/install/vesc_ackermann:/home/meric/f1_ws/install/vesc_msgs:/home/meric/f1_ws/install/teleop_tools:/home/meric/f1_ws/install/teleop_tools_msgs:/home/meric/f1_ws/install/ackermann_mux:/home/meric/f1_ws/install/f1tenth_stack:/home/meric/f1_ws/install/joy_teleop:/home/meric/f1_ws/install/mouse_teleop:/home/meric/f1_ws/install/key_teleop:/opt/ros/humble LD_LIBRARY_PATH=/home/meric/f1_ws/install/keyboard_msgs/lib:/home/meric/f1_ws/install/vesc_driver/lib:/home/meric/f1_ws/install/vesc_ackermann/lib:/home/meric/f1_ws/install/vesc_msgs/lib:/home/meric/f1_ws/install/teleop_tools_msgs/lib:/opt/ros/humble/opt/rviz_ogre_vendor/lib:/opt/ros/humble/lib/aarch64-linux-gnu:/opt/ros/humble/lib:/usr/local/cuda-12.2/lib64:/home/meric/f1tenth_ws/install/vesc_ackermann/lib PYTHONPATH=/home/meric/f1_ws/install/keyboard_msgs/local/lib/python3.10/dist-packages:${PYTHONPATH} /usr/bin/cmake --install /home/meric/f1_ws/build/keyboard
[15.400s] -- Install configuration: "Release"
[15.400s] -- Installing: /home/meric/f1_ws/install/keyboard/lib/keyboard/keyboard
[15.402s] -- Set runtime path of "/home/meric/f1_ws/install/keyboard/lib/keyboard/keyboard" to ""
[15.402s] -- Installing: /home/meric/f1_ws/install/keyboard/lib/keyboard/keyboard_to_joy.py
[15.402s] -- Installing: /home/meric/f1_ws/install/keyboard/share/keyboard/config
[15.403s] -- Installing: /home/meric/f1_ws/install/keyboard/share/keyboard/config/example_config.yaml
[15.403s] -- Installing: /home/meric/f1_ws/install/keyboard/share/ament_index/resource_index/package_run_dependencies/keyboard
[15.404s] -- Installing: /home/meric/f1_ws/install/keyboard/share/ament_index/resource_index/parent_prefix_path/keyboard
[15.404s] -- Installing: /home/meric/f1_ws/install/keyboard/share/keyboard/environment/ament_prefix_path.sh
[15.404s] -- Installing: /home/meric/f1_ws/install/keyboard/share/keyboard/environment/ament_prefix_path.dsv
[15.405s] -- Installing: /home/meric/f1_ws/install/keyboard/share/keyboard/environment/path.sh
[15.405s] -- Installing: /home/meric/f1_ws/install/keyboard/share/keyboard/environment/path.dsv
[15.406s] -- Installing: /home/meric/f1_ws/install/keyboard/share/keyboard/local_setup.bash
[15.406s] -- Installing: /home/meric/f1_ws/install/keyboard/share/keyboard/local_setup.sh
[15.406s] -- Installing: /home/meric/f1_ws/install/keyboard/share/keyboard/local_setup.zsh
[15.406s] -- Installing: /home/meric/f1_ws/install/keyboard/share/keyboard/local_setup.dsv
[15.406s] -- Installing: /home/meric/f1_ws/install/keyboard/share/keyboard/package.dsv
[15.407s] -- Installing: /home/meric/f1_ws/install/keyboard/share/ament_index/resource_index/packages/keyboard
[15.407s] -- Installing: /home/meric/f1_ws/install/keyboard/share/keyboard/cmake/keyboardConfig.cmake
[15.407s] -- Installing: /home/meric/f1_ws/install/keyboard/share/keyboard/cmake/keyboardConfig-version.cmake
[15.408s] -- Installing: /home/meric/f1_ws/install/keyboard/share/keyboard/package.xml
[15.413s] Invoked command in '/home/meric/f1_ws/build/keyboard' returned '0': AMENT_PREFIX_PATH=/home/meric/f1_ws/install/keyboard_msgs:${AMENT_PREFIX_PATH} CMAKE_PREFIX_PATH=/home/meric/f1_ws/install/keyboard_msgs:/home/meric/f1_ws/install/vesc:/home/meric/f1_ws/install/vesc_driver:/home/meric/f1_ws/install/vesc_ackermann:/home/meric/f1_ws/install/vesc_msgs:/home/meric/f1_ws/install/teleop_tools:/home/meric/f1_ws/install/teleop_tools_msgs:/home/meric/f1_ws/install/ackermann_mux:/home/meric/f1_ws/install/f1tenth_stack:/home/meric/f1_ws/install/joy_teleop:/home/meric/f1_ws/install/mouse_teleop:/home/meric/f1_ws/install/key_teleop:/opt/ros/humble LD_LIBRARY_PATH=/home/meric/f1_ws/install/keyboard_msgs/lib:/home/meric/f1_ws/install/vesc_driver/lib:/home/meric/f1_ws/install/vesc_ackermann/lib:/home/meric/f1_ws/install/vesc_msgs/lib:/home/meric/f1_ws/install/teleop_tools_msgs/lib:/opt/ros/humble/opt/rviz_ogre_vendor/lib:/opt/ros/humble/lib/aarch64-linux-gnu:/opt/ros/humble/lib:/usr/local/cuda-12.2/lib64:/home/meric/f1tenth_ws/install/vesc_ackermann/lib PYTHONPATH=/home/meric/f1_ws/install/keyboard_msgs/local/lib/python3.10/dist-packages:${PYTHONPATH} /usr/bin/cmake --install /home/meric/f1_ws/build/keyboard
