[0.051s] Invoking command in '/home/meric/f1_ws/build/teleop_tools_msgs': CMAKE_PREFIX_PATH=/opt/ros/humble /usr/bin/cmake --build /home/meric/f1_ws/build/teleop_tools_msgs -- -j6 -l6
[1.169s] [35m[1mConsolidate compiler generated dependencies of target teleop_tools_msgs__rosidl_generator_c[0m
[1.169s] [  3%] Built target teleop_tools_msgs__cpp
[1.169s] [  3%] Built target ament_cmake_python_copy_teleop_tools_msgs
[1.169s] [ 12%] Built target teleop_tools_msgs__rosidl_generator_c
[1.169s] [ 19%] [34m[1mGenerating C type support for eProsima Fast-RTPS[0m
[1.169s] [ 19%] [34m[1mGenerating C++ type support for eProsima Fast-RTPS[0m
[1.170s] [ 22%] [34m[1mGenerating C++ introspection for ROS interfaces[0m
[1.170s] [ 25%] [34m[1mGenerating C++ type support dispatch for ROS interfaces[0m
[1.170s] [ 29%] [34m[1mGenerating C introspection for ROS interfaces[0m
[1.170s] running egg_info
[1.170s] writing teleop_tools_msgs.egg-info/PKG-INFO
[1.170s] writing dependency_links to teleop_tools_msgs.egg-info/dependency_links.txt
[1.170s] writing top-level names to teleop_tools_msgs.egg-info/top_level.txt
[1.433s] reading manifest file 'teleop_tools_msgs.egg-info/SOURCES.txt'
[1.505s] Traceback (most recent call last):
[1.512s]   File "/home/meric/f1_ws/build/teleop_tools_msgs/ament_cmake_python/teleop_tools_msgs/setup.py", line 4, in <module>
[1.512s]     setup(
[1.513s]   File "/home/meric/.local/lib/python3.10/site-packages/setuptools/__init__.py", line 117, in setup
[1.513s]     return distutils.core.setup(**attrs)
[1.513s]   File "/home/meric/.local/lib/python3.10/site-packages/setuptools/_distutils/core.py", line 183, in setup
[1.514s]     return run_commands(dist)
[1.514s]   File "/home/meric/.local/lib/python3.10/site-packages/setuptools/_distutils/core.py", line 199, in run_commands
[1.514s]     dist.run_commands()
[1.515s]   File "/home/meric/.local/lib/python3.10/site-packages/setuptools/_distutils/dist.py", line 954, in run_commands
[1.515s]     self.run_command(cmd)
[1.516s]   File "/home/meric/.local/lib/python3.10/site-packages/setuptools/dist.py", line 950, in run_command
[1.516s]     super().run_command(command)
[1.516s]   File "/home/meric/.local/lib/python3.10/site-packages/setuptools/_distutils/dist.py", line 973, in run_command
[1.517s]     cmd_obj.run()
[1.519s]   File "/home/meric/.local/lib/python3.10/site-packages/setuptools/command/egg_info.py", line 311, in run
[1.520s]     self.find_sources()
[1.520s]   File "/home/meric/.local/lib/python3.10/site-packages/setuptools/command/egg_info.py", line 319, in find_sources
[1.521s]     mm.run()
[1.521s]   File "/home/meric/.local/lib/python3.10/site-packages/setuptools/command/egg_info.py", line 545, in run
[1.521s]     self.prune_file_list()
[1.522s]   File "/home/meric/.local/lib/python3.10/site-packages/setuptools/command/sdist.py", line 161, in prune_file_list
[1.522s]     super().prune_file_list()
[1.522s]   File "/home/meric/.local/lib/python3.10/site-packages/setuptools/_distutils/command/sdist.py", line 380, in prune_file_list
[1.523s]     base_dir = self.distribution.get_fullname()
[1.523s]   File "/home/meric/.local/lib/python3.10/site-packages/setuptools/_core_metadata.py", line 267, in get_fullname
[1.524s]     return _distribution_fullname(self.get_name(), self.get_version())
[1.524s]   File "/home/meric/.local/lib/python3.10/site-packages/setuptools/_core_metadata.py", line 285, in _distribution_fullname
[1.524s]     canonicalize_version(version, strip_trailing_zero=False),
[1.525s] TypeError: canonicalize_version() got an unexpected keyword argument 'strip_trailing_zero'
[1.663s] [ 32%] [32mBuilding CXX object CMakeFiles/teleop_tools_msgs__rosidl_typesupport_cpp.dir/rosidl_typesupport_cpp/teleop_tools_msgs/action/increment__type_support.cpp.o[0m
[1.732s] gmake[2]: *** [CMakeFiles/ament_cmake_python_build_teleop_tools_msgs_egg.dir/build.make:70: CMakeFiles/ament_cmake_python_build_teleop_tools_msgs_egg] Error 1
[1.732s] gmake[1]: *** [CMakeFiles/Makefile2:447: CMakeFiles/ament_cmake_python_build_teleop_tools_msgs_egg.dir/all] Error 2
[1.733s] gmake[1]: *** Waiting for unfinished jobs....
[1.793s] [ 35%] [32mBuilding CXX object CMakeFiles/teleop_tools_msgs__rosidl_typesupport_fastrtps_c.dir/rosidl_typesupport_fastrtps_c/teleop_tools_msgs/action/detail/increment__type_support_c.cpp.o[0m
[1.870s] [ 38%] [32mBuilding CXX object CMakeFiles/teleop_tools_msgs__rosidl_typesupport_introspection_cpp.dir/rosidl_typesupport_introspection_cpp/teleop_tools_msgs/action/detail/increment__type_support.cpp.o[0m
[2.060s] [ 41%] [32mBuilding C object CMakeFiles/teleop_tools_msgs__rosidl_typesupport_introspection_c.dir/rosidl_typesupport_introspection_c/teleop_tools_msgs/action/detail/increment__type_support.c.o[0m
[2.294s] [ 45%] [32mBuilding CXX object CMakeFiles/teleop_tools_msgs__rosidl_typesupport_fastrtps_cpp.dir/rosidl_typesupport_fastrtps_cpp/teleop_tools_msgs/action/detail/dds_fastrtps/increment__type_support.cpp.o[0m
[2.322s] [ 48%] [32m[1mLinking C shared library libteleop_tools_msgs__rosidl_typesupport_introspection_c.so[0m
[2.506s] [ 48%] Built target teleop_tools_msgs__rosidl_typesupport_introspection_c
[3.596s] [ 51%] [32m[1mLinking CXX shared library libteleop_tools_msgs__rosidl_typesupport_fastrtps_c.so[0m
[4.007s] [ 51%] Built target teleop_tools_msgs__rosidl_typesupport_fastrtps_c
[4.117s] [ 54%] [32m[1mLinking CXX shared library libteleop_tools_msgs__rosidl_typesupport_cpp.so[0m
[4.349s] [ 54%] Built target teleop_tools_msgs__rosidl_typesupport_cpp
[4.630s] [ 58%] [32m[1mLinking CXX shared library libteleop_tools_msgs__rosidl_typesupport_introspection_cpp.so[0m
[4.934s] [ 58%] Built target teleop_tools_msgs__rosidl_typesupport_introspection_cpp
[5.022s] [ 61%] [32m[1mLinking CXX shared library libteleop_tools_msgs__rosidl_typesupport_fastrtps_cpp.so[0m
[5.336s] [ 61%] Built target teleop_tools_msgs__rosidl_typesupport_fastrtps_cpp
[5.340s] gmake: *** [Makefile:146: all] Error 2
[5.344s] Invoked command in '/home/meric/f1_ws/build/teleop_tools_msgs' returned '2': CMAKE_PREFIX_PATH=/opt/ros/humble /usr/bin/cmake --build /home/meric/f1_ws/build/teleop_tools_msgs -- -j6 -l6
