/home/meric/f1_ws/install/joy_teleop/lib/python3.10/site-packages/joy_teleop/joy_override.py
/home/meric/f1_ws/install/joy_teleop/lib/python3.10/site-packages/joy_teleop/__init__.py
/home/meric/f1_ws/install/joy_teleop/lib/python3.10/site-packages/joy_teleop/joy_teleop.py
/home/meric/f1_ws/install/joy_teleop/lib/python3.10/site-packages/joy_teleop/incrementer_server.py
/home/meric/f1_ws/install/joy_teleop/lib/python3.10/site-packages/joy_teleop/keyboard_joy.py
/home/meric/f1_ws/install/joy_teleop/lib/python3.10/site-packages/joy_teleop/__pycache__/joy_override.cpython-310.pyc
/home/meric/f1_ws/install/joy_teleop/lib/python3.10/site-packages/joy_teleop/__pycache__/__init__.cpython-310.pyc
/home/meric/f1_ws/install/joy_teleop/lib/python3.10/site-packages/joy_teleop/__pycache__/joy_teleop.cpython-310.pyc
/home/meric/f1_ws/install/joy_teleop/lib/python3.10/site-packages/joy_teleop/__pycache__/incrementer_server.cpython-310.pyc
/home/meric/f1_ws/install/joy_teleop/lib/python3.10/site-packages/joy_teleop/__pycache__/keyboard_joy.cpython-310.pyc
/home/meric/f1_ws/install/joy_teleop/share/joy_teleop/package.xml
/home/meric/f1_ws/install/joy_teleop/share/joy_teleop/config/joy_teleop_example.yaml
/home/meric/f1_ws/install/joy_teleop/share/joy_teleop/launch/example.launch.py
/home/meric/f1_ws/install/joy_teleop/share/ament_index/resource_index/packages/joy_teleop
/home/meric/f1_ws/install/joy_teleop/lib/python3.10/site-packages/joy_teleop-0.3.0-py3.10.egg-info/entry_points.txt
/home/meric/f1_ws/install/joy_teleop/lib/python3.10/site-packages/joy_teleop-0.3.0-py3.10.egg-info/dependency_links.txt
/home/meric/f1_ws/install/joy_teleop/lib/python3.10/site-packages/joy_teleop-0.3.0-py3.10.egg-info/top_level.txt
/home/meric/f1_ws/install/joy_teleop/lib/python3.10/site-packages/joy_teleop-0.3.0-py3.10.egg-info/PKG-INFO
/home/meric/f1_ws/install/joy_teleop/lib/python3.10/site-packages/joy_teleop-0.3.0-py3.10.egg-info/requires.txt
/home/meric/f1_ws/install/joy_teleop/lib/python3.10/site-packages/joy_teleop-0.3.0-py3.10.egg-info/zip-safe
/home/meric/f1_ws/install/joy_teleop/lib/python3.10/site-packages/joy_teleop-0.3.0-py3.10.egg-info/SOURCES.txt
/home/meric/f1_ws/install/joy_teleop/lib/joy_teleop/incrementer_server
/home/meric/f1_ws/install/joy_teleop/lib/joy_teleop/joy_override
/home/meric/f1_ws/install/joy_teleop/lib/joy_teleop/joy_teleop
/home/meric/f1_ws/install/joy_teleop/lib/joy_teleop/keyboard_joy
