[2.086s] Invoking command in '/home/meric/f1_ws/src/avoid': PYTHONPATH=/home/meric/f1_ws/build/avoid/prefix_override:/home/meric/.local/lib/python3.10/site-packages/colcon_core/task/python/colcon_distutils_commands:/home/meric/f1_ws/install/avoid/lib/python3.10/site-packages:${PYTHONPATH} /usr/bin/python3 -W ignore:setup.py install is deprecated setup.py egg_info --egg-base ../../build/avoid build --build-base /home/meric/f1_ws/build/avoid/build install --record /home/meric/f1_ws/build/avoid/install.log --single-version-externally-managed
[2.701s] running egg_info
[2.702s] creating ../../build/avoid/avoid.egg-info
[2.702s] writing ../../build/avoid/avoid.egg-info/PKG-INFO
[2.703s] writing dependency_links to ../../build/avoid/avoid.egg-info/dependency_links.txt
[2.703s] writing entry points to ../../build/avoid/avoid.egg-info/entry_points.txt
[2.704s] writing requirements to ../../build/avoid/avoid.egg-info/requires.txt
[2.704s] writing top-level names to ../../build/avoid/avoid.egg-info/top_level.txt
[2.704s] writing manifest file '../../build/avoid/avoid.egg-info/SOURCES.txt'
[2.709s] reading manifest file '../../build/avoid/avoid.egg-info/SOURCES.txt'
[2.710s] adding license file 'LICENSE'
[2.711s] writing manifest file '../../build/avoid/avoid.egg-info/SOURCES.txt'
[2.712s] running build
[2.712s] running build_py
[2.712s] creating /home/meric/f1_ws/build/avoid/build
[2.712s] creating /home/meric/f1_ws/build/avoid/build/lib
[2.712s] creating /home/meric/f1_ws/build/avoid/build/lib/avoid
[2.713s] copying avoid/simple_controller_launch.py -> /home/meric/f1_ws/build/avoid/build/lib/avoid
[2.713s] copying avoid/__init__.py -> /home/meric/f1_ws/build/avoid/build/lib/avoid
[2.713s] running install
[2.714s] running install_lib
[2.718s] running install_egg_info
[2.722s] removing '/home/meric/f1_ws/install/avoid/lib/python3.10/site-packages/avoid-0.0.0-py3.10.egg-info' (and everything under it)
[2.723s] Copying ../../build/avoid/avoid.egg-info to /home/meric/f1_ws/install/avoid/lib/python3.10/site-packages/avoid-0.0.0-py3.10.egg-info
[2.726s] running install_scripts
[2.773s] Installing simple_controller script to /home/meric/f1_ws/install/avoid/lib/avoid
[2.774s] writing list of installed files to '/home/meric/f1_ws/build/avoid/install.log'
