[0.033s] Invoking command in '/home/meric/f1_ws/src/build/vesc_ackermann': AMENT_PREFIX_PATH=/home/meric/f1_ws/src/install/vesc_msgs:${AMENT_PREFIX_PATH} CMAKE_PREFIX_PATH=/home/meric/f1_ws/src/install/vesc_msgs:/opt/ros/humble LD_LIBRARY_PATH=/home/meric/f1_ws/src/install/vesc_msgs/lib:/opt/ros/humble/opt/rviz_ogre_vendor/lib:/opt/ros/humble/lib/aarch64-linux-gnu:/opt/ros/humble/lib:/usr/local/cuda-12.2/lib64:/home/meric/f1tenth_ws/install/vesc_ackermann/lib PYTHONPATH=/home/meric/f1_ws/src/install/vesc_msgs/local/lib/python3.10/dist-packages:${PYTHONPATH} /usr/bin/cmake /home/meric/f1_ws/src/f1tenth_system/vesc/vesc_ackermann -DCMAKE_INSTALL_PREFIX=/home/meric/f1_ws/src/install/vesc_ackermann
[0.156s] -- The C compiler identification is GNU 11.4.0
[0.267s] -- The CXX compiler identification is GNU 11.4.0
[0.281s] -- Detecting C compiler ABI info
[0.422s] -- Detecting C compiler ABI info - done
[0.434s] -- Check for working C compiler: /usr/bin/cc - skipped
[0.434s] -- Detecting C compile features
[0.435s] -- Detecting C compile features - done
[0.441s] -- Detecting CXX compiler ABI info
[0.610s] -- Detecting CXX compiler ABI info - done
[0.626s] -- Check for working CXX compiler: /usr/bin/c++ - skipped
[0.627s] -- Detecting CXX compile features
[0.628s] -- Detecting CXX compile features - done
[0.633s] -- Found ament_cmake_auto: 1.3.10 (/opt/ros/humble/share/ament_cmake_auto/cmake)
[0.973s] -- Found Python3: /usr/bin/python3 (found version "3.10.12") found components: Interpreter 
[1.453s] -- Found rosidl_generator_c: 3.1.5 (/opt/ros/humble/share/rosidl_generator_c/cmake)
[1.463s] -- Found rosidl_adapter: 3.1.5 (/opt/ros/humble/share/rosidl_adapter/cmake)
[1.480s] -- Found rosidl_generator_cpp: 3.1.5 (/opt/ros/humble/share/rosidl_generator_cpp/cmake)
[1.506s] -- Using all available rosidl_typesupport_c: rosidl_typesupport_fastrtps_c;rosidl_typesupport_introspection_c
[1.540s] -- Using all available rosidl_typesupport_cpp: rosidl_typesupport_fastrtps_cpp;rosidl_typesupport_introspection_cpp
[1.750s] -- Found rmw_implementation_cmake: 6.1.2 (/opt/ros/humble/share/rmw_implementation_cmake/cmake)
[1.754s] -- Found rmw_fastrtps_cpp: 6.2.7 (/opt/ros/humble/share/rmw_fastrtps_cpp/cmake)
[1.902s] -- Found OpenSSL: /usr/lib/aarch64-linux-gnu/libcrypto.so (found version "3.0.2")  
[1.952s] -- Found FastRTPS: /opt/ros/humble/include  
[2.030s] -- Using RMW implementation 'rmw_fastrtps_cpp' as default
[2.045s] -- Looking for pthread.h
[2.188s] -- Looking for pthread.h - found
[2.189s] -- Performing Test CMAKE_HAVE_LIBC_PTHREAD
[2.333s] -- Performing Test CMAKE_HAVE_LIBC_PTHREAD - Success
[2.335s] -- Found Threads: TRUE  
[2.649s] -- Found ament_lint_auto: 0.12.11 (/opt/ros/humble/share/ament_lint_auto/cmake)
[2.682s] -- Added test 'copyright' to check source files copyright and LICENSE
[2.685s] -- Added test 'cppcheck' to perform static code analysis on C / C++ code
[2.686s] -- Configured cppcheck include dirs: /home/meric/f1_ws/src/f1tenth_system/vesc/vesc_ackermann/include
[2.686s] -- Configured cppcheck exclude dirs and/or files: 
[2.688s] -- Added test 'cpplint' to check C / C++ code against the Google style
[2.688s] -- Configured cpplint exclude dirs and/or files: 
[2.689s] -- Added test 'lint_cmake' to check CMake code style
[2.691s] -- Added test 'uncrustify' to check C / C++ code style
[2.691s] -- Configured uncrustify additional arguments: 
[2.692s] -- Added test 'xmllint' to check XML markup files
[2.697s] -- Configuring done
[2.739s] -- Generating done
[2.742s] -- Build files have been written to: /home/meric/f1_ws/src/build/vesc_ackermann
