[1.475s] Invoking command in '/home/meric/f1_ws/src/f1tenth_system/f1tenth_stack': AMENT_PREFIX_PATH=/home/meric/f1_ws/install/vesc:/home/meric/f1_ws/install/vesc_driver:/home/meric/f1_ws/install/vesc_ackermann:/home/meric/f1_ws/install/joy_teleop:/home/meric/f1_ws/install/vesc_msgs:/home/meric/f1_ws/install/teleop_tools_msgs:/home/meric/f1_ws/install/ackermann_mux:${AMENT_PREFIX_PATH} CMAKE_PREFIX_PATH=/home/meric/f1_ws/install/vesc:/home/meric/f1_ws/install/vesc_driver:/home/meric/f1_ws/install/vesc_ackermann:/home/meric/f1_ws/install/vesc_msgs:/home/meric/f1_ws/install/teleop_tools_msgs:/home/meric/f1_ws/install/ackermann_mux LD_LIBRARY_PATH=/home/meric/f1_ws/install/vesc_driver/lib:/home/meric/f1_ws/install/vesc_ackermann/lib:/home/meric/f1_ws/install/vesc_msgs/lib:/home/meric/f1_ws/install/teleop_tools_msgs/lib:/opt/ros/humble/opt/rviz_ogre_vendor/lib:/opt/ros/humble/lib/aarch64-linux-gnu:/opt/ros/humble/lib:/usr/local/cuda-12.2/lib64:/home/meric/f1tenth_ws/install/vesc_ackermann/lib PYTHONPATH=/home/meric/f1_ws/build/f1tenth_stack/prefix_override:/home/meric/.local/lib/python3.10/site-packages/colcon_core/task/python/colcon_distutils_commands:/home/meric/f1_ws/install/f1tenth_stack/lib/python3.10/site-packages:/home/meric/f1_ws/install/joy_teleop/lib/python3.10/site-packages:/home/meric/f1_ws/install/vesc_msgs/local/lib/python3.10/dist-packages:/home/meric/f1_ws/install/teleop_tools_msgs/local/lib/python3.10/dist-packages:${PYTHONPATH} /usr/bin/python3 -W ignore:setup.py install is deprecated setup.py egg_info --egg-base ../../../build/f1tenth_stack build --build-base /home/meric/f1_ws/build/f1tenth_stack/build install --record /home/meric/f1_ws/build/f1tenth_stack/install.log --single-version-externally-managed install_data
[2.016s] running egg_info
[2.018s] writing ../../../build/f1tenth_stack/f1tenth_stack.egg-info/PKG-INFO
[2.018s] writing dependency_links to ../../../build/f1tenth_stack/f1tenth_stack.egg-info/dependency_links.txt
[2.019s] writing entry points to ../../../build/f1tenth_stack/f1tenth_stack.egg-info/entry_points.txt
[2.019s] writing requirements to ../../../build/f1tenth_stack/f1tenth_stack.egg-info/requires.txt
[2.019s] writing top-level names to ../../../build/f1tenth_stack/f1tenth_stack.egg-info/top_level.txt
[2.023s] reading manifest file '../../../build/f1tenth_stack/f1tenth_stack.egg-info/SOURCES.txt'
[2.024s] writing manifest file '../../../build/f1tenth_stack/f1tenth_stack.egg-info/SOURCES.txt'
[2.024s] running build
[2.025s] running build_py
[2.025s] running install
[2.026s] running install_lib
[2.028s] running install_data
[2.029s] running install_egg_info
[2.032s] removing '/home/meric/f1_ws/install/f1tenth_stack/lib/python3.10/site-packages/f1tenth_stack-0.0.1-py3.10.egg-info' (and everything under it)
[2.033s] Copying ../../../build/f1tenth_stack/f1tenth_stack.egg-info to /home/meric/f1_ws/install/f1tenth_stack/lib/python3.10/site-packages/f1tenth_stack-0.0.1-py3.10.egg-info
[2.035s] running install_scripts
[2.075s] Installing tf_publisher script to /home/meric/f1_ws/install/f1tenth_stack/lib/f1tenth_stack
[2.076s] Installing throttle_interpolator script to /home/meric/f1_ws/install/f1tenth_stack/lib/f1tenth_stack
[2.076s] writing list of installed files to '/home/meric/f1_ws/build/f1tenth_stack/install.log'
[2.147s] Invoked command in '/home/meric/f1_ws/src/f1tenth_system/f1tenth_stack' returned '0': AMENT_PREFIX_PATH=/home/meric/f1_ws/install/vesc:/home/meric/f1_ws/install/vesc_driver:/home/meric/f1_ws/install/vesc_ackermann:/home/meric/f1_ws/install/joy_teleop:/home/meric/f1_ws/install/vesc_msgs:/home/meric/f1_ws/install/teleop_tools_msgs:/home/meric/f1_ws/install/ackermann_mux:${AMENT_PREFIX_PATH} CMAKE_PREFIX_PATH=/home/meric/f1_ws/install/vesc:/home/meric/f1_ws/install/vesc_driver:/home/meric/f1_ws/install/vesc_ackermann:/home/meric/f1_ws/install/vesc_msgs:/home/meric/f1_ws/install/teleop_tools_msgs:/home/meric/f1_ws/install/ackermann_mux LD_LIBRARY_PATH=/home/meric/f1_ws/install/vesc_driver/lib:/home/meric/f1_ws/install/vesc_ackermann/lib:/home/meric/f1_ws/install/vesc_msgs/lib:/home/meric/f1_ws/install/teleop_tools_msgs/lib:/opt/ros/humble/opt/rviz_ogre_vendor/lib:/opt/ros/humble/lib/aarch64-linux-gnu:/opt/ros/humble/lib:/usr/local/cuda-12.2/lib64:/home/meric/f1tenth_ws/install/vesc_ackermann/lib PYTHONPATH=/home/meric/f1_ws/build/f1tenth_stack/prefix_override:/home/meric/.local/lib/python3.10/site-packages/colcon_core/task/python/colcon_distutils_commands:/home/meric/f1_ws/install/f1tenth_stack/lib/python3.10/site-packages:/home/meric/f1_ws/install/joy_teleop/lib/python3.10/site-packages:/home/meric/f1_ws/install/vesc_msgs/local/lib/python3.10/dist-packages:/home/meric/f1_ws/install/teleop_tools_msgs/local/lib/python3.10/dist-packages:${PYTHONPATH} /usr/bin/python3 -W ignore:setup.py install is deprecated setup.py egg_info --egg-base ../../../build/f1tenth_stack build --build-base /home/meric/f1_ws/build/f1tenth_stack/build install --record /home/meric/f1_ws/build/f1tenth_stack/install.log --single-version-externally-managed install_data
