[0.050s] Invoking command in '/home/meric/f1_ws/build/ackermann_mux': CMAKE_PREFIX_PATH=/opt/ros/humble /usr/bin/cmake --build /home/meric/f1_ws/build/ackermann_mux -- -j6 -l6
[1.186s] [35m[1mConsolidate compiler generated dependencies of target ackermann_mux[0m
[1.186s] [100%] Built target ackermann_mux
[2.475s] Invoked command in '/home/meric/f1_ws/build/ackermann_mux' returned '0': CMAKE_PREFIX_PATH=/opt/ros/humble /usr/bin/cmake --build /home/meric/f1_ws/build/ackermann_mux -- -j6 -l6
[2.751s] Invoking command in '/home/meric/f1_ws/build/ackermann_mux': CMAKE_PREFIX_PATH=/opt/ros/humble /usr/bin/cmake --install /home/meric/f1_ws/build/ackermann_mux
[2.768s] -- Install configuration: ""
[2.769s] -- Installing: /home/meric/f1_ws/install/ackermann_mux/lib/ackermann_mux/ackermann_mux
[2.783s] -- Set runtime path of "/home/meric/f1_ws/install/ackermann_mux/lib/ackermann_mux/ackermann_mux" to ""
[2.784s] -- Installing: /home/meric/f1_ws/install/ackermann_mux/share/ackermann_mux/launch
[2.784s] -- Installing: /home/meric/f1_ws/install/ackermann_mux/share/ackermann_mux/launch/ackermann_mux_launch.py
[2.785s] -- Installing: /home/meric/f1_ws/install/ackermann_mux/share/ackermann_mux/config
[2.786s] -- Installing: /home/meric/f1_ws/install/ackermann_mux/share/ackermann_mux/config/ackermann_mux_locks.yaml
[2.787s] -- Installing: /home/meric/f1_ws/install/ackermann_mux/share/ackermann_mux/config/joystick.yaml
[2.787s] -- Installing: /home/meric/f1_ws/install/ackermann_mux/share/ackermann_mux/config/ackermann_mux_topics.yaml
[2.788s] -- Installing: /home/meric/f1_ws/install/ackermann_mux/include
[2.789s] -- Installing: /home/meric/f1_ws/install/ackermann_mux/include/ackermann_mux
[2.790s] -- Installing: /home/meric/f1_ws/install/ackermann_mux/include/ackermann_mux/topic_handle.hpp
[2.791s] -- Installing: /home/meric/f1_ws/install/ackermann_mux/include/ackermann_mux/params_helpers.hpp
[2.791s] -- Installing: /home/meric/f1_ws/install/ackermann_mux/include/ackermann_mux/utils.hpp
[2.792s] -- Installing: /home/meric/f1_ws/install/ackermann_mux/include/ackermann_mux/ackermann_mux.hpp
[2.792s] -- Installing: /home/meric/f1_ws/install/ackermann_mux/include/ackermann_mux/ackermann_mux_diagnostics.hpp
[2.793s] -- Installing: /home/meric/f1_ws/install/ackermann_mux/include/ackermann_mux/ackermann_mux_diagnostics_status.hpp
[2.794s] -- Installing: /home/meric/f1_ws/install/ackermann_mux/share/ament_index/resource_index/package_run_dependencies/ackermann_mux
[2.795s] -- Installing: /home/meric/f1_ws/install/ackermann_mux/share/ament_index/resource_index/parent_prefix_path/ackermann_mux
[2.796s] -- Installing: /home/meric/f1_ws/install/ackermann_mux/share/ackermann_mux/environment/ament_prefix_path.sh
[2.799s] -- Installing: /home/meric/f1_ws/install/ackermann_mux/share/ackermann_mux/environment/ament_prefix_path.dsv
[2.800s] -- Installing: /home/meric/f1_ws/install/ackermann_mux/share/ackermann_mux/environment/path.sh
[2.801s] -- Installing: /home/meric/f1_ws/install/ackermann_mux/share/ackermann_mux/environment/path.dsv
[2.802s] -- Installing: /home/meric/f1_ws/install/ackermann_mux/share/ackermann_mux/local_setup.bash
[2.803s] -- Installing: /home/meric/f1_ws/install/ackermann_mux/share/ackermann_mux/local_setup.sh
[2.803s] -- Installing: /home/meric/f1_ws/install/ackermann_mux/share/ackermann_mux/local_setup.zsh
[2.804s] -- Installing: /home/meric/f1_ws/install/ackermann_mux/share/ackermann_mux/local_setup.dsv
[2.805s] -- Installing: /home/meric/f1_ws/install/ackermann_mux/share/ackermann_mux/package.dsv
[2.806s] -- Installing: /home/meric/f1_ws/install/ackermann_mux/share/ament_index/resource_index/packages/ackermann_mux
[2.807s] -- Installing: /home/meric/f1_ws/install/ackermann_mux/share/ackermann_mux/cmake/ament_cmake_export_include_directories-extras.cmake
[2.808s] -- Installing: /home/meric/f1_ws/install/ackermann_mux/share/ackermann_mux/cmake/ament_cmake_export_dependencies-extras.cmake
[2.809s] -- Installing: /home/meric/f1_ws/install/ackermann_mux/share/ackermann_mux/cmake/ackermann_muxConfig.cmake
[2.810s] -- Installing: /home/meric/f1_ws/install/ackermann_mux/share/ackermann_mux/cmake/ackermann_muxConfig-version.cmake
[2.810s] -- Installing: /home/meric/f1_ws/install/ackermann_mux/share/ackermann_mux/package.xml
[2.821s] Invoked command in '/home/meric/f1_ws/build/ackermann_mux' returned '0': CMAKE_PREFIX_PATH=/opt/ros/humble /usr/bin/cmake --install /home/meric/f1_ws/build/ackermann_mux
