[3.474s] Invoking command in '/home/meric/f1_ws/src/f1tenth_system/teleop_tools/key_teleop': PYTHONPATH=/home/meric/f1_ws/build/key_teleop/prefix_override:/home/meric/.local/lib/python3.10/site-packages/colcon_core/task/python/colcon_distutils_commands:/home/meric/f1_ws/install/key_teleop/lib/python3.10/site-packages:${PYTHONPATH} /usr/bin/python3 -W ignore:setup.py install is deprecated setup.py egg_info --egg-base ../../../../build/key_teleop build --build-base /home/meric/f1_ws/build/key_teleop/build install --record /home/meric/f1_ws/build/key_teleop/install.log --single-version-externally-managed install_data
[4.131s] running egg_info
[4.132s] writing ../../../../build/key_teleop/key_teleop.egg-info/PKG-INFO
[4.134s] writing dependency_links to ../../../../build/key_teleop/key_teleop.egg-info/dependency_links.txt
[4.134s] writing entry points to ../../../../build/key_teleop/key_teleop.egg-info/entry_points.txt
[4.134s] writing requirements to ../../../../build/key_teleop/key_teleop.egg-info/requires.txt
[4.134s] writing top-level names to ../../../../build/key_teleop/key_teleop.egg-info/top_level.txt
[4.140s] reading manifest file '../../../../build/key_teleop/key_teleop.egg-info/SOURCES.txt'
[4.140s] adding license file 'LICENSE'
[4.141s] writing manifest file '../../../../build/key_teleop/key_teleop.egg-info/SOURCES.txt'
[4.141s] running build
[4.141s] running build_py
[4.143s] running install
[4.143s] running install_lib
[4.146s] running install_data
[4.146s] running install_egg_info
[4.150s] removing '/home/meric/f1_ws/install/key_teleop/lib/python3.10/site-packages/key_teleop-0.3.0-py3.10.egg-info' (and everything under it)
[4.152s] Copying ../../../../build/key_teleop/key_teleop.egg-info to /home/meric/f1_ws/install/key_teleop/lib/python3.10/site-packages/key_teleop-0.3.0-py3.10.egg-info
[4.153s] running install_scripts
[4.199s] Installing key_teleop script to /home/meric/f1_ws/install/key_teleop/lib/key_teleop
[4.200s] writing list of installed files to '/home/meric/f1_ws/build/key_teleop/install.log'
[4.315s] Invoked command in '/home/meric/f1_ws/src/f1tenth_system/teleop_tools/key_teleop' returned '0': PYTHONPATH=/home/meric/f1_ws/build/key_teleop/prefix_override:/home/meric/.local/lib/python3.10/site-packages/colcon_core/task/python/colcon_distutils_commands:/home/meric/f1_ws/install/key_teleop/lib/python3.10/site-packages:${PYTHONPATH} /usr/bin/python3 -W ignore:setup.py install is deprecated setup.py egg_info --egg-base ../../../../build/key_teleop build --build-base /home/meric/f1_ws/build/key_teleop/build install --record /home/meric/f1_ws/build/key_teleop/install.log --single-version-externally-managed install_data
