[0.133s] Invoking command in '/home/meric/f1_ws/build/teleop_tools': AMENT_PREFIX_PATH=/home/meric/f1_ws/install/joy_teleop:/home/meric/f1_ws/install/teleop_tools_msgs:/home/meric/f1_ws/install/key_teleop:${AMENT_PREFIX_PATH} CMAKE_PREFIX_PATH=/home/meric/f1_ws/install/teleop_tools_msgs:/opt/ros/humble LD_LIBRARY_PATH=/home/meric/f1_ws/install/teleop_tools_msgs/lib:/opt/ros/humble/opt/rviz_ogre_vendor/lib:/opt/ros/humble/lib/aarch64-linux-gnu:/opt/ros/humble/lib:/usr/local/cuda-12.2/lib64:/home/meric/f1tenth_ws/install/vesc_ackermann/lib PYTHONPATH=/home/meric/f1_ws/install/joy_teleop/lib/python3.10/site-packages:/home/meric/f1_ws/install/teleop_tools_msgs/local/lib/python3.10/dist-packages:/home/meric/f1_ws/install/key_teleop/lib/python3.10/site-packages:${PYTHONPATH} /usr/bin/cmake /home/meric/f1_ws/src/f1tenth_system/teleop_tools/teleop_tools -DCMAKE_INSTALL_PREFIX=/home/meric/f1_ws/install/teleop_tools
[0.235s] -- Found ament_cmake: 1.3.10 (/opt/ros/humble/share/ament_cmake/cmake)
[0.886s] -- Found Python3: /usr/bin/python3 (found version "3.10.12") found components: Interpreter 
[1.685s] -- Configuring done
[1.690s] -- Generating done
[1.702s] -- Build files have been written to: /home/meric/f1_ws/build/teleop_tools
[1.724s] Invoked command in '/home/meric/f1_ws/build/teleop_tools' returned '0': AMENT_PREFIX_PATH=/home/meric/f1_ws/install/joy_teleop:/home/meric/f1_ws/install/teleop_tools_msgs:/home/meric/f1_ws/install/key_teleop:${AMENT_PREFIX_PATH} CMAKE_PREFIX_PATH=/home/meric/f1_ws/install/teleop_tools_msgs:/opt/ros/humble LD_LIBRARY_PATH=/home/meric/f1_ws/install/teleop_tools_msgs/lib:/opt/ros/humble/opt/rviz_ogre_vendor/lib:/opt/ros/humble/lib/aarch64-linux-gnu:/opt/ros/humble/lib:/usr/local/cuda-12.2/lib64:/home/meric/f1tenth_ws/install/vesc_ackermann/lib PYTHONPATH=/home/meric/f1_ws/install/joy_teleop/lib/python3.10/site-packages:/home/meric/f1_ws/install/teleop_tools_msgs/local/lib/python3.10/dist-packages:/home/meric/f1_ws/install/key_teleop/lib/python3.10/site-packages:${PYTHONPATH} /usr/bin/cmake /home/meric/f1_ws/src/f1tenth_system/teleop_tools/teleop_tools -DCMAKE_INSTALL_PREFIX=/home/meric/f1_ws/install/teleop_tools
[1.725s] Invoking command in '/home/meric/f1_ws/build/teleop_tools': AMENT_PREFIX_PATH=/home/meric/f1_ws/install/joy_teleop:/home/meric/f1_ws/install/teleop_tools_msgs:/home/meric/f1_ws/install/key_teleop:${AMENT_PREFIX_PATH} CMAKE_PREFIX_PATH=/home/meric/f1_ws/install/teleop_tools_msgs:/opt/ros/humble LD_LIBRARY_PATH=/home/meric/f1_ws/install/teleop_tools_msgs/lib:/opt/ros/humble/opt/rviz_ogre_vendor/lib:/opt/ros/humble/lib/aarch64-linux-gnu:/opt/ros/humble/lib:/usr/local/cuda-12.2/lib64:/home/meric/f1tenth_ws/install/vesc_ackermann/lib PYTHONPATH=/home/meric/f1_ws/install/joy_teleop/lib/python3.10/site-packages:/home/meric/f1_ws/install/teleop_tools_msgs/local/lib/python3.10/dist-packages:/home/meric/f1_ws/install/key_teleop/lib/python3.10/site-packages:${PYTHONPATH} /usr/bin/cmake --build /home/meric/f1_ws/build/teleop_tools -- -j6 -l6
[1.920s] Invoked command in '/home/meric/f1_ws/build/teleop_tools' returned '0': AMENT_PREFIX_PATH=/home/meric/f1_ws/install/joy_teleop:/home/meric/f1_ws/install/teleop_tools_msgs:/home/meric/f1_ws/install/key_teleop:${AMENT_PREFIX_PATH} CMAKE_PREFIX_PATH=/home/meric/f1_ws/install/teleop_tools_msgs:/opt/ros/humble LD_LIBRARY_PATH=/home/meric/f1_ws/install/teleop_tools_msgs/lib:/opt/ros/humble/opt/rviz_ogre_vendor/lib:/opt/ros/humble/lib/aarch64-linux-gnu:/opt/ros/humble/lib:/usr/local/cuda-12.2/lib64:/home/meric/f1tenth_ws/install/vesc_ackermann/lib PYTHONPATH=/home/meric/f1_ws/install/joy_teleop/lib/python3.10/site-packages:/home/meric/f1_ws/install/teleop_tools_msgs/local/lib/python3.10/dist-packages:/home/meric/f1_ws/install/key_teleop/lib/python3.10/site-packages:${PYTHONPATH} /usr/bin/cmake --build /home/meric/f1_ws/build/teleop_tools -- -j6 -l6
[2.169s] Invoking command in '/home/meric/f1_ws/build/teleop_tools': AMENT_PREFIX_PATH=/home/meric/f1_ws/install/joy_teleop:/home/meric/f1_ws/install/teleop_tools_msgs:/home/meric/f1_ws/install/key_teleop:${AMENT_PREFIX_PATH} CMAKE_PREFIX_PATH=/home/meric/f1_ws/install/teleop_tools_msgs:/opt/ros/humble LD_LIBRARY_PATH=/home/meric/f1_ws/install/teleop_tools_msgs/lib:/opt/ros/humble/opt/rviz_ogre_vendor/lib:/opt/ros/humble/lib/aarch64-linux-gnu:/opt/ros/humble/lib:/usr/local/cuda-12.2/lib64:/home/meric/f1tenth_ws/install/vesc_ackermann/lib PYTHONPATH=/home/meric/f1_ws/install/joy_teleop/lib/python3.10/site-packages:/home/meric/f1_ws/install/teleop_tools_msgs/local/lib/python3.10/dist-packages:/home/meric/f1_ws/install/key_teleop/lib/python3.10/site-packages:${PYTHONPATH} /usr/bin/cmake --install /home/meric/f1_ws/build/teleop_tools
[2.202s] -- Install configuration: ""
[2.213s] -- Installing: /home/meric/f1_ws/install/teleop_tools/share/ament_index/resource_index/package_run_dependencies/teleop_tools
[2.213s] -- Installing: /home/meric/f1_ws/install/teleop_tools/share/ament_index/resource_index/parent_prefix_path/teleop_tools
[2.213s] -- Installing: /home/meric/f1_ws/install/teleop_tools/share/teleop_tools/environment/ament_prefix_path.sh
[2.214s] -- Installing: /home/meric/f1_ws/install/teleop_tools/share/teleop_tools/environment/ament_prefix_path.dsv
[2.214s] -- Installing: /home/meric/f1_ws/install/teleop_tools/share/teleop_tools/environment/path.sh
[2.214s] -- Installing: /home/meric/f1_ws/install/teleop_tools/share/teleop_tools/environment/path.dsv
[2.214s] -- Installing: /home/meric/f1_ws/install/teleop_tools/share/teleop_tools/local_setup.bash
[2.214s] -- Installing: /home/meric/f1_ws/install/teleop_tools/share/teleop_tools/local_setup.sh
[2.215s] -- Installing: /home/meric/f1_ws/install/teleop_tools/share/teleop_tools/local_setup.zsh
[2.215s] -- Installing: /home/meric/f1_ws/install/teleop_tools/share/teleop_tools/local_setup.dsv
[2.215s] -- Installing: /home/meric/f1_ws/install/teleop_tools/share/teleop_tools/package.dsv
[2.216s] -- Installing: /home/meric/f1_ws/install/teleop_tools/share/ament_index/resource_index/packages/teleop_tools
[2.216s] -- Installing: /home/meric/f1_ws/install/teleop_tools/share/teleop_tools/cmake/teleop_toolsConfig.cmake
[2.216s] -- Installing: /home/meric/f1_ws/install/teleop_tools/share/teleop_tools/cmake/teleop_toolsConfig-version.cmake
[2.217s] -- Installing: /home/meric/f1_ws/install/teleop_tools/share/teleop_tools/package.xml
[2.222s] Invoked command in '/home/meric/f1_ws/build/teleop_tools' returned '0': AMENT_PREFIX_PATH=/home/meric/f1_ws/install/joy_teleop:/home/meric/f1_ws/install/teleop_tools_msgs:/home/meric/f1_ws/install/key_teleop:${AMENT_PREFIX_PATH} CMAKE_PREFIX_PATH=/home/meric/f1_ws/install/teleop_tools_msgs:/opt/ros/humble LD_LIBRARY_PATH=/home/meric/f1_ws/install/teleop_tools_msgs/lib:/opt/ros/humble/opt/rviz_ogre_vendor/lib:/opt/ros/humble/lib/aarch64-linux-gnu:/opt/ros/humble/lib:/usr/local/cuda-12.2/lib64:/home/meric/f1tenth_ws/install/vesc_ackermann/lib PYTHONPATH=/home/meric/f1_ws/install/joy_teleop/lib/python3.10/site-packages:/home/meric/f1_ws/install/teleop_tools_msgs/local/lib/python3.10/dist-packages:/home/meric/f1_ws/install/key_teleop/lib/python3.10/site-packages:${PYTHONPATH} /usr/bin/cmake --install /home/meric/f1_ws/build/teleop_tools
