[3.711s] Invoking command in '/home/meric/f1_ws/src/f1tenth_system/teleop_tools/key_teleop': PYTHONPATH=/home/meric/f1_ws/build/key_teleop/prefix_override:/home/meric/.local/lib/python3.10/site-packages/colcon_core/task/python/colcon_distutils_commands:/home/meric/f1_ws/install/key_teleop/lib/python3.10/site-packages:${PYTHONPATH} /usr/bin/python3 -W ignore:setup.py install is deprecated setup.py egg_info --egg-base ../../../../build/key_teleop build --build-base /home/meric/f1_ws/build/key_teleop/build install --record /home/meric/f1_ws/build/key_teleop/install.log --single-version-externally-managed install_data
[4.345s] running egg_info
[4.346s] writing ../../../../build/key_teleop/key_teleop.egg-info/PKG-INFO
[4.347s] writing dependency_links to ../../../../build/key_teleop/key_teleop.egg-info/dependency_links.txt
[4.348s] writing entry points to ../../../../build/key_teleop/key_teleop.egg-info/entry_points.txt
[4.350s] writing requirements to ../../../../build/key_teleop/key_teleop.egg-info/requires.txt
[4.351s] writing top-level names to ../../../../build/key_teleop/key_teleop.egg-info/top_level.txt
[4.353s] reading manifest file '../../../../build/key_teleop/key_teleop.egg-info/SOURCES.txt'
[4.353s] adding license file 'LICENSE'
[4.354s] writing manifest file '../../../../build/key_teleop/key_teleop.egg-info/SOURCES.txt'
[4.354s] running build
[4.356s] running build_py
[4.356s] running install
[4.356s] running install_lib
[4.359s] running install_data
[4.359s] running install_egg_info
[4.363s] removing '/home/meric/f1_ws/install/key_teleop/lib/python3.10/site-packages/key_teleop-0.3.0-py3.10.egg-info' (and everything under it)
[4.365s] Copying ../../../../build/key_teleop/key_teleop.egg-info to /home/meric/f1_ws/install/key_teleop/lib/python3.10/site-packages/key_teleop-0.3.0-py3.10.egg-info
[4.367s] running install_scripts
[4.415s] Installing key_teleop script to /home/meric/f1_ws/install/key_teleop/lib/key_teleop
[4.422s] writing list of installed files to '/home/meric/f1_ws/build/key_teleop/install.log'
[4.555s] Invoked command in '/home/meric/f1_ws/src/f1tenth_system/teleop_tools/key_teleop' returned '0': PYTHONPATH=/home/meric/f1_ws/build/key_teleop/prefix_override:/home/meric/.local/lib/python3.10/site-packages/colcon_core/task/python/colcon_distutils_commands:/home/meric/f1_ws/install/key_teleop/lib/python3.10/site-packages:${PYTHONPATH} /usr/bin/python3 -W ignore:setup.py install is deprecated setup.py egg_info --egg-base ../../../../build/key_teleop build --build-base /home/meric/f1_ws/build/key_teleop/build install --record /home/meric/f1_ws/build/key_teleop/install.log --single-version-externally-managed install_data
