[1.716s] Invoking command in '/home/meric/f1_ws/src/f1tenth_system/teleop_tools/joy_teleop': CMAKE_PREFIX_PATH=/home/meric/f1_ws/install/teleop_tools_msgs:/home/meric/f1_ws/install/vesc:/home/meric/f1_ws/install/vesc_driver:/home/meric/f1_ws/install/vesc_ackermann:/home/meric/f1_ws/install/vesc_msgs:/home/meric/f1_ws/install/teleop_tools:/home/meric/f1_ws/install/keyboard:/home/meric/f1_ws/install/keyboard_msgs:/home/meric/f1_ws/install/ackermann_mux LD_LIBRARY_PATH=/home/meric/f1_ws/install/teleop_tools_msgs/lib:/home/meric/f1_ws/install/vesc_driver/lib:/home/meric/f1_ws/install/vesc_ackermann/lib:/home/meric/f1_ws/install/vesc_msgs/lib:/home/meric/f1_ws/install/keyboard_msgs/lib:/opt/ros/humble/opt/rviz_ogre_vendor/lib:/opt/ros/humble/lib/aarch64-linux-gnu:/opt/ros/humble/lib:/usr/local/cuda-12.2/lib64:/home/meric/f1tenth_ws/install/vesc_ackermann/lib PYTHONPATH=/home/meric/f1_ws/build/joy_teleop/prefix_override:/home/meric/.local/lib/python3.10/site-packages/colcon_core/task/python/colcon_distutils_commands:/home/meric/f1_ws/install/joy_teleop/lib/python3.10/site-packages:${PYTHONPATH} /usr/bin/python3 -W ignore:setup.py install is deprecated setup.py egg_info --egg-base ../../../../build/joy_teleop build --build-base /home/meric/f1_ws/build/joy_teleop/build install --record /home/meric/f1_ws/build/joy_teleop/install.log --single-version-externally-managed install_data
[2.271s] running egg_info
[2.271s] writing ../../../../build/joy_teleop/joy_teleop.egg-info/PKG-INFO
[2.272s] writing dependency_links to ../../../../build/joy_teleop/joy_teleop.egg-info/dependency_links.txt
[2.272s] writing entry points to ../../../../build/joy_teleop/joy_teleop.egg-info/entry_points.txt
[2.272s] writing requirements to ../../../../build/joy_teleop/joy_teleop.egg-info/requires.txt
[2.272s] writing top-level names to ../../../../build/joy_teleop/joy_teleop.egg-info/top_level.txt
[2.276s] reading manifest file '../../../../build/joy_teleop/joy_teleop.egg-info/SOURCES.txt'
[2.278s] writing manifest file '../../../../build/joy_teleop/joy_teleop.egg-info/SOURCES.txt'
[2.278s] running build
[2.278s] running build_py
[2.279s] copying joy_teleop/keyboard_joy.py -> /home/meric/f1_ws/build/joy_teleop/build/lib/joy_teleop
[2.279s] running install
[2.280s] running install_lib
[2.282s] copying /home/meric/f1_ws/build/joy_teleop/build/lib/joy_teleop/keyboard_joy.py -> /home/meric/f1_ws/install/joy_teleop/lib/python3.10/site-packages/joy_teleop
[2.283s] byte-compiling /home/meric/f1_ws/install/joy_teleop/lib/python3.10/site-packages/joy_teleop/keyboard_joy.py to keyboard_joy.cpython-310.pyc
[2.285s] running install_data
[2.285s] running install_egg_info
[2.289s] removing '/home/meric/f1_ws/install/joy_teleop/lib/python3.10/site-packages/joy_teleop-0.3.0-py3.10.egg-info' (and everything under it)
[2.290s] Copying ../../../../build/joy_teleop/joy_teleop.egg-info to /home/meric/f1_ws/install/joy_teleop/lib/python3.10/site-packages/joy_teleop-0.3.0-py3.10.egg-info
[2.291s] running install_scripts
[2.333s] Installing incrementer_server script to /home/meric/f1_ws/install/joy_teleop/lib/joy_teleop
[2.333s] Installing joy_override script to /home/meric/f1_ws/install/joy_teleop/lib/joy_teleop
[2.333s] Installing joy_teleop script to /home/meric/f1_ws/install/joy_teleop/lib/joy_teleop
[2.334s] Installing keyboard_joy script to /home/meric/f1_ws/install/joy_teleop/lib/joy_teleop
[2.334s] writing list of installed files to '/home/meric/f1_ws/build/joy_teleop/install.log'
[2.406s] Invoked command in '/home/meric/f1_ws/src/f1tenth_system/teleop_tools/joy_teleop' returned '0': CMAKE_PREFIX_PATH=/home/meric/f1_ws/install/teleop_tools_msgs:/home/meric/f1_ws/install/vesc:/home/meric/f1_ws/install/vesc_driver:/home/meric/f1_ws/install/vesc_ackermann:/home/meric/f1_ws/install/vesc_msgs:/home/meric/f1_ws/install/teleop_tools:/home/meric/f1_ws/install/keyboard:/home/meric/f1_ws/install/keyboard_msgs:/home/meric/f1_ws/install/ackermann_mux LD_LIBRARY_PATH=/home/meric/f1_ws/install/teleop_tools_msgs/lib:/home/meric/f1_ws/install/vesc_driver/lib:/home/meric/f1_ws/install/vesc_ackermann/lib:/home/meric/f1_ws/install/vesc_msgs/lib:/home/meric/f1_ws/install/keyboard_msgs/lib:/opt/ros/humble/opt/rviz_ogre_vendor/lib:/opt/ros/humble/lib/aarch64-linux-gnu:/opt/ros/humble/lib:/usr/local/cuda-12.2/lib64:/home/meric/f1tenth_ws/install/vesc_ackermann/lib PYTHONPATH=/home/meric/f1_ws/build/joy_teleop/prefix_override:/home/meric/.local/lib/python3.10/site-packages/colcon_core/task/python/colcon_distutils_commands:/home/meric/f1_ws/install/joy_teleop/lib/python3.10/site-packages:${PYTHONPATH} /usr/bin/python3 -W ignore:setup.py install is deprecated setup.py egg_info --egg-base ../../../../build/joy_teleop build --build-base /home/meric/f1_ws/build/joy_teleop/build install --record /home/meric/f1_ws/build/joy_teleop/install.log --single-version-externally-managed install_data
