[0.278s] DEBUG:colcon:Command line arguments: ['/home/meric/.local/bin/colcon', 'build']
[0.278s] DEBUG:colcon:Parsed command line arguments: Namespace(log_base=None, log_level=None, verb_name='build', build_base='build', install_base='install', merge_install=False, symlink_install=False, test_result_base=None, continue_on_error=False, executor='parallel', parallel_workers=6, event_handlers=None, ignore_user_meta=False, metas=['./colcon.meta'], base_paths=['.'], packages_ignore=None, packages_ignore_regex=None, paths=None, packages_up_to=None, packages_up_to_regex=None, packages_above=None, packages_above_and_dependencies=None, packages_above_depth=None, packages_select_by_dep=None, packages_skip_by_dep=None, packages_skip_up_to=None, packages_select_build_failed=False, packages_skip_build_finished=False, packages_select_test_failures=False, packages_skip_test_passed=False, packages_select=None, packages_skip=None, packages_select_regex=None, packages_skip_regex=None, packages_start=None, packages_end=None, cmake_args=None, cmake_target=None, cmake_target_skip_unavailable=False, cmake_clean_cache=False, cmake_clean_first=False, cmake_force_configure=False, ament_cmake_args=None, catkin_cmake_args=None, catkin_skip_building_tests=False, verb_parser=<colcon_defaults.argument_parser.defaults.DefaultArgumentsDecorator object at 0xffffa72841c0>, verb_extension=<colcon_core.verb.build.BuildVerb object at 0xffffa7430580>, main=<bound method BuildVerb.main of <colcon_core.verb.build.BuildVerb object at 0xffffa7430580>>)
[0.621s] Level 1:colcon.colcon_core.package_discovery:discover_packages(colcon_meta) check parameters
[0.621s] Level 1:colcon.colcon_core.package_discovery:discover_packages(recursive) check parameters
[0.621s] Level 1:colcon.colcon_core.package_discovery:discover_packages(ignore) check parameters
[0.622s] Level 1:colcon.colcon_core.package_discovery:discover_packages(path) check parameters
[0.622s] Level 1:colcon.colcon_core.package_discovery:discover_packages(colcon_meta) discover
[0.622s] Level 1:colcon.colcon_core.package_discovery:discover_packages(recursive) discover
[0.622s] INFO:colcon.colcon_core.package_discovery:Crawling recursively for packages in '/home/meric/f1_ws/src'
[0.622s] Level 1:colcon.colcon_core.package_identification:_identify(.) by extensions ['ignore', 'ignore_ament_install']
[0.622s] Level 1:colcon.colcon_core.package_identification:_identify(.) by extension 'ignore'
[0.622s] Level 1:colcon.colcon_core.package_identification:_identify(.) by extension 'ignore_ament_install'
[0.623s] Level 1:colcon.colcon_core.package_identification:_identify(.) by extensions ['colcon_pkg']
[0.623s] Level 1:colcon.colcon_core.package_identification:_identify(.) by extension 'colcon_pkg'
[0.623s] Level 1:colcon.colcon_core.package_identification:_identify(.) by extensions ['colcon_meta']
[0.623s] Level 1:colcon.colcon_core.package_identification:_identify(.) by extension 'colcon_meta'
[0.623s] Level 1:colcon.colcon_core.package_identification:_identify(.) by extensions ['ros']
[0.623s] Level 1:colcon.colcon_core.package_identification:_identify(.) by extension 'ros'
[0.646s] Level 1:colcon.colcon_core.package_identification:_identify(.) by extensions ['cmake', 'python']
[0.646s] Level 1:colcon.colcon_core.package_identification:_identify(.) by extension 'cmake'
[0.646s] Level 1:colcon.colcon_core.package_identification:_identify(.) by extension 'python'
[0.646s] Level 1:colcon.colcon_core.package_identification:_identify(.) by extensions ['python_setup_py']
[0.647s] Level 1:colcon.colcon_core.package_identification:_identify(.) by extension 'python_setup_py'
[0.647s] Level 1:colcon.colcon_core.package_identification:_identify(F1tenth_wall_follower_ROS2) by extensions ['ignore', 'ignore_ament_install']
[0.647s] Level 1:colcon.colcon_core.package_identification:_identify(F1tenth_wall_follower_ROS2) by extension 'ignore'
[0.647s] Level 1:colcon.colcon_core.package_identification:_identify(F1tenth_wall_follower_ROS2) by extension 'ignore_ament_install'
[0.647s] Level 1:colcon.colcon_core.package_identification:_identify(F1tenth_wall_follower_ROS2) by extensions ['colcon_pkg']
[0.647s] Level 1:colcon.colcon_core.package_identification:_identify(F1tenth_wall_follower_ROS2) by extension 'colcon_pkg'
[0.648s] Level 1:colcon.colcon_core.package_identification:_identify(F1tenth_wall_follower_ROS2) by extensions ['colcon_meta']
[0.648s] Level 1:colcon.colcon_core.package_identification:_identify(F1tenth_wall_follower_ROS2) by extension 'colcon_meta'
[0.648s] Level 1:colcon.colcon_core.package_identification:_identify(F1tenth_wall_follower_ROS2) by extensions ['ros']
[0.648s] Level 1:colcon.colcon_core.package_identification:_identify(F1tenth_wall_follower_ROS2) by extension 'ros'
[0.653s] DEBUG:colcon.colcon_core.package_identification:Package 'F1tenth_wall_follower_ROS2' with type 'ros.ament_cmake' and name 'cpp_right_wall_follower'
[0.654s] Level 1:colcon.colcon_core.package_identification:_identify(build) by extensions ['ignore', 'ignore_ament_install']
[0.654s] Level 1:colcon.colcon_core.package_identification:_identify(build) by extension 'ignore'
[0.654s] Level 1:colcon.colcon_core.package_identification:_identify(build) ignored
[0.654s] Level 1:colcon.colcon_core.package_identification:_identify(f1tenth_system) by extensions ['ignore', 'ignore_ament_install']
[0.655s] Level 1:colcon.colcon_core.package_identification:_identify(f1tenth_system) by extension 'ignore'
[0.655s] Level 1:colcon.colcon_core.package_identification:_identify(f1tenth_system) by extension 'ignore_ament_install'
[0.655s] Level 1:colcon.colcon_core.package_identification:_identify(f1tenth_system) by extensions ['colcon_pkg']
[0.655s] Level 1:colcon.colcon_core.package_identification:_identify(f1tenth_system) by extension 'colcon_pkg'
[0.655s] Level 1:colcon.colcon_core.package_identification:_identify(f1tenth_system) by extensions ['colcon_meta']
[0.655s] Level 1:colcon.colcon_core.package_identification:_identify(f1tenth_system) by extension 'colcon_meta'
[0.655s] Level 1:colcon.colcon_core.package_identification:_identify(f1tenth_system) by extensions ['ros']
[0.655s] Level 1:colcon.colcon_core.package_identification:_identify(f1tenth_system) by extension 'ros'
[0.655s] Level 1:colcon.colcon_core.package_identification:_identify(f1tenth_system) by extensions ['cmake', 'python']
[0.655s] Level 1:colcon.colcon_core.package_identification:_identify(f1tenth_system) by extension 'cmake'
[0.656s] Level 1:colcon.colcon_core.package_identification:_identify(f1tenth_system) by extension 'python'
[0.656s] Level 1:colcon.colcon_core.package_identification:_identify(f1tenth_system) by extensions ['python_setup_py']
[0.656s] Level 1:colcon.colcon_core.package_identification:_identify(f1tenth_system) by extension 'python_setup_py'
[0.656s] Level 1:colcon.colcon_core.package_identification:_identify(f1tenth_system/ackermann_mux) by extensions ['ignore', 'ignore_ament_install']
[0.656s] Level 1:colcon.colcon_core.package_identification:_identify(f1tenth_system/ackermann_mux) by extension 'ignore'
[0.656s] Level 1:colcon.colcon_core.package_identification:_identify(f1tenth_system/ackermann_mux) by extension 'ignore_ament_install'
[0.656s] Level 1:colcon.colcon_core.package_identification:_identify(f1tenth_system/ackermann_mux) by extensions ['colcon_pkg']
[0.656s] Level 1:colcon.colcon_core.package_identification:_identify(f1tenth_system/ackermann_mux) by extension 'colcon_pkg'
[0.657s] Level 1:colcon.colcon_core.package_identification:_identify(f1tenth_system/ackermann_mux) by extensions ['colcon_meta']
[0.657s] Level 1:colcon.colcon_core.package_identification:_identify(f1tenth_system/ackermann_mux) by extension 'colcon_meta'
[0.657s] Level 1:colcon.colcon_core.package_identification:_identify(f1tenth_system/ackermann_mux) by extensions ['ros']
[0.657s] Level 1:colcon.colcon_core.package_identification:_identify(f1tenth_system/ackermann_mux) by extension 'ros'
[0.659s] DEBUG:colcon.colcon_core.package_identification:Package 'f1tenth_system/ackermann_mux' with type 'ros.ament_cmake' and name 'ackermann_mux'
[0.659s] Level 1:colcon.colcon_core.package_identification:_identify(f1tenth_system/f1tenth_stack) by extensions ['ignore', 'ignore_ament_install']
[0.659s] Level 1:colcon.colcon_core.package_identification:_identify(f1tenth_system/f1tenth_stack) by extension 'ignore'
[0.659s] Level 1:colcon.colcon_core.package_identification:_identify(f1tenth_system/f1tenth_stack) by extension 'ignore_ament_install'
[0.659s] Level 1:colcon.colcon_core.package_identification:_identify(f1tenth_system/f1tenth_stack) by extensions ['colcon_pkg']
[0.659s] Level 1:colcon.colcon_core.package_identification:_identify(f1tenth_system/f1tenth_stack) by extension 'colcon_pkg'
[0.660s] Level 1:colcon.colcon_core.package_identification:_identify(f1tenth_system/f1tenth_stack) by extensions ['colcon_meta']
[0.660s] Level 1:colcon.colcon_core.package_identification:_identify(f1tenth_system/f1tenth_stack) by extension 'colcon_meta'
[0.660s] Level 1:colcon.colcon_core.package_identification:_identify(f1tenth_system/f1tenth_stack) by extensions ['ros']
[0.660s] Level 1:colcon.colcon_core.package_identification:_identify(f1tenth_system/f1tenth_stack) by extension 'ros'
[0.662s] DEBUG:colcon.colcon_core.package_identification:Package 'f1tenth_system/f1tenth_stack' with type 'ros.ament_python' and name 'f1tenth_stack'
[0.662s] Level 1:colcon.colcon_core.package_identification:_identify(f1tenth_system/scripts) by extensions ['ignore', 'ignore_ament_install']
[0.662s] Level 1:colcon.colcon_core.package_identification:_identify(f1tenth_system/scripts) by extension 'ignore'
[0.662s] Level 1:colcon.colcon_core.package_identification:_identify(f1tenth_system/scripts) by extension 'ignore_ament_install'
[0.662s] Level 1:colcon.colcon_core.package_identification:_identify(f1tenth_system/scripts) by extensions ['colcon_pkg']
[0.663s] Level 1:colcon.colcon_core.package_identification:_identify(f1tenth_system/scripts) by extension 'colcon_pkg'
[0.663s] Level 1:colcon.colcon_core.package_identification:_identify(f1tenth_system/scripts) by extensions ['colcon_meta']
[0.663s] Level 1:colcon.colcon_core.package_identification:_identify(f1tenth_system/scripts) by extension 'colcon_meta'
[0.663s] Level 1:colcon.colcon_core.package_identification:_identify(f1tenth_system/scripts) by extensions ['ros']
[0.663s] Level 1:colcon.colcon_core.package_identification:_identify(f1tenth_system/scripts) by extension 'ros'
[0.663s] Level 1:colcon.colcon_core.package_identification:_identify(f1tenth_system/scripts) by extensions ['cmake', 'python']
[0.663s] Level 1:colcon.colcon_core.package_identification:_identify(f1tenth_system/scripts) by extension 'cmake'
[0.663s] Level 1:colcon.colcon_core.package_identification:_identify(f1tenth_system/scripts) by extension 'python'
[0.663s] Level 1:colcon.colcon_core.package_identification:_identify(f1tenth_system/scripts) by extensions ['python_setup_py']
[0.663s] Level 1:colcon.colcon_core.package_identification:_identify(f1tenth_system/scripts) by extension 'python_setup_py'
[0.664s] Level 1:colcon.colcon_core.package_identification:_identify(f1tenth_system/teleop_tools) by extensions ['ignore', 'ignore_ament_install']
[0.664s] Level 1:colcon.colcon_core.package_identification:_identify(f1tenth_system/teleop_tools) by extension 'ignore'
[0.664s] Level 1:colcon.colcon_core.package_identification:_identify(f1tenth_system/teleop_tools) by extension 'ignore_ament_install'
[0.664s] Level 1:colcon.colcon_core.package_identification:_identify(f1tenth_system/teleop_tools) by extensions ['colcon_pkg']
[0.664s] Level 1:colcon.colcon_core.package_identification:_identify(f1tenth_system/teleop_tools) by extension 'colcon_pkg'
[0.664s] Level 1:colcon.colcon_core.package_identification:_identify(f1tenth_system/teleop_tools) by extensions ['colcon_meta']
[0.664s] Level 1:colcon.colcon_core.package_identification:_identify(f1tenth_system/teleop_tools) by extension 'colcon_meta'
[0.664s] Level 1:colcon.colcon_core.package_identification:_identify(f1tenth_system/teleop_tools) by extensions ['ros']
[0.664s] Level 1:colcon.colcon_core.package_identification:_identify(f1tenth_system/teleop_tools) by extension 'ros'
[0.665s] Level 1:colcon.colcon_core.package_identification:_identify(f1tenth_system/teleop_tools) by extensions ['cmake', 'python']
[0.665s] Level 1:colcon.colcon_core.package_identification:_identify(f1tenth_system/teleop_tools) by extension 'cmake'
[0.665s] Level 1:colcon.colcon_core.package_identification:_identify(f1tenth_system/teleop_tools) by extension 'python'
[0.665s] Level 1:colcon.colcon_core.package_identification:_identify(f1tenth_system/teleop_tools) by extensions ['python_setup_py']
[0.665s] Level 1:colcon.colcon_core.package_identification:_identify(f1tenth_system/teleop_tools) by extension 'python_setup_py'
[0.665s] Level 1:colcon.colcon_core.package_identification:_identify(f1tenth_system/teleop_tools/joy_teleop) by extensions ['ignore', 'ignore_ament_install']
[0.665s] Level 1:colcon.colcon_core.package_identification:_identify(f1tenth_system/teleop_tools/joy_teleop) by extension 'ignore'
[0.665s] Level 1:colcon.colcon_core.package_identification:_identify(f1tenth_system/teleop_tools/joy_teleop) by extension 'ignore_ament_install'
[0.666s] Level 1:colcon.colcon_core.package_identification:_identify(f1tenth_system/teleop_tools/joy_teleop) by extensions ['colcon_pkg']
[0.666s] Level 1:colcon.colcon_core.package_identification:_identify(f1tenth_system/teleop_tools/joy_teleop) by extension 'colcon_pkg'
[0.666s] Level 1:colcon.colcon_core.package_identification:_identify(f1tenth_system/teleop_tools/joy_teleop) by extensions ['colcon_meta']
[0.666s] Level 1:colcon.colcon_core.package_identification:_identify(f1tenth_system/teleop_tools/joy_teleop) by extension 'colcon_meta'
[0.666s] Level 1:colcon.colcon_core.package_identification:_identify(f1tenth_system/teleop_tools/joy_teleop) by extensions ['ros']
[0.666s] Level 1:colcon.colcon_core.package_identification:_identify(f1tenth_system/teleop_tools/joy_teleop) by extension 'ros'
[0.667s] DEBUG:colcon.colcon_core.package_identification:Package 'f1tenth_system/teleop_tools/joy_teleop' with type 'ros.ament_python' and name 'joy_teleop'
[0.667s] Level 1:colcon.colcon_core.package_identification:_identify(f1tenth_system/teleop_tools/key_teleop) by extensions ['ignore', 'ignore_ament_install']
[0.668s] Level 1:colcon.colcon_core.package_identification:_identify(f1tenth_system/teleop_tools/key_teleop) by extension 'ignore'
[0.668s] Level 1:colcon.colcon_core.package_identification:_identify(f1tenth_system/teleop_tools/key_teleop) by extension 'ignore_ament_install'
[0.668s] Level 1:colcon.colcon_core.package_identification:_identify(f1tenth_system/teleop_tools/key_teleop) by extensions ['colcon_pkg']
[0.668s] Level 1:colcon.colcon_core.package_identification:_identify(f1tenth_system/teleop_tools/key_teleop) by extension 'colcon_pkg'
[0.668s] Level 1:colcon.colcon_core.package_identification:_identify(f1tenth_system/teleop_tools/key_teleop) by extensions ['colcon_meta']
[0.668s] Level 1:colcon.colcon_core.package_identification:_identify(f1tenth_system/teleop_tools/key_teleop) by extension 'colcon_meta'
[0.668s] Level 1:colcon.colcon_core.package_identification:_identify(f1tenth_system/teleop_tools/key_teleop) by extensions ['ros']
[0.668s] Level 1:colcon.colcon_core.package_identification:_identify(f1tenth_system/teleop_tools/key_teleop) by extension 'ros'
[0.669s] DEBUG:colcon.colcon_core.package_identification:Package 'f1tenth_system/teleop_tools/key_teleop' with type 'ros.ament_python' and name 'key_teleop'
[0.670s] Level 1:colcon.colcon_core.package_identification:_identify(f1tenth_system/teleop_tools/mouse_teleop) by extensions ['ignore', 'ignore_ament_install']
[0.670s] Level 1:colcon.colcon_core.package_identification:_identify(f1tenth_system/teleop_tools/mouse_teleop) by extension 'ignore'
[0.670s] Level 1:colcon.colcon_core.package_identification:_identify(f1tenth_system/teleop_tools/mouse_teleop) by extension 'ignore_ament_install'
[0.670s] Level 1:colcon.colcon_core.package_identification:_identify(f1tenth_system/teleop_tools/mouse_teleop) by extensions ['colcon_pkg']
[0.670s] Level 1:colcon.colcon_core.package_identification:_identify(f1tenth_system/teleop_tools/mouse_teleop) by extension 'colcon_pkg'
[0.670s] Level 1:colcon.colcon_core.package_identification:_identify(f1tenth_system/teleop_tools/mouse_teleop) by extensions ['colcon_meta']
[0.670s] Level 1:colcon.colcon_core.package_identification:_identify(f1tenth_system/teleop_tools/mouse_teleop) by extension 'colcon_meta'
[0.670s] Level 1:colcon.colcon_core.package_identification:_identify(f1tenth_system/teleop_tools/mouse_teleop) by extensions ['ros']
[0.670s] Level 1:colcon.colcon_core.package_identification:_identify(f1tenth_system/teleop_tools/mouse_teleop) by extension 'ros'
[0.671s] DEBUG:colcon.colcon_core.package_identification:Package 'f1tenth_system/teleop_tools/mouse_teleop' with type 'ros.ament_python' and name 'mouse_teleop'
[0.672s] Level 1:colcon.colcon_core.package_identification:_identify(f1tenth_system/teleop_tools/teleop_tools) by extensions ['ignore', 'ignore_ament_install']
[0.672s] Level 1:colcon.colcon_core.package_identification:_identify(f1tenth_system/teleop_tools/teleop_tools) by extension 'ignore'
[0.672s] Level 1:colcon.colcon_core.package_identification:_identify(f1tenth_system/teleop_tools/teleop_tools) by extension 'ignore_ament_install'
[0.672s] Level 1:colcon.colcon_core.package_identification:_identify(f1tenth_system/teleop_tools/teleop_tools) by extensions ['colcon_pkg']
[0.672s] Level 1:colcon.colcon_core.package_identification:_identify(f1tenth_system/teleop_tools/teleop_tools) by extension 'colcon_pkg'
[0.672s] Level 1:colcon.colcon_core.package_identification:_identify(f1tenth_system/teleop_tools/teleop_tools) by extensions ['colcon_meta']
[0.672s] Level 1:colcon.colcon_core.package_identification:_identify(f1tenth_system/teleop_tools/teleop_tools) by extension 'colcon_meta'
[0.672s] Level 1:colcon.colcon_core.package_identification:_identify(f1tenth_system/teleop_tools/teleop_tools) by extensions ['ros']
[0.672s] Level 1:colcon.colcon_core.package_identification:_identify(f1tenth_system/teleop_tools/teleop_tools) by extension 'ros'
[0.673s] DEBUG:colcon.colcon_core.package_identification:Package 'f1tenth_system/teleop_tools/teleop_tools' with type 'ros.ament_cmake' and name 'teleop_tools'
[0.674s] Level 1:colcon.colcon_core.package_identification:_identify(f1tenth_system/teleop_tools/teleop_tools_msgs) by extensions ['ignore', 'ignore_ament_install']
[0.674s] Level 1:colcon.colcon_core.package_identification:_identify(f1tenth_system/teleop_tools/teleop_tools_msgs) by extension 'ignore'
[0.674s] Level 1:colcon.colcon_core.package_identification:_identify(f1tenth_system/teleop_tools/teleop_tools_msgs) by extension 'ignore_ament_install'
[0.674s] Level 1:colcon.colcon_core.package_identification:_identify(f1tenth_system/teleop_tools/teleop_tools_msgs) by extensions ['colcon_pkg']
[0.674s] Level 1:colcon.colcon_core.package_identification:_identify(f1tenth_system/teleop_tools/teleop_tools_msgs) by extension 'colcon_pkg'
[0.674s] Level 1:colcon.colcon_core.package_identification:_identify(f1tenth_system/teleop_tools/teleop_tools_msgs) by extensions ['colcon_meta']
[0.674s] Level 1:colcon.colcon_core.package_identification:_identify(f1tenth_system/teleop_tools/teleop_tools_msgs) by extension 'colcon_meta'
[0.674s] Level 1:colcon.colcon_core.package_identification:_identify(f1tenth_system/teleop_tools/teleop_tools_msgs) by extensions ['ros']
[0.674s] Level 1:colcon.colcon_core.package_identification:_identify(f1tenth_system/teleop_tools/teleop_tools_msgs) by extension 'ros'
[0.676s] DEBUG:colcon.colcon_core.package_identification:Package 'f1tenth_system/teleop_tools/teleop_tools_msgs' with type 'ros.ament_cmake' and name 'teleop_tools_msgs'
[0.676s] Level 1:colcon.colcon_core.package_identification:_identify(f1tenth_system/vesc) by extensions ['ignore', 'ignore_ament_install']
[0.676s] Level 1:colcon.colcon_core.package_identification:_identify(f1tenth_system/vesc) by extension 'ignore'
[0.676s] Level 1:colcon.colcon_core.package_identification:_identify(f1tenth_system/vesc) by extension 'ignore_ament_install'
[0.676s] Level 1:colcon.colcon_core.package_identification:_identify(f1tenth_system/vesc) by extensions ['colcon_pkg']
[0.676s] Level 1:colcon.colcon_core.package_identification:_identify(f1tenth_system/vesc) by extension 'colcon_pkg'
[0.676s] Level 1:colcon.colcon_core.package_identification:_identify(f1tenth_system/vesc) by extensions ['colcon_meta']
[0.677s] Level 1:colcon.colcon_core.package_identification:_identify(f1tenth_system/vesc) by extension 'colcon_meta'
[0.677s] Level 1:colcon.colcon_core.package_identification:_identify(f1tenth_system/vesc) by extensions ['ros']
[0.677s] Level 1:colcon.colcon_core.package_identification:_identify(f1tenth_system/vesc) by extension 'ros'
[0.677s] Level 1:colcon.colcon_core.package_identification:_identify(f1tenth_system/vesc) by extensions ['cmake', 'python']
[0.677s] Level 1:colcon.colcon_core.package_identification:_identify(f1tenth_system/vesc) by extension 'cmake'
[0.677s] Level 1:colcon.colcon_core.package_identification:_identify(f1tenth_system/vesc) by extension 'python'
[0.677s] Level 1:colcon.colcon_core.package_identification:_identify(f1tenth_system/vesc) by extensions ['python_setup_py']
[0.677s] Level 1:colcon.colcon_core.package_identification:_identify(f1tenth_system/vesc) by extension 'python_setup_py'
[0.677s] Level 1:colcon.colcon_core.package_identification:_identify(f1tenth_system/vesc/vesc) by extensions ['ignore', 'ignore_ament_install']
[0.678s] Level 1:colcon.colcon_core.package_identification:_identify(f1tenth_system/vesc/vesc) by extension 'ignore'
[0.678s] Level 1:colcon.colcon_core.package_identification:_identify(f1tenth_system/vesc/vesc) by extension 'ignore_ament_install'
[0.678s] Level 1:colcon.colcon_core.package_identification:_identify(f1tenth_system/vesc/vesc) by extensions ['colcon_pkg']
[0.678s] Level 1:colcon.colcon_core.package_identification:_identify(f1tenth_system/vesc/vesc) by extension 'colcon_pkg'
[0.678s] Level 1:colcon.colcon_core.package_identification:_identify(f1tenth_system/vesc/vesc) by extensions ['colcon_meta']
[0.678s] Level 1:colcon.colcon_core.package_identification:_identify(f1tenth_system/vesc/vesc) by extension 'colcon_meta'
[0.678s] Level 1:colcon.colcon_core.package_identification:_identify(f1tenth_system/vesc/vesc) by extensions ['ros']
[0.678s] Level 1:colcon.colcon_core.package_identification:_identify(f1tenth_system/vesc/vesc) by extension 'ros'
[0.679s] DEBUG:colcon.colcon_core.package_identification:Package 'f1tenth_system/vesc/vesc' with type 'ros.ament_cmake' and name 'vesc'
[0.680s] Level 1:colcon.colcon_core.package_identification:_identify(f1tenth_system/vesc/vesc_ackermann) by extensions ['ignore', 'ignore_ament_install']
[0.680s] Level 1:colcon.colcon_core.package_identification:_identify(f1tenth_system/vesc/vesc_ackermann) by extension 'ignore'
[0.680s] Level 1:colcon.colcon_core.package_identification:_identify(f1tenth_system/vesc/vesc_ackermann) by extension 'ignore_ament_install'
[0.680s] Level 1:colcon.colcon_core.package_identification:_identify(f1tenth_system/vesc/vesc_ackermann) by extensions ['colcon_pkg']
[0.680s] Level 1:colcon.colcon_core.package_identification:_identify(f1tenth_system/vesc/vesc_ackermann) by extension 'colcon_pkg'
[0.680s] Level 1:colcon.colcon_core.package_identification:_identify(f1tenth_system/vesc/vesc_ackermann) by extensions ['colcon_meta']
[0.680s] Level 1:colcon.colcon_core.package_identification:_identify(f1tenth_system/vesc/vesc_ackermann) by extension 'colcon_meta'
[0.681s] Level 1:colcon.colcon_core.package_identification:_identify(f1tenth_system/vesc/vesc_ackermann) by extensions ['ros']
[0.681s] Level 1:colcon.colcon_core.package_identification:_identify(f1tenth_system/vesc/vesc_ackermann) by extension 'ros'
[0.683s] DEBUG:colcon.colcon_core.package_identification:Package 'f1tenth_system/vesc/vesc_ackermann' with type 'ros.ament_cmake' and name 'vesc_ackermann'
[0.683s] Level 1:colcon.colcon_core.package_identification:_identify(f1tenth_system/vesc/vesc_driver) by extensions ['ignore', 'ignore_ament_install']
[0.683s] Level 1:colcon.colcon_core.package_identification:_identify(f1tenth_system/vesc/vesc_driver) by extension 'ignore'
[0.683s] Level 1:colcon.colcon_core.package_identification:_identify(f1tenth_system/vesc/vesc_driver) by extension 'ignore_ament_install'
[0.683s] Level 1:colcon.colcon_core.package_identification:_identify(f1tenth_system/vesc/vesc_driver) by extensions ['colcon_pkg']
[0.684s] Level 1:colcon.colcon_core.package_identification:_identify(f1tenth_system/vesc/vesc_driver) by extension 'colcon_pkg'
[0.684s] Level 1:colcon.colcon_core.package_identification:_identify(f1tenth_system/vesc/vesc_driver) by extensions ['colcon_meta']
[0.684s] Level 1:colcon.colcon_core.package_identification:_identify(f1tenth_system/vesc/vesc_driver) by extension 'colcon_meta'
[0.684s] Level 1:colcon.colcon_core.package_identification:_identify(f1tenth_system/vesc/vesc_driver) by extensions ['ros']
[0.684s] Level 1:colcon.colcon_core.package_identification:_identify(f1tenth_system/vesc/vesc_driver) by extension 'ros'
[0.686s] DEBUG:colcon.colcon_core.package_identification:Package 'f1tenth_system/vesc/vesc_driver' with type 'ros.ament_cmake' and name 'vesc_driver'
[0.686s] Level 1:colcon.colcon_core.package_identification:_identify(f1tenth_system/vesc/vesc_msgs) by extensions ['ignore', 'ignore_ament_install']
[0.686s] Level 1:colcon.colcon_core.package_identification:_identify(f1tenth_system/vesc/vesc_msgs) by extension 'ignore'
[0.686s] Level 1:colcon.colcon_core.package_identification:_identify(f1tenth_system/vesc/vesc_msgs) by extension 'ignore_ament_install'
[0.686s] Level 1:colcon.colcon_core.package_identification:_identify(f1tenth_system/vesc/vesc_msgs) by extensions ['colcon_pkg']
[0.686s] Level 1:colcon.colcon_core.package_identification:_identify(f1tenth_system/vesc/vesc_msgs) by extension 'colcon_pkg'
[0.687s] Level 1:colcon.colcon_core.package_identification:_identify(f1tenth_system/vesc/vesc_msgs) by extensions ['colcon_meta']
[0.687s] Level 1:colcon.colcon_core.package_identification:_identify(f1tenth_system/vesc/vesc_msgs) by extension 'colcon_meta'
[0.687s] Level 1:colcon.colcon_core.package_identification:_identify(f1tenth_system/vesc/vesc_msgs) by extensions ['ros']
[0.687s] Level 1:colcon.colcon_core.package_identification:_identify(f1tenth_system/vesc/vesc_msgs) by extension 'ros'
[0.688s] DEBUG:colcon.colcon_core.package_identification:Package 'f1tenth_system/vesc/vesc_msgs' with type 'ros.ament_cmake' and name 'vesc_msgs'
[0.689s] Level 1:colcon.colcon_core.package_identification:_identify(install) by extensions ['ignore', 'ignore_ament_install']
[0.689s] Level 1:colcon.colcon_core.package_identification:_identify(install) by extension 'ignore'
[0.689s] Level 1:colcon.colcon_core.package_identification:_identify(install) ignored
[0.689s] Level 1:colcon.colcon_core.package_identification:_identify(log) by extensions ['ignore', 'ignore_ament_install']
[0.689s] Level 1:colcon.colcon_core.package_identification:_identify(log) by extension 'ignore'
[0.690s] Level 1:colcon.colcon_core.package_identification:_identify(log) ignored
[0.690s] Level 1:colcon.colcon_core.package_identification:_identify(ydlidar_ros2_driver) by extensions ['ignore', 'ignore_ament_install']
[0.690s] Level 1:colcon.colcon_core.package_identification:_identify(ydlidar_ros2_driver) by extension 'ignore'
[0.690s] Level 1:colcon.colcon_core.package_identification:_identify(ydlidar_ros2_driver) by extension 'ignore_ament_install'
[0.690s] Level 1:colcon.colcon_core.package_identification:_identify(ydlidar_ros2_driver) by extensions ['colcon_pkg']
[0.690s] Level 1:colcon.colcon_core.package_identification:_identify(ydlidar_ros2_driver) by extension 'colcon_pkg'
[0.690s] Level 1:colcon.colcon_core.package_identification:_identify(ydlidar_ros2_driver) by extensions ['colcon_meta']
[0.690s] Level 1:colcon.colcon_core.package_identification:_identify(ydlidar_ros2_driver) by extension 'colcon_meta'
[0.690s] Level 1:colcon.colcon_core.package_identification:_identify(ydlidar_ros2_driver) by extensions ['ros']
[0.691s] Level 1:colcon.colcon_core.package_identification:_identify(ydlidar_ros2_driver) by extension 'ros'
[0.692s] DEBUG:colcon.colcon_core.package_identification:Package 'ydlidar_ros2_driver' with type 'ros.ament_cmake' and name 'ydlidar_ros2_driver'
[0.692s] Level 1:colcon.colcon_core.package_discovery:discover_packages(recursive) using defaults
[0.692s] Level 1:colcon.colcon_core.package_discovery:discover_packages(ignore) discover
[0.692s] Level 1:colcon.colcon_core.package_discovery:discover_packages(ignore) using defaults
[0.692s] Level 1:colcon.colcon_core.package_discovery:discover_packages(path) discover
[0.692s] Level 1:colcon.colcon_core.package_discovery:discover_packages(path) using defaults
[0.741s] Level 5:colcon.colcon_core.verb:set package 'ackermann_mux' build argument 'cmake_args' from command line to 'None'
[0.742s] Level 5:colcon.colcon_core.verb:set package 'ackermann_mux' build argument 'cmake_target' from command line to 'None'
[0.742s] Level 5:colcon.colcon_core.verb:set package 'ackermann_mux' build argument 'cmake_target_skip_unavailable' from command line to 'False'
[0.742s] Level 5:colcon.colcon_core.verb:set package 'ackermann_mux' build argument 'cmake_clean_cache' from command line to 'False'
[0.742s] Level 5:colcon.colcon_core.verb:set package 'ackermann_mux' build argument 'cmake_clean_first' from command line to 'False'
[0.742s] Level 5:colcon.colcon_core.verb:set package 'ackermann_mux' build argument 'cmake_force_configure' from command line to 'False'
[0.742s] Level 5:colcon.colcon_core.verb:set package 'ackermann_mux' build argument 'ament_cmake_args' from command line to 'None'
[0.742s] Level 5:colcon.colcon_core.verb:set package 'ackermann_mux' build argument 'catkin_cmake_args' from command line to 'None'
[0.742s] Level 5:colcon.colcon_core.verb:set package 'ackermann_mux' build argument 'catkin_skip_building_tests' from command line to 'False'
[0.742s] DEBUG:colcon.colcon_core.verb:Building package 'ackermann_mux' with the following arguments: {'ament_cmake_args': None, 'build_base': '/home/meric/f1_ws/src/build/ackermann_mux', 'catkin_cmake_args': None, 'catkin_skip_building_tests': False, 'cmake_args': None, 'cmake_clean_cache': False, 'cmake_clean_first': False, 'cmake_force_configure': False, 'cmake_target': None, 'cmake_target_skip_unavailable': False, 'install_base': '/home/meric/f1_ws/src/install/ackermann_mux', 'merge_install': False, 'path': '/home/meric/f1_ws/src/f1tenth_system/ackermann_mux', 'symlink_install': False, 'test_result_base': None}
[0.743s] Level 5:colcon.colcon_core.verb:set package 'cpp_right_wall_follower' build argument 'cmake_args' from command line to 'None'
[0.743s] Level 5:colcon.colcon_core.verb:set package 'cpp_right_wall_follower' build argument 'cmake_target' from command line to 'None'
[0.743s] Level 5:colcon.colcon_core.verb:set package 'cpp_right_wall_follower' build argument 'cmake_target_skip_unavailable' from command line to 'False'
[0.743s] Level 5:colcon.colcon_core.verb:set package 'cpp_right_wall_follower' build argument 'cmake_clean_cache' from command line to 'False'
[0.743s] Level 5:colcon.colcon_core.verb:set package 'cpp_right_wall_follower' build argument 'cmake_clean_first' from command line to 'False'
[0.743s] Level 5:colcon.colcon_core.verb:set package 'cpp_right_wall_follower' build argument 'cmake_force_configure' from command line to 'False'
[0.743s] Level 5:colcon.colcon_core.verb:set package 'cpp_right_wall_follower' build argument 'ament_cmake_args' from command line to 'None'
[0.743s] Level 5:colcon.colcon_core.verb:set package 'cpp_right_wall_follower' build argument 'catkin_cmake_args' from command line to 'None'
[0.743s] Level 5:colcon.colcon_core.verb:set package 'cpp_right_wall_follower' build argument 'catkin_skip_building_tests' from command line to 'False'
[0.743s] DEBUG:colcon.colcon_core.verb:Building package 'cpp_right_wall_follower' with the following arguments: {'ament_cmake_args': None, 'build_base': '/home/meric/f1_ws/src/build/cpp_right_wall_follower', 'catkin_cmake_args': None, 'catkin_skip_building_tests': False, 'cmake_args': None, 'cmake_clean_cache': False, 'cmake_clean_first': False, 'cmake_force_configure': False, 'cmake_target': None, 'cmake_target_skip_unavailable': False, 'install_base': '/home/meric/f1_ws/src/install/cpp_right_wall_follower', 'merge_install': False, 'path': '/home/meric/f1_ws/src/F1tenth_wall_follower_ROS2', 'symlink_install': False, 'test_result_base': None}
[0.744s] Level 5:colcon.colcon_core.verb:set package 'key_teleop' build argument 'cmake_args' from command line to 'None'
[0.744s] Level 5:colcon.colcon_core.verb:set package 'key_teleop' build argument 'cmake_target' from command line to 'None'
[0.744s] Level 5:colcon.colcon_core.verb:set package 'key_teleop' build argument 'cmake_target_skip_unavailable' from command line to 'False'
[0.744s] Level 5:colcon.colcon_core.verb:set package 'key_teleop' build argument 'cmake_clean_cache' from command line to 'False'
[0.744s] Level 5:colcon.colcon_core.verb:set package 'key_teleop' build argument 'cmake_clean_first' from command line to 'False'
[0.745s] Level 5:colcon.colcon_core.verb:set package 'key_teleop' build argument 'cmake_force_configure' from command line to 'False'
[0.745s] Level 5:colcon.colcon_core.verb:set package 'key_teleop' build argument 'ament_cmake_args' from command line to 'None'
[0.745s] Level 5:colcon.colcon_core.verb:set package 'key_teleop' build argument 'catkin_cmake_args' from command line to 'None'
[0.745s] Level 5:colcon.colcon_core.verb:set package 'key_teleop' build argument 'catkin_skip_building_tests' from command line to 'False'
[0.745s] DEBUG:colcon.colcon_core.verb:Building package 'key_teleop' with the following arguments: {'ament_cmake_args': None, 'build_base': '/home/meric/f1_ws/src/build/key_teleop', 'catkin_cmake_args': None, 'catkin_skip_building_tests': False, 'cmake_args': None, 'cmake_clean_cache': False, 'cmake_clean_first': False, 'cmake_force_configure': False, 'cmake_target': None, 'cmake_target_skip_unavailable': False, 'install_base': '/home/meric/f1_ws/src/install/key_teleop', 'merge_install': False, 'path': '/home/meric/f1_ws/src/f1tenth_system/teleop_tools/key_teleop', 'symlink_install': False, 'test_result_base': None}
[0.745s] Level 5:colcon.colcon_core.verb:set package 'mouse_teleop' build argument 'cmake_args' from command line to 'None'
[0.745s] Level 5:colcon.colcon_core.verb:set package 'mouse_teleop' build argument 'cmake_target' from command line to 'None'
[0.745s] Level 5:colcon.colcon_core.verb:set package 'mouse_teleop' build argument 'cmake_target_skip_unavailable' from command line to 'False'
[0.746s] Level 5:colcon.colcon_core.verb:set package 'mouse_teleop' build argument 'cmake_clean_cache' from command line to 'False'
[0.746s] Level 5:colcon.colcon_core.verb:set package 'mouse_teleop' build argument 'cmake_clean_first' from command line to 'False'
[0.746s] Level 5:colcon.colcon_core.verb:set package 'mouse_teleop' build argument 'cmake_force_configure' from command line to 'False'
[0.746s] Level 5:colcon.colcon_core.verb:set package 'mouse_teleop' build argument 'ament_cmake_args' from command line to 'None'
[0.746s] Level 5:colcon.colcon_core.verb:set package 'mouse_teleop' build argument 'catkin_cmake_args' from command line to 'None'
[0.746s] Level 5:colcon.colcon_core.verb:set package 'mouse_teleop' build argument 'catkin_skip_building_tests' from command line to 'False'
[0.746s] DEBUG:colcon.colcon_core.verb:Building package 'mouse_teleop' with the following arguments: {'ament_cmake_args': None, 'build_base': '/home/meric/f1_ws/src/build/mouse_teleop', 'catkin_cmake_args': None, 'catkin_skip_building_tests': False, 'cmake_args': None, 'cmake_clean_cache': False, 'cmake_clean_first': False, 'cmake_force_configure': False, 'cmake_target': None, 'cmake_target_skip_unavailable': False, 'install_base': '/home/meric/f1_ws/src/install/mouse_teleop', 'merge_install': False, 'path': '/home/meric/f1_ws/src/f1tenth_system/teleop_tools/mouse_teleop', 'symlink_install': False, 'test_result_base': None}
[0.746s] Level 5:colcon.colcon_core.verb:set package 'teleop_tools_msgs' build argument 'cmake_args' from command line to 'None'
[0.746s] Level 5:colcon.colcon_core.verb:set package 'teleop_tools_msgs' build argument 'cmake_target' from command line to 'None'
[0.747s] Level 5:colcon.colcon_core.verb:set package 'teleop_tools_msgs' build argument 'cmake_target_skip_unavailable' from command line to 'False'
[0.747s] Level 5:colcon.colcon_core.verb:set package 'teleop_tools_msgs' build argument 'cmake_clean_cache' from command line to 'False'
[0.747s] Level 5:colcon.colcon_core.verb:set package 'teleop_tools_msgs' build argument 'cmake_clean_first' from command line to 'False'
[0.747s] Level 5:colcon.colcon_core.verb:set package 'teleop_tools_msgs' build argument 'cmake_force_configure' from command line to 'False'
[0.747s] Level 5:colcon.colcon_core.verb:set package 'teleop_tools_msgs' build argument 'ament_cmake_args' from command line to 'None'
[0.747s] Level 5:colcon.colcon_core.verb:set package 'teleop_tools_msgs' build argument 'catkin_cmake_args' from command line to 'None'
[0.747s] Level 5:colcon.colcon_core.verb:set package 'teleop_tools_msgs' build argument 'catkin_skip_building_tests' from command line to 'False'
[0.747s] DEBUG:colcon.colcon_core.verb:Building package 'teleop_tools_msgs' with the following arguments: {'ament_cmake_args': None, 'build_base': '/home/meric/f1_ws/src/build/teleop_tools_msgs', 'catkin_cmake_args': None, 'catkin_skip_building_tests': False, 'cmake_args': None, 'cmake_clean_cache': False, 'cmake_clean_first': False, 'cmake_force_configure': False, 'cmake_target': None, 'cmake_target_skip_unavailable': False, 'install_base': '/home/meric/f1_ws/src/install/teleop_tools_msgs', 'merge_install': False, 'path': '/home/meric/f1_ws/src/f1tenth_system/teleop_tools/teleop_tools_msgs', 'symlink_install': False, 'test_result_base': None}
[0.748s] Level 5:colcon.colcon_core.verb:set package 'vesc_msgs' build argument 'cmake_args' from command line to 'None'
[0.748s] Level 5:colcon.colcon_core.verb:set package 'vesc_msgs' build argument 'cmake_target' from command line to 'None'
[0.748s] Level 5:colcon.colcon_core.verb:set package 'vesc_msgs' build argument 'cmake_target_skip_unavailable' from command line to 'False'
[0.748s] Level 5:colcon.colcon_core.verb:set package 'vesc_msgs' build argument 'cmake_clean_cache' from command line to 'False'
[0.748s] Level 5:colcon.colcon_core.verb:set package 'vesc_msgs' build argument 'cmake_clean_first' from command line to 'False'
[0.748s] Level 5:colcon.colcon_core.verb:set package 'vesc_msgs' build argument 'cmake_force_configure' from command line to 'False'
[0.748s] Level 5:colcon.colcon_core.verb:set package 'vesc_msgs' build argument 'ament_cmake_args' from command line to 'None'
[0.748s] Level 5:colcon.colcon_core.verb:set package 'vesc_msgs' build argument 'catkin_cmake_args' from command line to 'None'
[0.748s] Level 5:colcon.colcon_core.verb:set package 'vesc_msgs' build argument 'catkin_skip_building_tests' from command line to 'False'
[0.748s] DEBUG:colcon.colcon_core.verb:Building package 'vesc_msgs' with the following arguments: {'ament_cmake_args': None, 'build_base': '/home/meric/f1_ws/src/build/vesc_msgs', 'catkin_cmake_args': None, 'catkin_skip_building_tests': False, 'cmake_args': None, 'cmake_clean_cache': False, 'cmake_clean_first': False, 'cmake_force_configure': False, 'cmake_target': None, 'cmake_target_skip_unavailable': False, 'install_base': '/home/meric/f1_ws/src/install/vesc_msgs', 'merge_install': False, 'path': '/home/meric/f1_ws/src/f1tenth_system/vesc/vesc_msgs', 'symlink_install': False, 'test_result_base': None}
[0.749s] Level 5:colcon.colcon_core.verb:set package 'ydlidar_ros2_driver' build argument 'cmake_args' from command line to 'None'
[0.749s] Level 5:colcon.colcon_core.verb:set package 'ydlidar_ros2_driver' build argument 'cmake_target' from command line to 'None'
[0.749s] Level 5:colcon.colcon_core.verb:set package 'ydlidar_ros2_driver' build argument 'cmake_target_skip_unavailable' from command line to 'False'
[0.749s] Level 5:colcon.colcon_core.verb:set package 'ydlidar_ros2_driver' build argument 'cmake_clean_cache' from command line to 'False'
[0.749s] Level 5:colcon.colcon_core.verb:set package 'ydlidar_ros2_driver' build argument 'cmake_clean_first' from command line to 'False'
[0.749s] Level 5:colcon.colcon_core.verb:set package 'ydlidar_ros2_driver' build argument 'cmake_force_configure' from command line to 'False'
[0.749s] Level 5:colcon.colcon_core.verb:set package 'ydlidar_ros2_driver' build argument 'ament_cmake_args' from command line to 'None'
[0.749s] Level 5:colcon.colcon_core.verb:set package 'ydlidar_ros2_driver' build argument 'catkin_cmake_args' from command line to 'None'
[0.749s] Level 5:colcon.colcon_core.verb:set package 'ydlidar_ros2_driver' build argument 'catkin_skip_building_tests' from command line to 'False'
[0.749s] DEBUG:colcon.colcon_core.verb:Building package 'ydlidar_ros2_driver' with the following arguments: {'ament_cmake_args': None, 'build_base': '/home/meric/f1_ws/src/build/ydlidar_ros2_driver', 'catkin_cmake_args': None, 'catkin_skip_building_tests': False, 'cmake_args': None, 'cmake_clean_cache': False, 'cmake_clean_first': False, 'cmake_force_configure': False, 'cmake_target': None, 'cmake_target_skip_unavailable': False, 'install_base': '/home/meric/f1_ws/src/install/ydlidar_ros2_driver', 'merge_install': False, 'path': '/home/meric/f1_ws/src/ydlidar_ros2_driver', 'symlink_install': False, 'test_result_base': None}
[0.750s] Level 5:colcon.colcon_core.verb:set package 'joy_teleop' build argument 'cmake_args' from command line to 'None'
[0.750s] Level 5:colcon.colcon_core.verb:set package 'joy_teleop' build argument 'cmake_target' from command line to 'None'
[0.750s] Level 5:colcon.colcon_core.verb:set package 'joy_teleop' build argument 'cmake_target_skip_unavailable' from command line to 'False'
[0.750s] Level 5:colcon.colcon_core.verb:set package 'joy_teleop' build argument 'cmake_clean_cache' from command line to 'False'
[0.750s] Level 5:colcon.colcon_core.verb:set package 'joy_teleop' build argument 'cmake_clean_first' from command line to 'False'
[0.750s] Level 5:colcon.colcon_core.verb:set package 'joy_teleop' build argument 'cmake_force_configure' from command line to 'False'
[0.750s] Level 5:colcon.colcon_core.verb:set package 'joy_teleop' build argument 'ament_cmake_args' from command line to 'None'
[0.750s] Level 5:colcon.colcon_core.verb:set package 'joy_teleop' build argument 'catkin_cmake_args' from command line to 'None'
[0.750s] Level 5:colcon.colcon_core.verb:set package 'joy_teleop' build argument 'catkin_skip_building_tests' from command line to 'False'
[0.750s] DEBUG:colcon.colcon_core.verb:Building package 'joy_teleop' with the following arguments: {'ament_cmake_args': None, 'build_base': '/home/meric/f1_ws/src/build/joy_teleop', 'catkin_cmake_args': None, 'catkin_skip_building_tests': False, 'cmake_args': None, 'cmake_clean_cache': False, 'cmake_clean_first': False, 'cmake_force_configure': False, 'cmake_target': None, 'cmake_target_skip_unavailable': False, 'install_base': '/home/meric/f1_ws/src/install/joy_teleop', 'merge_install': False, 'path': '/home/meric/f1_ws/src/f1tenth_system/teleop_tools/joy_teleop', 'symlink_install': False, 'test_result_base': None}
[0.751s] Level 5:colcon.colcon_core.verb:set package 'vesc_ackermann' build argument 'cmake_args' from command line to 'None'
[0.751s] Level 5:colcon.colcon_core.verb:set package 'vesc_ackermann' build argument 'cmake_target' from command line to 'None'
[0.751s] Level 5:colcon.colcon_core.verb:set package 'vesc_ackermann' build argument 'cmake_target_skip_unavailable' from command line to 'False'
[0.751s] Level 5:colcon.colcon_core.verb:set package 'vesc_ackermann' build argument 'cmake_clean_cache' from command line to 'False'
[0.751s] Level 5:colcon.colcon_core.verb:set package 'vesc_ackermann' build argument 'cmake_clean_first' from command line to 'False'
[0.751s] Level 5:colcon.colcon_core.verb:set package 'vesc_ackermann' build argument 'cmake_force_configure' from command line to 'False'
[0.751s] Level 5:colcon.colcon_core.verb:set package 'vesc_ackermann' build argument 'ament_cmake_args' from command line to 'None'
[0.751s] Level 5:colcon.colcon_core.verb:set package 'vesc_ackermann' build argument 'catkin_cmake_args' from command line to 'None'
[0.751s] Level 5:colcon.colcon_core.verb:set package 'vesc_ackermann' build argument 'catkin_skip_building_tests' from command line to 'False'
[0.751s] DEBUG:colcon.colcon_core.verb:Building package 'vesc_ackermann' with the following arguments: {'ament_cmake_args': None, 'build_base': '/home/meric/f1_ws/src/build/vesc_ackermann', 'catkin_cmake_args': None, 'catkin_skip_building_tests': False, 'cmake_args': None, 'cmake_clean_cache': False, 'cmake_clean_first': False, 'cmake_force_configure': False, 'cmake_target': None, 'cmake_target_skip_unavailable': False, 'install_base': '/home/meric/f1_ws/src/install/vesc_ackermann', 'merge_install': False, 'path': '/home/meric/f1_ws/src/f1tenth_system/vesc/vesc_ackermann', 'symlink_install': False, 'test_result_base': None}
[0.752s] Level 5:colcon.colcon_core.verb:set package 'vesc_driver' build argument 'cmake_args' from command line to 'None'
[0.752s] Level 5:colcon.colcon_core.verb:set package 'vesc_driver' build argument 'cmake_target' from command line to 'None'
[0.752s] Level 5:colcon.colcon_core.verb:set package 'vesc_driver' build argument 'cmake_target_skip_unavailable' from command line to 'False'
[0.752s] Level 5:colcon.colcon_core.verb:set package 'vesc_driver' build argument 'cmake_clean_cache' from command line to 'False'
[0.752s] Level 5:colcon.colcon_core.verb:set package 'vesc_driver' build argument 'cmake_clean_first' from command line to 'False'
[0.752s] Level 5:colcon.colcon_core.verb:set package 'vesc_driver' build argument 'cmake_force_configure' from command line to 'False'
[0.752s] Level 5:colcon.colcon_core.verb:set package 'vesc_driver' build argument 'ament_cmake_args' from command line to 'None'
[0.752s] Level 5:colcon.colcon_core.verb:set package 'vesc_driver' build argument 'catkin_cmake_args' from command line to 'None'
[0.752s] Level 5:colcon.colcon_core.verb:set package 'vesc_driver' build argument 'catkin_skip_building_tests' from command line to 'False'
[0.752s] DEBUG:colcon.colcon_core.verb:Building package 'vesc_driver' with the following arguments: {'ament_cmake_args': None, 'build_base': '/home/meric/f1_ws/src/build/vesc_driver', 'catkin_cmake_args': None, 'catkin_skip_building_tests': False, 'cmake_args': None, 'cmake_clean_cache': False, 'cmake_clean_first': False, 'cmake_force_configure': False, 'cmake_target': None, 'cmake_target_skip_unavailable': False, 'install_base': '/home/meric/f1_ws/src/install/vesc_driver', 'merge_install': False, 'path': '/home/meric/f1_ws/src/f1tenth_system/vesc/vesc_driver', 'symlink_install': False, 'test_result_base': None}
[0.753s] Level 5:colcon.colcon_core.verb:set package 'teleop_tools' build argument 'cmake_args' from command line to 'None'
[0.753s] Level 5:colcon.colcon_core.verb:set package 'teleop_tools' build argument 'cmake_target' from command line to 'None'
[0.753s] Level 5:colcon.colcon_core.verb:set package 'teleop_tools' build argument 'cmake_target_skip_unavailable' from command line to 'False'
[0.753s] Level 5:colcon.colcon_core.verb:set package 'teleop_tools' build argument 'cmake_clean_cache' from command line to 'False'
[0.753s] Level 5:colcon.colcon_core.verb:set package 'teleop_tools' build argument 'cmake_clean_first' from command line to 'False'
[0.753s] Level 5:colcon.colcon_core.verb:set package 'teleop_tools' build argument 'cmake_force_configure' from command line to 'False'
[0.753s] Level 5:colcon.colcon_core.verb:set package 'teleop_tools' build argument 'ament_cmake_args' from command line to 'None'
[0.753s] Level 5:colcon.colcon_core.verb:set package 'teleop_tools' build argument 'catkin_cmake_args' from command line to 'None'
[0.753s] Level 5:colcon.colcon_core.verb:set package 'teleop_tools' build argument 'catkin_skip_building_tests' from command line to 'False'
[0.753s] DEBUG:colcon.colcon_core.verb:Building package 'teleop_tools' with the following arguments: {'ament_cmake_args': None, 'build_base': '/home/meric/f1_ws/src/build/teleop_tools', 'catkin_cmake_args': None, 'catkin_skip_building_tests': False, 'cmake_args': None, 'cmake_clean_cache': False, 'cmake_clean_first': False, 'cmake_force_configure': False, 'cmake_target': None, 'cmake_target_skip_unavailable': False, 'install_base': '/home/meric/f1_ws/src/install/teleop_tools', 'merge_install': False, 'path': '/home/meric/f1_ws/src/f1tenth_system/teleop_tools/teleop_tools', 'symlink_install': False, 'test_result_base': None}
[0.754s] Level 5:colcon.colcon_core.verb:set package 'vesc' build argument 'cmake_args' from command line to 'None'
[0.754s] Level 5:colcon.colcon_core.verb:set package 'vesc' build argument 'cmake_target' from command line to 'None'
[0.754s] Level 5:colcon.colcon_core.verb:set package 'vesc' build argument 'cmake_target_skip_unavailable' from command line to 'False'
[0.754s] Level 5:colcon.colcon_core.verb:set package 'vesc' build argument 'cmake_clean_cache' from command line to 'False'
[0.754s] Level 5:colcon.colcon_core.verb:set package 'vesc' build argument 'cmake_clean_first' from command line to 'False'
[0.754s] Level 5:colcon.colcon_core.verb:set package 'vesc' build argument 'cmake_force_configure' from command line to 'False'
[0.754s] Level 5:colcon.colcon_core.verb:set package 'vesc' build argument 'ament_cmake_args' from command line to 'None'
[0.755s] Level 5:colcon.colcon_core.verb:set package 'vesc' build argument 'catkin_cmake_args' from command line to 'None'
[0.755s] Level 5:colcon.colcon_core.verb:set package 'vesc' build argument 'catkin_skip_building_tests' from command line to 'False'
[0.755s] DEBUG:colcon.colcon_core.verb:Building package 'vesc' with the following arguments: {'ament_cmake_args': None, 'build_base': '/home/meric/f1_ws/src/build/vesc', 'catkin_cmake_args': None, 'catkin_skip_building_tests': False, 'cmake_args': None, 'cmake_clean_cache': False, 'cmake_clean_first': False, 'cmake_force_configure': False, 'cmake_target': None, 'cmake_target_skip_unavailable': False, 'install_base': '/home/meric/f1_ws/src/install/vesc', 'merge_install': False, 'path': '/home/meric/f1_ws/src/f1tenth_system/vesc/vesc', 'symlink_install': False, 'test_result_base': None}
[0.755s] Level 5:colcon.colcon_core.verb:set package 'f1tenth_stack' build argument 'cmake_args' from command line to 'None'
[0.755s] Level 5:colcon.colcon_core.verb:set package 'f1tenth_stack' build argument 'cmake_target' from command line to 'None'
[0.755s] Level 5:colcon.colcon_core.verb:set package 'f1tenth_stack' build argument 'cmake_target_skip_unavailable' from command line to 'False'
[0.755s] Level 5:colcon.colcon_core.verb:set package 'f1tenth_stack' build argument 'cmake_clean_cache' from command line to 'False'
[0.756s] Level 5:colcon.colcon_core.verb:set package 'f1tenth_stack' build argument 'cmake_clean_first' from command line to 'False'
[0.756s] Level 5:colcon.colcon_core.verb:set package 'f1tenth_stack' build argument 'cmake_force_configure' from command line to 'False'
[0.756s] Level 5:colcon.colcon_core.verb:set package 'f1tenth_stack' build argument 'ament_cmake_args' from command line to 'None'
[0.756s] Level 5:colcon.colcon_core.verb:set package 'f1tenth_stack' build argument 'catkin_cmake_args' from command line to 'None'
[0.756s] Level 5:colcon.colcon_core.verb:set package 'f1tenth_stack' build argument 'catkin_skip_building_tests' from command line to 'False'
[0.756s] DEBUG:colcon.colcon_core.verb:Building package 'f1tenth_stack' with the following arguments: {'ament_cmake_args': None, 'build_base': '/home/meric/f1_ws/src/build/f1tenth_stack', 'catkin_cmake_args': None, 'catkin_skip_building_tests': False, 'cmake_args': None, 'cmake_clean_cache': False, 'cmake_clean_first': False, 'cmake_force_configure': False, 'cmake_target': None, 'cmake_target_skip_unavailable': False, 'install_base': '/home/meric/f1_ws/src/install/f1tenth_stack', 'merge_install': False, 'path': '/home/meric/f1_ws/src/f1tenth_system/f1tenth_stack', 'symlink_install': False, 'test_result_base': None}
[0.756s] INFO:colcon.colcon_core.executor:Executing jobs using 'parallel' executor
[0.758s] DEBUG:colcon.colcon_parallel_executor.executor.parallel:run_until_complete
[0.759s] INFO:colcon.colcon_ros.task.ament_cmake.build:Building ROS package in '/home/meric/f1_ws/src/f1tenth_system/vesc/vesc_msgs' with build type 'ament_cmake'
[0.759s] INFO:colcon.colcon_cmake.task.cmake.build:Building CMake package in '/home/meric/f1_ws/src/f1tenth_system/vesc/vesc_msgs'
[0.765s] INFO:colcon.colcon_core.plugin_system:Skipping extension 'colcon_core.shell.bat': Not used on non-Windows systems
[0.765s] INFO:colcon.colcon_core.shell:Skip shell extension 'powershell' for command environment: Not usable outside of PowerShell
[0.765s] DEBUG:colcon.colcon_core.shell:Skip shell extension 'dsv' for command environment
[0.776s] INFO:colcon.colcon_ros.task.ament_cmake.build:Building ROS package in '/home/meric/f1_ws/src/f1tenth_system/teleop_tools/teleop_tools_msgs' with build type 'ament_cmake'
[0.777s] INFO:colcon.colcon_cmake.task.cmake.build:Building CMake package in '/home/meric/f1_ws/src/f1tenth_system/teleop_tools/teleop_tools_msgs'
[0.777s] INFO:colcon.colcon_core.shell:Skip shell extension 'powershell' for command environment: Not usable outside of PowerShell
[0.777s] DEBUG:colcon.colcon_core.shell:Skip shell extension 'dsv' for command environment
[0.785s] INFO:colcon.colcon_ros.task.ament_cmake.build:Building ROS package in '/home/meric/f1_ws/src/f1tenth_system/ackermann_mux' with build type 'ament_cmake'
[0.786s] INFO:colcon.colcon_cmake.task.cmake.build:Building CMake package in '/home/meric/f1_ws/src/f1tenth_system/ackermann_mux'
[0.786s] INFO:colcon.colcon_core.shell:Skip shell extension 'powershell' for command environment: Not usable outside of PowerShell
[0.786s] DEBUG:colcon.colcon_core.shell:Skip shell extension 'dsv' for command environment
[0.794s] INFO:colcon.colcon_ros.task.ament_python.build:Building ROS package in '/home/meric/f1_ws/src/f1tenth_system/teleop_tools/key_teleop' with build type 'ament_python'
[0.795s] Level 1:colcon.colcon_core.shell:create_environment_hook('key_teleop', 'ament_prefix_path')
[0.795s] INFO:colcon.colcon_core.shell:Creating environment hook '/home/meric/f1_ws/src/install/key_teleop/share/key_teleop/hook/ament_prefix_path.ps1'
[0.797s] INFO:colcon.colcon_core.shell:Creating environment descriptor '/home/meric/f1_ws/src/install/key_teleop/share/key_teleop/hook/ament_prefix_path.dsv'
[0.799s] INFO:colcon.colcon_core.shell:Creating environment hook '/home/meric/f1_ws/src/install/key_teleop/share/key_teleop/hook/ament_prefix_path.sh'
[0.800s] INFO:colcon.colcon_core.shell:Skip shell extension 'powershell' for command environment: Not usable outside of PowerShell
[0.800s] DEBUG:colcon.colcon_core.shell:Skip shell extension 'dsv' for command environment
[0.808s] INFO:colcon.colcon_ros.task.ament_cmake.build:Building ROS package in '/home/meric/f1_ws/src/F1tenth_wall_follower_ROS2' with build type 'ament_cmake'
[0.808s] INFO:colcon.colcon_cmake.task.cmake.build:Building CMake package in '/home/meric/f1_ws/src/F1tenth_wall_follower_ROS2'
[0.809s] INFO:colcon.colcon_core.shell:Skip shell extension 'powershell' for command environment: Not usable outside of PowerShell
[0.809s] DEBUG:colcon.colcon_core.shell:Skip shell extension 'dsv' for command environment
[0.820s] INFO:colcon.colcon_ros.task.ament_python.build:Building ROS package in '/home/meric/f1_ws/src/f1tenth_system/teleop_tools/mouse_teleop' with build type 'ament_python'
[0.820s] Level 1:colcon.colcon_core.shell:create_environment_hook('mouse_teleop', 'ament_prefix_path')
[0.821s] INFO:colcon.colcon_core.shell:Creating environment hook '/home/meric/f1_ws/src/install/mouse_teleop/share/mouse_teleop/hook/ament_prefix_path.ps1'
[0.823s] INFO:colcon.colcon_core.shell:Creating environment descriptor '/home/meric/f1_ws/src/install/mouse_teleop/share/mouse_teleop/hook/ament_prefix_path.dsv'
[0.824s] INFO:colcon.colcon_core.shell:Creating environment hook '/home/meric/f1_ws/src/install/mouse_teleop/share/mouse_teleop/hook/ament_prefix_path.sh'
[0.825s] INFO:colcon.colcon_core.shell:Skip shell extension 'powershell' for command environment: Not usable outside of PowerShell
[0.826s] DEBUG:colcon.colcon_core.shell:Skip shell extension 'dsv' for command environment
[0.841s] DEBUG:colcon.colcon_core.event_handler.log_command:Invoking command in '/home/meric/f1_ws/src/build/vesc_msgs': CMAKE_PREFIX_PATH=${CMAKE_PREFIX_PATH}:/home/meric/f1_ws/install/f1tenth_stack:/home/meric/f1_ws/install/joy_teleop:/home/meric/f1_ws/install/mouse_teleop:/home/meric/f1_ws/install/key_teleop:/opt/ros/humble /usr/bin/cmake /home/meric/f1_ws/src/f1tenth_system/vesc/vesc_msgs -DCMAKE_INSTALL_PREFIX=/home/meric/f1_ws/src/install/vesc_msgs
[0.849s] DEBUG:colcon.colcon_core.event_handler.log_command:Invoking command in '/home/meric/f1_ws/src/build/teleop_tools_msgs': CMAKE_PREFIX_PATH=${CMAKE_PREFIX_PATH}:/home/meric/f1_ws/install/f1tenth_stack:/home/meric/f1_ws/install/joy_teleop:/home/meric/f1_ws/install/mouse_teleop:/home/meric/f1_ws/install/key_teleop:/opt/ros/humble /usr/bin/cmake /home/meric/f1_ws/src/f1tenth_system/teleop_tools/teleop_tools_msgs -DCMAKE_INSTALL_PREFIX=/home/meric/f1_ws/src/install/teleop_tools_msgs
[0.855s] DEBUG:colcon.colcon_core.event_handler.log_command:Invoking command in '/home/meric/f1_ws/src/build/ackermann_mux': CMAKE_PREFIX_PATH=${CMAKE_PREFIX_PATH}:/home/meric/f1_ws/install/f1tenth_stack:/home/meric/f1_ws/install/joy_teleop:/home/meric/f1_ws/install/mouse_teleop:/home/meric/f1_ws/install/key_teleop:/opt/ros/humble /usr/bin/cmake /home/meric/f1_ws/src/f1tenth_system/ackermann_mux -DCMAKE_INSTALL_PREFIX=/home/meric/f1_ws/src/install/ackermann_mux
[1.534s] INFO:colcon.colcon_core.task.python.build:Building Python package in '/home/meric/f1_ws/src/f1tenth_system/teleop_tools/key_teleop'
[1.535s] INFO:colcon.colcon_core.shell:Skip shell extension 'powershell' for command environment: Not usable outside of PowerShell
[1.535s] DEBUG:colcon.colcon_core.shell:Skip shell extension 'dsv' for command environment
[1.549s] DEBUG:colcon.colcon_core.event_handler.log_command:Invoking command in '/home/meric/f1_ws/src/build/cpp_right_wall_follower': CMAKE_PREFIX_PATH=${CMAKE_PREFIX_PATH}:/home/meric/f1_ws/install/f1tenth_stack:/home/meric/f1_ws/install/joy_teleop:/home/meric/f1_ws/install/mouse_teleop:/home/meric/f1_ws/install/key_teleop:/opt/ros/humble /usr/bin/cmake /home/meric/f1_ws/src/F1tenth_wall_follower_ROS2 -DCMAKE_INSTALL_PREFIX=/home/meric/f1_ws/src/install/cpp_right_wall_follower
[2.265s] INFO:colcon.colcon_core.task.python.build:Building Python package in '/home/meric/f1_ws/src/f1tenth_system/teleop_tools/mouse_teleop'
[2.266s] INFO:colcon.colcon_core.shell:Skip shell extension 'powershell' for command environment: Not usable outside of PowerShell
[2.266s] DEBUG:colcon.colcon_core.shell:Skip shell extension 'dsv' for command environment
[3.303s] DEBUG:colcon.colcon_core.event_handler.log_command:Invoking command in '/home/meric/f1_ws/src/f1tenth_system/teleop_tools/key_teleop': PYTHONPATH=/home/meric/f1_ws/src/build/key_teleop/prefix_override:/home/meric/.local/lib/python3.10/site-packages/colcon_core/task/python/colcon_distutils_commands:/home/meric/f1_ws/src/install/key_teleop/lib/python3.10/site-packages:${PYTHONPATH} /usr/bin/python3 -W ignore:setup.py install is deprecated setup.py egg_info --egg-base ../../../build/key_teleop build --build-base /home/meric/f1_ws/src/build/key_teleop/build install --record /home/meric/f1_ws/src/build/key_teleop/install.log --single-version-externally-managed install_data
[3.318s] DEBUG:colcon.colcon_core.event_handler.log_command:Invoking command in '/home/meric/f1_ws/src/f1tenth_system/teleop_tools/mouse_teleop': PYTHONPATH=/home/meric/f1_ws/src/build/mouse_teleop/prefix_override:/home/meric/.local/lib/python3.10/site-packages/colcon_core/task/python/colcon_distutils_commands:/home/meric/f1_ws/src/install/mouse_teleop/lib/python3.10/site-packages:${PYTHONPATH} /usr/bin/python3 -W ignore:setup.py install is deprecated setup.py egg_info --egg-base ../../../build/mouse_teleop build --build-base /home/meric/f1_ws/src/build/mouse_teleop/build install --record /home/meric/f1_ws/src/build/mouse_teleop/install.log --single-version-externally-managed install_data
[4.265s] DEBUG:colcon.colcon_core.event_handler.log_command:Invoked command in '/home/meric/f1_ws/src/f1tenth_system/teleop_tools/key_teleop' returned '0': PYTHONPATH=/home/meric/f1_ws/src/build/key_teleop/prefix_override:/home/meric/.local/lib/python3.10/site-packages/colcon_core/task/python/colcon_distutils_commands:/home/meric/f1_ws/src/install/key_teleop/lib/python3.10/site-packages:${PYTHONPATH} /usr/bin/python3 -W ignore:setup.py install is deprecated setup.py egg_info --egg-base ../../../build/key_teleop build --build-base /home/meric/f1_ws/src/build/key_teleop/build install --record /home/meric/f1_ws/src/build/key_teleop/install.log --single-version-externally-managed install_data
[4.272s] Level 1:colcon.colcon_core.environment:checking '/home/meric/f1_ws/src/install/key_teleop' for CMake module files
[4.273s] Level 1:colcon.colcon_core.environment:checking '/home/meric/f1_ws/src/install/key_teleop' for CMake config files
[4.275s] Level 1:colcon.colcon_core.environment:checking '/home/meric/f1_ws/src/install/key_teleop/lib'
[4.275s] Level 1:colcon.colcon_core.environment:checking '/home/meric/f1_ws/src/install/key_teleop/bin'
[4.275s] Level 1:colcon.colcon_core.environment:checking '/home/meric/f1_ws/src/install/key_teleop/lib/pkgconfig/key_teleop.pc'
[4.276s] Level 1:colcon.colcon_core.environment:checking '/home/meric/f1_ws/src/install/key_teleop/lib/python3.10/site-packages'
[4.276s] Level 1:colcon.colcon_core.shell:create_environment_hook('key_teleop', 'pythonpath')
[4.277s] INFO:colcon.colcon_core.shell:Creating environment hook '/home/meric/f1_ws/src/install/key_teleop/share/key_teleop/hook/pythonpath.ps1'
[4.279s] INFO:colcon.colcon_core.shell:Creating environment descriptor '/home/meric/f1_ws/src/install/key_teleop/share/key_teleop/hook/pythonpath.dsv'
[4.280s] INFO:colcon.colcon_core.shell:Creating environment hook '/home/meric/f1_ws/src/install/key_teleop/share/key_teleop/hook/pythonpath.sh'
[4.281s] Level 1:colcon.colcon_core.environment:checking '/home/meric/f1_ws/src/install/key_teleop/bin'
[4.281s] Level 1:colcon.colcon_core.environment:create_environment_scripts_only(key_teleop)
[4.282s] INFO:colcon.colcon_core.shell:Creating package script '/home/meric/f1_ws/src/install/key_teleop/share/key_teleop/package.ps1'
[4.284s] INFO:colcon.colcon_core.shell:Creating package descriptor '/home/meric/f1_ws/src/install/key_teleop/share/key_teleop/package.dsv'
[4.286s] INFO:colcon.colcon_core.shell:Creating package script '/home/meric/f1_ws/src/install/key_teleop/share/key_teleop/package.sh'
[4.288s] INFO:colcon.colcon_core.shell:Creating package script '/home/meric/f1_ws/src/install/key_teleop/share/key_teleop/package.bash'
[4.290s] INFO:colcon.colcon_core.shell:Creating package script '/home/meric/f1_ws/src/install/key_teleop/share/key_teleop/package.zsh'
[4.292s] Level 1:colcon.colcon_core.environment:create_file_with_runtime_dependencies(/home/meric/f1_ws/src/install/key_teleop/share/colcon-core/packages/key_teleop)
[4.294s] INFO:colcon.colcon_ros.task.ament_cmake.build:Building ROS package in '/home/meric/f1_ws/src/ydlidar_ros2_driver' with build type 'ament_cmake'
[4.295s] INFO:colcon.colcon_cmake.task.cmake.build:Building CMake package in '/home/meric/f1_ws/src/ydlidar_ros2_driver'
[4.296s] INFO:colcon.colcon_core.shell:Skip shell extension 'powershell' for command environment: Not usable outside of PowerShell
[4.296s] DEBUG:colcon.colcon_core.shell:Skip shell extension 'dsv' for command environment
[4.309s] Level 1:colcon.colcon_core.environment:checking '/home/meric/f1_ws/src/install/mouse_teleop' for CMake module files
[4.310s] Level 1:colcon.colcon_core.environment:checking '/home/meric/f1_ws/src/install/mouse_teleop' for CMake config files
[4.311s] Level 1:colcon.colcon_core.environment:checking '/home/meric/f1_ws/src/install/mouse_teleop/lib'
[4.312s] Level 1:colcon.colcon_core.environment:checking '/home/meric/f1_ws/src/install/mouse_teleop/bin'
[4.312s] Level 1:colcon.colcon_core.environment:checking '/home/meric/f1_ws/src/install/mouse_teleop/lib/pkgconfig/mouse_teleop.pc'
[4.312s] Level 1:colcon.colcon_core.environment:checking '/home/meric/f1_ws/src/install/mouse_teleop/lib/python3.10/site-packages'
[4.312s] Level 1:colcon.colcon_core.shell:create_environment_hook('mouse_teleop', 'pythonpath')
[4.313s] INFO:colcon.colcon_core.shell:Creating environment hook '/home/meric/f1_ws/src/install/mouse_teleop/share/mouse_teleop/hook/pythonpath.ps1'
[4.314s] INFO:colcon.colcon_core.shell:Creating environment descriptor '/home/meric/f1_ws/src/install/mouse_teleop/share/mouse_teleop/hook/pythonpath.dsv'
[4.315s] DEBUG:colcon.colcon_core.event_handler.log_command:Invoked command in '/home/meric/f1_ws/src/f1tenth_system/teleop_tools/mouse_teleop' returned '0': PYTHONPATH=/home/meric/f1_ws/src/build/mouse_teleop/prefix_override:/home/meric/.local/lib/python3.10/site-packages/colcon_core/task/python/colcon_distutils_commands:/home/meric/f1_ws/src/install/mouse_teleop/lib/python3.10/site-packages:${PYTHONPATH} /usr/bin/python3 -W ignore:setup.py install is deprecated setup.py egg_info --egg-base ../../../build/mouse_teleop build --build-base /home/meric/f1_ws/src/build/mouse_teleop/build install --record /home/meric/f1_ws/src/build/mouse_teleop/install.log --single-version-externally-managed install_data
[4.316s] INFO:colcon.colcon_core.shell:Creating environment hook '/home/meric/f1_ws/src/install/mouse_teleop/share/mouse_teleop/hook/pythonpath.sh'
[4.317s] Level 1:colcon.colcon_core.environment:checking '/home/meric/f1_ws/src/install/mouse_teleop/bin'
[4.317s] Level 1:colcon.colcon_core.environment:create_environment_scripts_only(mouse_teleop)
[4.318s] INFO:colcon.colcon_core.shell:Creating package script '/home/meric/f1_ws/src/install/mouse_teleop/share/mouse_teleop/package.ps1'
[4.319s] INFO:colcon.colcon_core.shell:Creating package descriptor '/home/meric/f1_ws/src/install/mouse_teleop/share/mouse_teleop/package.dsv'
[4.320s] INFO:colcon.colcon_core.shell:Creating package script '/home/meric/f1_ws/src/install/mouse_teleop/share/mouse_teleop/package.sh'
[4.321s] INFO:colcon.colcon_core.shell:Creating package script '/home/meric/f1_ws/src/install/mouse_teleop/share/mouse_teleop/package.bash'
[4.321s] INFO:colcon.colcon_core.shell:Creating package script '/home/meric/f1_ws/src/install/mouse_teleop/share/mouse_teleop/package.zsh'
[4.322s] Level 1:colcon.colcon_core.environment:create_file_with_runtime_dependencies(/home/meric/f1_ws/src/install/mouse_teleop/share/colcon-core/packages/mouse_teleop)
[4.328s] DEBUG:colcon.colcon_core.event_handler.log_command:Invoking command in '/home/meric/f1_ws/src/build/ydlidar_ros2_driver': CMAKE_PREFIX_PATH=${CMAKE_PREFIX_PATH}:/home/meric/f1_ws/install/f1tenth_stack:/home/meric/f1_ws/install/joy_teleop:/home/meric/f1_ws/install/mouse_teleop:/home/meric/f1_ws/install/key_teleop:/opt/ros/humble /usr/bin/cmake /home/meric/f1_ws/src/ydlidar_ros2_driver -DCMAKE_INSTALL_PREFIX=/home/meric/f1_ws/src/install/ydlidar_ros2_driver
[4.370s] DEBUG:colcon.colcon_core.event_handler.log_command:Invoked command in '/home/meric/f1_ws/src/build/ackermann_mux' returned '0': CMAKE_PREFIX_PATH=${CMAKE_PREFIX_PATH}:/home/meric/f1_ws/install/f1tenth_stack:/home/meric/f1_ws/install/joy_teleop:/home/meric/f1_ws/install/mouse_teleop:/home/meric/f1_ws/install/key_teleop:/opt/ros/humble /usr/bin/cmake /home/meric/f1_ws/src/f1tenth_system/ackermann_mux -DCMAKE_INSTALL_PREFIX=/home/meric/f1_ws/src/install/ackermann_mux
[4.373s] DEBUG:colcon.colcon_core.event_handler.log_command:Invoking command in '/home/meric/f1_ws/src/build/ackermann_mux': CMAKE_PREFIX_PATH=${CMAKE_PREFIX_PATH}:/home/meric/f1_ws/install/f1tenth_stack:/home/meric/f1_ws/install/joy_teleop:/home/meric/f1_ws/install/mouse_teleop:/home/meric/f1_ws/install/key_teleop:/opt/ros/humble /usr/bin/cmake --build /home/meric/f1_ws/src/build/ackermann_mux -- -j6 -l6
[4.898s] DEBUG:colcon.colcon_core.event_handler.log_command:Invoked command in '/home/meric/f1_ws/src/build/teleop_tools_msgs' returned '0': CMAKE_PREFIX_PATH=${CMAKE_PREFIX_PATH}:/home/meric/f1_ws/install/f1tenth_stack:/home/meric/f1_ws/install/joy_teleop:/home/meric/f1_ws/install/mouse_teleop:/home/meric/f1_ws/install/key_teleop:/opt/ros/humble /usr/bin/cmake /home/meric/f1_ws/src/f1tenth_system/teleop_tools/teleop_tools_msgs -DCMAKE_INSTALL_PREFIX=/home/meric/f1_ws/src/install/teleop_tools_msgs
[4.899s] DEBUG:colcon.colcon_core.event_handler.log_command:Invoking command in '/home/meric/f1_ws/src/build/teleop_tools_msgs': CMAKE_PREFIX_PATH=${CMAKE_PREFIX_PATH}:/home/meric/f1_ws/install/f1tenth_stack:/home/meric/f1_ws/install/joy_teleop:/home/meric/f1_ws/install/mouse_teleop:/home/meric/f1_ws/install/key_teleop:/opt/ros/humble /usr/bin/cmake --build /home/meric/f1_ws/src/build/teleop_tools_msgs -- -j6 -l6
[5.254s] DEBUG:colcon.colcon_core.event_handler.log_command:Invoked command in '/home/meric/f1_ws/src/build/cpp_right_wall_follower' returned '0': CMAKE_PREFIX_PATH=${CMAKE_PREFIX_PATH}:/home/meric/f1_ws/install/f1tenth_stack:/home/meric/f1_ws/install/joy_teleop:/home/meric/f1_ws/install/mouse_teleop:/home/meric/f1_ws/install/key_teleop:/opt/ros/humble /usr/bin/cmake /home/meric/f1_ws/src/F1tenth_wall_follower_ROS2 -DCMAKE_INSTALL_PREFIX=/home/meric/f1_ws/src/install/cpp_right_wall_follower
[5.274s] DEBUG:colcon.colcon_core.event_handler.log_command:Invoking command in '/home/meric/f1_ws/src/build/cpp_right_wall_follower': CMAKE_PREFIX_PATH=${CMAKE_PREFIX_PATH}:/home/meric/f1_ws/install/f1tenth_stack:/home/meric/f1_ws/install/joy_teleop:/home/meric/f1_ws/install/mouse_teleop:/home/meric/f1_ws/install/key_teleop:/opt/ros/humble /usr/bin/cmake --build /home/meric/f1_ws/src/build/cpp_right_wall_follower -- -j6 -l6
[6.099s] DEBUG:colcon.colcon_core.event_handler.log_command:Invoked command in '/home/meric/f1_ws/src/build/vesc_msgs' returned '0': CMAKE_PREFIX_PATH=${CMAKE_PREFIX_PATH}:/home/meric/f1_ws/install/f1tenth_stack:/home/meric/f1_ws/install/joy_teleop:/home/meric/f1_ws/install/mouse_teleop:/home/meric/f1_ws/install/key_teleop:/opt/ros/humble /usr/bin/cmake /home/meric/f1_ws/src/f1tenth_system/vesc/vesc_msgs -DCMAKE_INSTALL_PREFIX=/home/meric/f1_ws/src/install/vesc_msgs
[6.112s] DEBUG:colcon.colcon_core.event_handler.log_command:Invoking command in '/home/meric/f1_ws/src/build/vesc_msgs': CMAKE_PREFIX_PATH=${CMAKE_PREFIX_PATH}:/home/meric/f1_ws/install/f1tenth_stack:/home/meric/f1_ws/install/joy_teleop:/home/meric/f1_ws/install/mouse_teleop:/home/meric/f1_ws/install/key_teleop:/opt/ros/humble /usr/bin/cmake --build /home/meric/f1_ws/src/build/vesc_msgs -- -j6 -l6
[10.388s] DEBUG:colcon.colcon_core.event_handler.log_command:Invoked command in '/home/meric/f1_ws/src/build/ydlidar_ros2_driver' returned '1': CMAKE_PREFIX_PATH=${CMAKE_PREFIX_PATH}:/home/meric/f1_ws/install/f1tenth_stack:/home/meric/f1_ws/install/joy_teleop:/home/meric/f1_ws/install/mouse_teleop:/home/meric/f1_ws/install/key_teleop:/opt/ros/humble /usr/bin/cmake /home/meric/f1_ws/src/ydlidar_ros2_driver -DCMAKE_INSTALL_PREFIX=/home/meric/f1_ws/src/install/ydlidar_ros2_driver
[10.464s] Level 1:colcon.colcon_core.environment:create_environment_scripts_only(ydlidar_ros2_driver)
[10.465s] Level 1:colcon.colcon_core.environment:checking '/home/meric/f1_ws/src/install/ydlidar_ros2_driver' for CMake module files
[10.466s] Level 1:colcon.colcon_core.environment:checking '/home/meric/f1_ws/src/install/ydlidar_ros2_driver' for CMake config files
[10.466s] Level 1:colcon.colcon_core.environment:checking '/home/meric/f1_ws/src/install/ydlidar_ros2_driver/bin'
[10.467s] Level 1:colcon.colcon_core.environment:checking '/home/meric/f1_ws/src/install/ydlidar_ros2_driver/lib/pkgconfig/ydlidar_ros2_driver.pc'
[10.467s] Level 1:colcon.colcon_core.environment:checking '/home/meric/f1_ws/src/install/ydlidar_ros2_driver/lib/python3.10/site-packages'
[10.468s] Level 1:colcon.colcon_core.environment:checking '/home/meric/f1_ws/src/install/ydlidar_ros2_driver/bin'
[10.468s] INFO:colcon.colcon_core.shell:Creating package script '/home/meric/f1_ws/src/install/ydlidar_ros2_driver/share/ydlidar_ros2_driver/package.ps1'
[10.470s] INFO:colcon.colcon_core.shell:Creating package descriptor '/home/meric/f1_ws/src/install/ydlidar_ros2_driver/share/ydlidar_ros2_driver/package.dsv'
[10.470s] INFO:colcon.colcon_core.shell:Creating package script '/home/meric/f1_ws/src/install/ydlidar_ros2_driver/share/ydlidar_ros2_driver/package.sh'
[10.471s] INFO:colcon.colcon_core.shell:Creating package script '/home/meric/f1_ws/src/install/ydlidar_ros2_driver/share/ydlidar_ros2_driver/package.bash'
[10.472s] INFO:colcon.colcon_core.shell:Creating package script '/home/meric/f1_ws/src/install/ydlidar_ros2_driver/share/ydlidar_ros2_driver/package.zsh'
[10.472s] Level 1:colcon.colcon_core.environment:create_file_with_runtime_dependencies(/home/meric/f1_ws/src/install/ydlidar_ros2_driver/share/colcon-core/packages/ydlidar_ros2_driver)
[40.515s] DEBUG:colcon.colcon_parallel_executor.executor.parallel:closing loop
[40.515s] DEBUG:colcon.colcon_parallel_executor.executor.parallel:loop closed
[40.516s] DEBUG:colcon.colcon_parallel_executor.executor.parallel:run_until_complete finished with '1'
[40.516s] DEBUG:colcon.colcon_core.event_reactor:joining thread
[40.537s] INFO:colcon.colcon_core.plugin_system:Skipping extension 'colcon_notification.desktop_notification.terminal_notifier': Not used on non-Darwin systems
[40.537s] INFO:colcon.colcon_core.plugin_system:Skipping extension 'colcon_notification.desktop_notification.win32': Not used on non-Windows systems
[40.538s] INFO:colcon.colcon_notification.desktop_notification:Sending desktop notification using 'notify2'
[40.574s] DEBUG:colcon.colcon_core.event_reactor:joined thread
[40.576s] INFO:colcon.colcon_core.shell:Creating prefix script '/home/meric/f1_ws/src/install/local_setup.ps1'
[40.579s] INFO:colcon.colcon_core.shell:Creating prefix util module '/home/meric/f1_ws/src/install/_local_setup_util_ps1.py'
[40.584s] INFO:colcon.colcon_core.shell:Creating prefix chain script '/home/meric/f1_ws/src/install/setup.ps1'
[40.589s] INFO:colcon.colcon_core.shell:Creating prefix script '/home/meric/f1_ws/src/install/local_setup.sh'
[40.591s] INFO:colcon.colcon_core.shell:Creating prefix util module '/home/meric/f1_ws/src/install/_local_setup_util_sh.py'
[40.592s] INFO:colcon.colcon_core.shell:Creating prefix chain script '/home/meric/f1_ws/src/install/setup.sh'
[40.598s] INFO:colcon.colcon_core.shell:Creating prefix script '/home/meric/f1_ws/src/install/local_setup.bash'
[40.599s] INFO:colcon.colcon_core.shell:Creating prefix chain script '/home/meric/f1_ws/src/install/setup.bash'
[40.603s] INFO:colcon.colcon_core.shell:Creating prefix script '/home/meric/f1_ws/src/install/local_setup.zsh'
[40.604s] INFO:colcon.colcon_core.shell:Creating prefix chain script '/home/meric/f1_ws/src/install/setup.zsh'
