[1.422s] Invoking command in '/home/meric/f1_ws/src/f1tenth_system/f1tenth_stack': AMENT_PREFIX_PATH=/home/meric/f1_ws/install/vesc:/home/meric/f1_ws/install/vesc_driver:/home/meric/f1_ws/install/vesc_ackermann:/home/meric/f1_ws/install/joy_teleop:/home/meric/f1_ws/install/vesc_msgs:/home/meric/f1_ws/install/teleop_tools_msgs:/home/meric/f1_ws/install/ackermann_mux:${AMENT_PREFIX_PATH} CMAKE_PREFIX_PATH=/home/meric/f1_ws/install/vesc:/home/meric/f1_ws/install/vesc_driver:/home/meric/f1_ws/install/vesc_ackermann:/home/meric/f1_ws/install/vesc_msgs:/home/meric/f1_ws/install/teleop_tools_msgs:/home/meric/f1_ws/install/ackermann_mux LD_LIBRARY_PATH=/home/meric/f1_ws/install/vesc_driver/lib:/home/meric/f1_ws/install/vesc_ackermann/lib:/home/meric/f1_ws/install/vesc_msgs/lib:/home/meric/f1_ws/install/teleop_tools_msgs/lib:/opt/ros/humble/opt/rviz_ogre_vendor/lib:/opt/ros/humble/lib/aarch64-linux-gnu:/opt/ros/humble/lib:/usr/local/cuda-12.2/lib64:/home/meric/f1tenth_ws/install/vesc_ackermann/lib PS1=(venv) \[\e]0;\u@\h: \w\a\]${debian_chroot:+($debian_chroot)}\[\033[01;32m\]\u@\h\[\033[00m\]:\[\033[01;34m\]\w\[\033[00m\]\$ PYTHONPATH=/home/meric/f1_ws/build/f1tenth_stack/prefix_override:/home/meric/.local/lib/python3.10/site-packages/colcon_core/task/python/colcon_distutils_commands:/home/meric/f1_ws/install/f1tenth_stack/lib/python3.10/site-packages:/home/meric/f1_ws/install/joy_teleop/lib/python3.10/site-packages:/home/meric/f1_ws/install/vesc_msgs/local/lib/python3.10/dist-packages:/home/meric/f1_ws/install/teleop_tools_msgs/local/lib/python3.10/dist-packages:${PYTHONPATH} VIRTUAL_ENV_PROMPT=(venv) /usr/bin/python3 -W ignore:setup.py install is deprecated setup.py egg_info --egg-base ../../../build/f1tenth_stack build --build-base /home/meric/f1_ws/build/f1tenth_stack/build install --record /home/meric/f1_ws/build/f1tenth_stack/install.log --single-version-externally-managed install_data
[1.958s] running egg_info
[1.959s] creating ../../../build/f1tenth_stack/f1tenth_stack.egg-info
[1.959s] writing ../../../build/f1tenth_stack/f1tenth_stack.egg-info/PKG-INFO
[1.960s] writing dependency_links to ../../../build/f1tenth_stack/f1tenth_stack.egg-info/dependency_links.txt
[1.960s] writing entry points to ../../../build/f1tenth_stack/f1tenth_stack.egg-info/entry_points.txt
[1.960s] writing requirements to ../../../build/f1tenth_stack/f1tenth_stack.egg-info/requires.txt
[1.961s] writing top-level names to ../../../build/f1tenth_stack/f1tenth_stack.egg-info/top_level.txt
[1.961s] writing manifest file '../../../build/f1tenth_stack/f1tenth_stack.egg-info/SOURCES.txt'
[1.964s] reading manifest file '../../../build/f1tenth_stack/f1tenth_stack.egg-info/SOURCES.txt'
[1.965s] writing manifest file '../../../build/f1tenth_stack/f1tenth_stack.egg-info/SOURCES.txt'
[1.966s] running build
[1.966s] running build_py
[1.966s] creating /home/meric/f1_ws/build/f1tenth_stack/build
[1.966s] creating /home/meric/f1_ws/build/f1tenth_stack/build/lib
[1.966s] creating /home/meric/f1_ws/build/f1tenth_stack/build/lib/f1tenth_stack
[1.966s] copying f1tenth_stack/tf_publisher.py -> /home/meric/f1_ws/build/f1tenth_stack/build/lib/f1tenth_stack
[1.967s] copying f1tenth_stack/throttle_interpolator.py -> /home/meric/f1_ws/build/f1tenth_stack/build/lib/f1tenth_stack
[1.967s] copying f1tenth_stack/__init__.py -> /home/meric/f1_ws/build/f1tenth_stack/build/lib/f1tenth_stack
[1.967s] running install
[1.968s] running install_lib
[1.969s] creating /home/meric/f1_ws/install/f1tenth_stack/lib/python3.10/site-packages/f1tenth_stack
[1.969s] copying /home/meric/f1_ws/build/f1tenth_stack/build/lib/f1tenth_stack/tf_publisher.py -> /home/meric/f1_ws/install/f1tenth_stack/lib/python3.10/site-packages/f1tenth_stack
[1.969s] copying /home/meric/f1_ws/build/f1tenth_stack/build/lib/f1tenth_stack/throttle_interpolator.py -> /home/meric/f1_ws/install/f1tenth_stack/lib/python3.10/site-packages/f1tenth_stack
[1.970s] copying /home/meric/f1_ws/build/f1tenth_stack/build/lib/f1tenth_stack/__init__.py -> /home/meric/f1_ws/install/f1tenth_stack/lib/python3.10/site-packages/f1tenth_stack
[1.971s] byte-compiling /home/meric/f1_ws/install/f1tenth_stack/lib/python3.10/site-packages/f1tenth_stack/tf_publisher.py to tf_publisher.cpython-310.pyc
[1.972s] byte-compiling /home/meric/f1_ws/install/f1tenth_stack/lib/python3.10/site-packages/f1tenth_stack/throttle_interpolator.py to throttle_interpolator.cpython-310.pyc
[1.974s] byte-compiling /home/meric/f1_ws/install/f1tenth_stack/lib/python3.10/site-packages/f1tenth_stack/__init__.py to __init__.cpython-310.pyc
[1.974s] running install_data
[1.974s] creating /home/meric/f1_ws/install/f1tenth_stack/share/ament_index
[1.974s] creating /home/meric/f1_ws/install/f1tenth_stack/share/ament_index/resource_index
[1.975s] creating /home/meric/f1_ws/install/f1tenth_stack/share/ament_index/resource_index/packages
[1.975s] copying resource/f1tenth_stack -> /home/meric/f1_ws/install/f1tenth_stack/share/ament_index/resource_index/packages
[1.975s] copying package.xml -> /home/meric/f1_ws/install/f1tenth_stack/share/f1tenth_stack
[1.975s] creating /home/meric/f1_ws/install/f1tenth_stack/share/f1tenth_stack/launch
[1.975s] copying launch/bringup_launch.py -> /home/meric/f1_ws/install/f1tenth_stack/share/f1tenth_stack/launch
[1.975s] creating /home/meric/f1_ws/install/f1tenth_stack/share/f1tenth_stack/config
[1.976s] copying config/joy_teleop.yaml -> /home/meric/f1_ws/install/f1tenth_stack/share/f1tenth_stack/config
[1.976s] copying config/sensors.yaml -> /home/meric/f1_ws/install/f1tenth_stack/share/f1tenth_stack/config
[1.976s] copying config/f1tenth_online_async.yaml -> /home/meric/f1_ws/install/f1tenth_stack/share/f1tenth_stack/config
[1.976s] copying config/vesc.yaml -> /home/meric/f1_ws/install/f1tenth_stack/share/f1tenth_stack/config
[1.976s] copying config/mux.yaml -> /home/meric/f1_ws/install/f1tenth_stack/share/f1tenth_stack/config
[1.976s] running install_egg_info
[1.980s] Copying ../../../build/f1tenth_stack/f1tenth_stack.egg-info to /home/meric/f1_ws/install/f1tenth_stack/lib/python3.10/site-packages/f1tenth_stack-0.0.1-py3.10.egg-info
[1.982s] running install_scripts
[2.022s] Installing tf_publisher script to /home/meric/f1_ws/install/f1tenth_stack/lib/f1tenth_stack
[2.023s] Installing throttle_interpolator script to /home/meric/f1_ws/install/f1tenth_stack/lib/f1tenth_stack
[2.023s] writing list of installed files to '/home/meric/f1_ws/build/f1tenth_stack/install.log'
[2.096s] Invoked command in '/home/meric/f1_ws/src/f1tenth_system/f1tenth_stack' returned '0': AMENT_PREFIX_PATH=/home/meric/f1_ws/install/vesc:/home/meric/f1_ws/install/vesc_driver:/home/meric/f1_ws/install/vesc_ackermann:/home/meric/f1_ws/install/joy_teleop:/home/meric/f1_ws/install/vesc_msgs:/home/meric/f1_ws/install/teleop_tools_msgs:/home/meric/f1_ws/install/ackermann_mux:${AMENT_PREFIX_PATH} CMAKE_PREFIX_PATH=/home/meric/f1_ws/install/vesc:/home/meric/f1_ws/install/vesc_driver:/home/meric/f1_ws/install/vesc_ackermann:/home/meric/f1_ws/install/vesc_msgs:/home/meric/f1_ws/install/teleop_tools_msgs:/home/meric/f1_ws/install/ackermann_mux LD_LIBRARY_PATH=/home/meric/f1_ws/install/vesc_driver/lib:/home/meric/f1_ws/install/vesc_ackermann/lib:/home/meric/f1_ws/install/vesc_msgs/lib:/home/meric/f1_ws/install/teleop_tools_msgs/lib:/opt/ros/humble/opt/rviz_ogre_vendor/lib:/opt/ros/humble/lib/aarch64-linux-gnu:/opt/ros/humble/lib:/usr/local/cuda-12.2/lib64:/home/meric/f1tenth_ws/install/vesc_ackermann/lib PS1=(venv) \[\e]0;\u@\h: \w\a\]${debian_chroot:+($debian_chroot)}\[\033[01;32m\]\u@\h\[\033[00m\]:\[\033[01;34m\]\w\[\033[00m\]\$ PYTHONPATH=/home/meric/f1_ws/build/f1tenth_stack/prefix_override:/home/meric/.local/lib/python3.10/site-packages/colcon_core/task/python/colcon_distutils_commands:/home/meric/f1_ws/install/f1tenth_stack/lib/python3.10/site-packages:/home/meric/f1_ws/install/joy_teleop/lib/python3.10/site-packages:/home/meric/f1_ws/install/vesc_msgs/local/lib/python3.10/dist-packages:/home/meric/f1_ws/install/teleop_tools_msgs/local/lib/python3.10/dist-packages:${PYTHONPATH} VIRTUAL_ENV_PROMPT=(venv) /usr/bin/python3 -W ignore:setup.py install is deprecated setup.py egg_info --egg-base ../../../build/f1tenth_stack build --build-base /home/meric/f1_ws/build/f1tenth_stack/build install --record /home/meric/f1_ws/build/f1tenth_stack/install.log --single-version-externally-managed install_data
