[0.084s] Invoking command in '/home/meric/f1_ws/build/vesc_msgs': CMAKE_PREFIX_PATH=${CMAKE_PREFIX_PATH}:/home/meric/f1_ws/install/f1tenth_stack:/home/meric/f1_ws/install/joy_teleop:/home/meric/f1_ws/install/mouse_teleop:/home/meric/f1_ws/install/key_teleop:/opt/ros/humble /usr/bin/cmake --build /home/meric/f1_ws/build/vesc_msgs -- -j6 -l6
[1.421s] [  1%] Built target vesc_msgs__cpp
[1.421s] [ 12%] Built target vesc_msgs__rosidl_generator_c
[1.422s] [ 12%] Built target ament_cmake_python_copy_vesc_msgs
[1.422s] [ 23%] Built target vesc_msgs__rosidl_typesupport_introspection_cpp
[1.422s] [ 34%] Built target vesc_msgs__rosidl_typesupport_cpp
[1.422s] [ 45%] Built target vesc_msgs__rosidl_typesupport_introspection_c
[1.422s] [ 56%] Built target vesc_msgs__rosidl_typesupport_c
[1.422s] [ 67%] Built target vesc_msgs__rosidl_typesupport_fastrtps_cpp
[1.422s] [ 78%] Built target vesc_msgs__rosidl_typesupport_fastrtps_c
[1.423s] [ 78%] Built target vesc_msgs
[1.423s] [ 80%] Built target vesc_msgs__py
[1.423s] [ 89%] Built target vesc_msgs__rosidl_generator_py
[1.423s] [ 92%] Built target vesc_msgs__rosidl_typesupport_fastrtps_c__pyext
[1.423s] [ 96%] Built target vesc_msgs__rosidl_typesupport_c__pyext
[1.423s] [100%] Built target vesc_msgs__rosidl_typesupport_introspection_c__pyext
[1.423s] running egg_info
[1.423s] writing vesc_msgs.egg-info/PKG-INFO
[1.424s] writing dependency_links to vesc_msgs.egg-info/dependency_links.txt
[1.424s] writing top-level names to vesc_msgs.egg-info/top_level.txt
[1.424s] reading manifest file 'vesc_msgs.egg-info/SOURCES.txt'
[1.424s] writing manifest file 'vesc_msgs.egg-info/SOURCES.txt'
[1.424s] [100%] Built target ament_cmake_python_build_vesc_msgs_egg
[2.032s] Invoked command in '/home/meric/f1_ws/build/vesc_msgs' returned '0': CMAKE_PREFIX_PATH=${CMAKE_PREFIX_PATH}:/home/meric/f1_ws/install/f1tenth_stack:/home/meric/f1_ws/install/joy_teleop:/home/meric/f1_ws/install/mouse_teleop:/home/meric/f1_ws/install/key_teleop:/opt/ros/humble /usr/bin/cmake --build /home/meric/f1_ws/build/vesc_msgs -- -j6 -l6
[2.362s] Invoking command in '/home/meric/f1_ws/build/vesc_msgs': CMAKE_PREFIX_PATH=${CMAKE_PREFIX_PATH}:/home/meric/f1_ws/install/f1tenth_stack:/home/meric/f1_ws/install/joy_teleop:/home/meric/f1_ws/install/mouse_teleop:/home/meric/f1_ws/install/key_teleop:/opt/ros/humble /usr/bin/cmake --install /home/meric/f1_ws/build/vesc_msgs
[2.380s] -- Install configuration: ""
[2.381s] -- Up-to-date: /home/meric/f1_ws/install/vesc_msgs/share/ament_index/resource_index/rosidl_interfaces/vesc_msgs
[2.381s] -- Up-to-date: /home/meric/f1_ws/install/vesc_msgs/include/vesc_msgs/vesc_msgs
[2.382s] -- Up-to-date: /home/meric/f1_ws/install/vesc_msgs/include/vesc_msgs/vesc_msgs/msg
[2.383s] -- Up-to-date: /home/meric/f1_ws/install/vesc_msgs/include/vesc_msgs/vesc_msgs/msg/rosidl_generator_c__visibility_control.h
[2.383s] -- Up-to-date: /home/meric/f1_ws/install/vesc_msgs/include/vesc_msgs/vesc_msgs/msg/detail
[2.384s] -- Up-to-date: /home/meric/f1_ws/install/vesc_msgs/include/vesc_msgs/vesc_msgs/msg/detail/vesc_state_stamped__type_support.h
[2.384s] -- Up-to-date: /home/meric/f1_ws/install/vesc_msgs/include/vesc_msgs/vesc_msgs/msg/detail/vesc_imu_stamped__struct.h
[2.384s] -- Up-to-date: /home/meric/f1_ws/install/vesc_msgs/include/vesc_msgs/vesc_msgs/msg/detail/vesc_imu_stamped__functions.h
[2.384s] -- Up-to-date: /home/meric/f1_ws/install/vesc_msgs/include/vesc_msgs/vesc_msgs/msg/detail/vesc_imu_stamped__type_support.h
[2.384s] -- Up-to-date: /home/meric/f1_ws/install/vesc_msgs/include/vesc_msgs/vesc_msgs/msg/detail/vesc_imu__functions.c
[2.384s] -- Up-to-date: /home/meric/f1_ws/install/vesc_msgs/include/vesc_msgs/vesc_msgs/msg/detail/vesc_imu__struct.h
[2.384s] -- Up-to-date: /home/meric/f1_ws/install/vesc_msgs/include/vesc_msgs/vesc_msgs/msg/detail/vesc_state__struct.h
[2.384s] -- Up-to-date: /home/meric/f1_ws/install/vesc_msgs/include/vesc_msgs/vesc_msgs/msg/detail/vesc_state_stamped__struct.h
[2.385s] -- Up-to-date: /home/meric/f1_ws/install/vesc_msgs/include/vesc_msgs/vesc_msgs/msg/detail/vesc_state_stamped__functions.h
[2.385s] -- Up-to-date: /home/meric/f1_ws/install/vesc_msgs/include/vesc_msgs/vesc_msgs/msg/detail/vesc_state__type_support.h
[2.385s] -- Up-to-date: /home/meric/f1_ws/install/vesc_msgs/include/vesc_msgs/vesc_msgs/msg/detail/vesc_state__functions.c
[2.385s] -- Up-to-date: /home/meric/f1_ws/install/vesc_msgs/include/vesc_msgs/vesc_msgs/msg/detail/vesc_imu__functions.h
[2.385s] -- Up-to-date: /home/meric/f1_ws/install/vesc_msgs/include/vesc_msgs/vesc_msgs/msg/detail/vesc_state_stamped__functions.c
[2.386s] -- Up-to-date: /home/meric/f1_ws/install/vesc_msgs/include/vesc_msgs/vesc_msgs/msg/detail/vesc_imu_stamped__functions.c
[2.386s] -- Up-to-date: /home/meric/f1_ws/install/vesc_msgs/include/vesc_msgs/vesc_msgs/msg/detail/vesc_imu__type_support.h
[2.386s] -- Up-to-date: /home/meric/f1_ws/install/vesc_msgs/include/vesc_msgs/vesc_msgs/msg/detail/vesc_state__functions.h
[2.386s] -- Up-to-date: /home/meric/f1_ws/install/vesc_msgs/include/vesc_msgs/vesc_msgs/msg/vesc_state_stamped.h
[2.386s] -- Up-to-date: /home/meric/f1_ws/install/vesc_msgs/include/vesc_msgs/vesc_msgs/msg/vesc_state.h
[2.386s] -- Up-to-date: /home/meric/f1_ws/install/vesc_msgs/include/vesc_msgs/vesc_msgs/msg/vesc_imu.h
[2.387s] -- Up-to-date: /home/meric/f1_ws/install/vesc_msgs/include/vesc_msgs/vesc_msgs/msg/vesc_imu_stamped.h
[2.387s] -- Up-to-date: /home/meric/f1_ws/install/vesc_msgs/share/vesc_msgs/environment/library_path.sh
[2.387s] -- Up-to-date: /home/meric/f1_ws/install/vesc_msgs/share/vesc_msgs/environment/library_path.dsv
[2.387s] -- Up-to-date: /home/meric/f1_ws/install/vesc_msgs/lib/libvesc_msgs__rosidl_generator_c.so
[2.387s] -- Up-to-date: /home/meric/f1_ws/install/vesc_msgs/include/vesc_msgs/vesc_msgs
[2.387s] -- Up-to-date: /home/meric/f1_ws/install/vesc_msgs/include/vesc_msgs/vesc_msgs/msg
[2.388s] -- Up-to-date: /home/meric/f1_ws/install/vesc_msgs/include/vesc_msgs/vesc_msgs/msg/detail
[2.388s] -- Up-to-date: /home/meric/f1_ws/install/vesc_msgs/include/vesc_msgs/vesc_msgs/msg/detail/vesc_imu__rosidl_typesupport_fastrtps_c.h
[2.388s] -- Up-to-date: /home/meric/f1_ws/install/vesc_msgs/include/vesc_msgs/vesc_msgs/msg/detail/vesc_state_stamped__rosidl_typesupport_fastrtps_c.h
[2.388s] -- Up-to-date: /home/meric/f1_ws/install/vesc_msgs/include/vesc_msgs/vesc_msgs/msg/detail/vesc_imu_stamped__rosidl_typesupport_fastrtps_c.h
[2.388s] -- Up-to-date: /home/meric/f1_ws/install/vesc_msgs/include/vesc_msgs/vesc_msgs/msg/detail/vesc_state__rosidl_typesupport_fastrtps_c.h
[2.388s] -- Up-to-date: /home/meric/f1_ws/install/vesc_msgs/include/vesc_msgs/vesc_msgs/msg/rosidl_typesupport_fastrtps_c__visibility_control.h
[2.389s] -- Up-to-date: /home/meric/f1_ws/install/vesc_msgs/lib/libvesc_msgs__rosidl_typesupport_fastrtps_c.so
[2.389s] -- Up-to-date: /home/meric/f1_ws/install/vesc_msgs/include/vesc_msgs/vesc_msgs
[2.389s] -- Up-to-date: /home/meric/f1_ws/install/vesc_msgs/include/vesc_msgs/vesc_msgs/msg
[2.390s] -- Up-to-date: /home/meric/f1_ws/install/vesc_msgs/include/vesc_msgs/vesc_msgs/msg/rosidl_typesupport_introspection_c__visibility_control.h
[2.390s] -- Up-to-date: /home/meric/f1_ws/install/vesc_msgs/include/vesc_msgs/vesc_msgs/msg/detail
[2.390s] -- Up-to-date: /home/meric/f1_ws/install/vesc_msgs/include/vesc_msgs/vesc_msgs/msg/detail/vesc_state_stamped__rosidl_typesupport_introspection_c.h
[2.390s] -- Up-to-date: /home/meric/f1_ws/install/vesc_msgs/include/vesc_msgs/vesc_msgs/msg/detail/vesc_imu_stamped__type_support.c
[2.391s] -- Up-to-date: /home/meric/f1_ws/install/vesc_msgs/include/vesc_msgs/vesc_msgs/msg/detail/vesc_imu__type_support.c
[2.391s] -- Up-to-date: /home/meric/f1_ws/install/vesc_msgs/include/vesc_msgs/vesc_msgs/msg/detail/vesc_state_stamped__type_support.c
[2.391s] -- Up-to-date: /home/meric/f1_ws/install/vesc_msgs/include/vesc_msgs/vesc_msgs/msg/detail/vesc_imu_stamped__rosidl_typesupport_introspection_c.h
[2.391s] -- Up-to-date: /home/meric/f1_ws/install/vesc_msgs/include/vesc_msgs/vesc_msgs/msg/detail/vesc_state__rosidl_typesupport_introspection_c.h
[2.391s] -- Up-to-date: /home/meric/f1_ws/install/vesc_msgs/include/vesc_msgs/vesc_msgs/msg/detail/vesc_state__type_support.c
[2.392s] -- Up-to-date: /home/meric/f1_ws/install/vesc_msgs/include/vesc_msgs/vesc_msgs/msg/detail/vesc_imu__rosidl_typesupport_introspection_c.h
[2.392s] -- Up-to-date: /home/meric/f1_ws/install/vesc_msgs/lib/libvesc_msgs__rosidl_typesupport_introspection_c.so
[2.392s] -- Up-to-date: /home/meric/f1_ws/install/vesc_msgs/lib/libvesc_msgs__rosidl_typesupport_c.so
[2.392s] -- Up-to-date: /home/meric/f1_ws/install/vesc_msgs/include/vesc_msgs/vesc_msgs
[2.393s] -- Up-to-date: /home/meric/f1_ws/install/vesc_msgs/include/vesc_msgs/vesc_msgs/msg
[2.393s] -- Up-to-date: /home/meric/f1_ws/install/vesc_msgs/include/vesc_msgs/vesc_msgs/msg/vesc_state_stamped.hpp
[2.393s] -- Up-to-date: /home/meric/f1_ws/install/vesc_msgs/include/vesc_msgs/vesc_msgs/msg/vesc_imu_stamped.hpp
[2.393s] -- Up-to-date: /home/meric/f1_ws/install/vesc_msgs/include/vesc_msgs/vesc_msgs/msg/detail
[2.393s] -- Up-to-date: /home/meric/f1_ws/install/vesc_msgs/include/vesc_msgs/vesc_msgs/msg/detail/vesc_imu_stamped__struct.hpp
[2.393s] -- Up-to-date: /home/meric/f1_ws/install/vesc_msgs/include/vesc_msgs/vesc_msgs/msg/detail/vesc_imu__builder.hpp
[2.393s] -- Up-to-date: /home/meric/f1_ws/install/vesc_msgs/include/vesc_msgs/vesc_msgs/msg/detail/vesc_state__struct.hpp
[2.394s] -- Up-to-date: /home/meric/f1_ws/install/vesc_msgs/include/vesc_msgs/vesc_msgs/msg/detail/vesc_imu_stamped__traits.hpp
[2.394s] -- Up-to-date: /home/meric/f1_ws/install/vesc_msgs/include/vesc_msgs/vesc_msgs/msg/detail/vesc_state_stamped__traits.hpp
[2.394s] -- Up-to-date: /home/meric/f1_ws/install/vesc_msgs/include/vesc_msgs/vesc_msgs/msg/detail/vesc_imu__traits.hpp
[2.394s] -- Up-to-date: /home/meric/f1_ws/install/vesc_msgs/include/vesc_msgs/vesc_msgs/msg/detail/vesc_state__builder.hpp
[2.394s] -- Up-to-date: /home/meric/f1_ws/install/vesc_msgs/include/vesc_msgs/vesc_msgs/msg/detail/vesc_state_stamped__struct.hpp
[2.394s] -- Up-to-date: /home/meric/f1_ws/install/vesc_msgs/include/vesc_msgs/vesc_msgs/msg/detail/vesc_state__traits.hpp
[2.394s] -- Up-to-date: /home/meric/f1_ws/install/vesc_msgs/include/vesc_msgs/vesc_msgs/msg/detail/vesc_imu__struct.hpp
[2.395s] -- Up-to-date: /home/meric/f1_ws/install/vesc_msgs/include/vesc_msgs/vesc_msgs/msg/detail/vesc_imu_stamped__builder.hpp
[2.395s] -- Up-to-date: /home/meric/f1_ws/install/vesc_msgs/include/vesc_msgs/vesc_msgs/msg/detail/vesc_state_stamped__builder.hpp
[2.395s] -- Up-to-date: /home/meric/f1_ws/install/vesc_msgs/include/vesc_msgs/vesc_msgs/msg/vesc_state.hpp
[2.395s] -- Up-to-date: /home/meric/f1_ws/install/vesc_msgs/include/vesc_msgs/vesc_msgs/msg/vesc_imu.hpp
[2.395s] -- Up-to-date: /home/meric/f1_ws/install/vesc_msgs/include/vesc_msgs/vesc_msgs
[2.396s] -- Up-to-date: /home/meric/f1_ws/install/vesc_msgs/include/vesc_msgs/vesc_msgs/msg
[2.396s] -- Up-to-date: /home/meric/f1_ws/install/vesc_msgs/include/vesc_msgs/vesc_msgs/msg/rosidl_typesupport_fastrtps_cpp__visibility_control.h
[2.397s] -- Up-to-date: /home/meric/f1_ws/install/vesc_msgs/include/vesc_msgs/vesc_msgs/msg/detail
[2.397s] -- Up-to-date: /home/meric/f1_ws/install/vesc_msgs/include/vesc_msgs/vesc_msgs/msg/detail/vesc_imu_stamped__rosidl_typesupport_fastrtps_cpp.hpp
[2.397s] -- Up-to-date: /home/meric/f1_ws/install/vesc_msgs/include/vesc_msgs/vesc_msgs/msg/detail/vesc_state_stamped__rosidl_typesupport_fastrtps_cpp.hpp
[2.397s] -- Up-to-date: /home/meric/f1_ws/install/vesc_msgs/include/vesc_msgs/vesc_msgs/msg/detail/dds_fastrtps
[2.397s] -- Up-to-date: /home/meric/f1_ws/install/vesc_msgs/include/vesc_msgs/vesc_msgs/msg/detail/vesc_state__rosidl_typesupport_fastrtps_cpp.hpp
[2.397s] -- Up-to-date: /home/meric/f1_ws/install/vesc_msgs/include/vesc_msgs/vesc_msgs/msg/detail/vesc_imu__rosidl_typesupport_fastrtps_cpp.hpp
[2.397s] -- Up-to-date: /home/meric/f1_ws/install/vesc_msgs/lib/libvesc_msgs__rosidl_typesupport_fastrtps_cpp.so
[2.397s] -- Up-to-date: /home/meric/f1_ws/install/vesc_msgs/include/vesc_msgs/vesc_msgs
[2.398s] -- Up-to-date: /home/meric/f1_ws/install/vesc_msgs/include/vesc_msgs/vesc_msgs/msg
[2.398s] -- Up-to-date: /home/meric/f1_ws/install/vesc_msgs/include/vesc_msgs/vesc_msgs/msg/detail
[2.398s] -- Up-to-date: /home/meric/f1_ws/install/vesc_msgs/include/vesc_msgs/vesc_msgs/msg/detail/vesc_imu__type_support.cpp
[2.398s] -- Up-to-date: /home/meric/f1_ws/install/vesc_msgs/include/vesc_msgs/vesc_msgs/msg/detail/vesc_state__rosidl_typesupport_introspection_cpp.hpp
[2.398s] -- Up-to-date: /home/meric/f1_ws/install/vesc_msgs/include/vesc_msgs/vesc_msgs/msg/detail/vesc_state__type_support.cpp
[2.398s] -- Up-to-date: /home/meric/f1_ws/install/vesc_msgs/include/vesc_msgs/vesc_msgs/msg/detail/vesc_imu_stamped__type_support.cpp
[2.398s] -- Up-to-date: /home/meric/f1_ws/install/vesc_msgs/include/vesc_msgs/vesc_msgs/msg/detail/vesc_state_stamped__rosidl_typesupport_introspection_cpp.hpp
[2.399s] -- Up-to-date: /home/meric/f1_ws/install/vesc_msgs/include/vesc_msgs/vesc_msgs/msg/detail/vesc_state_stamped__type_support.cpp
[2.399s] -- Up-to-date: /home/meric/f1_ws/install/vesc_msgs/include/vesc_msgs/vesc_msgs/msg/detail/vesc_imu_stamped__rosidl_typesupport_introspection_cpp.hpp
[2.399s] -- Up-to-date: /home/meric/f1_ws/install/vesc_msgs/include/vesc_msgs/vesc_msgs/msg/detail/vesc_imu__rosidl_typesupport_introspection_cpp.hpp
[2.399s] -- Up-to-date: /home/meric/f1_ws/install/vesc_msgs/lib/libvesc_msgs__rosidl_typesupport_introspection_cpp.so
[2.399s] -- Up-to-date: /home/meric/f1_ws/install/vesc_msgs/lib/libvesc_msgs__rosidl_typesupport_cpp.so
[2.399s] -- Up-to-date: /home/meric/f1_ws/install/vesc_msgs/share/vesc_msgs/environment/pythonpath.sh
[2.399s] -- Up-to-date: /home/meric/f1_ws/install/vesc_msgs/share/vesc_msgs/environment/pythonpath.dsv
[2.399s] -- Up-to-date: /home/meric/f1_ws/install/vesc_msgs/local/lib/python3.10/dist-packages/vesc_msgs-1.2.0-py3.10.egg-info
[2.400s] -- Installing: /home/meric/f1_ws/install/vesc_msgs/local/lib/python3.10/dist-packages/vesc_msgs-1.2.0-py3.10.egg-info/dependency_links.txt
[2.400s] -- Installing: /home/meric/f1_ws/install/vesc_msgs/local/lib/python3.10/dist-packages/vesc_msgs-1.2.0-py3.10.egg-info/top_level.txt
[2.400s] -- Installing: /home/meric/f1_ws/install/vesc_msgs/local/lib/python3.10/dist-packages/vesc_msgs-1.2.0-py3.10.egg-info/PKG-INFO
[2.400s] -- Installing: /home/meric/f1_ws/install/vesc_msgs/local/lib/python3.10/dist-packages/vesc_msgs-1.2.0-py3.10.egg-info/SOURCES.txt
[2.400s] -- Up-to-date: /home/meric/f1_ws/install/vesc_msgs/local/lib/python3.10/dist-packages/vesc_msgs
[2.400s] -- Up-to-date: /home/meric/f1_ws/install/vesc_msgs/local/lib/python3.10/dist-packages/vesc_msgs/vesc_msgs_s__rosidl_typesupport_fastrtps_c.cpython-310-aarch64-linux-gnu.so
[2.400s] -- Up-to-date: /home/meric/f1_ws/install/vesc_msgs/local/lib/python3.10/dist-packages/vesc_msgs/_vesc_msgs_s.ep.rosidl_typesupport_introspection_c.c
[2.400s] -- Up-to-date: /home/meric/f1_ws/install/vesc_msgs/local/lib/python3.10/dist-packages/vesc_msgs/msg
[2.401s] -- Up-to-date: /home/meric/f1_ws/install/vesc_msgs/local/lib/python3.10/dist-packages/vesc_msgs/msg/_vesc_state_stamped.py
[2.401s] -- Up-to-date: /home/meric/f1_ws/install/vesc_msgs/local/lib/python3.10/dist-packages/vesc_msgs/msg/_vesc_imu_stamped.py
[2.401s] -- Up-to-date: /home/meric/f1_ws/install/vesc_msgs/local/lib/python3.10/dist-packages/vesc_msgs/msg/_vesc_imu.py
[2.401s] -- Up-to-date: /home/meric/f1_ws/install/vesc_msgs/local/lib/python3.10/dist-packages/vesc_msgs/msg/__init__.py
[2.401s] -- Up-to-date: /home/meric/f1_ws/install/vesc_msgs/local/lib/python3.10/dist-packages/vesc_msgs/msg/_vesc_state.py
[2.401s] -- Up-to-date: /home/meric/f1_ws/install/vesc_msgs/local/lib/python3.10/dist-packages/vesc_msgs/msg/_vesc_state_stamped_s.c
[2.401s] -- Up-to-date: /home/meric/f1_ws/install/vesc_msgs/local/lib/python3.10/dist-packages/vesc_msgs/msg/_vesc_imu_stamped_s.c
[2.402s] -- Up-to-date: /home/meric/f1_ws/install/vesc_msgs/local/lib/python3.10/dist-packages/vesc_msgs/msg/_vesc_imu_s.c
[2.402s] -- Up-to-date: /home/meric/f1_ws/install/vesc_msgs/local/lib/python3.10/dist-packages/vesc_msgs/msg/_vesc_state_s.c
[2.402s] -- Up-to-date: /home/meric/f1_ws/install/vesc_msgs/local/lib/python3.10/dist-packages/vesc_msgs/__init__.py
[2.402s] -- Up-to-date: /home/meric/f1_ws/install/vesc_msgs/local/lib/python3.10/dist-packages/vesc_msgs/libvesc_msgs__rosidl_generator_py.so
[2.402s] -- Up-to-date: /home/meric/f1_ws/install/vesc_msgs/local/lib/python3.10/dist-packages/vesc_msgs/_vesc_msgs_s.ep.rosidl_typesupport_fastrtps_c.c
[2.402s] -- Up-to-date: /home/meric/f1_ws/install/vesc_msgs/local/lib/python3.10/dist-packages/vesc_msgs/vesc_msgs_s__rosidl_typesupport_c.cpython-310-aarch64-linux-gnu.so
[2.402s] -- Up-to-date: /home/meric/f1_ws/install/vesc_msgs/local/lib/python3.10/dist-packages/vesc_msgs/vesc_msgs_s__rosidl_typesupport_introspection_c.cpython-310-aarch64-linux-gnu.so
[2.402s] -- Up-to-date: /home/meric/f1_ws/install/vesc_msgs/local/lib/python3.10/dist-packages/vesc_msgs/_vesc_msgs_s.ep.rosidl_typesupport_c.c
[2.485s] Listing '/home/meric/f1_ws/install/vesc_msgs/local/lib/python3.10/dist-packages/vesc_msgs'...
[2.486s] Listing '/home/meric/f1_ws/install/vesc_msgs/local/lib/python3.10/dist-packages/vesc_msgs/msg'...
[2.500s] -- Up-to-date: /home/meric/f1_ws/install/vesc_msgs/local/lib/python3.10/dist-packages/vesc_msgs/vesc_msgs_s__rosidl_typesupport_fastrtps_c.cpython-310-aarch64-linux-gnu.so
[2.500s] -- Up-to-date: /home/meric/f1_ws/install/vesc_msgs/local/lib/python3.10/dist-packages/vesc_msgs/vesc_msgs_s__rosidl_typesupport_introspection_c.cpython-310-aarch64-linux-gnu.so
[2.503s] -- Up-to-date: /home/meric/f1_ws/install/vesc_msgs/local/lib/python3.10/dist-packages/vesc_msgs/vesc_msgs_s__rosidl_typesupport_c.cpython-310-aarch64-linux-gnu.so
[2.503s] -- Up-to-date: /home/meric/f1_ws/install/vesc_msgs/lib/libvesc_msgs__rosidl_generator_py.so
[2.504s] -- Up-to-date: /home/meric/f1_ws/install/vesc_msgs/share/vesc_msgs/msg/VescState.idl
[2.504s] -- Up-to-date: /home/meric/f1_ws/install/vesc_msgs/share/vesc_msgs/msg/VescStateStamped.idl
[2.504s] -- Up-to-date: /home/meric/f1_ws/install/vesc_msgs/share/vesc_msgs/msg/VescImu.idl
[2.505s] -- Up-to-date: /home/meric/f1_ws/install/vesc_msgs/share/vesc_msgs/msg/VescImuStamped.idl
[2.505s] -- Up-to-date: /home/meric/f1_ws/install/vesc_msgs/share/vesc_msgs/msg/VescState.msg
[2.505s] -- Up-to-date: /home/meric/f1_ws/install/vesc_msgs/share/vesc_msgs/msg/VescStateStamped.msg
[2.506s] -- Up-to-date: /home/meric/f1_ws/install/vesc_msgs/share/vesc_msgs/msg/VescImu.msg
[2.506s] -- Up-to-date: /home/meric/f1_ws/install/vesc_msgs/share/vesc_msgs/msg/VescImuStamped.msg
[2.506s] -- Up-to-date: /home/meric/f1_ws/install/vesc_msgs/share/ament_index/resource_index/package_run_dependencies/vesc_msgs
[2.507s] -- Up-to-date: /home/meric/f1_ws/install/vesc_msgs/share/ament_index/resource_index/parent_prefix_path/vesc_msgs
[2.507s] -- Up-to-date: /home/meric/f1_ws/install/vesc_msgs/share/vesc_msgs/environment/ament_prefix_path.sh
[2.507s] -- Up-to-date: /home/meric/f1_ws/install/vesc_msgs/share/vesc_msgs/environment/ament_prefix_path.dsv
[2.508s] -- Up-to-date: /home/meric/f1_ws/install/vesc_msgs/share/vesc_msgs/environment/path.sh
[2.508s] -- Up-to-date: /home/meric/f1_ws/install/vesc_msgs/share/vesc_msgs/environment/path.dsv
[2.509s] -- Up-to-date: /home/meric/f1_ws/install/vesc_msgs/share/vesc_msgs/local_setup.bash
[2.509s] -- Up-to-date: /home/meric/f1_ws/install/vesc_msgs/share/vesc_msgs/local_setup.sh
[2.509s] -- Up-to-date: /home/meric/f1_ws/install/vesc_msgs/share/vesc_msgs/local_setup.zsh
[2.510s] -- Up-to-date: /home/meric/f1_ws/install/vesc_msgs/share/vesc_msgs/local_setup.dsv
[2.510s] -- Installing: /home/meric/f1_ws/install/vesc_msgs/share/vesc_msgs/package.dsv
[2.510s] -- Up-to-date: /home/meric/f1_ws/install/vesc_msgs/share/ament_index/resource_index/packages/vesc_msgs
[2.510s] -- Up-to-date: /home/meric/f1_ws/install/vesc_msgs/share/vesc_msgs/cmake/export_vesc_msgs__rosidl_generator_cExport.cmake
[2.511s] -- Up-to-date: /home/meric/f1_ws/install/vesc_msgs/share/vesc_msgs/cmake/export_vesc_msgs__rosidl_generator_cExport-noconfig.cmake
[2.511s] -- Up-to-date: /home/meric/f1_ws/install/vesc_msgs/share/vesc_msgs/cmake/export_vesc_msgs__rosidl_typesupport_fastrtps_cExport.cmake
[2.511s] -- Up-to-date: /home/meric/f1_ws/install/vesc_msgs/share/vesc_msgs/cmake/export_vesc_msgs__rosidl_typesupport_fastrtps_cExport-noconfig.cmake
[2.511s] -- Up-to-date: /home/meric/f1_ws/install/vesc_msgs/share/vesc_msgs/cmake/vesc_msgs__rosidl_typesupport_introspection_cExport.cmake
[2.512s] -- Up-to-date: /home/meric/f1_ws/install/vesc_msgs/share/vesc_msgs/cmake/vesc_msgs__rosidl_typesupport_introspection_cExport-noconfig.cmake
[2.512s] -- Up-to-date: /home/meric/f1_ws/install/vesc_msgs/share/vesc_msgs/cmake/vesc_msgs__rosidl_typesupport_cExport.cmake
[2.512s] -- Up-to-date: /home/meric/f1_ws/install/vesc_msgs/share/vesc_msgs/cmake/vesc_msgs__rosidl_typesupport_cExport-noconfig.cmake
[2.513s] -- Up-to-date: /home/meric/f1_ws/install/vesc_msgs/share/vesc_msgs/cmake/export_vesc_msgs__rosidl_generator_cppExport.cmake
[2.513s] -- Up-to-date: /home/meric/f1_ws/install/vesc_msgs/share/vesc_msgs/cmake/export_vesc_msgs__rosidl_typesupport_fastrtps_cppExport.cmake
[2.514s] -- Up-to-date: /home/meric/f1_ws/install/vesc_msgs/share/vesc_msgs/cmake/export_vesc_msgs__rosidl_typesupport_fastrtps_cppExport-noconfig.cmake
[2.514s] -- Up-to-date: /home/meric/f1_ws/install/vesc_msgs/share/vesc_msgs/cmake/vesc_msgs__rosidl_typesupport_introspection_cppExport.cmake
[2.514s] -- Up-to-date: /home/meric/f1_ws/install/vesc_msgs/share/vesc_msgs/cmake/vesc_msgs__rosidl_typesupport_introspection_cppExport-noconfig.cmake
[2.515s] -- Up-to-date: /home/meric/f1_ws/install/vesc_msgs/share/vesc_msgs/cmake/vesc_msgs__rosidl_typesupport_cppExport.cmake
[2.515s] -- Up-to-date: /home/meric/f1_ws/install/vesc_msgs/share/vesc_msgs/cmake/vesc_msgs__rosidl_typesupport_cppExport-noconfig.cmake
[2.516s] -- Up-to-date: /home/meric/f1_ws/install/vesc_msgs/share/vesc_msgs/cmake/export_vesc_msgs__rosidl_generator_pyExport.cmake
[2.516s] -- Up-to-date: /home/meric/f1_ws/install/vesc_msgs/share/vesc_msgs/cmake/export_vesc_msgs__rosidl_generator_pyExport-noconfig.cmake
[2.517s] -- Up-to-date: /home/meric/f1_ws/install/vesc_msgs/share/vesc_msgs/cmake/rosidl_cmake-extras.cmake
[2.517s] -- Up-to-date: /home/meric/f1_ws/install/vesc_msgs/share/vesc_msgs/cmake/ament_cmake_export_dependencies-extras.cmake
[2.518s] -- Up-to-date: /home/meric/f1_ws/install/vesc_msgs/share/vesc_msgs/cmake/ament_cmake_export_include_directories-extras.cmake
[2.518s] -- Up-to-date: /home/meric/f1_ws/install/vesc_msgs/share/vesc_msgs/cmake/ament_cmake_export_libraries-extras.cmake
[2.518s] -- Up-to-date: /home/meric/f1_ws/install/vesc_msgs/share/vesc_msgs/cmake/ament_cmake_export_targets-extras.cmake
[2.518s] -- Up-to-date: /home/meric/f1_ws/install/vesc_msgs/share/vesc_msgs/cmake/rosidl_cmake_export_typesupport_targets-extras.cmake
[2.519s] -- Up-to-date: /home/meric/f1_ws/install/vesc_msgs/share/vesc_msgs/cmake/rosidl_cmake_export_typesupport_libraries-extras.cmake
[2.520s] -- Up-to-date: /home/meric/f1_ws/install/vesc_msgs/share/vesc_msgs/cmake/vesc_msgsConfig.cmake
[2.520s] -- Up-to-date: /home/meric/f1_ws/install/vesc_msgs/share/vesc_msgs/cmake/vesc_msgsConfig-version.cmake
[2.521s] -- Up-to-date: /home/meric/f1_ws/install/vesc_msgs/share/vesc_msgs/package.xml
[2.552s] Invoked command in '/home/meric/f1_ws/build/vesc_msgs' returned '0': CMAKE_PREFIX_PATH=${CMAKE_PREFIX_PATH}:/home/meric/f1_ws/install/f1tenth_stack:/home/meric/f1_ws/install/joy_teleop:/home/meric/f1_ws/install/mouse_teleop:/home/meric/f1_ws/install/key_teleop:/opt/ros/humble /usr/bin/cmake --install /home/meric/f1_ws/build/vesc_msgs
