[1.420s] Invoking command in '/home/meric/f1_ws/src/f1tenth_system/teleop_tools/joy_teleop': AMENT_PREFIX_PATH=/home/meric/f1_ws/install/teleop_tools_msgs:${AMENT_PREFIX_PATH} CMAKE_PREFIX_PATH=/home/meric/f1_ws/install/teleop_tools_msgs LD_LIBRARY_PATH=/home/meric/f1_ws/install/teleop_tools_msgs/lib:/opt/ros/humble/opt/rviz_ogre_vendor/lib:/opt/ros/humble/lib/aarch64-linux-gnu:/opt/ros/humble/lib:/usr/local/cuda-12.2/lib64:/home/meric/f1tenth_ws/install/vesc_ackermann/lib PYTHONPATH=/home/meric/f1_ws/build/joy_teleop/prefix_override:/home/meric/.local/lib/python3.10/site-packages/colcon_core/task/python/colcon_distutils_commands:/home/meric/f1_ws/install/joy_teleop/lib/python3.10/site-packages:/home/meric/f1_ws/install/teleop_tools_msgs/local/lib/python3.10/dist-packages:${PYTHONPATH} /usr/bin/python3 -W ignore:setup.py install is deprecated setup.py egg_info --egg-base ../../../../build/joy_teleop build --build-base /home/meric/f1_ws/build/joy_teleop/build install --record /home/meric/f1_ws/build/joy_teleop/install.log --single-version-externally-managed install_data
[2.167s] running egg_info
[2.168s] creating ../../../../build/joy_teleop/joy_teleop.egg-info
[2.169s] writing ../../../../build/joy_teleop/joy_teleop.egg-info/PKG-INFO
[2.169s] writing dependency_links to ../../../../build/joy_teleop/joy_teleop.egg-info/dependency_links.txt
[2.170s] writing entry points to ../../../../build/joy_teleop/joy_teleop.egg-info/entry_points.txt
[2.170s] writing requirements to ../../../../build/joy_teleop/joy_teleop.egg-info/requires.txt
[2.170s] writing top-level names to ../../../../build/joy_teleop/joy_teleop.egg-info/top_level.txt
[2.170s] writing manifest file '../../../../build/joy_teleop/joy_teleop.egg-info/SOURCES.txt'
[2.184s] reading manifest file '../../../../build/joy_teleop/joy_teleop.egg-info/SOURCES.txt'
[2.185s] writing manifest file '../../../../build/joy_teleop/joy_teleop.egg-info/SOURCES.txt'
[2.185s] running build
[2.186s] running build_py
[2.186s] creating /home/meric/f1_ws/build/joy_teleop/build
[2.186s] creating /home/meric/f1_ws/build/joy_teleop/build/lib
[2.186s] creating /home/meric/f1_ws/build/joy_teleop/build/lib/joy_teleop
[2.186s] copying joy_teleop/__init__.py -> /home/meric/f1_ws/build/joy_teleop/build/lib/joy_teleop
[2.187s] copying joy_teleop/joy_teleop.py -> /home/meric/f1_ws/build/joy_teleop/build/lib/joy_teleop
[2.187s] copying joy_teleop/incrementer_server.py -> /home/meric/f1_ws/build/joy_teleop/build/lib/joy_teleop
[2.187s] running install
[2.188s] running install_lib
[2.189s] creating /home/meric/f1_ws/install/joy_teleop/lib/python3.10/site-packages/joy_teleop
[2.190s] copying /home/meric/f1_ws/build/joy_teleop/build/lib/joy_teleop/__init__.py -> /home/meric/f1_ws/install/joy_teleop/lib/python3.10/site-packages/joy_teleop
[2.190s] copying /home/meric/f1_ws/build/joy_teleop/build/lib/joy_teleop/joy_teleop.py -> /home/meric/f1_ws/install/joy_teleop/lib/python3.10/site-packages/joy_teleop
[2.190s] copying /home/meric/f1_ws/build/joy_teleop/build/lib/joy_teleop/incrementer_server.py -> /home/meric/f1_ws/install/joy_teleop/lib/python3.10/site-packages/joy_teleop
[2.191s] byte-compiling /home/meric/f1_ws/install/joy_teleop/lib/python3.10/site-packages/joy_teleop/__init__.py to __init__.cpython-310.pyc
[2.192s] byte-compiling /home/meric/f1_ws/install/joy_teleop/lib/python3.10/site-packages/joy_teleop/joy_teleop.py to joy_teleop.cpython-310.pyc
[2.220s] byte-compiling /home/meric/f1_ws/install/joy_teleop/lib/python3.10/site-packages/joy_teleop/incrementer_server.py to incrementer_server.cpython-310.pyc
[2.221s] running install_data
[2.222s] copying package.xml -> /home/meric/f1_ws/install/joy_teleop/share/joy_teleop
[2.222s] creating /home/meric/f1_ws/install/joy_teleop/share/joy_teleop/config
[2.222s] copying config/joy_teleop_example.yaml -> /home/meric/f1_ws/install/joy_teleop/share/joy_teleop/config
[2.222s] creating /home/meric/f1_ws/install/joy_teleop/share/joy_teleop/launch
[2.222s] copying launch/example.launch.py -> /home/meric/f1_ws/install/joy_teleop/share/joy_teleop/launch
[2.223s] creating /home/meric/f1_ws/install/joy_teleop/share/ament_index
[2.223s] creating /home/meric/f1_ws/install/joy_teleop/share/ament_index/resource_index
[2.223s] creating /home/meric/f1_ws/install/joy_teleop/share/ament_index/resource_index/packages
[2.223s] copying resource/joy_teleop -> /home/meric/f1_ws/install/joy_teleop/share/ament_index/resource_index/packages
[2.223s] running install_egg_info
[2.227s] Copying ../../../../build/joy_teleop/joy_teleop.egg-info to /home/meric/f1_ws/install/joy_teleop/lib/python3.10/site-packages/joy_teleop-0.3.0-py3.10.egg-info
[2.230s] running install_scripts
[2.334s] Installing incrementer_server script to /home/meric/f1_ws/install/joy_teleop/lib/joy_teleop
[2.334s] Installing joy_teleop script to /home/meric/f1_ws/install/joy_teleop/lib/joy_teleop
[2.335s] writing list of installed files to '/home/meric/f1_ws/build/joy_teleop/install.log'
[2.520s] Invoked command in '/home/meric/f1_ws/src/f1tenth_system/teleop_tools/joy_teleop' returned '0': AMENT_PREFIX_PATH=/home/meric/f1_ws/install/teleop_tools_msgs:${AMENT_PREFIX_PATH} CMAKE_PREFIX_PATH=/home/meric/f1_ws/install/teleop_tools_msgs LD_LIBRARY_PATH=/home/meric/f1_ws/install/teleop_tools_msgs/lib:/opt/ros/humble/opt/rviz_ogre_vendor/lib:/opt/ros/humble/lib/aarch64-linux-gnu:/opt/ros/humble/lib:/usr/local/cuda-12.2/lib64:/home/meric/f1tenth_ws/install/vesc_ackermann/lib PYTHONPATH=/home/meric/f1_ws/build/joy_teleop/prefix_override:/home/meric/.local/lib/python3.10/site-packages/colcon_core/task/python/colcon_distutils_commands:/home/meric/f1_ws/install/joy_teleop/lib/python3.10/site-packages:/home/meric/f1_ws/install/teleop_tools_msgs/local/lib/python3.10/dist-packages:${PYTHONPATH} /usr/bin/python3 -W ignore:setup.py install is deprecated setup.py egg_info --egg-base ../../../../build/joy_teleop build --build-base /home/meric/f1_ws/build/joy_teleop/build install --record /home/meric/f1_ws/build/joy_teleop/install.log --single-version-externally-managed install_data
