[0.740s] Invoking command in '/home/meric/f1_ws/src/build/cpp_right_wall_follower': CMAKE_PREFIX_PATH=${CMAKE_PREFIX_PATH}:/home/meric/f1_ws/install/f1tenth_stack:/home/meric/f1_ws/install/joy_teleop:/home/meric/f1_ws/install/mouse_teleop:/home/meric/f1_ws/install/key_teleop:/opt/ros/humble /usr/bin/cmake /home/meric/f1_ws/src/F1tenth_wall_follower_ROS2 -DCMAKE_INSTALL_PREFIX=/home/meric/f1_ws/src/install/cpp_right_wall_follower
[0.901s] -- The C compiler identification is GNU 11.4.0
[1.027s] -- The CXX compiler identification is GNU 11.4.0
[1.041s] -- Detecting C compiler ABI info
[1.236s] -- Detecting C compiler ABI info - done
[1.256s] -- Check for working C compiler: /usr/bin/cc - skipped
[1.258s] -- Detecting C compile features
[1.258s] -- Detecting C compile features - done
[1.268s] -- Detecting CXX compiler ABI info
[1.449s] -- Detecting CXX compiler ABI info - done
[1.463s] -- Check for working CXX compiler: /usr/bin/c++ - skipped
[1.463s] -- Detecting CXX compile features
[1.464s] -- Detecting CXX compile features - done
[1.473s] -- Found ament_cmake: 1.3.10 (/opt/ros/humble/share/ament_cmake/cmake)
[1.940s] -- Found Python3: /usr/bin/python3 (found version "3.10.12") found components: Interpreter 
[2.171s] -- Found rclcpp: 16.0.10 (/opt/ros/humble/share/rclcpp/cmake)
[2.276s] -- Found rosidl_generator_c: 3.1.5 (/opt/ros/humble/share/rosidl_generator_c/cmake)
[2.291s] -- Found rosidl_adapter: 3.1.5 (/opt/ros/humble/share/rosidl_adapter/cmake)
[2.313s] -- Found rosidl_generator_cpp: 3.1.5 (/opt/ros/humble/share/rosidl_generator_cpp/cmake)
[2.343s] -- Using all available rosidl_typesupport_c: rosidl_typesupport_fastrtps_c;rosidl_typesupport_introspection_c
[2.384s] -- Using all available rosidl_typesupport_cpp: rosidl_typesupport_fastrtps_cpp;rosidl_typesupport_introspection_cpp
[2.493s] -- Found rmw_implementation_cmake: 6.1.2 (/opt/ros/humble/share/rmw_implementation_cmake/cmake)
[2.499s] -- Found rmw_fastrtps_cpp: 6.2.7 (/opt/ros/humble/share/rmw_fastrtps_cpp/cmake)
[2.798s] -- Found OpenSSL: /usr/lib/aarch64-linux-gnu/libcrypto.so (found version "3.0.2")  
[2.907s] -- Found FastRTPS: /opt/ros/humble/include  
[3.033s] -- Using RMW implementation 'rmw_fastrtps_cpp' as default
[3.059s] -- Looking for pthread.h
[3.370s] -- Looking for pthread.h - found
[3.371s] -- Performing Test CMAKE_HAVE_LIBC_PTHREAD
[3.560s] -- Performing Test CMAKE_HAVE_LIBC_PTHREAD - Success
[3.562s] -- Found Threads: TRUE  
[3.682s] -- Found geometry_msgs: 4.2.4 (/opt/ros/humble/share/geometry_msgs/cmake)
[3.715s] -- Found sensor_msgs: 4.2.4 (/opt/ros/humble/share/sensor_msgs/cmake)
[3.753s] -- Found tf2: 0.25.8 (/opt/ros/humble/share/tf2/cmake)
[3.777s] -- Found tf2_ros: 0.25.8 (/opt/ros/humble/share/tf2_ros/cmake)
[3.991s] -- Found tf2_geometry_msgs: 0.25.8 (/opt/ros/humble/share/tf2_geometry_msgs/cmake)
[4.026s] -- Found eigen3_cmake_module: 0.1.1 (/opt/ros/humble/share/eigen3_cmake_module/cmake)
[4.030s] -- Found Eigen3: TRUE (found version "3.4.0") 
[4.030s] -- Ensuring Eigen3 include directory is part of orocos-kdl CMake target
[4.044s] -- Found ament_lint_auto: 0.12.11 (/opt/ros/humble/share/ament_lint_auto/cmake)
[4.332s] -- Added test 'copyright' to check source files copyright and LICENSE
[4.339s] -- Added test 'cppcheck' to perform static code analysis on C / C++ code
[4.343s] -- Configured cppcheck include dirs: $<BUILD_INTERFACE:/home/meric/f1_ws/src/F1tenth_wall_follower_ROS2/include>
[4.343s] -- Configured cppcheck exclude dirs and/or files: 
[4.349s] -- Added test 'cpplint' to check C / C++ code against the Google style
[4.351s] -- Configured cpplint exclude dirs and/or files: 
[4.353s] -- Added test 'flake8' to check Python code syntax and style conventions
[4.356s] -- Added test 'lint_cmake' to check CMake code style
[4.358s] -- Added test 'pep257' to check Python code against some of the docstring style conventions in PEP 257
[4.364s] -- Added test 'uncrustify' to check C / C++ code style
[4.364s] -- Configured uncrustify additional arguments: 
[4.366s] -- Added test 'xmllint' to check XML markup files
[4.372s] -- Configuring done
[4.402s] -- Generating done
[4.406s] -- Build files have been written to: /home/meric/f1_ws/src/build/cpp_right_wall_follower
[4.446s] Invoked command in '/home/meric/f1_ws/src/build/cpp_right_wall_follower' returned '0': CMAKE_PREFIX_PATH=${CMAKE_PREFIX_PATH}:/home/meric/f1_ws/install/f1tenth_stack:/home/meric/f1_ws/install/joy_teleop:/home/meric/f1_ws/install/mouse_teleop:/home/meric/f1_ws/install/key_teleop:/opt/ros/humble /usr/bin/cmake /home/meric/f1_ws/src/F1tenth_wall_follower_ROS2 -DCMAKE_INSTALL_PREFIX=/home/meric/f1_ws/src/install/cpp_right_wall_follower
[4.465s] Invoking command in '/home/meric/f1_ws/src/build/cpp_right_wall_follower': CMAKE_PREFIX_PATH=${CMAKE_PREFIX_PATH}:/home/meric/f1_ws/install/f1tenth_stack:/home/meric/f1_ws/install/joy_teleop:/home/meric/f1_ws/install/mouse_teleop:/home/meric/f1_ws/install/key_teleop:/opt/ros/humble /usr/bin/cmake --build /home/meric/f1_ws/src/build/cpp_right_wall_follower -- -j6 -l6
[4.787s] [ 50%] [32mBuilding CXX object CMakeFiles/right_wall_follower_drive_node.dir/src/right_wall_follower_drive_node.cpp.o[0m
[30.979s] [100%] [32m[1mLinking CXX executable right_wall_follower_drive_node[0m
[31.932s] [100%] Built target right_wall_follower_drive_node
