[1.527s] Invoking command in '/home/meric/f1_ws/src/avoid': PYTHONPATH=/home/meric/f1_ws/build/avoid/prefix_override:/home/meric/.local/lib/python3.10/site-packages/colcon_core/task/python/colcon_distutils_commands:/home/meric/f1_ws/install/avoid/lib/python3.10/site-packages:${PYTHONPATH} /usr/bin/python3 -W ignore:setup.py install is deprecated setup.py egg_info --egg-base ../../build/avoid build --build-base /home/meric/f1_ws/build/avoid/build install --record /home/meric/f1_ws/build/avoid/install.log --single-version-externally-managed
[2.107s] running egg_info
[2.108s] creating ../../build/avoid/avoid.egg-info
[2.109s] writing ../../build/avoid/avoid.egg-info/PKG-INFO
[2.110s] writing dependency_links to ../../build/avoid/avoid.egg-info/dependency_links.txt
[2.110s] writing entry points to ../../build/avoid/avoid.egg-info/entry_points.txt
[2.110s] writing requirements to ../../build/avoid/avoid.egg-info/requires.txt
[2.110s] writing top-level names to ../../build/avoid/avoid.egg-info/top_level.txt
[2.111s] writing manifest file '../../build/avoid/avoid.egg-info/SOURCES.txt'
[2.114s] reading manifest file '../../build/avoid/avoid.egg-info/SOURCES.txt'
[2.115s] writing manifest file '../../build/avoid/avoid.egg-info/SOURCES.txt'
[2.116s] running build
[2.116s] running build_py
[2.116s] creating /home/meric/f1_ws/build/avoid/build
[2.116s] creating /home/meric/f1_ws/build/avoid/build/lib
[2.116s] creating /home/meric/f1_ws/build/avoid/build/lib/avoid
[2.116s] copying avoid/__init__.py -> /home/meric/f1_ws/build/avoid/build/lib/avoid
[2.117s] copying avoid/simple_controller.py -> /home/meric/f1_ws/build/avoid/build/lib/avoid
[2.117s] running install
[2.118s] running install_lib
[2.119s] creating /home/meric/f1_ws/install/avoid/lib/python3.10/site-packages/avoid
[2.119s] copying /home/meric/f1_ws/build/avoid/build/lib/avoid/__init__.py -> /home/meric/f1_ws/install/avoid/lib/python3.10/site-packages/avoid
[2.119s] copying /home/meric/f1_ws/build/avoid/build/lib/avoid/simple_controller.py -> /home/meric/f1_ws/install/avoid/lib/python3.10/site-packages/avoid
[2.121s] byte-compiling /home/meric/f1_ws/install/avoid/lib/python3.10/site-packages/avoid/__init__.py to __init__.cpython-310.pyc
[2.121s] byte-compiling /home/meric/f1_ws/install/avoid/lib/python3.10/site-packages/avoid/simple_controller.py to simple_controller.cpython-310.pyc
[2.122s] running install_egg_info
[2.127s] Copying ../../build/avoid/avoid.egg-info to /home/meric/f1_ws/install/avoid/lib/python3.10/site-packages/avoid-0.0.0-py3.10.egg-info
[2.129s] running install_scripts
[2.172s] Installing simple_controller script to /home/meric/f1_ws/install/avoid/lib/avoid
[2.172s] writing list of installed files to '/home/meric/f1_ws/build/avoid/install.log'
[2.248s] Invoked command in '/home/meric/f1_ws/src/avoid' returned '0': PYTHONPATH=/home/meric/f1_ws/build/avoid/prefix_override:/home/meric/.local/lib/python3.10/site-packages/colcon_core/task/python/colcon_distutils_commands:/home/meric/f1_ws/install/avoid/lib/python3.10/site-packages:${PYTHONPATH} /usr/bin/python3 -W ignore:setup.py install is deprecated setup.py egg_info --egg-base ../../build/avoid build --build-base /home/meric/f1_ws/build/avoid/build install --record /home/meric/f1_ws/build/avoid/install.log --single-version-externally-managed
