[0.063s] Invoking command in '/home/meric/f1_ws/build/vesc_msgs': CMAKE_PREFIX_PATH=/opt/ros/humble PS1=(venv) \[\e]0;\u@\h: \w\a\]${debian_chroot:+($debian_chroot)}\[\033[01;32m\]\u@\h\[\033[00m\]:\[\033[01;34m\]\w\[\033[00m\]\$ VIRTUAL_ENV_PROMPT=(venv) /usr/bin/cmake --build /home/meric/f1_ws/build/vesc_msgs -- -j6 -l6
[1.346s] [  1%] Built target vesc_msgs__cpp
[1.348s] [ 12%] Built target vesc_msgs__rosidl_generator_c
[1.348s] [ 12%] Built target ament_cmake_python_copy_vesc_msgs
[1.349s] [ 23%] Built target vesc_msgs__rosidl_typesupport_fastrtps_cpp
[1.350s] [ 34%] Built target vesc_msgs__rosidl_typesupport_cpp
[1.350s] [ 45%] Built target vesc_msgs__rosidl_typesupport_introspection_cpp
[1.350s] [ 56%] Built target vesc_msgs__rosidl_typesupport_introspection_c
[1.350s] [ 67%] Built target vesc_msgs__rosidl_typesupport_fastrtps_c
[1.351s] [ 78%] Built target vesc_msgs__rosidl_typesupport_c
[1.351s] [ 78%] Built target vesc_msgs
[1.351s] [ 80%] Built target vesc_msgs__py
[1.351s] [ 89%] Built target vesc_msgs__rosidl_generator_py
[1.351s] [ 92%] Built target vesc_msgs__rosidl_typesupport_fastrtps_c__pyext
[1.352s] [100%] Built target vesc_msgs__rosidl_typesupport_introspection_c__pyext
[1.352s] [100%] Built target vesc_msgs__rosidl_typesupport_c__pyext
[1.352s] running egg_info
[1.352s] writing vesc_msgs.egg-info/PKG-INFO
[1.352s] writing dependency_links to vesc_msgs.egg-info/dependency_links.txt
[1.352s] writing top-level names to vesc_msgs.egg-info/top_level.txt
[1.353s] reading manifest file 'vesc_msgs.egg-info/SOURCES.txt'
[1.353s] writing manifest file 'vesc_msgs.egg-info/SOURCES.txt'
[1.353s] [100%] Built target ament_cmake_python_build_vesc_msgs_egg
[1.939s] Invoked command in '/home/meric/f1_ws/build/vesc_msgs' returned '0': CMAKE_PREFIX_PATH=/opt/ros/humble PS1=(venv) \[\e]0;\u@\h: \w\a\]${debian_chroot:+($debian_chroot)}\[\033[01;32m\]\u@\h\[\033[00m\]:\[\033[01;34m\]\w\[\033[00m\]\$ VIRTUAL_ENV_PROMPT=(venv) /usr/bin/cmake --build /home/meric/f1_ws/build/vesc_msgs -- -j6 -l6
[2.218s] Invoking command in '/home/meric/f1_ws/build/vesc_msgs': CMAKE_PREFIX_PATH=/opt/ros/humble PS1=(venv) \[\e]0;\u@\h: \w\a\]${debian_chroot:+($debian_chroot)}\[\033[01;32m\]\u@\h\[\033[00m\]:\[\033[01;34m\]\w\[\033[00m\]\$ VIRTUAL_ENV_PROMPT=(venv) /usr/bin/cmake --install /home/meric/f1_ws/build/vesc_msgs
[2.236s] -- Install configuration: ""
[2.237s] -- Up-to-date: /home/meric/f1_ws/install/vesc_msgs/share/ament_index/resource_index/rosidl_interfaces/vesc_msgs
[2.237s] -- Up-to-date: /home/meric/f1_ws/install/vesc_msgs/include/vesc_msgs/vesc_msgs
[2.237s] -- Up-to-date: /home/meric/f1_ws/install/vesc_msgs/include/vesc_msgs/vesc_msgs/msg
[2.238s] -- Up-to-date: /home/meric/f1_ws/install/vesc_msgs/include/vesc_msgs/vesc_msgs/msg/rosidl_generator_c__visibility_control.h
[2.239s] -- Up-to-date: /home/meric/f1_ws/install/vesc_msgs/include/vesc_msgs/vesc_msgs/msg/detail
[2.239s] -- Up-to-date: /home/meric/f1_ws/install/vesc_msgs/include/vesc_msgs/vesc_msgs/msg/detail/vesc_state_stamped__type_support.h
[2.239s] -- Up-to-date: /home/meric/f1_ws/install/vesc_msgs/include/vesc_msgs/vesc_msgs/msg/detail/vesc_imu_stamped__struct.h
[2.240s] -- Up-to-date: /home/meric/f1_ws/install/vesc_msgs/include/vesc_msgs/vesc_msgs/msg/detail/vesc_imu_stamped__functions.h
[2.240s] -- Up-to-date: /home/meric/f1_ws/install/vesc_msgs/include/vesc_msgs/vesc_msgs/msg/detail/vesc_imu_stamped__type_support.h
[2.241s] -- Up-to-date: /home/meric/f1_ws/install/vesc_msgs/include/vesc_msgs/vesc_msgs/msg/detail/vesc_imu__functions.c
[2.242s] -- Up-to-date: /home/meric/f1_ws/install/vesc_msgs/include/vesc_msgs/vesc_msgs/msg/detail/vesc_imu__struct.h
[2.242s] -- Up-to-date: /home/meric/f1_ws/install/vesc_msgs/include/vesc_msgs/vesc_msgs/msg/detail/vesc_state__struct.h
[2.243s] -- Up-to-date: /home/meric/f1_ws/install/vesc_msgs/include/vesc_msgs/vesc_msgs/msg/detail/vesc_state_stamped__struct.h
[2.243s] -- Up-to-date: /home/meric/f1_ws/install/vesc_msgs/include/vesc_msgs/vesc_msgs/msg/detail/vesc_state_stamped__functions.h
[2.244s] -- Up-to-date: /home/meric/f1_ws/install/vesc_msgs/include/vesc_msgs/vesc_msgs/msg/detail/vesc_state__type_support.h
[2.244s] -- Up-to-date: /home/meric/f1_ws/install/vesc_msgs/include/vesc_msgs/vesc_msgs/msg/detail/vesc_state__functions.c
[2.247s] -- Up-to-date: /home/meric/f1_ws/install/vesc_msgs/include/vesc_msgs/vesc_msgs/msg/detail/vesc_imu__functions.h
[2.248s] -- Up-to-date: /home/meric/f1_ws/install/vesc_msgs/include/vesc_msgs/vesc_msgs/msg/detail/vesc_state_stamped__functions.c
[2.248s] -- Up-to-date: /home/meric/f1_ws/install/vesc_msgs/include/vesc_msgs/vesc_msgs/msg/detail/vesc_imu_stamped__functions.c
[2.248s] -- Up-to-date: /home/meric/f1_ws/install/vesc_msgs/include/vesc_msgs/vesc_msgs/msg/detail/vesc_imu__type_support.h
[2.249s] -- Up-to-date: /home/meric/f1_ws/install/vesc_msgs/include/vesc_msgs/vesc_msgs/msg/detail/vesc_state__functions.h
[2.249s] -- Up-to-date: /home/meric/f1_ws/install/vesc_msgs/include/vesc_msgs/vesc_msgs/msg/vesc_state_stamped.h
[2.249s] -- Up-to-date: /home/meric/f1_ws/install/vesc_msgs/include/vesc_msgs/vesc_msgs/msg/vesc_state.h
[2.253s] -- Up-to-date: /home/meric/f1_ws/install/vesc_msgs/include/vesc_msgs/vesc_msgs/msg/vesc_imu.h
[2.253s] -- Up-to-date: /home/meric/f1_ws/install/vesc_msgs/include/vesc_msgs/vesc_msgs/msg/vesc_imu_stamped.h
[2.253s] -- Up-to-date: /home/meric/f1_ws/install/vesc_msgs/share/vesc_msgs/environment/library_path.sh
[2.253s] -- Up-to-date: /home/meric/f1_ws/install/vesc_msgs/share/vesc_msgs/environment/library_path.dsv
[2.253s] -- Up-to-date: /home/meric/f1_ws/install/vesc_msgs/lib/libvesc_msgs__rosidl_generator_c.so
[2.254s] -- Up-to-date: /home/meric/f1_ws/install/vesc_msgs/include/vesc_msgs/vesc_msgs
[2.254s] -- Up-to-date: /home/meric/f1_ws/install/vesc_msgs/include/vesc_msgs/vesc_msgs/msg
[2.254s] -- Up-to-date: /home/meric/f1_ws/install/vesc_msgs/include/vesc_msgs/vesc_msgs/msg/detail
[2.254s] -- Up-to-date: /home/meric/f1_ws/install/vesc_msgs/include/vesc_msgs/vesc_msgs/msg/detail/vesc_imu__rosidl_typesupport_fastrtps_c.h
[2.254s] -- Up-to-date: /home/meric/f1_ws/install/vesc_msgs/include/vesc_msgs/vesc_msgs/msg/detail/vesc_state_stamped__rosidl_typesupport_fastrtps_c.h
[2.254s] -- Up-to-date: /home/meric/f1_ws/install/vesc_msgs/include/vesc_msgs/vesc_msgs/msg/detail/vesc_imu_stamped__rosidl_typesupport_fastrtps_c.h
[2.254s] -- Up-to-date: /home/meric/f1_ws/install/vesc_msgs/include/vesc_msgs/vesc_msgs/msg/detail/vesc_state__rosidl_typesupport_fastrtps_c.h
[2.254s] -- Up-to-date: /home/meric/f1_ws/install/vesc_msgs/include/vesc_msgs/vesc_msgs/msg/rosidl_typesupport_fastrtps_c__visibility_control.h
[2.255s] -- Up-to-date: /home/meric/f1_ws/install/vesc_msgs/lib/libvesc_msgs__rosidl_typesupport_fastrtps_c.so
[2.255s] -- Up-to-date: /home/meric/f1_ws/install/vesc_msgs/include/vesc_msgs/vesc_msgs
[2.255s] -- Up-to-date: /home/meric/f1_ws/install/vesc_msgs/include/vesc_msgs/vesc_msgs/msg
[2.255s] -- Up-to-date: /home/meric/f1_ws/install/vesc_msgs/include/vesc_msgs/vesc_msgs/msg/rosidl_typesupport_introspection_c__visibility_control.h
[2.255s] -- Up-to-date: /home/meric/f1_ws/install/vesc_msgs/include/vesc_msgs/vesc_msgs/msg/detail
[2.255s] -- Up-to-date: /home/meric/f1_ws/install/vesc_msgs/include/vesc_msgs/vesc_msgs/msg/detail/vesc_state_stamped__rosidl_typesupport_introspection_c.h
[2.255s] -- Up-to-date: /home/meric/f1_ws/install/vesc_msgs/include/vesc_msgs/vesc_msgs/msg/detail/vesc_imu_stamped__type_support.c
[2.256s] -- Up-to-date: /home/meric/f1_ws/install/vesc_msgs/include/vesc_msgs/vesc_msgs/msg/detail/vesc_imu__type_support.c
[2.256s] -- Up-to-date: /home/meric/f1_ws/install/vesc_msgs/include/vesc_msgs/vesc_msgs/msg/detail/vesc_state_stamped__type_support.c
[2.256s] -- Up-to-date: /home/meric/f1_ws/install/vesc_msgs/include/vesc_msgs/vesc_msgs/msg/detail/vesc_imu_stamped__rosidl_typesupport_introspection_c.h
[2.256s] -- Up-to-date: /home/meric/f1_ws/install/vesc_msgs/include/vesc_msgs/vesc_msgs/msg/detail/vesc_state__rosidl_typesupport_introspection_c.h
[2.256s] -- Up-to-date: /home/meric/f1_ws/install/vesc_msgs/include/vesc_msgs/vesc_msgs/msg/detail/vesc_state__type_support.c
[2.256s] -- Up-to-date: /home/meric/f1_ws/install/vesc_msgs/include/vesc_msgs/vesc_msgs/msg/detail/vesc_imu__rosidl_typesupport_introspection_c.h
[2.256s] -- Up-to-date: /home/meric/f1_ws/install/vesc_msgs/lib/libvesc_msgs__rosidl_typesupport_introspection_c.so
[2.256s] -- Up-to-date: /home/meric/f1_ws/install/vesc_msgs/lib/libvesc_msgs__rosidl_typesupport_c.so
[2.256s] -- Up-to-date: /home/meric/f1_ws/install/vesc_msgs/include/vesc_msgs/vesc_msgs
[2.257s] -- Up-to-date: /home/meric/f1_ws/install/vesc_msgs/include/vesc_msgs/vesc_msgs/msg
[2.257s] -- Up-to-date: /home/meric/f1_ws/install/vesc_msgs/include/vesc_msgs/vesc_msgs/msg/vesc_state_stamped.hpp
[2.257s] -- Up-to-date: /home/meric/f1_ws/install/vesc_msgs/include/vesc_msgs/vesc_msgs/msg/vesc_imu_stamped.hpp
[2.257s] -- Up-to-date: /home/meric/f1_ws/install/vesc_msgs/include/vesc_msgs/vesc_msgs/msg/detail
[2.257s] -- Up-to-date: /home/meric/f1_ws/install/vesc_msgs/include/vesc_msgs/vesc_msgs/msg/detail/vesc_imu_stamped__struct.hpp
[2.257s] -- Up-to-date: /home/meric/f1_ws/install/vesc_msgs/include/vesc_msgs/vesc_msgs/msg/detail/vesc_imu__builder.hpp
[2.257s] -- Up-to-date: /home/meric/f1_ws/install/vesc_msgs/include/vesc_msgs/vesc_msgs/msg/detail/vesc_state__struct.hpp
[2.257s] -- Up-to-date: /home/meric/f1_ws/install/vesc_msgs/include/vesc_msgs/vesc_msgs/msg/detail/vesc_imu_stamped__traits.hpp
[2.257s] -- Up-to-date: /home/meric/f1_ws/install/vesc_msgs/include/vesc_msgs/vesc_msgs/msg/detail/vesc_state_stamped__traits.hpp
[2.258s] -- Up-to-date: /home/meric/f1_ws/install/vesc_msgs/include/vesc_msgs/vesc_msgs/msg/detail/vesc_imu__traits.hpp
[2.258s] -- Up-to-date: /home/meric/f1_ws/install/vesc_msgs/include/vesc_msgs/vesc_msgs/msg/detail/vesc_state__builder.hpp
[2.258s] -- Up-to-date: /home/meric/f1_ws/install/vesc_msgs/include/vesc_msgs/vesc_msgs/msg/detail/vesc_state_stamped__struct.hpp
[2.258s] -- Up-to-date: /home/meric/f1_ws/install/vesc_msgs/include/vesc_msgs/vesc_msgs/msg/detail/vesc_state__traits.hpp
[2.258s] -- Up-to-date: /home/meric/f1_ws/install/vesc_msgs/include/vesc_msgs/vesc_msgs/msg/detail/vesc_imu__struct.hpp
[2.258s] -- Up-to-date: /home/meric/f1_ws/install/vesc_msgs/include/vesc_msgs/vesc_msgs/msg/detail/vesc_imu_stamped__builder.hpp
[2.258s] -- Up-to-date: /home/meric/f1_ws/install/vesc_msgs/include/vesc_msgs/vesc_msgs/msg/detail/vesc_state_stamped__builder.hpp
[2.258s] -- Up-to-date: /home/meric/f1_ws/install/vesc_msgs/include/vesc_msgs/vesc_msgs/msg/vesc_state.hpp
[2.259s] -- Up-to-date: /home/meric/f1_ws/install/vesc_msgs/include/vesc_msgs/vesc_msgs/msg/vesc_imu.hpp
[2.259s] -- Up-to-date: /home/meric/f1_ws/install/vesc_msgs/include/vesc_msgs/vesc_msgs
[2.259s] -- Up-to-date: /home/meric/f1_ws/install/vesc_msgs/include/vesc_msgs/vesc_msgs/msg
[2.259s] -- Up-to-date: /home/meric/f1_ws/install/vesc_msgs/include/vesc_msgs/vesc_msgs/msg/rosidl_typesupport_fastrtps_cpp__visibility_control.h
[2.259s] -- Up-to-date: /home/meric/f1_ws/install/vesc_msgs/include/vesc_msgs/vesc_msgs/msg/detail
[2.259s] -- Up-to-date: /home/meric/f1_ws/install/vesc_msgs/include/vesc_msgs/vesc_msgs/msg/detail/vesc_imu_stamped__rosidl_typesupport_fastrtps_cpp.hpp
[2.259s] -- Up-to-date: /home/meric/f1_ws/install/vesc_msgs/include/vesc_msgs/vesc_msgs/msg/detail/vesc_state_stamped__rosidl_typesupport_fastrtps_cpp.hpp
[2.259s] -- Up-to-date: /home/meric/f1_ws/install/vesc_msgs/include/vesc_msgs/vesc_msgs/msg/detail/dds_fastrtps
[2.259s] -- Up-to-date: /home/meric/f1_ws/install/vesc_msgs/include/vesc_msgs/vesc_msgs/msg/detail/vesc_state__rosidl_typesupport_fastrtps_cpp.hpp
[2.260s] -- Up-to-date: /home/meric/f1_ws/install/vesc_msgs/include/vesc_msgs/vesc_msgs/msg/detail/vesc_imu__rosidl_typesupport_fastrtps_cpp.hpp
[2.260s] -- Up-to-date: /home/meric/f1_ws/install/vesc_msgs/lib/libvesc_msgs__rosidl_typesupport_fastrtps_cpp.so
[2.260s] -- Up-to-date: /home/meric/f1_ws/install/vesc_msgs/include/vesc_msgs/vesc_msgs
[2.260s] -- Up-to-date: /home/meric/f1_ws/install/vesc_msgs/include/vesc_msgs/vesc_msgs/msg
[2.260s] -- Up-to-date: /home/meric/f1_ws/install/vesc_msgs/include/vesc_msgs/vesc_msgs/msg/detail
[2.260s] -- Up-to-date: /home/meric/f1_ws/install/vesc_msgs/include/vesc_msgs/vesc_msgs/msg/detail/vesc_imu__type_support.cpp
[2.260s] -- Up-to-date: /home/meric/f1_ws/install/vesc_msgs/include/vesc_msgs/vesc_msgs/msg/detail/vesc_state__rosidl_typesupport_introspection_cpp.hpp
[2.260s] -- Up-to-date: /home/meric/f1_ws/install/vesc_msgs/include/vesc_msgs/vesc_msgs/msg/detail/vesc_state__type_support.cpp
[2.261s] -- Up-to-date: /home/meric/f1_ws/install/vesc_msgs/include/vesc_msgs/vesc_msgs/msg/detail/vesc_imu_stamped__type_support.cpp
[2.261s] -- Up-to-date: /home/meric/f1_ws/install/vesc_msgs/include/vesc_msgs/vesc_msgs/msg/detail/vesc_state_stamped__rosidl_typesupport_introspection_cpp.hpp
[2.261s] -- Up-to-date: /home/meric/f1_ws/install/vesc_msgs/include/vesc_msgs/vesc_msgs/msg/detail/vesc_state_stamped__type_support.cpp
[2.261s] -- Up-to-date: /home/meric/f1_ws/install/vesc_msgs/include/vesc_msgs/vesc_msgs/msg/detail/vesc_imu_stamped__rosidl_typesupport_introspection_cpp.hpp
[2.261s] -- Up-to-date: /home/meric/f1_ws/install/vesc_msgs/include/vesc_msgs/vesc_msgs/msg/detail/vesc_imu__rosidl_typesupport_introspection_cpp.hpp
[2.261s] -- Up-to-date: /home/meric/f1_ws/install/vesc_msgs/lib/libvesc_msgs__rosidl_typesupport_introspection_cpp.so
[2.261s] -- Up-to-date: /home/meric/f1_ws/install/vesc_msgs/lib/libvesc_msgs__rosidl_typesupport_cpp.so
[2.261s] -- Up-to-date: /home/meric/f1_ws/install/vesc_msgs/share/vesc_msgs/environment/pythonpath.sh
[2.261s] -- Up-to-date: /home/meric/f1_ws/install/vesc_msgs/share/vesc_msgs/environment/pythonpath.dsv
[2.262s] -- Up-to-date: /home/meric/f1_ws/install/vesc_msgs/local/lib/python3.10/dist-packages/vesc_msgs-1.2.0-py3.10.egg-info
[2.262s] -- Installing: /home/meric/f1_ws/install/vesc_msgs/local/lib/python3.10/dist-packages/vesc_msgs-1.2.0-py3.10.egg-info/dependency_links.txt
[2.262s] -- Installing: /home/meric/f1_ws/install/vesc_msgs/local/lib/python3.10/dist-packages/vesc_msgs-1.2.0-py3.10.egg-info/top_level.txt
[2.262s] -- Installing: /home/meric/f1_ws/install/vesc_msgs/local/lib/python3.10/dist-packages/vesc_msgs-1.2.0-py3.10.egg-info/PKG-INFO
[2.262s] -- Installing: /home/meric/f1_ws/install/vesc_msgs/local/lib/python3.10/dist-packages/vesc_msgs-1.2.0-py3.10.egg-info/SOURCES.txt
[2.262s] -- Up-to-date: /home/meric/f1_ws/install/vesc_msgs/local/lib/python3.10/dist-packages/vesc_msgs
[2.262s] -- Up-to-date: /home/meric/f1_ws/install/vesc_msgs/local/lib/python3.10/dist-packages/vesc_msgs/vesc_msgs_s__rosidl_typesupport_fastrtps_c.cpython-310-aarch64-linux-gnu.so
[2.262s] -- Up-to-date: /home/meric/f1_ws/install/vesc_msgs/local/lib/python3.10/dist-packages/vesc_msgs/_vesc_msgs_s.ep.rosidl_typesupport_introspection_c.c
[2.262s] -- Up-to-date: /home/meric/f1_ws/install/vesc_msgs/local/lib/python3.10/dist-packages/vesc_msgs/msg
[2.263s] -- Up-to-date: /home/meric/f1_ws/install/vesc_msgs/local/lib/python3.10/dist-packages/vesc_msgs/msg/_vesc_state_stamped.py
[2.263s] -- Up-to-date: /home/meric/f1_ws/install/vesc_msgs/local/lib/python3.10/dist-packages/vesc_msgs/msg/_vesc_imu_stamped.py
[2.263s] -- Up-to-date: /home/meric/f1_ws/install/vesc_msgs/local/lib/python3.10/dist-packages/vesc_msgs/msg/_vesc_imu.py
[2.263s] -- Up-to-date: /home/meric/f1_ws/install/vesc_msgs/local/lib/python3.10/dist-packages/vesc_msgs/msg/__init__.py
[2.263s] -- Up-to-date: /home/meric/f1_ws/install/vesc_msgs/local/lib/python3.10/dist-packages/vesc_msgs/msg/_vesc_state.py
[2.263s] -- Up-to-date: /home/meric/f1_ws/install/vesc_msgs/local/lib/python3.10/dist-packages/vesc_msgs/msg/_vesc_state_stamped_s.c
[2.263s] -- Up-to-date: /home/meric/f1_ws/install/vesc_msgs/local/lib/python3.10/dist-packages/vesc_msgs/msg/_vesc_imu_stamped_s.c
[2.263s] -- Up-to-date: /home/meric/f1_ws/install/vesc_msgs/local/lib/python3.10/dist-packages/vesc_msgs/msg/_vesc_imu_s.c
[2.264s] -- Up-to-date: /home/meric/f1_ws/install/vesc_msgs/local/lib/python3.10/dist-packages/vesc_msgs/msg/_vesc_state_s.c
[2.264s] -- Up-to-date: /home/meric/f1_ws/install/vesc_msgs/local/lib/python3.10/dist-packages/vesc_msgs/__init__.py
[2.264s] -- Up-to-date: /home/meric/f1_ws/install/vesc_msgs/local/lib/python3.10/dist-packages/vesc_msgs/libvesc_msgs__rosidl_generator_py.so
[2.264s] -- Up-to-date: /home/meric/f1_ws/install/vesc_msgs/local/lib/python3.10/dist-packages/vesc_msgs/_vesc_msgs_s.ep.rosidl_typesupport_fastrtps_c.c
[2.264s] -- Up-to-date: /home/meric/f1_ws/install/vesc_msgs/local/lib/python3.10/dist-packages/vesc_msgs/vesc_msgs_s__rosidl_typesupport_c.cpython-310-aarch64-linux-gnu.so
[2.264s] -- Up-to-date: /home/meric/f1_ws/install/vesc_msgs/local/lib/python3.10/dist-packages/vesc_msgs/vesc_msgs_s__rosidl_typesupport_introspection_c.cpython-310-aarch64-linux-gnu.so
[2.264s] -- Up-to-date: /home/meric/f1_ws/install/vesc_msgs/local/lib/python3.10/dist-packages/vesc_msgs/_vesc_msgs_s.ep.rosidl_typesupport_c.c
[2.312s] Listing '/home/meric/f1_ws/install/vesc_msgs/local/lib/python3.10/dist-packages/vesc_msgs'...
[2.312s] Listing '/home/meric/f1_ws/install/vesc_msgs/local/lib/python3.10/dist-packages/vesc_msgs/msg'...
[2.324s] -- Up-to-date: /home/meric/f1_ws/install/vesc_msgs/local/lib/python3.10/dist-packages/vesc_msgs/vesc_msgs_s__rosidl_typesupport_fastrtps_c.cpython-310-aarch64-linux-gnu.so
[2.324s] -- Up-to-date: /home/meric/f1_ws/install/vesc_msgs/local/lib/python3.10/dist-packages/vesc_msgs/vesc_msgs_s__rosidl_typesupport_introspection_c.cpython-310-aarch64-linux-gnu.so
[2.324s] -- Up-to-date: /home/meric/f1_ws/install/vesc_msgs/local/lib/python3.10/dist-packages/vesc_msgs/vesc_msgs_s__rosidl_typesupport_c.cpython-310-aarch64-linux-gnu.so
[2.325s] -- Up-to-date: /home/meric/f1_ws/install/vesc_msgs/lib/libvesc_msgs__rosidl_generator_py.so
[2.325s] -- Up-to-date: /home/meric/f1_ws/install/vesc_msgs/share/vesc_msgs/msg/VescState.idl
[2.325s] -- Up-to-date: /home/meric/f1_ws/install/vesc_msgs/share/vesc_msgs/msg/VescStateStamped.idl
[2.326s] -- Up-to-date: /home/meric/f1_ws/install/vesc_msgs/share/vesc_msgs/msg/VescImu.idl
[2.326s] -- Up-to-date: /home/meric/f1_ws/install/vesc_msgs/share/vesc_msgs/msg/VescImuStamped.idl
[2.326s] -- Up-to-date: /home/meric/f1_ws/install/vesc_msgs/share/vesc_msgs/msg/VescState.msg
[2.326s] -- Up-to-date: /home/meric/f1_ws/install/vesc_msgs/share/vesc_msgs/msg/VescStateStamped.msg
[2.326s] -- Up-to-date: /home/meric/f1_ws/install/vesc_msgs/share/vesc_msgs/msg/VescImu.msg
[2.327s] -- Up-to-date: /home/meric/f1_ws/install/vesc_msgs/share/vesc_msgs/msg/VescImuStamped.msg
[2.327s] -- Up-to-date: /home/meric/f1_ws/install/vesc_msgs/share/ament_index/resource_index/package_run_dependencies/vesc_msgs
[2.327s] -- Up-to-date: /home/meric/f1_ws/install/vesc_msgs/share/ament_index/resource_index/parent_prefix_path/vesc_msgs
[2.327s] -- Up-to-date: /home/meric/f1_ws/install/vesc_msgs/share/vesc_msgs/environment/ament_prefix_path.sh
[2.327s] -- Up-to-date: /home/meric/f1_ws/install/vesc_msgs/share/vesc_msgs/environment/ament_prefix_path.dsv
[2.327s] -- Up-to-date: /home/meric/f1_ws/install/vesc_msgs/share/vesc_msgs/environment/path.sh
[2.327s] -- Up-to-date: /home/meric/f1_ws/install/vesc_msgs/share/vesc_msgs/environment/path.dsv
[2.328s] -- Up-to-date: /home/meric/f1_ws/install/vesc_msgs/share/vesc_msgs/local_setup.bash
[2.328s] -- Up-to-date: /home/meric/f1_ws/install/vesc_msgs/share/vesc_msgs/local_setup.sh
[2.328s] -- Up-to-date: /home/meric/f1_ws/install/vesc_msgs/share/vesc_msgs/local_setup.zsh
[2.328s] -- Up-to-date: /home/meric/f1_ws/install/vesc_msgs/share/vesc_msgs/local_setup.dsv
[2.328s] -- Installing: /home/meric/f1_ws/install/vesc_msgs/share/vesc_msgs/package.dsv
[2.329s] -- Up-to-date: /home/meric/f1_ws/install/vesc_msgs/share/ament_index/resource_index/packages/vesc_msgs
[2.329s] -- Up-to-date: /home/meric/f1_ws/install/vesc_msgs/share/vesc_msgs/cmake/export_vesc_msgs__rosidl_generator_cExport.cmake
[2.329s] -- Up-to-date: /home/meric/f1_ws/install/vesc_msgs/share/vesc_msgs/cmake/export_vesc_msgs__rosidl_generator_cExport-noconfig.cmake
[2.330s] -- Up-to-date: /home/meric/f1_ws/install/vesc_msgs/share/vesc_msgs/cmake/export_vesc_msgs__rosidl_typesupport_fastrtps_cExport.cmake
[2.330s] -- Up-to-date: /home/meric/f1_ws/install/vesc_msgs/share/vesc_msgs/cmake/export_vesc_msgs__rosidl_typesupport_fastrtps_cExport-noconfig.cmake
[2.330s] -- Up-to-date: /home/meric/f1_ws/install/vesc_msgs/share/vesc_msgs/cmake/vesc_msgs__rosidl_typesupport_introspection_cExport.cmake
[2.330s] -- Up-to-date: /home/meric/f1_ws/install/vesc_msgs/share/vesc_msgs/cmake/vesc_msgs__rosidl_typesupport_introspection_cExport-noconfig.cmake
[2.331s] -- Up-to-date: /home/meric/f1_ws/install/vesc_msgs/share/vesc_msgs/cmake/vesc_msgs__rosidl_typesupport_cExport.cmake
[2.331s] -- Up-to-date: /home/meric/f1_ws/install/vesc_msgs/share/vesc_msgs/cmake/vesc_msgs__rosidl_typesupport_cExport-noconfig.cmake
[2.331s] -- Up-to-date: /home/meric/f1_ws/install/vesc_msgs/share/vesc_msgs/cmake/export_vesc_msgs__rosidl_generator_cppExport.cmake
[2.331s] -- Up-to-date: /home/meric/f1_ws/install/vesc_msgs/share/vesc_msgs/cmake/export_vesc_msgs__rosidl_typesupport_fastrtps_cppExport.cmake
[2.332s] -- Up-to-date: /home/meric/f1_ws/install/vesc_msgs/share/vesc_msgs/cmake/export_vesc_msgs__rosidl_typesupport_fastrtps_cppExport-noconfig.cmake
[2.332s] -- Up-to-date: /home/meric/f1_ws/install/vesc_msgs/share/vesc_msgs/cmake/vesc_msgs__rosidl_typesupport_introspection_cppExport.cmake
[2.332s] -- Up-to-date: /home/meric/f1_ws/install/vesc_msgs/share/vesc_msgs/cmake/vesc_msgs__rosidl_typesupport_introspection_cppExport-noconfig.cmake
[2.332s] -- Up-to-date: /home/meric/f1_ws/install/vesc_msgs/share/vesc_msgs/cmake/vesc_msgs__rosidl_typesupport_cppExport.cmake
[2.332s] -- Up-to-date: /home/meric/f1_ws/install/vesc_msgs/share/vesc_msgs/cmake/vesc_msgs__rosidl_typesupport_cppExport-noconfig.cmake
[2.332s] -- Up-to-date: /home/meric/f1_ws/install/vesc_msgs/share/vesc_msgs/cmake/export_vesc_msgs__rosidl_generator_pyExport.cmake
[2.332s] -- Up-to-date: /home/meric/f1_ws/install/vesc_msgs/share/vesc_msgs/cmake/export_vesc_msgs__rosidl_generator_pyExport-noconfig.cmake
[2.333s] -- Up-to-date: /home/meric/f1_ws/install/vesc_msgs/share/vesc_msgs/cmake/rosidl_cmake-extras.cmake
[2.333s] -- Up-to-date: /home/meric/f1_ws/install/vesc_msgs/share/vesc_msgs/cmake/ament_cmake_export_dependencies-extras.cmake
[2.333s] -- Up-to-date: /home/meric/f1_ws/install/vesc_msgs/share/vesc_msgs/cmake/ament_cmake_export_include_directories-extras.cmake
[2.333s] -- Up-to-date: /home/meric/f1_ws/install/vesc_msgs/share/vesc_msgs/cmake/ament_cmake_export_libraries-extras.cmake
[2.333s] -- Up-to-date: /home/meric/f1_ws/install/vesc_msgs/share/vesc_msgs/cmake/ament_cmake_export_targets-extras.cmake
[2.333s] -- Up-to-date: /home/meric/f1_ws/install/vesc_msgs/share/vesc_msgs/cmake/rosidl_cmake_export_typesupport_targets-extras.cmake
[2.334s] -- Up-to-date: /home/meric/f1_ws/install/vesc_msgs/share/vesc_msgs/cmake/rosidl_cmake_export_typesupport_libraries-extras.cmake
[2.334s] -- Up-to-date: /home/meric/f1_ws/install/vesc_msgs/share/vesc_msgs/cmake/vesc_msgsConfig.cmake
[2.334s] -- Up-to-date: /home/meric/f1_ws/install/vesc_msgs/share/vesc_msgs/cmake/vesc_msgsConfig-version.cmake
[2.334s] -- Up-to-date: /home/meric/f1_ws/install/vesc_msgs/share/vesc_msgs/package.xml
[2.343s] Invoked command in '/home/meric/f1_ws/build/vesc_msgs' returned '0': CMAKE_PREFIX_PATH=/opt/ros/humble PS1=(venv) \[\e]0;\u@\h: \w\a\]${debian_chroot:+($debian_chroot)}\[\033[01;32m\]\u@\h\[\033[00m\]:\[\033[01;34m\]\w\[\033[00m\]\$ VIRTUAL_ENV_PROMPT=(venv) /usr/bin/cmake --install /home/meric/f1_ws/build/vesc_msgs
