[35m[1mConsolidate compiler generated dependencies of target vesc_msgs__rosidl_generator_c[0m
[  1%] Built target vesc_msgs__cpp
[ 12%] Built target vesc_msgs__rosidl_generator_c
[ 12%] Built target ament_cmake_python_copy_vesc_msgs
[35m[1mConsolidate compiler generated dependencies of target vesc_msgs__rosidl_typesupport_cpp[0m
[35m[1mConsolidate compiler generated dependencies of target vesc_msgs__rosidl_typesupport_introspection_cpp[0m
[35m[1mConsolidate compiler generated dependencies of target vesc_msgs__rosidl_typesupport_fastrtps_cpp[0m
[35m[1mConsolidate compiler generated dependencies of target vesc_msgs__rosidl_typesupport_c[0m
[35m[1mConsolidate compiler generated dependencies of target vesc_msgs__rosidl_typesupport_fastrtps_c[0m
[ 23%] Built target vesc_msgs__rosidl_typesupport_introspection_cpp
[35m[1mConsolidate compiler generated dependencies of target vesc_msgs__rosidl_typesupport_introspection_c[0m
[ 34%] Built target vesc_msgs__rosidl_typesupport_fastrtps_cpp
[ 45%] Built target vesc_msgs__rosidl_typesupport_c
[ 56%] Built target vesc_msgs__rosidl_typesupport_fastrtps_c
[ 67%] Built target vesc_msgs__rosidl_typesupport_cpp
[ 78%] Built target vesc_msgs__rosidl_typesupport_introspection_c
[ 78%] Built target vesc_msgs
[ 80%] Built target vesc_msgs__py
[35m[1mConsolidate compiler generated dependencies of target vesc_msgs__rosidl_generator_py[0m
[ 89%] Built target vesc_msgs__rosidl_generator_py
[35m[1mConsolidate compiler generated dependencies of target vesc_msgs__rosidl_typesupport_introspection_c__pyext[0m
[35m[1mConsolidate compiler generated dependencies of target vesc_msgs__rosidl_typesupport_fastrtps_c__pyext[0m
[35m[1mConsolidate compiler generated dependencies of target vesc_msgs__rosidl_typesupport_c__pyext[0m
[ 92%] Built target vesc_msgs__rosidl_typesupport_introspection_c__pyext
[ 96%] Built target vesc_msgs__rosidl_typesupport_fastrtps_c__pyext
[100%] Built target vesc_msgs__rosidl_typesupport_c__pyext
running egg_info
writing vesc_msgs.egg-info/PKG-INFO
writing dependency_links to vesc_msgs.egg-info/dependency_links.txt
writing top-level names to vesc_msgs.egg-info/top_level.txt
reading manifest file 'vesc_msgs.egg-info/SOURCES.txt'
writing manifest file 'vesc_msgs.egg-info/SOURCES.txt'
[100%] Built target ament_cmake_python_build_vesc_msgs_egg
-- Install configuration: ""
-- Installing: /home/meric/f1_ws/src/install/vesc_msgs/share/ament_index/resource_index/rosidl_interfaces/vesc_msgs
-- Installing: /home/meric/f1_ws/src/install/vesc_msgs/include/vesc_msgs/vesc_msgs
-- Installing: /home/meric/f1_ws/src/install/vesc_msgs/include/vesc_msgs/vesc_msgs/msg
-- Installing: /home/meric/f1_ws/src/install/vesc_msgs/include/vesc_msgs/vesc_msgs/msg/rosidl_generator_c__visibility_control.h
-- Installing: /home/meric/f1_ws/src/install/vesc_msgs/include/vesc_msgs/vesc_msgs/msg/detail
-- Installing: /home/meric/f1_ws/src/install/vesc_msgs/include/vesc_msgs/vesc_msgs/msg/detail/vesc_state_stamped__type_support.h
-- Installing: /home/meric/f1_ws/src/install/vesc_msgs/include/vesc_msgs/vesc_msgs/msg/detail/vesc_imu_stamped__struct.h
-- Installing: /home/meric/f1_ws/src/install/vesc_msgs/include/vesc_msgs/vesc_msgs/msg/detail/vesc_imu_stamped__functions.h
-- Installing: /home/meric/f1_ws/src/install/vesc_msgs/include/vesc_msgs/vesc_msgs/msg/detail/vesc_imu_stamped__type_support.h
-- Installing: /home/meric/f1_ws/src/install/vesc_msgs/include/vesc_msgs/vesc_msgs/msg/detail/vesc_imu__functions.c
-- Installing: /home/meric/f1_ws/src/install/vesc_msgs/include/vesc_msgs/vesc_msgs/msg/detail/vesc_imu__struct.h
-- Installing: /home/meric/f1_ws/src/install/vesc_msgs/include/vesc_msgs/vesc_msgs/msg/detail/vesc_state__struct.h
-- Installing: /home/meric/f1_ws/src/install/vesc_msgs/include/vesc_msgs/vesc_msgs/msg/detail/vesc_state_stamped__struct.h
-- Installing: /home/meric/f1_ws/src/install/vesc_msgs/include/vesc_msgs/vesc_msgs/msg/detail/vesc_state_stamped__functions.h
-- Installing: /home/meric/f1_ws/src/install/vesc_msgs/include/vesc_msgs/vesc_msgs/msg/detail/vesc_state__type_support.h
-- Installing: /home/meric/f1_ws/src/install/vesc_msgs/include/vesc_msgs/vesc_msgs/msg/detail/vesc_state__functions.c
-- Installing: /home/meric/f1_ws/src/install/vesc_msgs/include/vesc_msgs/vesc_msgs/msg/detail/vesc_imu__functions.h
-- Installing: /home/meric/f1_ws/src/install/vesc_msgs/include/vesc_msgs/vesc_msgs/msg/detail/vesc_state_stamped__functions.c
-- Installing: /home/meric/f1_ws/src/install/vesc_msgs/include/vesc_msgs/vesc_msgs/msg/detail/vesc_imu_stamped__functions.c
-- Installing: /home/meric/f1_ws/src/install/vesc_msgs/include/vesc_msgs/vesc_msgs/msg/detail/vesc_imu__type_support.h
-- Installing: /home/meric/f1_ws/src/install/vesc_msgs/include/vesc_msgs/vesc_msgs/msg/detail/vesc_state__functions.h
-- Installing: /home/meric/f1_ws/src/install/vesc_msgs/include/vesc_msgs/vesc_msgs/msg/vesc_state_stamped.h
-- Installing: /home/meric/f1_ws/src/install/vesc_msgs/include/vesc_msgs/vesc_msgs/msg/vesc_state.h
-- Installing: /home/meric/f1_ws/src/install/vesc_msgs/include/vesc_msgs/vesc_msgs/msg/vesc_imu.h
-- Installing: /home/meric/f1_ws/src/install/vesc_msgs/include/vesc_msgs/vesc_msgs/msg/vesc_imu_stamped.h
-- Installing: /home/meric/f1_ws/src/install/vesc_msgs/share/vesc_msgs/environment/library_path.sh
-- Installing: /home/meric/f1_ws/src/install/vesc_msgs/share/vesc_msgs/environment/library_path.dsv
-- Installing: /home/meric/f1_ws/src/install/vesc_msgs/lib/libvesc_msgs__rosidl_generator_c.so
-- Set runtime path of "/home/meric/f1_ws/src/install/vesc_msgs/lib/libvesc_msgs__rosidl_generator_c.so" to ""
-- Up-to-date: /home/meric/f1_ws/src/install/vesc_msgs/include/vesc_msgs/vesc_msgs
-- Up-to-date: /home/meric/f1_ws/src/install/vesc_msgs/include/vesc_msgs/vesc_msgs/msg
-- Up-to-date: /home/meric/f1_ws/src/install/vesc_msgs/include/vesc_msgs/vesc_msgs/msg/detail
-- Installing: /home/meric/f1_ws/src/install/vesc_msgs/include/vesc_msgs/vesc_msgs/msg/detail/vesc_imu__rosidl_typesupport_fastrtps_c.h
-- Installing: /home/meric/f1_ws/src/install/vesc_msgs/include/vesc_msgs/vesc_msgs/msg/detail/vesc_state_stamped__rosidl_typesupport_fastrtps_c.h
-- Installing: /home/meric/f1_ws/src/install/vesc_msgs/include/vesc_msgs/vesc_msgs/msg/detail/vesc_imu_stamped__rosidl_typesupport_fastrtps_c.h
-- Installing: /home/meric/f1_ws/src/install/vesc_msgs/include/vesc_msgs/vesc_msgs/msg/detail/vesc_state__rosidl_typesupport_fastrtps_c.h
-- Installing: /home/meric/f1_ws/src/install/vesc_msgs/include/vesc_msgs/vesc_msgs/msg/rosidl_typesupport_fastrtps_c__visibility_control.h
-- Installing: /home/meric/f1_ws/src/install/vesc_msgs/lib/libvesc_msgs__rosidl_typesupport_fastrtps_c.so
-- Set runtime path of "/home/meric/f1_ws/src/install/vesc_msgs/lib/libvesc_msgs__rosidl_typesupport_fastrtps_c.so" to ""
-- Up-to-date: /home/meric/f1_ws/src/install/vesc_msgs/include/vesc_msgs/vesc_msgs
-- Up-to-date: /home/meric/f1_ws/src/install/vesc_msgs/include/vesc_msgs/vesc_msgs/msg
-- Installing: /home/meric/f1_ws/src/install/vesc_msgs/include/vesc_msgs/vesc_msgs/msg/rosidl_typesupport_introspection_c__visibility_control.h
-- Up-to-date: /home/meric/f1_ws/src/install/vesc_msgs/include/vesc_msgs/vesc_msgs/msg/detail
-- Installing: /home/meric/f1_ws/src/install/vesc_msgs/include/vesc_msgs/vesc_msgs/msg/detail/vesc_state_stamped__rosidl_typesupport_introspection_c.h
-- Installing: /home/meric/f1_ws/src/install/vesc_msgs/include/vesc_msgs/vesc_msgs/msg/detail/vesc_imu_stamped__type_support.c
-- Installing: /home/meric/f1_ws/src/install/vesc_msgs/include/vesc_msgs/vesc_msgs/msg/detail/vesc_imu__type_support.c
-- Installing: /home/meric/f1_ws/src/install/vesc_msgs/include/vesc_msgs/vesc_msgs/msg/detail/vesc_state_stamped__type_support.c
-- Installing: /home/meric/f1_ws/src/install/vesc_msgs/include/vesc_msgs/vesc_msgs/msg/detail/vesc_imu_stamped__rosidl_typesupport_introspection_c.h
-- Installing: /home/meric/f1_ws/src/install/vesc_msgs/include/vesc_msgs/vesc_msgs/msg/detail/vesc_state__rosidl_typesupport_introspection_c.h
-- Installing: /home/meric/f1_ws/src/install/vesc_msgs/include/vesc_msgs/vesc_msgs/msg/detail/vesc_state__type_support.c
-- Installing: /home/meric/f1_ws/src/install/vesc_msgs/include/vesc_msgs/vesc_msgs/msg/detail/vesc_imu__rosidl_typesupport_introspection_c.h
-- Installing: /home/meric/f1_ws/src/install/vesc_msgs/lib/libvesc_msgs__rosidl_typesupport_introspection_c.so
-- Set runtime path of "/home/meric/f1_ws/src/install/vesc_msgs/lib/libvesc_msgs__rosidl_typesupport_introspection_c.so" to ""
-- Installing: /home/meric/f1_ws/src/install/vesc_msgs/lib/libvesc_msgs__rosidl_typesupport_c.so
-- Set runtime path of "/home/meric/f1_ws/src/install/vesc_msgs/lib/libvesc_msgs__rosidl_typesupport_c.so" to ""
-- Up-to-date: /home/meric/f1_ws/src/install/vesc_msgs/include/vesc_msgs/vesc_msgs
-- Up-to-date: /home/meric/f1_ws/src/install/vesc_msgs/include/vesc_msgs/vesc_msgs/msg
-- Installing: /home/meric/f1_ws/src/install/vesc_msgs/include/vesc_msgs/vesc_msgs/msg/vesc_state_stamped.hpp
-- Installing: /home/meric/f1_ws/src/install/vesc_msgs/include/vesc_msgs/vesc_msgs/msg/vesc_imu_stamped.hpp
-- Up-to-date: /home/meric/f1_ws/src/install/vesc_msgs/include/vesc_msgs/vesc_msgs/msg/detail
-- Installing: /home/meric/f1_ws/src/install/vesc_msgs/include/vesc_msgs/vesc_msgs/msg/detail/vesc_imu_stamped__struct.hpp
-- Installing: /home/meric/f1_ws/src/install/vesc_msgs/include/vesc_msgs/vesc_msgs/msg/detail/vesc_imu__builder.hpp
-- Installing: /home/meric/f1_ws/src/install/vesc_msgs/include/vesc_msgs/vesc_msgs/msg/detail/vesc_state__struct.hpp
-- Installing: /home/meric/f1_ws/src/install/vesc_msgs/include/vesc_msgs/vesc_msgs/msg/detail/vesc_imu_stamped__traits.hpp
-- Installing: /home/meric/f1_ws/src/install/vesc_msgs/include/vesc_msgs/vesc_msgs/msg/detail/vesc_state_stamped__traits.hpp
-- Installing: /home/meric/f1_ws/src/install/vesc_msgs/include/vesc_msgs/vesc_msgs/msg/detail/vesc_imu__traits.hpp
-- Installing: /home/meric/f1_ws/src/install/vesc_msgs/include/vesc_msgs/vesc_msgs/msg/detail/vesc_state__builder.hpp
-- Installing: /home/meric/f1_ws/src/install/vesc_msgs/include/vesc_msgs/vesc_msgs/msg/detail/vesc_state_stamped__struct.hpp
-- Installing: /home/meric/f1_ws/src/install/vesc_msgs/include/vesc_msgs/vesc_msgs/msg/detail/vesc_state__traits.hpp
-- Installing: /home/meric/f1_ws/src/install/vesc_msgs/include/vesc_msgs/vesc_msgs/msg/detail/vesc_imu__struct.hpp
-- Installing: /home/meric/f1_ws/src/install/vesc_msgs/include/vesc_msgs/vesc_msgs/msg/detail/vesc_imu_stamped__builder.hpp
-- Installing: /home/meric/f1_ws/src/install/vesc_msgs/include/vesc_msgs/vesc_msgs/msg/detail/vesc_state_stamped__builder.hpp
-- Installing: /home/meric/f1_ws/src/install/vesc_msgs/include/vesc_msgs/vesc_msgs/msg/vesc_state.hpp
-- Installing: /home/meric/f1_ws/src/install/vesc_msgs/include/vesc_msgs/vesc_msgs/msg/vesc_imu.hpp
-- Up-to-date: /home/meric/f1_ws/src/install/vesc_msgs/include/vesc_msgs/vesc_msgs
-- Up-to-date: /home/meric/f1_ws/src/install/vesc_msgs/include/vesc_msgs/vesc_msgs/msg
-- Installing: /home/meric/f1_ws/src/install/vesc_msgs/include/vesc_msgs/vesc_msgs/msg/rosidl_typesupport_fastrtps_cpp__visibility_control.h
-- Up-to-date: /home/meric/f1_ws/src/install/vesc_msgs/include/vesc_msgs/vesc_msgs/msg/detail
-- Installing: /home/meric/f1_ws/src/install/vesc_msgs/include/vesc_msgs/vesc_msgs/msg/detail/vesc_imu_stamped__rosidl_typesupport_fastrtps_cpp.hpp
-- Installing: /home/meric/f1_ws/src/install/vesc_msgs/include/vesc_msgs/vesc_msgs/msg/detail/vesc_state_stamped__rosidl_typesupport_fastrtps_cpp.hpp
-- Installing: /home/meric/f1_ws/src/install/vesc_msgs/include/vesc_msgs/vesc_msgs/msg/detail/dds_fastrtps
-- Installing: /home/meric/f1_ws/src/install/vesc_msgs/include/vesc_msgs/vesc_msgs/msg/detail/vesc_state__rosidl_typesupport_fastrtps_cpp.hpp
-- Installing: /home/meric/f1_ws/src/install/vesc_msgs/include/vesc_msgs/vesc_msgs/msg/detail/vesc_imu__rosidl_typesupport_fastrtps_cpp.hpp
-- Installing: /home/meric/f1_ws/src/install/vesc_msgs/lib/libvesc_msgs__rosidl_typesupport_fastrtps_cpp.so
-- Set runtime path of "/home/meric/f1_ws/src/install/vesc_msgs/lib/libvesc_msgs__rosidl_typesupport_fastrtps_cpp.so" to ""
-- Up-to-date: /home/meric/f1_ws/src/install/vesc_msgs/include/vesc_msgs/vesc_msgs
-- Up-to-date: /home/meric/f1_ws/src/install/vesc_msgs/include/vesc_msgs/vesc_msgs/msg
-- Up-to-date: /home/meric/f1_ws/src/install/vesc_msgs/include/vesc_msgs/vesc_msgs/msg/detail
-- Installing: /home/meric/f1_ws/src/install/vesc_msgs/include/vesc_msgs/vesc_msgs/msg/detail/vesc_imu__type_support.cpp
-- Installing: /home/meric/f1_ws/src/install/vesc_msgs/include/vesc_msgs/vesc_msgs/msg/detail/vesc_state__rosidl_typesupport_introspection_cpp.hpp
-- Installing: /home/meric/f1_ws/src/install/vesc_msgs/include/vesc_msgs/vesc_msgs/msg/detail/vesc_state__type_support.cpp
-- Installing: /home/meric/f1_ws/src/install/vesc_msgs/include/vesc_msgs/vesc_msgs/msg/detail/vesc_imu_stamped__type_support.cpp
-- Installing: /home/meric/f1_ws/src/install/vesc_msgs/include/vesc_msgs/vesc_msgs/msg/detail/vesc_state_stamped__rosidl_typesupport_introspection_cpp.hpp
-- Installing: /home/meric/f1_ws/src/install/vesc_msgs/include/vesc_msgs/vesc_msgs/msg/detail/vesc_state_stamped__type_support.cpp
-- Installing: /home/meric/f1_ws/src/install/vesc_msgs/include/vesc_msgs/vesc_msgs/msg/detail/vesc_imu_stamped__rosidl_typesupport_introspection_cpp.hpp
-- Installing: /home/meric/f1_ws/src/install/vesc_msgs/include/vesc_msgs/vesc_msgs/msg/detail/vesc_imu__rosidl_typesupport_introspection_cpp.hpp
-- Installing: /home/meric/f1_ws/src/install/vesc_msgs/lib/libvesc_msgs__rosidl_typesupport_introspection_cpp.so
-- Set runtime path of "/home/meric/f1_ws/src/install/vesc_msgs/lib/libvesc_msgs__rosidl_typesupport_introspection_cpp.so" to ""
-- Installing: /home/meric/f1_ws/src/install/vesc_msgs/lib/libvesc_msgs__rosidl_typesupport_cpp.so
-- Set runtime path of "/home/meric/f1_ws/src/install/vesc_msgs/lib/libvesc_msgs__rosidl_typesupport_cpp.so" to ""
-- Installing: /home/meric/f1_ws/src/install/vesc_msgs/share/vesc_msgs/environment/pythonpath.sh
-- Installing: /home/meric/f1_ws/src/install/vesc_msgs/share/vesc_msgs/environment/pythonpath.dsv
-- Installing: /home/meric/f1_ws/src/install/vesc_msgs/local/lib/python3.10/dist-packages/vesc_msgs-1.2.0-py3.10.egg-info
-- Installing: /home/meric/f1_ws/src/install/vesc_msgs/local/lib/python3.10/dist-packages/vesc_msgs-1.2.0-py3.10.egg-info/dependency_links.txt
-- Installing: /home/meric/f1_ws/src/install/vesc_msgs/local/lib/python3.10/dist-packages/vesc_msgs-1.2.0-py3.10.egg-info/top_level.txt
-- Installing: /home/meric/f1_ws/src/install/vesc_msgs/local/lib/python3.10/dist-packages/vesc_msgs-1.2.0-py3.10.egg-info/PKG-INFO
-- Installing: /home/meric/f1_ws/src/install/vesc_msgs/local/lib/python3.10/dist-packages/vesc_msgs-1.2.0-py3.10.egg-info/SOURCES.txt
-- Installing: /home/meric/f1_ws/src/install/vesc_msgs/local/lib/python3.10/dist-packages/vesc_msgs
-- Installing: /home/meric/f1_ws/src/install/vesc_msgs/local/lib/python3.10/dist-packages/vesc_msgs/vesc_msgs_s__rosidl_typesupport_fastrtps_c.cpython-310-aarch64-linux-gnu.so
-- Installing: /home/meric/f1_ws/src/install/vesc_msgs/local/lib/python3.10/dist-packages/vesc_msgs/_vesc_msgs_s.ep.rosidl_typesupport_introspection_c.c
-- Installing: /home/meric/f1_ws/src/install/vesc_msgs/local/lib/python3.10/dist-packages/vesc_msgs/msg
-- Installing: /home/meric/f1_ws/src/install/vesc_msgs/local/lib/python3.10/dist-packages/vesc_msgs/msg/_vesc_state_stamped.py
-- Installing: /home/meric/f1_ws/src/install/vesc_msgs/local/lib/python3.10/dist-packages/vesc_msgs/msg/_vesc_imu_stamped.py
-- Installing: /home/meric/f1_ws/src/install/vesc_msgs/local/lib/python3.10/dist-packages/vesc_msgs/msg/_vesc_imu.py
-- Installing: /home/meric/f1_ws/src/install/vesc_msgs/local/lib/python3.10/dist-packages/vesc_msgs/msg/__init__.py
-- Installing: /home/meric/f1_ws/src/install/vesc_msgs/local/lib/python3.10/dist-packages/vesc_msgs/msg/_vesc_state.py
-- Installing: /home/meric/f1_ws/src/install/vesc_msgs/local/lib/python3.10/dist-packages/vesc_msgs/msg/_vesc_state_stamped_s.c
-- Installing: /home/meric/f1_ws/src/install/vesc_msgs/local/lib/python3.10/dist-packages/vesc_msgs/msg/_vesc_imu_stamped_s.c
-- Installing: /home/meric/f1_ws/src/install/vesc_msgs/local/lib/python3.10/dist-packages/vesc_msgs/msg/_vesc_imu_s.c
-- Installing: /home/meric/f1_ws/src/install/vesc_msgs/local/lib/python3.10/dist-packages/vesc_msgs/msg/_vesc_state_s.c
-- Installing: /home/meric/f1_ws/src/install/vesc_msgs/local/lib/python3.10/dist-packages/vesc_msgs/__init__.py
-- Installing: /home/meric/f1_ws/src/install/vesc_msgs/local/lib/python3.10/dist-packages/vesc_msgs/libvesc_msgs__rosidl_generator_py.so
-- Installing: /home/meric/f1_ws/src/install/vesc_msgs/local/lib/python3.10/dist-packages/vesc_msgs/_vesc_msgs_s.ep.rosidl_typesupport_fastrtps_c.c
-- Installing: /home/meric/f1_ws/src/install/vesc_msgs/local/lib/python3.10/dist-packages/vesc_msgs/vesc_msgs_s__rosidl_typesupport_c.cpython-310-aarch64-linux-gnu.so
-- Installing: /home/meric/f1_ws/src/install/vesc_msgs/local/lib/python3.10/dist-packages/vesc_msgs/vesc_msgs_s__rosidl_typesupport_introspection_c.cpython-310-aarch64-linux-gnu.so
-- Installing: /home/meric/f1_ws/src/install/vesc_msgs/local/lib/python3.10/dist-packages/vesc_msgs/_vesc_msgs_s.ep.rosidl_typesupport_c.c
Listing '/home/meric/f1_ws/src/install/vesc_msgs/local/lib/python3.10/dist-packages/vesc_msgs'...
Compiling '/home/meric/f1_ws/src/install/vesc_msgs/local/lib/python3.10/dist-packages/vesc_msgs/__init__.py'...
Listing '/home/meric/f1_ws/src/install/vesc_msgs/local/lib/python3.10/dist-packages/vesc_msgs/msg'...
Compiling '/home/meric/f1_ws/src/install/vesc_msgs/local/lib/python3.10/dist-packages/vesc_msgs/msg/__init__.py'...
Compiling '/home/meric/f1_ws/src/install/vesc_msgs/local/lib/python3.10/dist-packages/vesc_msgs/msg/_vesc_imu.py'...
Compiling '/home/meric/f1_ws/src/install/vesc_msgs/local/lib/python3.10/dist-packages/vesc_msgs/msg/_vesc_imu_stamped.py'...
Compiling '/home/meric/f1_ws/src/install/vesc_msgs/local/lib/python3.10/dist-packages/vesc_msgs/msg/_vesc_state.py'...
Compiling '/home/meric/f1_ws/src/install/vesc_msgs/local/lib/python3.10/dist-packages/vesc_msgs/msg/_vesc_state_stamped.py'...
-- Installing: /home/meric/f1_ws/src/install/vesc_msgs/local/lib/python3.10/dist-packages/vesc_msgs/vesc_msgs_s__rosidl_typesupport_fastrtps_c.cpython-310-aarch64-linux-gnu.so
-- Set runtime path of "/home/meric/f1_ws/src/install/vesc_msgs/local/lib/python3.10/dist-packages/vesc_msgs/vesc_msgs_s__rosidl_typesupport_fastrtps_c.cpython-310-aarch64-linux-gnu.so" to ""
-- Installing: /home/meric/f1_ws/src/install/vesc_msgs/local/lib/python3.10/dist-packages/vesc_msgs/vesc_msgs_s__rosidl_typesupport_introspection_c.cpython-310-aarch64-linux-gnu.so
-- Set runtime path of "/home/meric/f1_ws/src/install/vesc_msgs/local/lib/python3.10/dist-packages/vesc_msgs/vesc_msgs_s__rosidl_typesupport_introspection_c.cpython-310-aarch64-linux-gnu.so" to ""
-- Installing: /home/meric/f1_ws/src/install/vesc_msgs/local/lib/python3.10/dist-packages/vesc_msgs/vesc_msgs_s__rosidl_typesupport_c.cpython-310-aarch64-linux-gnu.so
-- Set runtime path of "/home/meric/f1_ws/src/install/vesc_msgs/local/lib/python3.10/dist-packages/vesc_msgs/vesc_msgs_s__rosidl_typesupport_c.cpython-310-aarch64-linux-gnu.so" to ""
-- Installing: /home/meric/f1_ws/src/install/vesc_msgs/lib/libvesc_msgs__rosidl_generator_py.so
-- Set runtime path of "/home/meric/f1_ws/src/install/vesc_msgs/lib/libvesc_msgs__rosidl_generator_py.so" to ""
-- Installing: /home/meric/f1_ws/src/install/vesc_msgs/share/vesc_msgs/msg/VescState.idl
-- Installing: /home/meric/f1_ws/src/install/vesc_msgs/share/vesc_msgs/msg/VescStateStamped.idl
-- Installing: /home/meric/f1_ws/src/install/vesc_msgs/share/vesc_msgs/msg/VescImu.idl
-- Installing: /home/meric/f1_ws/src/install/vesc_msgs/share/vesc_msgs/msg/VescImuStamped.idl
-- Installing: /home/meric/f1_ws/src/install/vesc_msgs/share/vesc_msgs/msg/VescState.msg
-- Installing: /home/meric/f1_ws/src/install/vesc_msgs/share/vesc_msgs/msg/VescStateStamped.msg
-- Installing: /home/meric/f1_ws/src/install/vesc_msgs/share/vesc_msgs/msg/VescImu.msg
-- Installing: /home/meric/f1_ws/src/install/vesc_msgs/share/vesc_msgs/msg/VescImuStamped.msg
-- Installing: /home/meric/f1_ws/src/install/vesc_msgs/share/ament_index/resource_index/package_run_dependencies/vesc_msgs
-- Installing: /home/meric/f1_ws/src/install/vesc_msgs/share/ament_index/resource_index/parent_prefix_path/vesc_msgs
-- Installing: /home/meric/f1_ws/src/install/vesc_msgs/share/vesc_msgs/environment/ament_prefix_path.sh
-- Installing: /home/meric/f1_ws/src/install/vesc_msgs/share/vesc_msgs/environment/ament_prefix_path.dsv
-- Installing: /home/meric/f1_ws/src/install/vesc_msgs/share/vesc_msgs/environment/path.sh
-- Installing: /home/meric/f1_ws/src/install/vesc_msgs/share/vesc_msgs/environment/path.dsv
-- Installing: /home/meric/f1_ws/src/install/vesc_msgs/share/vesc_msgs/local_setup.bash
-- Installing: /home/meric/f1_ws/src/install/vesc_msgs/share/vesc_msgs/local_setup.sh
-- Installing: /home/meric/f1_ws/src/install/vesc_msgs/share/vesc_msgs/local_setup.zsh
-- Installing: /home/meric/f1_ws/src/install/vesc_msgs/share/vesc_msgs/local_setup.dsv
-- Installing: /home/meric/f1_ws/src/install/vesc_msgs/share/vesc_msgs/package.dsv
-- Installing: /home/meric/f1_ws/src/install/vesc_msgs/share/ament_index/resource_index/packages/vesc_msgs
-- Installing: /home/meric/f1_ws/src/install/vesc_msgs/share/vesc_msgs/cmake/export_vesc_msgs__rosidl_generator_cExport.cmake
-- Installing: /home/meric/f1_ws/src/install/vesc_msgs/share/vesc_msgs/cmake/export_vesc_msgs__rosidl_generator_cExport-noconfig.cmake
-- Installing: /home/meric/f1_ws/src/install/vesc_msgs/share/vesc_msgs/cmake/export_vesc_msgs__rosidl_typesupport_fastrtps_cExport.cmake
-- Installing: /home/meric/f1_ws/src/install/vesc_msgs/share/vesc_msgs/cmake/export_vesc_msgs__rosidl_typesupport_fastrtps_cExport-noconfig.cmake
-- Installing: /home/meric/f1_ws/src/install/vesc_msgs/share/vesc_msgs/cmake/vesc_msgs__rosidl_typesupport_introspection_cExport.cmake
-- Installing: /home/meric/f1_ws/src/install/vesc_msgs/share/vesc_msgs/cmake/vesc_msgs__rosidl_typesupport_introspection_cExport-noconfig.cmake
-- Installing: /home/meric/f1_ws/src/install/vesc_msgs/share/vesc_msgs/cmake/vesc_msgs__rosidl_typesupport_cExport.cmake
-- Installing: /home/meric/f1_ws/src/install/vesc_msgs/share/vesc_msgs/cmake/vesc_msgs__rosidl_typesupport_cExport-noconfig.cmake
-- Installing: /home/meric/f1_ws/src/install/vesc_msgs/share/vesc_msgs/cmake/export_vesc_msgs__rosidl_generator_cppExport.cmake
-- Installing: /home/meric/f1_ws/src/install/vesc_msgs/share/vesc_msgs/cmake/export_vesc_msgs__rosidl_typesupport_fastrtps_cppExport.cmake
-- Installing: /home/meric/f1_ws/src/install/vesc_msgs/share/vesc_msgs/cmake/export_vesc_msgs__rosidl_typesupport_fastrtps_cppExport-noconfig.cmake
-- Installing: /home/meric/f1_ws/src/install/vesc_msgs/share/vesc_msgs/cmake/vesc_msgs__rosidl_typesupport_introspection_cppExport.cmake
-- Installing: /home/meric/f1_ws/src/install/vesc_msgs/share/vesc_msgs/cmake/vesc_msgs__rosidl_typesupport_introspection_cppExport-noconfig.cmake
-- Installing: /home/meric/f1_ws/src/install/vesc_msgs/share/vesc_msgs/cmake/vesc_msgs__rosidl_typesupport_cppExport.cmake
-- Installing: /home/meric/f1_ws/src/install/vesc_msgs/share/vesc_msgs/cmake/vesc_msgs__rosidl_typesupport_cppExport-noconfig.cmake
-- Installing: /home/meric/f1_ws/src/install/vesc_msgs/share/vesc_msgs/cmake/export_vesc_msgs__rosidl_generator_pyExport.cmake
-- Installing: /home/meric/f1_ws/src/install/vesc_msgs/share/vesc_msgs/cmake/export_vesc_msgs__rosidl_generator_pyExport-noconfig.cmake
-- Installing: /home/meric/f1_ws/src/install/vesc_msgs/share/vesc_msgs/cmake/rosidl_cmake-extras.cmake
-- Installing: /home/meric/f1_ws/src/install/vesc_msgs/share/vesc_msgs/cmake/ament_cmake_export_dependencies-extras.cmake
-- Installing: /home/meric/f1_ws/src/install/vesc_msgs/share/vesc_msgs/cmake/ament_cmake_export_include_directories-extras.cmake
-- Installing: /home/meric/f1_ws/src/install/vesc_msgs/share/vesc_msgs/cmake/ament_cmake_export_libraries-extras.cmake
-- Installing: /home/meric/f1_ws/src/install/vesc_msgs/share/vesc_msgs/cmake/ament_cmake_export_targets-extras.cmake
-- Installing: /home/meric/f1_ws/src/install/vesc_msgs/share/vesc_msgs/cmake/rosidl_cmake_export_typesupport_targets-extras.cmake
-- Installing: /home/meric/f1_ws/src/install/vesc_msgs/share/vesc_msgs/cmake/rosidl_cmake_export_typesupport_libraries-extras.cmake
-- Installing: /home/meric/f1_ws/src/install/vesc_msgs/share/vesc_msgs/cmake/vesc_msgsConfig.cmake
-- Installing: /home/meric/f1_ws/src/install/vesc_msgs/share/vesc_msgs/cmake/vesc_msgsConfig-version.cmake
-- Installing: /home/meric/f1_ws/src/install/vesc_msgs/share/vesc_msgs/package.xml
