[0.062s] Invoking command in '/home/meric/f1_ws/src/build/vesc_msgs': CMAKE_PREFIX_PATH=/opt/ros/humble /usr/bin/cmake --build /home/meric/f1_ws/src/build/vesc_msgs -- -j6 -l6
[1.326s] [35m[1mConsolidate compiler generated dependencies of target vesc_msgs__rosidl_generator_c[0m
[1.326s] [  1%] Built target vesc_msgs__cpp
[1.327s] [ 12%] Built target vesc_msgs__rosidl_generator_c
[1.328s] [ 12%] Built target ament_cmake_python_copy_vesc_msgs
[1.328s] [35m[1mConsolidate compiler generated dependencies of target vesc_msgs__rosidl_typesupport_cpp[0m
[1.329s] [35m[1mConsolidate compiler generated dependencies of target vesc_msgs__rosidl_typesupport_introspection_cpp[0m
[1.330s] [35m[1mConsolidate compiler generated dependencies of target vesc_msgs__rosidl_typesupport_fastrtps_cpp[0m
[1.330s] [35m[1mConsolidate compiler generated dependencies of target vesc_msgs__rosidl_typesupport_c[0m
[1.330s] [35m[1mConsolidate compiler generated dependencies of target vesc_msgs__rosidl_typesupport_fastrtps_c[0m
[1.331s] [ 23%] Built target vesc_msgs__rosidl_typesupport_introspection_cpp
[1.332s] [35m[1mConsolidate compiler generated dependencies of target vesc_msgs__rosidl_typesupport_introspection_c[0m
[1.332s] [ 34%] Built target vesc_msgs__rosidl_typesupport_fastrtps_cpp
[1.332s] [ 45%] Built target vesc_msgs__rosidl_typesupport_c
[1.334s] [ 56%] Built target vesc_msgs__rosidl_typesupport_fastrtps_c
[1.334s] [ 67%] Built target vesc_msgs__rosidl_typesupport_cpp
[1.335s] [ 78%] Built target vesc_msgs__rosidl_typesupport_introspection_c
[1.336s] [ 78%] Built target vesc_msgs
[1.336s] [ 80%] Built target vesc_msgs__py
[1.337s] [35m[1mConsolidate compiler generated dependencies of target vesc_msgs__rosidl_generator_py[0m
[1.337s] [ 89%] Built target vesc_msgs__rosidl_generator_py
[1.338s] [35m[1mConsolidate compiler generated dependencies of target vesc_msgs__rosidl_typesupport_introspection_c__pyext[0m
[1.338s] [35m[1mConsolidate compiler generated dependencies of target vesc_msgs__rosidl_typesupport_fastrtps_c__pyext[0m
[1.338s] [35m[1mConsolidate compiler generated dependencies of target vesc_msgs__rosidl_typesupport_c__pyext[0m
[1.338s] [ 92%] Built target vesc_msgs__rosidl_typesupport_introspection_c__pyext
[1.338s] [ 96%] Built target vesc_msgs__rosidl_typesupport_fastrtps_c__pyext
[1.339s] [100%] Built target vesc_msgs__rosidl_typesupport_c__pyext
[1.339s] running egg_info
[1.339s] writing vesc_msgs.egg-info/PKG-INFO
[1.339s] writing dependency_links to vesc_msgs.egg-info/dependency_links.txt
[1.339s] writing top-level names to vesc_msgs.egg-info/top_level.txt
[1.339s] reading manifest file 'vesc_msgs.egg-info/SOURCES.txt'
[1.339s] writing manifest file 'vesc_msgs.egg-info/SOURCES.txt'
[1.340s] [100%] Built target ament_cmake_python_build_vesc_msgs_egg
[1.350s] Invoked command in '/home/meric/f1_ws/src/build/vesc_msgs' returned '0': CMAKE_PREFIX_PATH=/opt/ros/humble /usr/bin/cmake --build /home/meric/f1_ws/src/build/vesc_msgs -- -j6 -l6
[1.602s] Invoking command in '/home/meric/f1_ws/src/build/vesc_msgs': CMAKE_PREFIX_PATH=/opt/ros/humble /usr/bin/cmake --install /home/meric/f1_ws/src/build/vesc_msgs
[1.621s] -- Install configuration: ""
[1.621s] -- Installing: /home/meric/f1_ws/src/install/vesc_msgs/share/ament_index/resource_index/rosidl_interfaces/vesc_msgs
[1.622s] -- Installing: /home/meric/f1_ws/src/install/vesc_msgs/include/vesc_msgs/vesc_msgs
[1.622s] -- Installing: /home/meric/f1_ws/src/install/vesc_msgs/include/vesc_msgs/vesc_msgs/msg
[1.622s] -- Installing: /home/meric/f1_ws/src/install/vesc_msgs/include/vesc_msgs/vesc_msgs/msg/rosidl_generator_c__visibility_control.h
[1.623s] -- Installing: /home/meric/f1_ws/src/install/vesc_msgs/include/vesc_msgs/vesc_msgs/msg/detail
[1.623s] -- Installing: /home/meric/f1_ws/src/install/vesc_msgs/include/vesc_msgs/vesc_msgs/msg/detail/vesc_state_stamped__type_support.h
[1.625s] -- Installing: /home/meric/f1_ws/src/install/vesc_msgs/include/vesc_msgs/vesc_msgs/msg/detail/vesc_imu_stamped__struct.h
[1.625s] -- Installing: /home/meric/f1_ws/src/install/vesc_msgs/include/vesc_msgs/vesc_msgs/msg/detail/vesc_imu_stamped__functions.h
[1.625s] -- Installing: /home/meric/f1_ws/src/install/vesc_msgs/include/vesc_msgs/vesc_msgs/msg/detail/vesc_imu_stamped__type_support.h
[1.625s] -- Installing: /home/meric/f1_ws/src/install/vesc_msgs/include/vesc_msgs/vesc_msgs/msg/detail/vesc_imu__functions.c
[1.626s] -- Installing: /home/meric/f1_ws/src/install/vesc_msgs/include/vesc_msgs/vesc_msgs/msg/detail/vesc_imu__struct.h
[1.626s] -- Installing: /home/meric/f1_ws/src/install/vesc_msgs/include/vesc_msgs/vesc_msgs/msg/detail/vesc_state__struct.h
[1.626s] -- Installing: /home/meric/f1_ws/src/install/vesc_msgs/include/vesc_msgs/vesc_msgs/msg/detail/vesc_state_stamped__struct.h
[1.626s] -- Installing: /home/meric/f1_ws/src/install/vesc_msgs/include/vesc_msgs/vesc_msgs/msg/detail/vesc_state_stamped__functions.h
[1.627s] -- Installing: /home/meric/f1_ws/src/install/vesc_msgs/include/vesc_msgs/vesc_msgs/msg/detail/vesc_state__type_support.h
[1.627s] -- Installing: /home/meric/f1_ws/src/install/vesc_msgs/include/vesc_msgs/vesc_msgs/msg/detail/vesc_state__functions.c
[1.628s] -- Installing: /home/meric/f1_ws/src/install/vesc_msgs/include/vesc_msgs/vesc_msgs/msg/detail/vesc_imu__functions.h
[1.628s] -- Installing: /home/meric/f1_ws/src/install/vesc_msgs/include/vesc_msgs/vesc_msgs/msg/detail/vesc_state_stamped__functions.c
[1.628s] -- Installing: /home/meric/f1_ws/src/install/vesc_msgs/include/vesc_msgs/vesc_msgs/msg/detail/vesc_imu_stamped__functions.c
[1.628s] -- Installing: /home/meric/f1_ws/src/install/vesc_msgs/include/vesc_msgs/vesc_msgs/msg/detail/vesc_imu__type_support.h
[1.628s] -- Installing: /home/meric/f1_ws/src/install/vesc_msgs/include/vesc_msgs/vesc_msgs/msg/detail/vesc_state__functions.h
[1.629s] -- Installing: /home/meric/f1_ws/src/install/vesc_msgs/include/vesc_msgs/vesc_msgs/msg/vesc_state_stamped.h
[1.629s] -- Installing: /home/meric/f1_ws/src/install/vesc_msgs/include/vesc_msgs/vesc_msgs/msg/vesc_state.h
[1.630s] -- Installing: /home/meric/f1_ws/src/install/vesc_msgs/include/vesc_msgs/vesc_msgs/msg/vesc_imu.h
[1.631s] -- Installing: /home/meric/f1_ws/src/install/vesc_msgs/include/vesc_msgs/vesc_msgs/msg/vesc_imu_stamped.h
[1.632s] -- Installing: /home/meric/f1_ws/src/install/vesc_msgs/share/vesc_msgs/environment/library_path.sh
[1.632s] -- Installing: /home/meric/f1_ws/src/install/vesc_msgs/share/vesc_msgs/environment/library_path.dsv
[1.633s] -- Installing: /home/meric/f1_ws/src/install/vesc_msgs/lib/libvesc_msgs__rosidl_generator_c.so
[1.634s] -- Set runtime path of "/home/meric/f1_ws/src/install/vesc_msgs/lib/libvesc_msgs__rosidl_generator_c.so" to ""
[1.634s] -- Up-to-date: /home/meric/f1_ws/src/install/vesc_msgs/include/vesc_msgs/vesc_msgs
[1.634s] -- Up-to-date: /home/meric/f1_ws/src/install/vesc_msgs/include/vesc_msgs/vesc_msgs/msg
[1.634s] -- Up-to-date: /home/meric/f1_ws/src/install/vesc_msgs/include/vesc_msgs/vesc_msgs/msg/detail
[1.634s] -- Installing: /home/meric/f1_ws/src/install/vesc_msgs/include/vesc_msgs/vesc_msgs/msg/detail/vesc_imu__rosidl_typesupport_fastrtps_c.h
[1.635s] -- Installing: /home/meric/f1_ws/src/install/vesc_msgs/include/vesc_msgs/vesc_msgs/msg/detail/vesc_state_stamped__rosidl_typesupport_fastrtps_c.h
[1.635s] -- Installing: /home/meric/f1_ws/src/install/vesc_msgs/include/vesc_msgs/vesc_msgs/msg/detail/vesc_imu_stamped__rosidl_typesupport_fastrtps_c.h
[1.635s] -- Installing: /home/meric/f1_ws/src/install/vesc_msgs/include/vesc_msgs/vesc_msgs/msg/detail/vesc_state__rosidl_typesupport_fastrtps_c.h
[1.635s] -- Installing: /home/meric/f1_ws/src/install/vesc_msgs/include/vesc_msgs/vesc_msgs/msg/rosidl_typesupport_fastrtps_c__visibility_control.h
[1.636s] -- Installing: /home/meric/f1_ws/src/install/vesc_msgs/lib/libvesc_msgs__rosidl_typesupport_fastrtps_c.so
[1.645s] -- Set runtime path of "/home/meric/f1_ws/src/install/vesc_msgs/lib/libvesc_msgs__rosidl_typesupport_fastrtps_c.so" to ""
[1.645s] -- Up-to-date: /home/meric/f1_ws/src/install/vesc_msgs/include/vesc_msgs/vesc_msgs
[1.645s] -- Up-to-date: /home/meric/f1_ws/src/install/vesc_msgs/include/vesc_msgs/vesc_msgs/msg
[1.646s] -- Installing: /home/meric/f1_ws/src/install/vesc_msgs/include/vesc_msgs/vesc_msgs/msg/rosidl_typesupport_introspection_c__visibility_control.h
[1.646s] -- Up-to-date: /home/meric/f1_ws/src/install/vesc_msgs/include/vesc_msgs/vesc_msgs/msg/detail
[1.646s] -- Installing: /home/meric/f1_ws/src/install/vesc_msgs/include/vesc_msgs/vesc_msgs/msg/detail/vesc_state_stamped__rosidl_typesupport_introspection_c.h
[1.646s] -- Installing: /home/meric/f1_ws/src/install/vesc_msgs/include/vesc_msgs/vesc_msgs/msg/detail/vesc_imu_stamped__type_support.c
[1.647s] -- Installing: /home/meric/f1_ws/src/install/vesc_msgs/include/vesc_msgs/vesc_msgs/msg/detail/vesc_imu__type_support.c
[1.648s] -- Installing: /home/meric/f1_ws/src/install/vesc_msgs/include/vesc_msgs/vesc_msgs/msg/detail/vesc_state_stamped__type_support.c
[1.648s] -- Installing: /home/meric/f1_ws/src/install/vesc_msgs/include/vesc_msgs/vesc_msgs/msg/detail/vesc_imu_stamped__rosidl_typesupport_introspection_c.h
[1.649s] -- Installing: /home/meric/f1_ws/src/install/vesc_msgs/include/vesc_msgs/vesc_msgs/msg/detail/vesc_state__rosidl_typesupport_introspection_c.h
[1.649s] -- Installing: /home/meric/f1_ws/src/install/vesc_msgs/include/vesc_msgs/vesc_msgs/msg/detail/vesc_state__type_support.c
[1.649s] -- Installing: /home/meric/f1_ws/src/install/vesc_msgs/include/vesc_msgs/vesc_msgs/msg/detail/vesc_imu__rosidl_typesupport_introspection_c.h
[1.650s] -- Installing: /home/meric/f1_ws/src/install/vesc_msgs/lib/libvesc_msgs__rosidl_typesupport_introspection_c.so
[1.650s] -- Set runtime path of "/home/meric/f1_ws/src/install/vesc_msgs/lib/libvesc_msgs__rosidl_typesupport_introspection_c.so" to ""
[1.650s] -- Installing: /home/meric/f1_ws/src/install/vesc_msgs/lib/libvesc_msgs__rosidl_typesupport_c.so
[1.651s] -- Set runtime path of "/home/meric/f1_ws/src/install/vesc_msgs/lib/libvesc_msgs__rosidl_typesupport_c.so" to ""
[1.651s] -- Up-to-date: /home/meric/f1_ws/src/install/vesc_msgs/include/vesc_msgs/vesc_msgs
[1.651s] -- Up-to-date: /home/meric/f1_ws/src/install/vesc_msgs/include/vesc_msgs/vesc_msgs/msg
[1.652s] -- Installing: /home/meric/f1_ws/src/install/vesc_msgs/include/vesc_msgs/vesc_msgs/msg/vesc_state_stamped.hpp
[1.652s] -- Installing: /home/meric/f1_ws/src/install/vesc_msgs/include/vesc_msgs/vesc_msgs/msg/vesc_imu_stamped.hpp
[1.653s] -- Up-to-date: /home/meric/f1_ws/src/install/vesc_msgs/include/vesc_msgs/vesc_msgs/msg/detail
[1.653s] -- Installing: /home/meric/f1_ws/src/install/vesc_msgs/include/vesc_msgs/vesc_msgs/msg/detail/vesc_imu_stamped__struct.hpp
[1.653s] -- Installing: /home/meric/f1_ws/src/install/vesc_msgs/include/vesc_msgs/vesc_msgs/msg/detail/vesc_imu__builder.hpp
[1.653s] -- Installing: /home/meric/f1_ws/src/install/vesc_msgs/include/vesc_msgs/vesc_msgs/msg/detail/vesc_state__struct.hpp
[1.654s] -- Installing: /home/meric/f1_ws/src/install/vesc_msgs/include/vesc_msgs/vesc_msgs/msg/detail/vesc_imu_stamped__traits.hpp
[1.654s] -- Installing: /home/meric/f1_ws/src/install/vesc_msgs/include/vesc_msgs/vesc_msgs/msg/detail/vesc_state_stamped__traits.hpp
[1.654s] -- Installing: /home/meric/f1_ws/src/install/vesc_msgs/include/vesc_msgs/vesc_msgs/msg/detail/vesc_imu__traits.hpp
[1.654s] -- Installing: /home/meric/f1_ws/src/install/vesc_msgs/include/vesc_msgs/vesc_msgs/msg/detail/vesc_state__builder.hpp
[1.654s] -- Installing: /home/meric/f1_ws/src/install/vesc_msgs/include/vesc_msgs/vesc_msgs/msg/detail/vesc_state_stamped__struct.hpp
[1.655s] -- Installing: /home/meric/f1_ws/src/install/vesc_msgs/include/vesc_msgs/vesc_msgs/msg/detail/vesc_state__traits.hpp
[1.655s] -- Installing: /home/meric/f1_ws/src/install/vesc_msgs/include/vesc_msgs/vesc_msgs/msg/detail/vesc_imu__struct.hpp
[1.655s] -- Installing: /home/meric/f1_ws/src/install/vesc_msgs/include/vesc_msgs/vesc_msgs/msg/detail/vesc_imu_stamped__builder.hpp
[1.656s] -- Installing: /home/meric/f1_ws/src/install/vesc_msgs/include/vesc_msgs/vesc_msgs/msg/detail/vesc_state_stamped__builder.hpp
[1.656s] -- Installing: /home/meric/f1_ws/src/install/vesc_msgs/include/vesc_msgs/vesc_msgs/msg/vesc_state.hpp
[1.657s] -- Installing: /home/meric/f1_ws/src/install/vesc_msgs/include/vesc_msgs/vesc_msgs/msg/vesc_imu.hpp
[1.660s] -- Up-to-date: /home/meric/f1_ws/src/install/vesc_msgs/include/vesc_msgs/vesc_msgs
[1.661s] -- Up-to-date: /home/meric/f1_ws/src/install/vesc_msgs/include/vesc_msgs/vesc_msgs/msg
[1.661s] -- Installing: /home/meric/f1_ws/src/install/vesc_msgs/include/vesc_msgs/vesc_msgs/msg/rosidl_typesupport_fastrtps_cpp__visibility_control.h
[1.661s] -- Up-to-date: /home/meric/f1_ws/src/install/vesc_msgs/include/vesc_msgs/vesc_msgs/msg/detail
[1.662s] -- Installing: /home/meric/f1_ws/src/install/vesc_msgs/include/vesc_msgs/vesc_msgs/msg/detail/vesc_imu_stamped__rosidl_typesupport_fastrtps_cpp.hpp
[1.662s] -- Installing: /home/meric/f1_ws/src/install/vesc_msgs/include/vesc_msgs/vesc_msgs/msg/detail/vesc_state_stamped__rosidl_typesupport_fastrtps_cpp.hpp
[1.662s] -- Installing: /home/meric/f1_ws/src/install/vesc_msgs/include/vesc_msgs/vesc_msgs/msg/detail/dds_fastrtps
[1.662s] -- Installing: /home/meric/f1_ws/src/install/vesc_msgs/include/vesc_msgs/vesc_msgs/msg/detail/vesc_state__rosidl_typesupport_fastrtps_cpp.hpp
[1.663s] -- Installing: /home/meric/f1_ws/src/install/vesc_msgs/include/vesc_msgs/vesc_msgs/msg/detail/vesc_imu__rosidl_typesupport_fastrtps_cpp.hpp
[1.663s] -- Installing: /home/meric/f1_ws/src/install/vesc_msgs/lib/libvesc_msgs__rosidl_typesupport_fastrtps_cpp.so
[1.663s] -- Set runtime path of "/home/meric/f1_ws/src/install/vesc_msgs/lib/libvesc_msgs__rosidl_typesupport_fastrtps_cpp.so" to ""
[1.664s] -- Up-to-date: /home/meric/f1_ws/src/install/vesc_msgs/include/vesc_msgs/vesc_msgs
[1.664s] -- Up-to-date: /home/meric/f1_ws/src/install/vesc_msgs/include/vesc_msgs/vesc_msgs/msg
[1.664s] -- Up-to-date: /home/meric/f1_ws/src/install/vesc_msgs/include/vesc_msgs/vesc_msgs/msg/detail
[1.664s] -- Installing: /home/meric/f1_ws/src/install/vesc_msgs/include/vesc_msgs/vesc_msgs/msg/detail/vesc_imu__type_support.cpp
[1.664s] -- Installing: /home/meric/f1_ws/src/install/vesc_msgs/include/vesc_msgs/vesc_msgs/msg/detail/vesc_state__rosidl_typesupport_introspection_cpp.hpp
[1.664s] -- Installing: /home/meric/f1_ws/src/install/vesc_msgs/include/vesc_msgs/vesc_msgs/msg/detail/vesc_state__type_support.cpp
[1.665s] -- Installing: /home/meric/f1_ws/src/install/vesc_msgs/include/vesc_msgs/vesc_msgs/msg/detail/vesc_imu_stamped__type_support.cpp
[1.666s] -- Installing: /home/meric/f1_ws/src/install/vesc_msgs/include/vesc_msgs/vesc_msgs/msg/detail/vesc_state_stamped__rosidl_typesupport_introspection_cpp.hpp
[1.666s] -- Installing: /home/meric/f1_ws/src/install/vesc_msgs/include/vesc_msgs/vesc_msgs/msg/detail/vesc_state_stamped__type_support.cpp
[1.666s] -- Installing: /home/meric/f1_ws/src/install/vesc_msgs/include/vesc_msgs/vesc_msgs/msg/detail/vesc_imu_stamped__rosidl_typesupport_introspection_cpp.hpp
[1.666s] -- Installing: /home/meric/f1_ws/src/install/vesc_msgs/include/vesc_msgs/vesc_msgs/msg/detail/vesc_imu__rosidl_typesupport_introspection_cpp.hpp
[1.667s] -- Installing: /home/meric/f1_ws/src/install/vesc_msgs/lib/libvesc_msgs__rosidl_typesupport_introspection_cpp.so
[1.667s] -- Set runtime path of "/home/meric/f1_ws/src/install/vesc_msgs/lib/libvesc_msgs__rosidl_typesupport_introspection_cpp.so" to ""
[1.667s] -- Installing: /home/meric/f1_ws/src/install/vesc_msgs/lib/libvesc_msgs__rosidl_typesupport_cpp.so
[1.667s] -- Set runtime path of "/home/meric/f1_ws/src/install/vesc_msgs/lib/libvesc_msgs__rosidl_typesupport_cpp.so" to ""
[1.671s] -- Installing: /home/meric/f1_ws/src/install/vesc_msgs/share/vesc_msgs/environment/pythonpath.sh
[1.671s] -- Installing: /home/meric/f1_ws/src/install/vesc_msgs/share/vesc_msgs/environment/pythonpath.dsv
[1.672s] -- Installing: /home/meric/f1_ws/src/install/vesc_msgs/local/lib/python3.10/dist-packages/vesc_msgs-1.2.0-py3.10.egg-info
[1.672s] -- Installing: /home/meric/f1_ws/src/install/vesc_msgs/local/lib/python3.10/dist-packages/vesc_msgs-1.2.0-py3.10.egg-info/dependency_links.txt
[1.673s] -- Installing: /home/meric/f1_ws/src/install/vesc_msgs/local/lib/python3.10/dist-packages/vesc_msgs-1.2.0-py3.10.egg-info/top_level.txt
[1.673s] -- Installing: /home/meric/f1_ws/src/install/vesc_msgs/local/lib/python3.10/dist-packages/vesc_msgs-1.2.0-py3.10.egg-info/PKG-INFO
[1.673s] -- Installing: /home/meric/f1_ws/src/install/vesc_msgs/local/lib/python3.10/dist-packages/vesc_msgs-1.2.0-py3.10.egg-info/SOURCES.txt
[1.674s] -- Installing: /home/meric/f1_ws/src/install/vesc_msgs/local/lib/python3.10/dist-packages/vesc_msgs
[1.674s] -- Installing: /home/meric/f1_ws/src/install/vesc_msgs/local/lib/python3.10/dist-packages/vesc_msgs/vesc_msgs_s__rosidl_typesupport_fastrtps_c.cpython-310-aarch64-linux-gnu.so
[1.675s] -- Installing: /home/meric/f1_ws/src/install/vesc_msgs/local/lib/python3.10/dist-packages/vesc_msgs/_vesc_msgs_s.ep.rosidl_typesupport_introspection_c.c
[1.675s] -- Installing: /home/meric/f1_ws/src/install/vesc_msgs/local/lib/python3.10/dist-packages/vesc_msgs/msg
[1.675s] -- Installing: /home/meric/f1_ws/src/install/vesc_msgs/local/lib/python3.10/dist-packages/vesc_msgs/msg/_vesc_state_stamped.py
[1.675s] -- Installing: /home/meric/f1_ws/src/install/vesc_msgs/local/lib/python3.10/dist-packages/vesc_msgs/msg/_vesc_imu_stamped.py
[1.676s] -- Installing: /home/meric/f1_ws/src/install/vesc_msgs/local/lib/python3.10/dist-packages/vesc_msgs/msg/_vesc_imu.py
[1.677s] -- Installing: /home/meric/f1_ws/src/install/vesc_msgs/local/lib/python3.10/dist-packages/vesc_msgs/msg/__init__.py
[1.677s] -- Installing: /home/meric/f1_ws/src/install/vesc_msgs/local/lib/python3.10/dist-packages/vesc_msgs/msg/_vesc_state.py
[1.677s] -- Installing: /home/meric/f1_ws/src/install/vesc_msgs/local/lib/python3.10/dist-packages/vesc_msgs/msg/_vesc_state_stamped_s.c
[1.678s] -- Installing: /home/meric/f1_ws/src/install/vesc_msgs/local/lib/python3.10/dist-packages/vesc_msgs/msg/_vesc_imu_stamped_s.c
[1.678s] -- Installing: /home/meric/f1_ws/src/install/vesc_msgs/local/lib/python3.10/dist-packages/vesc_msgs/msg/_vesc_imu_s.c
[1.678s] -- Installing: /home/meric/f1_ws/src/install/vesc_msgs/local/lib/python3.10/dist-packages/vesc_msgs/msg/_vesc_state_s.c
[1.678s] -- Installing: /home/meric/f1_ws/src/install/vesc_msgs/local/lib/python3.10/dist-packages/vesc_msgs/__init__.py
[1.679s] -- Installing: /home/meric/f1_ws/src/install/vesc_msgs/local/lib/python3.10/dist-packages/vesc_msgs/libvesc_msgs__rosidl_generator_py.so
[1.679s] -- Installing: /home/meric/f1_ws/src/install/vesc_msgs/local/lib/python3.10/dist-packages/vesc_msgs/_vesc_msgs_s.ep.rosidl_typesupport_fastrtps_c.c
[1.679s] -- Installing: /home/meric/f1_ws/src/install/vesc_msgs/local/lib/python3.10/dist-packages/vesc_msgs/vesc_msgs_s__rosidl_typesupport_c.cpython-310-aarch64-linux-gnu.so
[1.679s] -- Installing: /home/meric/f1_ws/src/install/vesc_msgs/local/lib/python3.10/dist-packages/vesc_msgs/vesc_msgs_s__rosidl_typesupport_introspection_c.cpython-310-aarch64-linux-gnu.so
[1.680s] -- Installing: /home/meric/f1_ws/src/install/vesc_msgs/local/lib/python3.10/dist-packages/vesc_msgs/_vesc_msgs_s.ep.rosidl_typesupport_c.c
[1.756s] Listing '/home/meric/f1_ws/src/install/vesc_msgs/local/lib/python3.10/dist-packages/vesc_msgs'...
[1.756s] Compiling '/home/meric/f1_ws/src/install/vesc_msgs/local/lib/python3.10/dist-packages/vesc_msgs/__init__.py'...
[1.756s] Listing '/home/meric/f1_ws/src/install/vesc_msgs/local/lib/python3.10/dist-packages/vesc_msgs/msg'...
[1.756s] Compiling '/home/meric/f1_ws/src/install/vesc_msgs/local/lib/python3.10/dist-packages/vesc_msgs/msg/__init__.py'...
[1.757s] Compiling '/home/meric/f1_ws/src/install/vesc_msgs/local/lib/python3.10/dist-packages/vesc_msgs/msg/_vesc_imu.py'...
[1.757s] Compiling '/home/meric/f1_ws/src/install/vesc_msgs/local/lib/python3.10/dist-packages/vesc_msgs/msg/_vesc_imu_stamped.py'...
[1.757s] Compiling '/home/meric/f1_ws/src/install/vesc_msgs/local/lib/python3.10/dist-packages/vesc_msgs/msg/_vesc_state.py'...
[1.757s] Compiling '/home/meric/f1_ws/src/install/vesc_msgs/local/lib/python3.10/dist-packages/vesc_msgs/msg/_vesc_state_stamped.py'...
[1.769s] -- Installing: /home/meric/f1_ws/src/install/vesc_msgs/local/lib/python3.10/dist-packages/vesc_msgs/vesc_msgs_s__rosidl_typesupport_fastrtps_c.cpython-310-aarch64-linux-gnu.so
[1.770s] -- Set runtime path of "/home/meric/f1_ws/src/install/vesc_msgs/local/lib/python3.10/dist-packages/vesc_msgs/vesc_msgs_s__rosidl_typesupport_fastrtps_c.cpython-310-aarch64-linux-gnu.so" to ""
[1.770s] -- Installing: /home/meric/f1_ws/src/install/vesc_msgs/local/lib/python3.10/dist-packages/vesc_msgs/vesc_msgs_s__rosidl_typesupport_introspection_c.cpython-310-aarch64-linux-gnu.so
[1.771s] -- Set runtime path of "/home/meric/f1_ws/src/install/vesc_msgs/local/lib/python3.10/dist-packages/vesc_msgs/vesc_msgs_s__rosidl_typesupport_introspection_c.cpython-310-aarch64-linux-gnu.so" to ""
[1.771s] -- Installing: /home/meric/f1_ws/src/install/vesc_msgs/local/lib/python3.10/dist-packages/vesc_msgs/vesc_msgs_s__rosidl_typesupport_c.cpython-310-aarch64-linux-gnu.so
[1.772s] -- Set runtime path of "/home/meric/f1_ws/src/install/vesc_msgs/local/lib/python3.10/dist-packages/vesc_msgs/vesc_msgs_s__rosidl_typesupport_c.cpython-310-aarch64-linux-gnu.so" to ""
[1.772s] -- Installing: /home/meric/f1_ws/src/install/vesc_msgs/lib/libvesc_msgs__rosidl_generator_py.so
[1.773s] -- Set runtime path of "/home/meric/f1_ws/src/install/vesc_msgs/lib/libvesc_msgs__rosidl_generator_py.so" to ""
[1.773s] -- Installing: /home/meric/f1_ws/src/install/vesc_msgs/share/vesc_msgs/msg/VescState.idl
[1.774s] -- Installing: /home/meric/f1_ws/src/install/vesc_msgs/share/vesc_msgs/msg/VescStateStamped.idl
[1.774s] -- Installing: /home/meric/f1_ws/src/install/vesc_msgs/share/vesc_msgs/msg/VescImu.idl
[1.774s] -- Installing: /home/meric/f1_ws/src/install/vesc_msgs/share/vesc_msgs/msg/VescImuStamped.idl
[1.775s] -- Installing: /home/meric/f1_ws/src/install/vesc_msgs/share/vesc_msgs/msg/VescState.msg
[1.776s] -- Installing: /home/meric/f1_ws/src/install/vesc_msgs/share/vesc_msgs/msg/VescStateStamped.msg
[1.776s] -- Installing: /home/meric/f1_ws/src/install/vesc_msgs/share/vesc_msgs/msg/VescImu.msg
[1.776s] -- Installing: /home/meric/f1_ws/src/install/vesc_msgs/share/vesc_msgs/msg/VescImuStamped.msg
[1.777s] -- Installing: /home/meric/f1_ws/src/install/vesc_msgs/share/ament_index/resource_index/package_run_dependencies/vesc_msgs
[1.778s] -- Installing: /home/meric/f1_ws/src/install/vesc_msgs/share/ament_index/resource_index/parent_prefix_path/vesc_msgs
[1.778s] -- Installing: /home/meric/f1_ws/src/install/vesc_msgs/share/vesc_msgs/environment/ament_prefix_path.sh
[1.778s] -- Installing: /home/meric/f1_ws/src/install/vesc_msgs/share/vesc_msgs/environment/ament_prefix_path.dsv
[1.779s] -- Installing: /home/meric/f1_ws/src/install/vesc_msgs/share/vesc_msgs/environment/path.sh
[1.779s] -- Installing: /home/meric/f1_ws/src/install/vesc_msgs/share/vesc_msgs/environment/path.dsv
[1.780s] -- Installing: /home/meric/f1_ws/src/install/vesc_msgs/share/vesc_msgs/local_setup.bash
[1.780s] -- Installing: /home/meric/f1_ws/src/install/vesc_msgs/share/vesc_msgs/local_setup.sh
[1.780s] -- Installing: /home/meric/f1_ws/src/install/vesc_msgs/share/vesc_msgs/local_setup.zsh
[1.781s] -- Installing: /home/meric/f1_ws/src/install/vesc_msgs/share/vesc_msgs/local_setup.dsv
[1.781s] -- Installing: /home/meric/f1_ws/src/install/vesc_msgs/share/vesc_msgs/package.dsv
[1.782s] -- Installing: /home/meric/f1_ws/src/install/vesc_msgs/share/ament_index/resource_index/packages/vesc_msgs
[1.783s] -- Installing: /home/meric/f1_ws/src/install/vesc_msgs/share/vesc_msgs/cmake/export_vesc_msgs__rosidl_generator_cExport.cmake
[1.783s] -- Installing: /home/meric/f1_ws/src/install/vesc_msgs/share/vesc_msgs/cmake/export_vesc_msgs__rosidl_generator_cExport-noconfig.cmake
[1.784s] -- Installing: /home/meric/f1_ws/src/install/vesc_msgs/share/vesc_msgs/cmake/export_vesc_msgs__rosidl_typesupport_fastrtps_cExport.cmake
[1.784s] -- Installing: /home/meric/f1_ws/src/install/vesc_msgs/share/vesc_msgs/cmake/export_vesc_msgs__rosidl_typesupport_fastrtps_cExport-noconfig.cmake
[1.785s] -- Installing: /home/meric/f1_ws/src/install/vesc_msgs/share/vesc_msgs/cmake/vesc_msgs__rosidl_typesupport_introspection_cExport.cmake
[1.785s] -- Installing: /home/meric/f1_ws/src/install/vesc_msgs/share/vesc_msgs/cmake/vesc_msgs__rosidl_typesupport_introspection_cExport-noconfig.cmake
[1.786s] -- Installing: /home/meric/f1_ws/src/install/vesc_msgs/share/vesc_msgs/cmake/vesc_msgs__rosidl_typesupport_cExport.cmake
[1.786s] -- Installing: /home/meric/f1_ws/src/install/vesc_msgs/share/vesc_msgs/cmake/vesc_msgs__rosidl_typesupport_cExport-noconfig.cmake
[1.787s] -- Installing: /home/meric/f1_ws/src/install/vesc_msgs/share/vesc_msgs/cmake/export_vesc_msgs__rosidl_generator_cppExport.cmake
[1.787s] -- Installing: /home/meric/f1_ws/src/install/vesc_msgs/share/vesc_msgs/cmake/export_vesc_msgs__rosidl_typesupport_fastrtps_cppExport.cmake
[1.788s] -- Installing: /home/meric/f1_ws/src/install/vesc_msgs/share/vesc_msgs/cmake/export_vesc_msgs__rosidl_typesupport_fastrtps_cppExport-noconfig.cmake
[1.788s] -- Installing: /home/meric/f1_ws/src/install/vesc_msgs/share/vesc_msgs/cmake/vesc_msgs__rosidl_typesupport_introspection_cppExport.cmake
[1.789s] -- Installing: /home/meric/f1_ws/src/install/vesc_msgs/share/vesc_msgs/cmake/vesc_msgs__rosidl_typesupport_introspection_cppExport-noconfig.cmake
[1.790s] -- Installing: /home/meric/f1_ws/src/install/vesc_msgs/share/vesc_msgs/cmake/vesc_msgs__rosidl_typesupport_cppExport.cmake
[1.790s] -- Installing: /home/meric/f1_ws/src/install/vesc_msgs/share/vesc_msgs/cmake/vesc_msgs__rosidl_typesupport_cppExport-noconfig.cmake
[1.791s] -- Installing: /home/meric/f1_ws/src/install/vesc_msgs/share/vesc_msgs/cmake/export_vesc_msgs__rosidl_generator_pyExport.cmake
[1.791s] -- Installing: /home/meric/f1_ws/src/install/vesc_msgs/share/vesc_msgs/cmake/export_vesc_msgs__rosidl_generator_pyExport-noconfig.cmake
[1.792s] -- Installing: /home/meric/f1_ws/src/install/vesc_msgs/share/vesc_msgs/cmake/rosidl_cmake-extras.cmake
[1.792s] -- Installing: /home/meric/f1_ws/src/install/vesc_msgs/share/vesc_msgs/cmake/ament_cmake_export_dependencies-extras.cmake
[1.793s] -- Installing: /home/meric/f1_ws/src/install/vesc_msgs/share/vesc_msgs/cmake/ament_cmake_export_include_directories-extras.cmake
[1.793s] -- Installing: /home/meric/f1_ws/src/install/vesc_msgs/share/vesc_msgs/cmake/ament_cmake_export_libraries-extras.cmake
[1.794s] -- Installing: /home/meric/f1_ws/src/install/vesc_msgs/share/vesc_msgs/cmake/ament_cmake_export_targets-extras.cmake
[1.794s] -- Installing: /home/meric/f1_ws/src/install/vesc_msgs/share/vesc_msgs/cmake/rosidl_cmake_export_typesupport_targets-extras.cmake
[1.795s] -- Installing: /home/meric/f1_ws/src/install/vesc_msgs/share/vesc_msgs/cmake/rosidl_cmake_export_typesupport_libraries-extras.cmake
[1.796s] -- Installing: /home/meric/f1_ws/src/install/vesc_msgs/share/vesc_msgs/cmake/vesc_msgsConfig.cmake
[1.797s] -- Installing: /home/meric/f1_ws/src/install/vesc_msgs/share/vesc_msgs/cmake/vesc_msgsConfig-version.cmake
[1.797s] -- Installing: /home/meric/f1_ws/src/install/vesc_msgs/share/vesc_msgs/package.xml
[1.804s] Invoked command in '/home/meric/f1_ws/src/build/vesc_msgs' returned '0': CMAKE_PREFIX_PATH=/opt/ros/humble /usr/bin/cmake --install /home/meric/f1_ws/src/build/vesc_msgs
