[0.054s] Invoking command in '/home/meric/f1_ws/build/teleop_tools_msgs': CMAKE_PREFIX_PATH=/opt/ros/humble /usr/bin/cmake /home/meric/f1_ws/src/f1tenth_system/teleop_tools/teleop_tools_msgs -DAMENT_CMAKE_SYMLINK_INSTALL=1 -DCMAKE_INSTALL_PREFIX=/home/meric/f1_ws/install/teleop_tools_msgs
[1.977s] -- Found ament_cmake: 1.3.10 (/opt/ros/humble/share/ament_cmake/cmake)
[1.978s] -- Override CMake install command with custom implementation using symlinks instead of copying resources
[1.979s] -- Found rosidl_default_generators: 1.2.0 (/opt/ros/humble/share/rosidl_default_generators/cmake)
[1.981s] -- Using all available rosidl_typesupport_c: rosidl_typesupport_fastrtps_c;rosidl_typesupport_introspection_c
[1.982s] -- Found rosidl_adapter: 3.1.5 (/opt/ros/humble/share/rosidl_adapter/cmake)
[1.982s] -- Using all available rosidl_typesupport_cpp: rosidl_typesupport_fastrtps_cpp;rosidl_typesupport_introspection_cpp
[1.983s] -- Found ament_lint_auto: 0.12.11 (/opt/ros/humble/share/ament_lint_auto/cmake)
[1.984s] -- Found ament_cmake_ros: 0.10.0 (/opt/ros/humble/share/ament_cmake_ros/cmake)
[1.984s] -- Using all available rosidl_typesupport_c: rosidl_typesupport_fastrtps_c;rosidl_typesupport_introspection_c
[2.174s] -- Using all available rosidl_typesupport_cpp: rosidl_typesupport_fastrtps_cpp;rosidl_typesupport_introspection_cpp
[2.241s] -- Found python_cmake_module: 0.10.0 (/opt/ros/humble/share/python_cmake_module/cmake)
[2.305s] -- Using PYTHON_EXECUTABLE: /usr/bin/python3
[2.305s] -- Using PYTHON_INCLUDE_DIRS: /usr/include/python3.10
[2.305s] -- Using PYTHON_LIBRARIES: /usr/lib/aarch64-linux-gnu/libpython3.10.so
[2.364s] -- Added test 'copyright' to check source files copyright and LICENSE
[2.367s] -- Added test 'lint_cmake' to check CMake code style
[2.368s] -- Added test 'xmllint' to check XML markup files
[2.383s] -- Configuring done
[2.485s] -- Generating done
[2.496s] -- Build files have been written to: /home/meric/f1_ws/build/teleop_tools_msgs
[2.524s] Invoked command in '/home/meric/f1_ws/build/teleop_tools_msgs' returned '0': CMAKE_PREFIX_PATH=/opt/ros/humble /usr/bin/cmake /home/meric/f1_ws/src/f1tenth_system/teleop_tools/teleop_tools_msgs -DAMENT_CMAKE_SYMLINK_INSTALL=1 -DCMAKE_INSTALL_PREFIX=/home/meric/f1_ws/install/teleop_tools_msgs
[2.525s] Invoking command in '/home/meric/f1_ws/build/teleop_tools_msgs': CMAKE_PREFIX_PATH=/opt/ros/humble /usr/bin/cmake --build /home/meric/f1_ws/build/teleop_tools_msgs -- -j6 -l6
[2.645s] [35m[1mConsolidate compiler generated dependencies of target teleop_tools_msgs__rosidl_generator_c[0m
[2.691s] [  9%] Built target teleop_tools_msgs__rosidl_generator_c
[2.713s] [ 12%] Built target teleop_tools_msgs__cpp
[2.749s] [35m[1mConsolidate compiler generated dependencies of target teleop_tools_msgs__rosidl_typesupport_c[0m
[2.749s] [35m[1mConsolidate compiler generated dependencies of target teleop_tools_msgs__rosidl_typesupport_introspection_c[0m
[2.752s] failed to create symbolic link '/home/meric/f1_ws/build/teleop_tools_msgs/ament_cmake_python/teleop_tools_msgs/teleop_tools_msgs' because existing path cannot be removed: Is a directory
[2.754s] gmake[2]: *** [CMakeFiles/ament_cmake_python_symlink_teleop_tools_msgs.dir/build.make:70: CMakeFiles/ament_cmake_python_symlink_teleop_tools_msgs] Error 1
[2.764s] gmake[1]: *** [CMakeFiles/Makefile2:421: CMakeFiles/ament_cmake_python_symlink_teleop_tools_msgs.dir/all] Error 2
[2.764s] gmake[1]: *** Waiting for unfinished jobs....
[2.773s] [35m[1mConsolidate compiler generated dependencies of target teleop_tools_msgs__rosidl_typesupport_fastrtps_c[0m
[2.802s] [ 22%] Built target teleop_tools_msgs__rosidl_typesupport_c
[2.821s] [ 32%] Built target teleop_tools_msgs__rosidl_typesupport_fastrtps_c
[2.830s] [ 41%] Built target teleop_tools_msgs__rosidl_typesupport_introspection_c
[2.833s] gmake: *** [Makefile:146: all] Error 2
[2.843s] Invoked command in '/home/meric/f1_ws/build/teleop_tools_msgs' returned '2': CMAKE_PREFIX_PATH=/opt/ros/humble /usr/bin/cmake --build /home/meric/f1_ws/build/teleop_tools_msgs -- -j6 -l6
