[0.069s] Invoking command in '/home/meric/f1_ws/build/teleop_tools_msgs': CMAKE_PREFIX_PATH=${CMAKE_PREFIX_PATH}:/home/meric/f1_ws/install/f1tenth_stack:/home/meric/f1_ws/install/joy_teleop:/home/meric/f1_ws/install/mouse_teleop:/home/meric/f1_ws/install/key_teleop:/opt/ros/humble /usr/bin/cmake /home/meric/f1_ws/src/f1tenth_system/teleop_tools/teleop_tools_msgs -DCMAKE_INSTALL_PREFIX=/home/meric/f1_ws/install/teleop_tools_msgs
[1.391s] -- The C compiler identification is GNU 11.4.0
[1.391s] -- The CXX compiler identification is GNU 11.4.0
[1.391s] -- Detecting C compiler ABI info
[1.391s] -- Detecting C compiler ABI info - done
[1.391s] -- Check for working C compiler: /usr/bin/cc - skipped
[1.391s] -- Detecting C compile features
[1.392s] -- Detecting C compile features - done
[1.392s] -- Detecting CXX compiler ABI info
[1.392s] -- Detecting CXX compiler ABI info - done
[1.392s] -- Check for working CXX compiler: /usr/bin/c++ - skipped
[1.392s] -- Detecting CXX compile features
[1.392s] -- Detecting CXX compile features - done
[1.392s] -- Found ament_cmake: 1.3.10 (/opt/ros/humble/share/ament_cmake/cmake)
[1.392s] -- Found Python3: /usr/bin/python3 (found version "3.10.12") found components: Interpreter 
[1.392s] -- Found rosidl_default_generators: 1.2.0 (/opt/ros/humble/share/rosidl_default_generators/cmake)
[1.393s] -- Using all available rosidl_typesupport_c: rosidl_typesupport_fastrtps_c;rosidl_typesupport_introspection_c
[1.393s] -- Found rosidl_adapter: 3.1.5 (/opt/ros/humble/share/rosidl_adapter/cmake)
[1.398s] -- Using all available rosidl_typesupport_cpp: rosidl_typesupport_fastrtps_cpp;rosidl_typesupport_introspection_cpp
[1.476s] -- Found ament_lint_auto: 0.12.11 (/opt/ros/humble/share/ament_lint_auto/cmake)
[2.185s] -- Found ament_cmake_ros: 0.10.0 (/opt/ros/humble/share/ament_cmake_ros/cmake)
[2.650s] -- Using all available rosidl_typesupport_c: rosidl_typesupport_fastrtps_c;rosidl_typesupport_introspection_c
[3.260s] -- Using all available rosidl_typesupport_cpp: rosidl_typesupport_fastrtps_cpp;rosidl_typesupport_introspection_cpp
[3.321s] -- Found PythonInterp: /usr/bin/python3 (found suitable version "3.10.12", minimum required is "3.6") 
[3.330s] -- Found python_cmake_module: 0.10.0 (/opt/ros/humble/share/python_cmake_module/cmake)
[3.405s] -- Found PythonLibs: /usr/lib/aarch64-linux-gnu/libpython3.10.so (found suitable version "3.10.12", minimum required is "3.5") 
[3.405s] -- Using PYTHON_EXECUTABLE: /usr/bin/python3
[3.406s] -- Using PYTHON_INCLUDE_DIRS: /usr/include/python3.10
[3.406s] -- Using PYTHON_LIBRARIES: /usr/lib/aarch64-linux-gnu/libpython3.10.so
[3.460s] -- Found PythonExtra: .so  
[3.600s] -- Added test 'copyright' to check source files copyright and LICENSE
[3.603s] -- Added test 'lint_cmake' to check CMake code style
[3.606s] -- Added test 'xmllint' to check XML markup files
[3.616s] -- Configuring done
[3.681s] -- Generating done
[3.686s] -- Build files have been written to: /home/meric/f1_ws/build/teleop_tools_msgs
