[0.045s] Invoking command in '/home/meric/f1_ws/build/vesc_driver': AMENT_PREFIX_PATH=/home/meric/f1_ws/install/vesc_msgs:${AMENT_PREFIX_PATH} CMAKE_PREFIX_PATH=/home/meric/f1_ws/install/vesc_msgs:/opt/ros/humble LD_LIBRARY_PATH=/home/meric/f1_ws/install/vesc_msgs/lib:/opt/ros/humble/opt/rviz_ogre_vendor/lib:/opt/ros/humble/lib/aarch64-linux-gnu:/opt/ros/humble/lib:/usr/local/cuda-12.2/lib64:/home/meric/f1tenth_ws/install/vesc_ackermann/lib PS1=(venv) \[\e]0;\u@\h: \w\a\]${debian_chroot:+($debian_chroot)}\[\033[01;32m\]\u@\h\[\033[00m\]:\[\033[01;34m\]\w\[\033[00m\]\$ PYTHONPATH=/home/meric/f1_ws/install/vesc_msgs/local/lib/python3.10/dist-packages:${PYTHONPATH} VIRTUAL_ENV_PROMPT=(venv) /usr/bin/cmake --build /home/meric/f1_ws/build/vesc_driver -- -j6 -l6
[0.237s] [ 60%] Built target vesc_driver
[0.238s] [ 70%] Built target vesc_driver_node
[0.284s] [100%] Built target vesc_device_namer
[0.309s] Invoked command in '/home/meric/f1_ws/build/vesc_driver' returned '0': AMENT_PREFIX_PATH=/home/meric/f1_ws/install/vesc_msgs:${AMENT_PREFIX_PATH} CMAKE_PREFIX_PATH=/home/meric/f1_ws/install/vesc_msgs:/opt/ros/humble LD_LIBRARY_PATH=/home/meric/f1_ws/install/vesc_msgs/lib:/opt/ros/humble/opt/rviz_ogre_vendor/lib:/opt/ros/humble/lib/aarch64-linux-gnu:/opt/ros/humble/lib:/usr/local/cuda-12.2/lib64:/home/meric/f1tenth_ws/install/vesc_ackermann/lib PS1=(venv) \[\e]0;\u@\h: \w\a\]${debian_chroot:+($debian_chroot)}\[\033[01;32m\]\u@\h\[\033[00m\]:\[\033[01;34m\]\w\[\033[00m\]\$ PYTHONPATH=/home/meric/f1_ws/install/vesc_msgs/local/lib/python3.10/dist-packages:${PYTHONPATH} VIRTUAL_ENV_PROMPT=(venv) /usr/bin/cmake --build /home/meric/f1_ws/build/vesc_driver -- -j6 -l6
[0.394s] Invoking command in '/home/meric/f1_ws/build/vesc_driver': AMENT_PREFIX_PATH=/home/meric/f1_ws/install/vesc_msgs:${AMENT_PREFIX_PATH} CMAKE_PREFIX_PATH=/home/meric/f1_ws/install/vesc_msgs:/opt/ros/humble LD_LIBRARY_PATH=/home/meric/f1_ws/install/vesc_msgs/lib:/opt/ros/humble/opt/rviz_ogre_vendor/lib:/opt/ros/humble/lib/aarch64-linux-gnu:/opt/ros/humble/lib:/usr/local/cuda-12.2/lib64:/home/meric/f1tenth_ws/install/vesc_ackermann/lib PS1=(venv) \[\e]0;\u@\h: \w\a\]${debian_chroot:+($debian_chroot)}\[\033[01;32m\]\u@\h\[\033[00m\]:\[\033[01;34m\]\w\[\033[00m\]\$ PYTHONPATH=/home/meric/f1_ws/install/vesc_msgs/local/lib/python3.10/dist-packages:${PYTHONPATH} VIRTUAL_ENV_PROMPT=(venv) /usr/bin/cmake --install /home/meric/f1_ws/build/vesc_driver
[0.412s] -- Install configuration: ""
[0.413s] -- Up-to-date: /home/meric/f1_ws/install/vesc_driver/lib/vesc_driver/vesc_driver_node
[0.414s] -- Up-to-date: /home/meric/f1_ws/install/vesc_driver/include
[0.414s] -- Up-to-date: /home/meric/f1_ws/install/vesc_driver/include/vesc_driver
[0.415s] -- Up-to-date: /home/meric/f1_ws/install/vesc_driver/include/vesc_driver/datatypes.hpp
[0.415s] -- Up-to-date: /home/meric/f1_ws/install/vesc_driver/include/vesc_driver/vesc_device_uuid_lookup.hpp
[0.416s] -- Up-to-date: /home/meric/f1_ws/install/vesc_driver/include/vesc_driver/vesc_driver.hpp
[0.416s] -- Up-to-date: /home/meric/f1_ws/install/vesc_driver/include/vesc_driver/vesc_interface.hpp
[0.417s] -- Up-to-date: /home/meric/f1_ws/install/vesc_driver/include/vesc_driver/vesc_packet_factory.hpp
[0.417s] -- Up-to-date: /home/meric/f1_ws/install/vesc_driver/include/vesc_driver/vesc_packet.hpp
[0.417s] -- Up-to-date: /home/meric/f1_ws/install/vesc_driver/include/vesc_driver/crc.hpp
[0.418s] -- Up-to-date: /home/meric/f1_ws/install/vesc_driver/share/vesc_driver/environment/library_path.sh
[0.418s] -- Up-to-date: /home/meric/f1_ws/install/vesc_driver/share/vesc_driver/environment/library_path.dsv
[0.419s] -- Up-to-date: /home/meric/f1_ws/install/vesc_driver/lib/libvesc_driver.so
[0.420s] -- Up-to-date: /home/meric/f1_ws/install/vesc_driver/lib/vesc_driver/vesc_device_namer
[0.420s] -- Up-to-date: /home/meric/f1_ws/install/vesc_driver/share/vesc_driver/launch
[0.422s] -- Up-to-date: /home/meric/f1_ws/install/vesc_driver/share/vesc_driver/launch/vesc_driver_node.launch.py
[0.423s] -- Up-to-date: /home/meric/f1_ws/install/vesc_driver/share/vesc_driver/params
[0.423s] -- Up-to-date: /home/meric/f1_ws/install/vesc_driver/share/vesc_driver/params/vesc_config.yaml
[0.424s] -- Up-to-date: /home/meric/f1_ws/install/vesc_driver/share/ament_index/resource_index/package_run_dependencies/vesc_driver
[0.424s] -- Up-to-date: /home/meric/f1_ws/install/vesc_driver/share/ament_index/resource_index/parent_prefix_path/vesc_driver
[0.425s] -- Up-to-date: /home/meric/f1_ws/install/vesc_driver/share/vesc_driver/environment/ament_prefix_path.sh
[0.425s] -- Up-to-date: /home/meric/f1_ws/install/vesc_driver/share/vesc_driver/environment/ament_prefix_path.dsv
[0.426s] -- Up-to-date: /home/meric/f1_ws/install/vesc_driver/share/vesc_driver/environment/path.sh
[0.426s] -- Up-to-date: /home/meric/f1_ws/install/vesc_driver/share/vesc_driver/environment/path.dsv
[0.427s] -- Up-to-date: /home/meric/f1_ws/install/vesc_driver/share/vesc_driver/local_setup.bash
[0.428s] -- Up-to-date: /home/meric/f1_ws/install/vesc_driver/share/vesc_driver/local_setup.sh
[0.428s] -- Up-to-date: /home/meric/f1_ws/install/vesc_driver/share/vesc_driver/local_setup.zsh
[0.429s] -- Up-to-date: /home/meric/f1_ws/install/vesc_driver/share/vesc_driver/local_setup.dsv
[0.429s] -- Installing: /home/meric/f1_ws/install/vesc_driver/share/vesc_driver/package.dsv
[0.430s] -- Up-to-date: /home/meric/f1_ws/install/vesc_driver/share/ament_index/resource_index/packages/vesc_driver
[0.431s] -- Up-to-date: /home/meric/f1_ws/install/vesc_driver/share/ament_index/resource_index/rclcpp_components/vesc_driver
[0.431s] -- Up-to-date: /home/meric/f1_ws/install/vesc_driver/share/vesc_driver/cmake/ament_cmake_export_dependencies-extras.cmake
[0.432s] -- Up-to-date: /home/meric/f1_ws/install/vesc_driver/share/vesc_driver/cmake/ament_cmake_export_include_directories-extras.cmake
[0.432s] -- Up-to-date: /home/meric/f1_ws/install/vesc_driver/share/vesc_driver/cmake/ament_cmake_export_libraries-extras.cmake
[0.432s] -- Up-to-date: /home/meric/f1_ws/install/vesc_driver/share/vesc_driver/cmake/vesc_driverConfig.cmake
[0.433s] -- Up-to-date: /home/meric/f1_ws/install/vesc_driver/share/vesc_driver/cmake/vesc_driverConfig-version.cmake
[0.433s] -- Up-to-date: /home/meric/f1_ws/install/vesc_driver/share/vesc_driver/package.xml
[0.442s] Invoked command in '/home/meric/f1_ws/build/vesc_driver' returned '0': AMENT_PREFIX_PATH=/home/meric/f1_ws/install/vesc_msgs:${AMENT_PREFIX_PATH} CMAKE_PREFIX_PATH=/home/meric/f1_ws/install/vesc_msgs:/opt/ros/humble LD_LIBRARY_PATH=/home/meric/f1_ws/install/vesc_msgs/lib:/opt/ros/humble/opt/rviz_ogre_vendor/lib:/opt/ros/humble/lib/aarch64-linux-gnu:/opt/ros/humble/lib:/usr/local/cuda-12.2/lib64:/home/meric/f1tenth_ws/install/vesc_ackermann/lib PS1=(venv) \[\e]0;\u@\h: \w\a\]${debian_chroot:+($debian_chroot)}\[\033[01;32m\]\u@\h\[\033[00m\]:\[\033[01;34m\]\w\[\033[00m\]\$ PYTHONPATH=/home/meric/f1_ws/install/vesc_msgs/local/lib/python3.10/dist-packages:${PYTHONPATH} VIRTUAL_ENV_PROMPT=(venv) /usr/bin/cmake --install /home/meric/f1_ws/build/vesc_driver
