[1.622s] Invoking command in '/home/meric/f1_ws/src/stanley_avoidance': PYTHONPATH=/home/meric/f1_ws/build/stanley_avoidance/prefix_override:/home/meric/.local/lib/python3.10/site-packages/colcon_core/task/python/colcon_distutils_commands:/home/meric/f1_ws/install/stanley_avoidance/lib/python3.10/site-packages:${PYTHONPATH} /usr/bin/python3 -W ignore:setup.py install is deprecated setup.py egg_info --egg-base ../../build/stanley_avoidance build --build-base /home/meric/f1_ws/build/stanley_avoidance/build install --record /home/meric/f1_ws/build/stanley_avoidance/install.log --single-version-externally-managed install_data
[2.200s] running egg_info
[2.201s] writing ../../build/stanley_avoidance/stanley_avoidance.egg-info/PKG-INFO
[2.202s] writing dependency_links to ../../build/stanley_avoidance/stanley_avoidance.egg-info/dependency_links.txt
[2.202s] writing entry points to ../../build/stanley_avoidance/stanley_avoidance.egg-info/entry_points.txt
[2.202s] writing requirements to ../../build/stanley_avoidance/stanley_avoidance.egg-info/requires.txt
[2.203s] writing top-level names to ../../build/stanley_avoidance/stanley_avoidance.egg-info/top_level.txt
[2.206s] reading manifest file '../../build/stanley_avoidance/stanley_avoidance.egg-info/SOURCES.txt'
[2.208s] adding license file 'LICENSE'
[2.209s] writing manifest file '../../build/stanley_avoidance/stanley_avoidance.egg-info/SOURCES.txt'
[2.209s] running build
[2.209s] running build_py
[2.209s] running install
[2.210s] running install_lib
[2.212s] running install_data
[2.213s] running install_egg_info
[2.217s] removing '/home/meric/f1_ws/install/stanley_avoidance/lib/python3.10/site-packages/stanley_avoidance-0.0.0-py3.10.egg-info' (and everything under it)
[2.218s] Copying ../../build/stanley_avoidance/stanley_avoidance.egg-info to /home/meric/f1_ws/install/stanley_avoidance/lib/python3.10/site-packages/stanley_avoidance-0.0.0-py3.10.egg-info
[2.219s] running install_scripts
[2.262s] Installing stanley_avoidance script to /home/meric/f1_ws/install/stanley_avoidance/lib/stanley_avoidance
[2.264s] writing list of installed files to '/home/meric/f1_ws/build/stanley_avoidance/install.log'
[2.347s] Invoked command in '/home/meric/f1_ws/src/stanley_avoidance' returned '0': PYTHONPATH=/home/meric/f1_ws/build/stanley_avoidance/prefix_override:/home/meric/.local/lib/python3.10/site-packages/colcon_core/task/python/colcon_distutils_commands:/home/meric/f1_ws/install/stanley_avoidance/lib/python3.10/site-packages:${PYTHONPATH} /usr/bin/python3 -W ignore:setup.py install is deprecated setup.py egg_info --egg-base ../../build/stanley_avoidance build --build-base /home/meric/f1_ws/build/stanley_avoidance/build install --record /home/meric/f1_ws/build/stanley_avoidance/install.log --single-version-externally-managed install_data
