[0.069s] Invoking command in '/home/meric/f1_ws/build/teleop_tools_msgs': CMAKE_PREFIX_PATH=${CMAKE_PREFIX_PATH}:/home/meric/f1_ws/install/f1tenth_stack:/home/meric/f1_ws/install/joy_teleop:/home/meric/f1_ws/install/mouse_teleop:/home/meric/f1_ws/install/key_teleop:/opt/ros/humble /usr/bin/cmake --build /home/meric/f1_ws/build/teleop_tools_msgs -- -j6 -l6
[1.437s] [  3%] Built target teleop_tools_msgs__cpp
[1.437s] [ 12%] Built target teleop_tools_msgs__rosidl_generator_c
[1.437s] [ 12%] Built target ament_cmake_python_copy_teleop_tools_msgs
[1.437s] [ 22%] Built target teleop_tools_msgs__rosidl_typesupport_introspection_cpp
[1.437s] [ 32%] Built target teleop_tools_msgs__rosidl_typesupport_fastrtps_cpp
[1.437s] [ 41%] Built target teleop_tools_msgs__rosidl_typesupport_cpp
[1.438s] [ 51%] Built target teleop_tools_msgs__rosidl_typesupport_fastrtps_c
[1.438s] [ 61%] Built target teleop_tools_msgs__rosidl_typesupport_introspection_c
[1.438s] [ 70%] Built target teleop_tools_msgs__rosidl_typesupport_c
[1.438s] [ 70%] Built target teleop_tools_msgs
[1.438s] [ 74%] Built target teleop_tools_msgs__py
[1.438s] [ 80%] Built target teleop_tools_msgs__rosidl_generator_py
[1.438s] [ 87%] Built target teleop_tools_msgs__rosidl_typesupport_fastrtps_c__pyext
[1.438s] [100%] Built target teleop_tools_msgs__rosidl_typesupport_c__pyext
[1.438s] [100%] Built target teleop_tools_msgs__rosidl_typesupport_introspection_c__pyext
[1.439s] running egg_info
[1.439s] writing teleop_tools_msgs.egg-info/PKG-INFO
[1.439s] writing dependency_links to teleop_tools_msgs.egg-info/dependency_links.txt
[1.439s] writing top-level names to teleop_tools_msgs.egg-info/top_level.txt
[1.439s] reading manifest file 'teleop_tools_msgs.egg-info/SOURCES.txt'
[1.439s] writing manifest file 'teleop_tools_msgs.egg-info/SOURCES.txt'
[1.439s] [100%] Built target ament_cmake_python_build_teleop_tools_msgs_egg
[2.048s] Invoked command in '/home/meric/f1_ws/build/teleop_tools_msgs' returned '0': CMAKE_PREFIX_PATH=${CMAKE_PREFIX_PATH}:/home/meric/f1_ws/install/f1tenth_stack:/home/meric/f1_ws/install/joy_teleop:/home/meric/f1_ws/install/mouse_teleop:/home/meric/f1_ws/install/key_teleop:/opt/ros/humble /usr/bin/cmake --build /home/meric/f1_ws/build/teleop_tools_msgs -- -j6 -l6
[2.214s] Invoking command in '/home/meric/f1_ws/build/teleop_tools_msgs': CMAKE_PREFIX_PATH=${CMAKE_PREFIX_PATH}:/home/meric/f1_ws/install/f1tenth_stack:/home/meric/f1_ws/install/joy_teleop:/home/meric/f1_ws/install/mouse_teleop:/home/meric/f1_ws/install/key_teleop:/opt/ros/humble /usr/bin/cmake --install /home/meric/f1_ws/build/teleop_tools_msgs
[2.246s] -- Install configuration: ""
[2.247s] -- Up-to-date: /home/meric/f1_ws/install/teleop_tools_msgs/share/ament_index/resource_index/rosidl_interfaces/teleop_tools_msgs
[2.247s] -- Up-to-date: /home/meric/f1_ws/install/teleop_tools_msgs/include/teleop_tools_msgs/teleop_tools_msgs
[2.248s] -- Up-to-date: /home/meric/f1_ws/install/teleop_tools_msgs/include/teleop_tools_msgs/teleop_tools_msgs/msg
[2.248s] -- Up-to-date: /home/meric/f1_ws/install/teleop_tools_msgs/include/teleop_tools_msgs/teleop_tools_msgs/msg/rosidl_generator_c__visibility_control.h
[2.248s] -- Up-to-date: /home/meric/f1_ws/install/teleop_tools_msgs/include/teleop_tools_msgs/teleop_tools_msgs/action
[2.248s] -- Up-to-date: /home/meric/f1_ws/install/teleop_tools_msgs/include/teleop_tools_msgs/teleop_tools_msgs/action/detail
[2.249s] -- Up-to-date: /home/meric/f1_ws/install/teleop_tools_msgs/include/teleop_tools_msgs/teleop_tools_msgs/action/detail/increment__functions.c
[2.249s] -- Up-to-date: /home/meric/f1_ws/install/teleop_tools_msgs/include/teleop_tools_msgs/teleop_tools_msgs/action/detail/increment__type_support.h
[2.249s] -- Up-to-date: /home/meric/f1_ws/install/teleop_tools_msgs/include/teleop_tools_msgs/teleop_tools_msgs/action/detail/increment__struct.h
[2.249s] -- Up-to-date: /home/meric/f1_ws/install/teleop_tools_msgs/include/teleop_tools_msgs/teleop_tools_msgs/action/detail/increment__functions.h
[2.249s] -- Up-to-date: /home/meric/f1_ws/install/teleop_tools_msgs/include/teleop_tools_msgs/teleop_tools_msgs/action/increment.h
[2.249s] -- Up-to-date: /home/meric/f1_ws/install/teleop_tools_msgs/share/teleop_tools_msgs/environment/library_path.sh
[2.249s] -- Up-to-date: /home/meric/f1_ws/install/teleop_tools_msgs/share/teleop_tools_msgs/environment/library_path.dsv
[2.250s] -- Up-to-date: /home/meric/f1_ws/install/teleop_tools_msgs/lib/libteleop_tools_msgs__rosidl_generator_c.so
[2.250s] -- Up-to-date: /home/meric/f1_ws/install/teleop_tools_msgs/include/teleop_tools_msgs/teleop_tools_msgs
[2.250s] -- Up-to-date: /home/meric/f1_ws/install/teleop_tools_msgs/include/teleop_tools_msgs/teleop_tools_msgs/msg
[2.250s] -- Up-to-date: /home/meric/f1_ws/install/teleop_tools_msgs/include/teleop_tools_msgs/teleop_tools_msgs/msg/rosidl_typesupport_fastrtps_c__visibility_control.h
[2.250s] -- Up-to-date: /home/meric/f1_ws/install/teleop_tools_msgs/include/teleop_tools_msgs/teleop_tools_msgs/action
[2.250s] -- Up-to-date: /home/meric/f1_ws/install/teleop_tools_msgs/include/teleop_tools_msgs/teleop_tools_msgs/action/detail
[2.250s] -- Up-to-date: /home/meric/f1_ws/install/teleop_tools_msgs/include/teleop_tools_msgs/teleop_tools_msgs/action/detail/increment__rosidl_typesupport_fastrtps_c.h
[2.251s] -- Up-to-date: /home/meric/f1_ws/install/teleop_tools_msgs/lib/libteleop_tools_msgs__rosidl_typesupport_fastrtps_c.so
[2.252s] -- Up-to-date: /home/meric/f1_ws/install/teleop_tools_msgs/include/teleop_tools_msgs/teleop_tools_msgs
[2.252s] -- Up-to-date: /home/meric/f1_ws/install/teleop_tools_msgs/include/teleop_tools_msgs/teleop_tools_msgs/msg
[2.253s] -- Up-to-date: /home/meric/f1_ws/install/teleop_tools_msgs/include/teleop_tools_msgs/teleop_tools_msgs/msg/rosidl_typesupport_introspection_c__visibility_control.h
[2.253s] -- Up-to-date: /home/meric/f1_ws/install/teleop_tools_msgs/include/teleop_tools_msgs/teleop_tools_msgs/action
[2.253s] -- Up-to-date: /home/meric/f1_ws/install/teleop_tools_msgs/include/teleop_tools_msgs/teleop_tools_msgs/action/detail
[2.253s] -- Up-to-date: /home/meric/f1_ws/install/teleop_tools_msgs/include/teleop_tools_msgs/teleop_tools_msgs/action/detail/increment__type_support.c
[2.254s] -- Up-to-date: /home/meric/f1_ws/install/teleop_tools_msgs/include/teleop_tools_msgs/teleop_tools_msgs/action/detail/increment__rosidl_typesupport_introspection_c.h
[2.254s] -- Up-to-date: /home/meric/f1_ws/install/teleop_tools_msgs/lib/libteleop_tools_msgs__rosidl_typesupport_introspection_c.so
[2.254s] -- Up-to-date: /home/meric/f1_ws/install/teleop_tools_msgs/lib/libteleop_tools_msgs__rosidl_typesupport_c.so
[2.255s] -- Up-to-date: /home/meric/f1_ws/install/teleop_tools_msgs/include/teleop_tools_msgs/teleop_tools_msgs
[2.255s] -- Up-to-date: /home/meric/f1_ws/install/teleop_tools_msgs/include/teleop_tools_msgs/teleop_tools_msgs/action
[2.255s] -- Up-to-date: /home/meric/f1_ws/install/teleop_tools_msgs/include/teleop_tools_msgs/teleop_tools_msgs/action/increment.hpp
[2.255s] -- Up-to-date: /home/meric/f1_ws/install/teleop_tools_msgs/include/teleop_tools_msgs/teleop_tools_msgs/action/detail
[2.255s] -- Up-to-date: /home/meric/f1_ws/install/teleop_tools_msgs/include/teleop_tools_msgs/teleop_tools_msgs/action/detail/increment__builder.hpp
[2.256s] -- Up-to-date: /home/meric/f1_ws/install/teleop_tools_msgs/include/teleop_tools_msgs/teleop_tools_msgs/action/detail/increment__traits.hpp
[2.256s] -- Up-to-date: /home/meric/f1_ws/install/teleop_tools_msgs/include/teleop_tools_msgs/teleop_tools_msgs/action/detail/increment__struct.hpp
[2.256s] -- Up-to-date: /home/meric/f1_ws/install/teleop_tools_msgs/include/teleop_tools_msgs/teleop_tools_msgs
[2.256s] -- Up-to-date: /home/meric/f1_ws/install/teleop_tools_msgs/include/teleop_tools_msgs/teleop_tools_msgs/msg
[2.257s] -- Up-to-date: /home/meric/f1_ws/install/teleop_tools_msgs/include/teleop_tools_msgs/teleop_tools_msgs/msg/rosidl_typesupport_fastrtps_cpp__visibility_control.h
[2.257s] -- Up-to-date: /home/meric/f1_ws/install/teleop_tools_msgs/include/teleop_tools_msgs/teleop_tools_msgs/action
[2.257s] -- Up-to-date: /home/meric/f1_ws/install/teleop_tools_msgs/include/teleop_tools_msgs/teleop_tools_msgs/action/detail
[2.257s] -- Up-to-date: /home/meric/f1_ws/install/teleop_tools_msgs/include/teleop_tools_msgs/teleop_tools_msgs/action/detail/dds_fastrtps
[2.257s] -- Up-to-date: /home/meric/f1_ws/install/teleop_tools_msgs/include/teleop_tools_msgs/teleop_tools_msgs/action/detail/increment__rosidl_typesupport_fastrtps_cpp.hpp
[2.257s] -- Up-to-date: /home/meric/f1_ws/install/teleop_tools_msgs/lib/libteleop_tools_msgs__rosidl_typesupport_fastrtps_cpp.so
[2.257s] -- Up-to-date: /home/meric/f1_ws/install/teleop_tools_msgs/include/teleop_tools_msgs/teleop_tools_msgs
[2.258s] -- Up-to-date: /home/meric/f1_ws/install/teleop_tools_msgs/include/teleop_tools_msgs/teleop_tools_msgs/action
[2.258s] -- Up-to-date: /home/meric/f1_ws/install/teleop_tools_msgs/include/teleop_tools_msgs/teleop_tools_msgs/action/detail
[2.258s] -- Up-to-date: /home/meric/f1_ws/install/teleop_tools_msgs/include/teleop_tools_msgs/teleop_tools_msgs/action/detail/increment__type_support.cpp
[2.259s] -- Up-to-date: /home/meric/f1_ws/install/teleop_tools_msgs/include/teleop_tools_msgs/teleop_tools_msgs/action/detail/increment__rosidl_typesupport_introspection_cpp.hpp
[2.259s] -- Up-to-date: /home/meric/f1_ws/install/teleop_tools_msgs/lib/libteleop_tools_msgs__rosidl_typesupport_introspection_cpp.so
[2.259s] -- Up-to-date: /home/meric/f1_ws/install/teleop_tools_msgs/lib/libteleop_tools_msgs__rosidl_typesupport_cpp.so
[2.259s] -- Up-to-date: /home/meric/f1_ws/install/teleop_tools_msgs/share/teleop_tools_msgs/environment/pythonpath.sh
[2.259s] -- Up-to-date: /home/meric/f1_ws/install/teleop_tools_msgs/share/teleop_tools_msgs/environment/pythonpath.dsv
[2.259s] -- Up-to-date: /home/meric/f1_ws/install/teleop_tools_msgs/local/lib/python3.10/dist-packages/teleop_tools_msgs-1.2.1-py3.10.egg-info
[2.259s] -- Installing: /home/meric/f1_ws/install/teleop_tools_msgs/local/lib/python3.10/dist-packages/teleop_tools_msgs-1.2.1-py3.10.egg-info/dependency_links.txt
[2.259s] -- Installing: /home/meric/f1_ws/install/teleop_tools_msgs/local/lib/python3.10/dist-packages/teleop_tools_msgs-1.2.1-py3.10.egg-info/top_level.txt
[2.260s] -- Installing: /home/meric/f1_ws/install/teleop_tools_msgs/local/lib/python3.10/dist-packages/teleop_tools_msgs-1.2.1-py3.10.egg-info/PKG-INFO
[2.260s] -- Installing: /home/meric/f1_ws/install/teleop_tools_msgs/local/lib/python3.10/dist-packages/teleop_tools_msgs-1.2.1-py3.10.egg-info/SOURCES.txt
[2.261s] -- Up-to-date: /home/meric/f1_ws/install/teleop_tools_msgs/local/lib/python3.10/dist-packages/teleop_tools_msgs
[2.261s] -- Up-to-date: /home/meric/f1_ws/install/teleop_tools_msgs/local/lib/python3.10/dist-packages/teleop_tools_msgs/teleop_tools_msgs_s__rosidl_typesupport_c.cpython-310-aarch64-linux-gnu.so
[2.261s] -- Up-to-date: /home/meric/f1_ws/install/teleop_tools_msgs/local/lib/python3.10/dist-packages/teleop_tools_msgs/__init__.py
[2.262s] -- Up-to-date: /home/meric/f1_ws/install/teleop_tools_msgs/local/lib/python3.10/dist-packages/teleop_tools_msgs/_teleop_tools_msgs_s.ep.rosidl_typesupport_c.c
[2.262s] -- Up-to-date: /home/meric/f1_ws/install/teleop_tools_msgs/local/lib/python3.10/dist-packages/teleop_tools_msgs/action
[2.262s] -- Up-to-date: /home/meric/f1_ws/install/teleop_tools_msgs/local/lib/python3.10/dist-packages/teleop_tools_msgs/action/__init__.py
[2.262s] -- Up-to-date: /home/meric/f1_ws/install/teleop_tools_msgs/local/lib/python3.10/dist-packages/teleop_tools_msgs/action/_increment.py
[2.262s] -- Up-to-date: /home/meric/f1_ws/install/teleop_tools_msgs/local/lib/python3.10/dist-packages/teleop_tools_msgs/action/_increment_s.c
[2.263s] -- Up-to-date: /home/meric/f1_ws/install/teleop_tools_msgs/local/lib/python3.10/dist-packages/teleop_tools_msgs/_teleop_tools_msgs_s.ep.rosidl_typesupport_fastrtps_c.c
[2.263s] -- Up-to-date: /home/meric/f1_ws/install/teleop_tools_msgs/local/lib/python3.10/dist-packages/teleop_tools_msgs/teleop_tools_msgs_s__rosidl_typesupport_introspection_c.cpython-310-aarch64-linux-gnu.so
[2.263s] -- Up-to-date: /home/meric/f1_ws/install/teleop_tools_msgs/local/lib/python3.10/dist-packages/teleop_tools_msgs/teleop_tools_msgs_s__rosidl_typesupport_fastrtps_c.cpython-310-aarch64-linux-gnu.so
[2.264s] -- Up-to-date: /home/meric/f1_ws/install/teleop_tools_msgs/local/lib/python3.10/dist-packages/teleop_tools_msgs/libteleop_tools_msgs__rosidl_generator_py.so
[2.264s] -- Up-to-date: /home/meric/f1_ws/install/teleop_tools_msgs/local/lib/python3.10/dist-packages/teleop_tools_msgs/_teleop_tools_msgs_s.ep.rosidl_typesupport_introspection_c.c
[2.341s] Listing '/home/meric/f1_ws/install/teleop_tools_msgs/local/lib/python3.10/dist-packages/teleop_tools_msgs'...
[2.341s] Listing '/home/meric/f1_ws/install/teleop_tools_msgs/local/lib/python3.10/dist-packages/teleop_tools_msgs/action'...
[2.351s] -- Up-to-date: /home/meric/f1_ws/install/teleop_tools_msgs/local/lib/python3.10/dist-packages/teleop_tools_msgs/teleop_tools_msgs_s__rosidl_typesupport_fastrtps_c.cpython-310-aarch64-linux-gnu.so
[2.351s] -- Up-to-date: /home/meric/f1_ws/install/teleop_tools_msgs/local/lib/python3.10/dist-packages/teleop_tools_msgs/teleop_tools_msgs_s__rosidl_typesupport_introspection_c.cpython-310-aarch64-linux-gnu.so
[2.352s] -- Up-to-date: /home/meric/f1_ws/install/teleop_tools_msgs/local/lib/python3.10/dist-packages/teleop_tools_msgs/teleop_tools_msgs_s__rosidl_typesupport_c.cpython-310-aarch64-linux-gnu.so
[2.353s] -- Up-to-date: /home/meric/f1_ws/install/teleop_tools_msgs/lib/libteleop_tools_msgs__rosidl_generator_py.so
[2.353s] -- Up-to-date: /home/meric/f1_ws/install/teleop_tools_msgs/share/teleop_tools_msgs/action/Increment.idl
[2.353s] -- Up-to-date: /home/meric/f1_ws/install/teleop_tools_msgs/share/teleop_tools_msgs/action/Increment.action
[2.353s] -- Up-to-date: /home/meric/f1_ws/install/teleop_tools_msgs/share/ament_index/resource_index/package_run_dependencies/teleop_tools_msgs
[2.353s] -- Up-to-date: /home/meric/f1_ws/install/teleop_tools_msgs/share/ament_index/resource_index/parent_prefix_path/teleop_tools_msgs
[2.353s] -- Up-to-date: /home/meric/f1_ws/install/teleop_tools_msgs/share/teleop_tools_msgs/environment/ament_prefix_path.sh
[2.354s] -- Up-to-date: /home/meric/f1_ws/install/teleop_tools_msgs/share/teleop_tools_msgs/environment/ament_prefix_path.dsv
[2.354s] -- Up-to-date: /home/meric/f1_ws/install/teleop_tools_msgs/share/teleop_tools_msgs/environment/path.sh
[2.354s] -- Up-to-date: /home/meric/f1_ws/install/teleop_tools_msgs/share/teleop_tools_msgs/environment/path.dsv
[2.354s] -- Up-to-date: /home/meric/f1_ws/install/teleop_tools_msgs/share/teleop_tools_msgs/local_setup.bash
[2.354s] -- Up-to-date: /home/meric/f1_ws/install/teleop_tools_msgs/share/teleop_tools_msgs/local_setup.sh
[2.354s] -- Up-to-date: /home/meric/f1_ws/install/teleop_tools_msgs/share/teleop_tools_msgs/local_setup.zsh
[2.354s] -- Up-to-date: /home/meric/f1_ws/install/teleop_tools_msgs/share/teleop_tools_msgs/local_setup.dsv
[2.355s] -- Installing: /home/meric/f1_ws/install/teleop_tools_msgs/share/teleop_tools_msgs/package.dsv
[2.355s] -- Up-to-date: /home/meric/f1_ws/install/teleop_tools_msgs/share/ament_index/resource_index/packages/teleop_tools_msgs
[2.355s] -- Up-to-date: /home/meric/f1_ws/install/teleop_tools_msgs/share/teleop_tools_msgs/cmake/export_teleop_tools_msgs__rosidl_generator_cExport.cmake
[2.355s] -- Up-to-date: /home/meric/f1_ws/install/teleop_tools_msgs/share/teleop_tools_msgs/cmake/export_teleop_tools_msgs__rosidl_generator_cExport-noconfig.cmake
[2.355s] -- Up-to-date: /home/meric/f1_ws/install/teleop_tools_msgs/share/teleop_tools_msgs/cmake/export_teleop_tools_msgs__rosidl_typesupport_fastrtps_cExport.cmake
[2.355s] -- Up-to-date: /home/meric/f1_ws/install/teleop_tools_msgs/share/teleop_tools_msgs/cmake/export_teleop_tools_msgs__rosidl_typesupport_fastrtps_cExport-noconfig.cmake
[2.356s] -- Up-to-date: /home/meric/f1_ws/install/teleop_tools_msgs/share/teleop_tools_msgs/cmake/teleop_tools_msgs__rosidl_typesupport_introspection_cExport.cmake
[2.356s] -- Up-to-date: /home/meric/f1_ws/install/teleop_tools_msgs/share/teleop_tools_msgs/cmake/teleop_tools_msgs__rosidl_typesupport_introspection_cExport-noconfig.cmake
[2.356s] -- Up-to-date: /home/meric/f1_ws/install/teleop_tools_msgs/share/teleop_tools_msgs/cmake/teleop_tools_msgs__rosidl_typesupport_cExport.cmake
[2.356s] -- Up-to-date: /home/meric/f1_ws/install/teleop_tools_msgs/share/teleop_tools_msgs/cmake/teleop_tools_msgs__rosidl_typesupport_cExport-noconfig.cmake
[2.356s] -- Up-to-date: /home/meric/f1_ws/install/teleop_tools_msgs/share/teleop_tools_msgs/cmake/export_teleop_tools_msgs__rosidl_generator_cppExport.cmake
[2.357s] -- Up-to-date: /home/meric/f1_ws/install/teleop_tools_msgs/share/teleop_tools_msgs/cmake/export_teleop_tools_msgs__rosidl_typesupport_fastrtps_cppExport.cmake
[2.357s] -- Up-to-date: /home/meric/f1_ws/install/teleop_tools_msgs/share/teleop_tools_msgs/cmake/export_teleop_tools_msgs__rosidl_typesupport_fastrtps_cppExport-noconfig.cmake
[2.357s] -- Up-to-date: /home/meric/f1_ws/install/teleop_tools_msgs/share/teleop_tools_msgs/cmake/teleop_tools_msgs__rosidl_typesupport_introspection_cppExport.cmake
[2.358s] -- Up-to-date: /home/meric/f1_ws/install/teleop_tools_msgs/share/teleop_tools_msgs/cmake/teleop_tools_msgs__rosidl_typesupport_introspection_cppExport-noconfig.cmake
[2.358s] -- Up-to-date: /home/meric/f1_ws/install/teleop_tools_msgs/share/teleop_tools_msgs/cmake/teleop_tools_msgs__rosidl_typesupport_cppExport.cmake
[2.358s] -- Up-to-date: /home/meric/f1_ws/install/teleop_tools_msgs/share/teleop_tools_msgs/cmake/teleop_tools_msgs__rosidl_typesupport_cppExport-noconfig.cmake
[2.358s] -- Up-to-date: /home/meric/f1_ws/install/teleop_tools_msgs/share/teleop_tools_msgs/cmake/export_teleop_tools_msgs__rosidl_generator_pyExport.cmake
[2.358s] -- Up-to-date: /home/meric/f1_ws/install/teleop_tools_msgs/share/teleop_tools_msgs/cmake/export_teleop_tools_msgs__rosidl_generator_pyExport-noconfig.cmake
[2.358s] -- Up-to-date: /home/meric/f1_ws/install/teleop_tools_msgs/share/teleop_tools_msgs/cmake/rosidl_cmake-extras.cmake
[2.358s] -- Up-to-date: /home/meric/f1_ws/install/teleop_tools_msgs/share/teleop_tools_msgs/cmake/ament_cmake_export_dependencies-extras.cmake
[2.358s] -- Up-to-date: /home/meric/f1_ws/install/teleop_tools_msgs/share/teleop_tools_msgs/cmake/ament_cmake_export_include_directories-extras.cmake
[2.359s] -- Up-to-date: /home/meric/f1_ws/install/teleop_tools_msgs/share/teleop_tools_msgs/cmake/ament_cmake_export_libraries-extras.cmake
[2.359s] -- Up-to-date: /home/meric/f1_ws/install/teleop_tools_msgs/share/teleop_tools_msgs/cmake/ament_cmake_export_targets-extras.cmake
[2.359s] -- Up-to-date: /home/meric/f1_ws/install/teleop_tools_msgs/share/teleop_tools_msgs/cmake/rosidl_cmake_export_typesupport_targets-extras.cmake
[2.359s] -- Up-to-date: /home/meric/f1_ws/install/teleop_tools_msgs/share/teleop_tools_msgs/cmake/rosidl_cmake_export_typesupport_libraries-extras.cmake
[2.359s] -- Up-to-date: /home/meric/f1_ws/install/teleop_tools_msgs/share/teleop_tools_msgs/cmake/teleop_tools_msgsConfig.cmake
[2.359s] -- Up-to-date: /home/meric/f1_ws/install/teleop_tools_msgs/share/teleop_tools_msgs/cmake/teleop_tools_msgsConfig-version.cmake
[2.359s] -- Up-to-date: /home/meric/f1_ws/install/teleop_tools_msgs/share/teleop_tools_msgs/package.xml
[2.364s] Invoked command in '/home/meric/f1_ws/build/teleop_tools_msgs' returned '0': CMAKE_PREFIX_PATH=${CMAKE_PREFIX_PATH}:/home/meric/f1_ws/install/f1tenth_stack:/home/meric/f1_ws/install/joy_teleop:/home/meric/f1_ws/install/mouse_teleop:/home/meric/f1_ws/install/key_teleop:/opt/ros/humble /usr/bin/cmake --install /home/meric/f1_ws/build/teleop_tools_msgs
