[0.060s] Invoking command in '/home/meric/f1_ws/build/vesc_driver': CMAKE_PREFIX_PATH=/home/meric/f1_ws/install/vesc_msgs:/home/meric/f1_ws/install/vesc:/home/meric/f1_ws/install/vesc_driver:/home/meric/f1_ws/install/vesc_ackermann:/home/meric/f1_ws/install/teleop_tools:/home/meric/f1_ws/install/teleop_tools_msgs:/home/meric/f1_ws/install/keyboard:/home/meric/f1_ws/install/keyboard_msgs:/home/meric/f1_ws/install/ackermann_mux:/home/meric/f1_ws/install/f1tenth_stack:/home/meric/f1_ws/install/joy_teleop:/home/meric/f1_ws/install/mouse_teleop:/home/meric/f1_ws/install/key_teleop:/opt/ros/humble LD_LIBRARY_PATH=/home/meric/f1_ws/install/vesc_msgs/lib:/home/meric/f1_ws/install/vesc_driver/lib:/home/meric/f1_ws/install/vesc_ackermann/lib:/home/meric/f1_ws/install/teleop_tools_msgs/lib:/home/meric/f1_ws/install/keyboard_msgs/lib:/opt/ros/humble/opt/rviz_ogre_vendor/lib:/opt/ros/humble/lib/aarch64-linux-gnu:/opt/ros/humble/lib:/usr/local/cuda-12.2/lib64:/home/meric/f1tenth_ws/install/vesc_ackermann/lib /usr/bin/cmake --build /home/meric/f1_ws/build/vesc_driver -- -j6 -l6
[0.259s] [ 20%] Built target vesc_driver_node
[0.264s] [ 70%] Built target vesc_driver
[0.313s] [100%] Built target vesc_device_namer
[0.337s] Invoked command in '/home/meric/f1_ws/build/vesc_driver' returned '0': CMAKE_PREFIX_PATH=/home/meric/f1_ws/install/vesc_msgs:/home/meric/f1_ws/install/vesc:/home/meric/f1_ws/install/vesc_driver:/home/meric/f1_ws/install/vesc_ackermann:/home/meric/f1_ws/install/teleop_tools:/home/meric/f1_ws/install/teleop_tools_msgs:/home/meric/f1_ws/install/keyboard:/home/meric/f1_ws/install/keyboard_msgs:/home/meric/f1_ws/install/ackermann_mux:/home/meric/f1_ws/install/f1tenth_stack:/home/meric/f1_ws/install/joy_teleop:/home/meric/f1_ws/install/mouse_teleop:/home/meric/f1_ws/install/key_teleop:/opt/ros/humble LD_LIBRARY_PATH=/home/meric/f1_ws/install/vesc_msgs/lib:/home/meric/f1_ws/install/vesc_driver/lib:/home/meric/f1_ws/install/vesc_ackermann/lib:/home/meric/f1_ws/install/teleop_tools_msgs/lib:/home/meric/f1_ws/install/keyboard_msgs/lib:/opt/ros/humble/opt/rviz_ogre_vendor/lib:/opt/ros/humble/lib/aarch64-linux-gnu:/opt/ros/humble/lib:/usr/local/cuda-12.2/lib64:/home/meric/f1tenth_ws/install/vesc_ackermann/lib /usr/bin/cmake --build /home/meric/f1_ws/build/vesc_driver -- -j6 -l6
[0.468s] Invoking command in '/home/meric/f1_ws/build/vesc_driver': CMAKE_PREFIX_PATH=/home/meric/f1_ws/install/vesc_msgs:/home/meric/f1_ws/install/vesc:/home/meric/f1_ws/install/vesc_driver:/home/meric/f1_ws/install/vesc_ackermann:/home/meric/f1_ws/install/teleop_tools:/home/meric/f1_ws/install/teleop_tools_msgs:/home/meric/f1_ws/install/keyboard:/home/meric/f1_ws/install/keyboard_msgs:/home/meric/f1_ws/install/ackermann_mux:/home/meric/f1_ws/install/f1tenth_stack:/home/meric/f1_ws/install/joy_teleop:/home/meric/f1_ws/install/mouse_teleop:/home/meric/f1_ws/install/key_teleop:/opt/ros/humble LD_LIBRARY_PATH=/home/meric/f1_ws/install/vesc_msgs/lib:/home/meric/f1_ws/install/vesc_driver/lib:/home/meric/f1_ws/install/vesc_ackermann/lib:/home/meric/f1_ws/install/teleop_tools_msgs/lib:/home/meric/f1_ws/install/keyboard_msgs/lib:/opt/ros/humble/opt/rviz_ogre_vendor/lib:/opt/ros/humble/lib/aarch64-linux-gnu:/opt/ros/humble/lib:/usr/local/cuda-12.2/lib64:/home/meric/f1tenth_ws/install/vesc_ackermann/lib /usr/bin/cmake --install /home/meric/f1_ws/build/vesc_driver
[0.490s] -- Install configuration: ""
[0.491s] -- Up-to-date: /home/meric/f1_ws/install/vesc_driver/lib/vesc_driver/vesc_driver_node
[0.492s] -- Up-to-date: /home/meric/f1_ws/install/vesc_driver/include
[0.492s] -- Up-to-date: /home/meric/f1_ws/install/vesc_driver/include/vesc_driver
[0.492s] -- Up-to-date: /home/meric/f1_ws/install/vesc_driver/include/vesc_driver/datatypes.hpp
[0.492s] -- Up-to-date: /home/meric/f1_ws/install/vesc_driver/include/vesc_driver/vesc_device_uuid_lookup.hpp
[0.492s] -- Up-to-date: /home/meric/f1_ws/install/vesc_driver/include/vesc_driver/vesc_driver.hpp
[0.492s] -- Up-to-date: /home/meric/f1_ws/install/vesc_driver/include/vesc_driver/vesc_interface.hpp
[0.492s] -- Up-to-date: /home/meric/f1_ws/install/vesc_driver/include/vesc_driver/vesc_packet_factory.hpp
[0.493s] -- Up-to-date: /home/meric/f1_ws/install/vesc_driver/include/vesc_driver/vesc_packet.hpp
[0.493s] -- Up-to-date: /home/meric/f1_ws/install/vesc_driver/include/vesc_driver/crc.hpp
[0.493s] -- Up-to-date: /home/meric/f1_ws/install/vesc_driver/share/vesc_driver/environment/library_path.sh
[0.494s] -- Up-to-date: /home/meric/f1_ws/install/vesc_driver/share/vesc_driver/environment/library_path.dsv
[0.494s] -- Up-to-date: /home/meric/f1_ws/install/vesc_driver/lib/libvesc_driver.so
[0.494s] -- Up-to-date: /home/meric/f1_ws/install/vesc_driver/lib/vesc_driver/vesc_device_namer
[0.494s] -- Up-to-date: /home/meric/f1_ws/install/vesc_driver/share/vesc_driver/launch
[0.495s] -- Up-to-date: /home/meric/f1_ws/install/vesc_driver/share/vesc_driver/launch/vesc_driver_node.launch.py
[0.495s] -- Up-to-date: /home/meric/f1_ws/install/vesc_driver/share/vesc_driver/params
[0.495s] -- Up-to-date: /home/meric/f1_ws/install/vesc_driver/share/vesc_driver/params/vesc_config.yaml
[0.495s] -- Up-to-date: /home/meric/f1_ws/install/vesc_driver/share/ament_index/resource_index/package_run_dependencies/vesc_driver
[0.495s] -- Up-to-date: /home/meric/f1_ws/install/vesc_driver/share/ament_index/resource_index/parent_prefix_path/vesc_driver
[0.495s] -- Up-to-date: /home/meric/f1_ws/install/vesc_driver/share/vesc_driver/environment/ament_prefix_path.sh
[0.496s] -- Up-to-date: /home/meric/f1_ws/install/vesc_driver/share/vesc_driver/environment/ament_prefix_path.dsv
[0.496s] -- Up-to-date: /home/meric/f1_ws/install/vesc_driver/share/vesc_driver/environment/path.sh
[0.496s] -- Up-to-date: /home/meric/f1_ws/install/vesc_driver/share/vesc_driver/environment/path.dsv
[0.496s] -- Up-to-date: /home/meric/f1_ws/install/vesc_driver/share/vesc_driver/local_setup.bash
[0.496s] -- Up-to-date: /home/meric/f1_ws/install/vesc_driver/share/vesc_driver/local_setup.sh
[0.496s] -- Up-to-date: /home/meric/f1_ws/install/vesc_driver/share/vesc_driver/local_setup.zsh
[0.496s] -- Up-to-date: /home/meric/f1_ws/install/vesc_driver/share/vesc_driver/local_setup.dsv
[0.496s] -- Installing: /home/meric/f1_ws/install/vesc_driver/share/vesc_driver/package.dsv
[0.497s] -- Up-to-date: /home/meric/f1_ws/install/vesc_driver/share/ament_index/resource_index/packages/vesc_driver
[0.497s] -- Up-to-date: /home/meric/f1_ws/install/vesc_driver/share/ament_index/resource_index/rclcpp_components/vesc_driver
[0.497s] -- Up-to-date: /home/meric/f1_ws/install/vesc_driver/share/vesc_driver/cmake/ament_cmake_export_dependencies-extras.cmake
[0.497s] -- Up-to-date: /home/meric/f1_ws/install/vesc_driver/share/vesc_driver/cmake/ament_cmake_export_include_directories-extras.cmake
[0.497s] -- Up-to-date: /home/meric/f1_ws/install/vesc_driver/share/vesc_driver/cmake/ament_cmake_export_libraries-extras.cmake
[0.497s] -- Up-to-date: /home/meric/f1_ws/install/vesc_driver/share/vesc_driver/cmake/vesc_driverConfig.cmake
[0.497s] -- Up-to-date: /home/meric/f1_ws/install/vesc_driver/share/vesc_driver/cmake/vesc_driverConfig-version.cmake
[0.497s] -- Up-to-date: /home/meric/f1_ws/install/vesc_driver/share/vesc_driver/package.xml
[0.505s] Invoked command in '/home/meric/f1_ws/build/vesc_driver' returned '0': CMAKE_PREFIX_PATH=/home/meric/f1_ws/install/vesc_msgs:/home/meric/f1_ws/install/vesc:/home/meric/f1_ws/install/vesc_driver:/home/meric/f1_ws/install/vesc_ackermann:/home/meric/f1_ws/install/teleop_tools:/home/meric/f1_ws/install/teleop_tools_msgs:/home/meric/f1_ws/install/keyboard:/home/meric/f1_ws/install/keyboard_msgs:/home/meric/f1_ws/install/ackermann_mux:/home/meric/f1_ws/install/f1tenth_stack:/home/meric/f1_ws/install/joy_teleop:/home/meric/f1_ws/install/mouse_teleop:/home/meric/f1_ws/install/key_teleop:/opt/ros/humble LD_LIBRARY_PATH=/home/meric/f1_ws/install/vesc_msgs/lib:/home/meric/f1_ws/install/vesc_driver/lib:/home/meric/f1_ws/install/vesc_ackermann/lib:/home/meric/f1_ws/install/teleop_tools_msgs/lib:/home/meric/f1_ws/install/keyboard_msgs/lib:/opt/ros/humble/opt/rviz_ogre_vendor/lib:/opt/ros/humble/lib/aarch64-linux-gnu:/opt/ros/humble/lib:/usr/local/cuda-12.2/lib64:/home/meric/f1tenth_ws/install/vesc_ackermann/lib /usr/bin/cmake --install /home/meric/f1_ws/build/vesc_driver
