[4.728s] Invoking command in '/home/meric/f1_ws/src/f1tenth_system/teleop_tools/key_teleop': PYTHONPATH=/home/meric/f1_ws/build/key_teleop/prefix_override:/home/meric/.local/lib/python3.10/site-packages/colcon_core/task/python/colcon_distutils_commands:/home/meric/f1_ws/install/key_teleop/lib/python3.10/site-packages:${PYTHONPATH} /usr/bin/python3 -W ignore:setup.py install is deprecated setup.py egg_info --egg-base ../../../../build/key_teleop build --build-base /home/meric/f1_ws/build/key_teleop/build install --record /home/meric/f1_ws/build/key_teleop/install.log --single-version-externally-managed install_data
[5.491s] /home/meric/.local/lib/python3.10/site-packages/setuptools/_distutils/dist.py:261: UserWarning: Unknown distribution option: 'tests_require'
[5.493s]   warnings.warn(msg)
[5.893s] running egg_info
[5.946s] writing ../../../../build/key_teleop/key_teleop.egg-info/PKG-INFO
[5.947s] writing dependency_links to ../../../../build/key_teleop/key_teleop.egg-info/dependency_links.txt
[5.949s] writing entry points to ../../../../build/key_teleop/key_teleop.egg-info/entry_points.txt
[5.950s] writing requirements to ../../../../build/key_teleop/key_teleop.egg-info/requires.txt
[5.951s] writing top-level names to ../../../../build/key_teleop/key_teleop.egg-info/top_level.txt
[6.034s] reading manifest file '../../../../build/key_teleop/key_teleop.egg-info/SOURCES.txt'
[6.036s] adding license file 'LICENSE'
[6.037s] Traceback (most recent call last):
[6.037s]   File "/home/meric/f1_ws/src/f1tenth_system/teleop_tools/key_teleop/setup.py", line 11, in <module>
[6.038s]     setup(
[6.038s]   File "/home/meric/.local/lib/python3.10/site-packages/setuptools/__init__.py", line 117, in setup
[6.039s]     return distutils.core.setup(**attrs)
[6.039s]   File "/home/meric/.local/lib/python3.10/site-packages/setuptools/_distutils/core.py", line 183, in setup
[6.039s]     return run_commands(dist)
[6.039s]   File "/home/meric/.local/lib/python3.10/site-packages/setuptools/_distutils/core.py", line 199, in run_commands
[6.040s]     dist.run_commands()
[6.040s]   File "/home/meric/.local/lib/python3.10/site-packages/setuptools/_distutils/dist.py", line 954, in run_commands
[6.041s]     self.run_command(cmd)
[6.041s]   File "/home/meric/.local/lib/python3.10/site-packages/setuptools/dist.py", line 950, in run_command
[6.042s]     super().run_command(command)
[6.042s]   File "/home/meric/.local/lib/python3.10/site-packages/setuptools/_distutils/dist.py", line 973, in run_command
[6.043s]     cmd_obj.run()
[6.043s]   File "/home/meric/.local/lib/python3.10/site-packages/setuptools/command/egg_info.py", line 311, in run
[6.043s]     self.find_sources()
[6.044s]   File "/home/meric/.local/lib/python3.10/site-packages/setuptools/command/egg_info.py", line 319, in find_sources
[6.044s]     mm.run()
[6.044s]   File "/home/meric/.local/lib/python3.10/site-packages/setuptools/command/egg_info.py", line 545, in run
[6.045s]     self.prune_file_list()
[6.045s]   File "/home/meric/.local/lib/python3.10/site-packages/setuptools/command/sdist.py", line 161, in prune_file_list
[6.046s]     super().prune_file_list()
[6.046s]   File "/home/meric/.local/lib/python3.10/site-packages/setuptools/_distutils/command/sdist.py", line 380, in prune_file_list
[6.046s]     base_dir = self.distribution.get_fullname()
[6.047s]   File "/home/meric/.local/lib/python3.10/site-packages/setuptools/_core_metadata.py", line 267, in get_fullname
[6.047s]     return _distribution_fullname(self.get_name(), self.get_version())
[6.048s]   File "/home/meric/.local/lib/python3.10/site-packages/setuptools/_core_metadata.py", line 285, in _distribution_fullname
[6.048s]     canonicalize_version(version, strip_trailing_zero=False),
[6.048s] TypeError: canonicalize_version() got an unexpected keyword argument 'strip_trailing_zero'
