[100%] Built target right_wall_follower_drive_node
-- Install configuration: ""
-- Up-to-date: /home/meric/f1_ws/install/cpp_right_wall_follower/lib/cpp_right_wall_follower/right_wall_follower_drive_node
-- Up-to-date: /home/meric/f1_ws/install/cpp_right_wall_follower/share/cpp_right_wall_follower//launch
-- Up-to-date: /home/meric/f1_ws/install/cpp_right_wall_follower/share/cpp_right_wall_follower//launch/right_wall_follower.launch.py
-- Up-to-date: /home/meric/f1_ws/install/cpp_right_wall_follower/share/ament_index/resource_index/package_run_dependencies/cpp_right_wall_follower
-- Up-to-date: /home/meric/f1_ws/install/cpp_right_wall_follower/share/ament_index/resource_index/parent_prefix_path/cpp_right_wall_follower
-- Up-to-date: /home/meric/f1_ws/install/cpp_right_wall_follower/share/cpp_right_wall_follower/environment/ament_prefix_path.sh
-- Up-to-date: /home/meric/f1_ws/install/cpp_right_wall_follower/share/cpp_right_wall_follower/environment/ament_prefix_path.dsv
-- Up-to-date: /home/meric/f1_ws/install/cpp_right_wall_follower/share/cpp_right_wall_follower/environment/path.sh
-- Up-to-date: /home/meric/f1_ws/install/cpp_right_wall_follower/share/cpp_right_wall_follower/environment/path.dsv
-- Up-to-date: /home/meric/f1_ws/install/cpp_right_wall_follower/share/cpp_right_wall_follower/local_setup.bash
-- Up-to-date: /home/meric/f1_ws/install/cpp_right_wall_follower/share/cpp_right_wall_follower/local_setup.sh
-- Up-to-date: /home/meric/f1_ws/install/cpp_right_wall_follower/share/cpp_right_wall_follower/local_setup.zsh
-- Up-to-date: /home/meric/f1_ws/install/cpp_right_wall_follower/share/cpp_right_wall_follower/local_setup.dsv
-- Installing: /home/meric/f1_ws/install/cpp_right_wall_follower/share/cpp_right_wall_follower/package.dsv
-- Up-to-date: /home/meric/f1_ws/install/cpp_right_wall_follower/share/ament_index/resource_index/packages/cpp_right_wall_follower
-- Up-to-date: /home/meric/f1_ws/install/cpp_right_wall_follower/share/cpp_right_wall_follower/cmake/ament_cmake_export_dependencies-extras.cmake
-- Up-to-date: /home/meric/f1_ws/install/cpp_right_wall_follower/share/cpp_right_wall_follower/cmake/ament_cmake_export_include_directories-extras.cmake
-- Up-to-date: /home/meric/f1_ws/install/cpp_right_wall_follower/share/cpp_right_wall_follower/cmake/cpp_right_wall_followerConfig.cmake
-- Up-to-date: /home/meric/f1_ws/install/cpp_right_wall_follower/share/cpp_right_wall_follower/cmake/cpp_right_wall_followerConfig-version.cmake
-- Up-to-date: /home/meric/f1_ws/install/cpp_right_wall_follower/share/cpp_right_wall_follower/package.xml
