[0.797s] Invoking command in '/home/meric/f1_ws/build/cpp_right_wall_follower': CMAKE_PREFIX_PATH=${CMAKE_PREFIX_PATH}:/home/meric/f1_ws/install/f1tenth_stack:/home/meric/f1_ws/install/joy_teleop:/home/meric/f1_ws/install/mouse_teleop:/home/meric/f1_ws/install/key_teleop:/opt/ros/humble /usr/bin/cmake --build /home/meric/f1_ws/build/cpp_right_wall_follower -- -j6 -l6
[0.925s] [100%] Built target right_wall_follower_drive_node
[1.477s] Invoked command in '/home/meric/f1_ws/build/cpp_right_wall_follower' returned '0': CMAKE_PREFIX_PATH=${CMAKE_PREFIX_PATH}:/home/meric/f1_ws/install/f1tenth_stack:/home/meric/f1_ws/install/joy_teleop:/home/meric/f1_ws/install/mouse_teleop:/home/meric/f1_ws/install/key_teleop:/opt/ros/humble /usr/bin/cmake --build /home/meric/f1_ws/build/cpp_right_wall_follower -- -j6 -l6
[1.584s] Invoking command in '/home/meric/f1_ws/build/cpp_right_wall_follower': CMAKE_PREFIX_PATH=${CMAKE_PREFIX_PATH}:/home/meric/f1_ws/install/f1tenth_stack:/home/meric/f1_ws/install/joy_teleop:/home/meric/f1_ws/install/mouse_teleop:/home/meric/f1_ws/install/key_teleop:/opt/ros/humble /usr/bin/cmake --install /home/meric/f1_ws/build/cpp_right_wall_follower
[1.613s] -- Install configuration: ""
[1.614s] -- Up-to-date: /home/meric/f1_ws/install/cpp_right_wall_follower/lib/cpp_right_wall_follower/right_wall_follower_drive_node
[1.614s] -- Up-to-date: /home/meric/f1_ws/install/cpp_right_wall_follower/share/cpp_right_wall_follower//launch
[1.614s] -- Up-to-date: /home/meric/f1_ws/install/cpp_right_wall_follower/share/cpp_right_wall_follower//launch/right_wall_follower.launch.py
[1.614s] -- Up-to-date: /home/meric/f1_ws/install/cpp_right_wall_follower/share/ament_index/resource_index/package_run_dependencies/cpp_right_wall_follower
[1.615s] -- Up-to-date: /home/meric/f1_ws/install/cpp_right_wall_follower/share/ament_index/resource_index/parent_prefix_path/cpp_right_wall_follower
[1.615s] -- Up-to-date: /home/meric/f1_ws/install/cpp_right_wall_follower/share/cpp_right_wall_follower/environment/ament_prefix_path.sh
[1.615s] -- Up-to-date: /home/meric/f1_ws/install/cpp_right_wall_follower/share/cpp_right_wall_follower/environment/ament_prefix_path.dsv
[1.616s] -- Up-to-date: /home/meric/f1_ws/install/cpp_right_wall_follower/share/cpp_right_wall_follower/environment/path.sh
[1.616s] -- Up-to-date: /home/meric/f1_ws/install/cpp_right_wall_follower/share/cpp_right_wall_follower/environment/path.dsv
[1.616s] -- Up-to-date: /home/meric/f1_ws/install/cpp_right_wall_follower/share/cpp_right_wall_follower/local_setup.bash
[1.616s] -- Up-to-date: /home/meric/f1_ws/install/cpp_right_wall_follower/share/cpp_right_wall_follower/local_setup.sh
[1.617s] -- Up-to-date: /home/meric/f1_ws/install/cpp_right_wall_follower/share/cpp_right_wall_follower/local_setup.zsh
[1.617s] -- Up-to-date: /home/meric/f1_ws/install/cpp_right_wall_follower/share/cpp_right_wall_follower/local_setup.dsv
[1.617s] -- Installing: /home/meric/f1_ws/install/cpp_right_wall_follower/share/cpp_right_wall_follower/package.dsv
[1.617s] -- Up-to-date: /home/meric/f1_ws/install/cpp_right_wall_follower/share/ament_index/resource_index/packages/cpp_right_wall_follower
[1.618s] -- Up-to-date: /home/meric/f1_ws/install/cpp_right_wall_follower/share/cpp_right_wall_follower/cmake/ament_cmake_export_dependencies-extras.cmake
[1.618s] -- Up-to-date: /home/meric/f1_ws/install/cpp_right_wall_follower/share/cpp_right_wall_follower/cmake/ament_cmake_export_include_directories-extras.cmake
[1.618s] -- Up-to-date: /home/meric/f1_ws/install/cpp_right_wall_follower/share/cpp_right_wall_follower/cmake/cpp_right_wall_followerConfig.cmake
[1.619s] -- Up-to-date: /home/meric/f1_ws/install/cpp_right_wall_follower/share/cpp_right_wall_follower/cmake/cpp_right_wall_followerConfig-version.cmake
[1.619s] -- Up-to-date: /home/meric/f1_ws/install/cpp_right_wall_follower/share/cpp_right_wall_follower/package.xml
[1.632s] Invoked command in '/home/meric/f1_ws/build/cpp_right_wall_follower' returned '0': CMAKE_PREFIX_PATH=${CMAKE_PREFIX_PATH}:/home/meric/f1_ws/install/f1tenth_stack:/home/meric/f1_ws/install/joy_teleop:/home/meric/f1_ws/install/mouse_teleop:/home/meric/f1_ws/install/key_teleop:/opt/ros/humble /usr/bin/cmake --install /home/meric/f1_ws/build/cpp_right_wall_follower
