[2.947s] Invoking command in '/home/meric/f1_ws/build/mouse_teleop': PYTHONPATH=/home/meric/f1_ws/build/mouse_teleop/prefix_override:/home/meric/.local/lib/python3.10/site-packages/colcon_core/task/python/colcon_distutils_commands:/home/meric/f1_ws/install/mouse_teleop/lib/python3.10/site-packages:${PYTHONPATH} /usr/bin/python3 -W ignore:setup.py install is deprecated setup.py develop --editable --build-directory /home/meric/f1_ws/build/mouse_teleop/build --no-deps symlink_data --force
[3.569s] running develop
[3.931s] running egg_info
[3.931s] writing mouse_teleop.egg-info/PKG-INFO
[3.932s] writing dependency_links to mouse_teleop.egg-info/dependency_links.txt
[3.932s] writing entry points to mouse_teleop.egg-info/entry_points.txt
[3.933s] writing requirements to mouse_teleop.egg-info/requires.txt
[3.933s] writing top-level names to mouse_teleop.egg-info/top_level.txt
[3.937s] reading manifest file 'mouse_teleop.egg-info/SOURCES.txt'
[3.939s] writing manifest file 'mouse_teleop.egg-info/SOURCES.txt'
[3.942s] running build_ext
[3.942s] Creating /home/meric/f1_ws/install/mouse_teleop/lib/python3.10/site-packages/mouse-teleop.egg-link (link to .)
[3.944s] Installing mouse_teleop script to /home/meric/f1_ws/install/mouse_teleop/lib/mouse_teleop
[3.944s] 
[3.945s] Installed /home/meric/f1_ws/build/mouse_teleop
[3.945s] running symlink_data
[3.945s] symbolically linking /home/meric/f1_ws/build/mouse_teleop/package.xml -> /home/meric/f1_ws/install/mouse_teleop/share/mouse_teleop
[3.945s] symbolically linking /home/meric/f1_ws/build/mouse_teleop/config/mouse_teleop.yaml -> /home/meric/f1_ws/install/mouse_teleop/share/mouse_teleop/config
[3.946s] symbolically linking /home/meric/f1_ws/build/mouse_teleop/launch/mouse_teleop.launch.py -> /home/meric/f1_ws/install/mouse_teleop/share/mouse_teleop/launch
[3.946s] symbolically linking /home/meric/f1_ws/build/mouse_teleop/resource/mouse_teleop -> /home/meric/f1_ws/install/mouse_teleop/share/ament_index/resource_index/packages
