[0.039s] Invoking command in '/home/meric/f1_ws/build/ackermann_mux': CMAKE_PREFIX_PATH=/opt/ros/humble /usr/bin/cmake /home/meric/f1_ws/src/f1tenth_system/ackermann_mux -DCMAKE_INSTALL_PREFIX=/home/meric/f1_ws/install/ackermann_mux
[0.589s] -- The C compiler identification is GNU 11.4.0
[0.589s] -- The CXX compiler identification is GNU 11.4.0
[0.589s] -- Detecting C compiler ABI info
[0.589s] -- Detecting C compiler ABI info - done
[0.589s] -- Check for working C compiler: /usr/bin/cc - skipped
[0.589s] -- Detecting C compile features
[0.590s] -- Detecting C compile features - done
[0.590s] -- Detecting CXX compiler ABI info
[0.605s] -- Detecting CXX compiler ABI info - done
[0.619s] -- Check for working CXX compiler: /usr/bin/c++ - skipped
[0.619s] -- Detecting CXX compile features
[0.621s] -- Detecting CXX compile features - done
[0.626s] -- Found ament_cmake: 1.3.10 (/opt/ros/humble/share/ament_cmake/cmake)
[1.550s] -- Found Python3: /usr/bin/python3 (found version "3.10.12") found components: Interpreter 
[1.744s] -- Found rclcpp: 16.0.10 (/opt/ros/humble/share/rclcpp/cmake)
[1.816s] -- Found rosidl_generator_c: 3.1.5 (/opt/ros/humble/share/rosidl_generator_c/cmake)
[1.827s] -- Found rosidl_adapter: 3.1.5 (/opt/ros/humble/share/rosidl_adapter/cmake)
[1.843s] -- Found rosidl_generator_cpp: 3.1.5 (/opt/ros/humble/share/rosidl_generator_cpp/cmake)
[1.870s] -- Using all available rosidl_typesupport_c: rosidl_typesupport_fastrtps_c;rosidl_typesupport_introspection_c
[1.900s] -- Using all available rosidl_typesupport_cpp: rosidl_typesupport_fastrtps_cpp;rosidl_typesupport_introspection_cpp
[1.984s] -- Found rmw_implementation_cmake: 6.1.2 (/opt/ros/humble/share/rmw_implementation_cmake/cmake)
[1.988s] -- Found rmw_fastrtps_cpp: 6.2.7 (/opt/ros/humble/share/rmw_fastrtps_cpp/cmake)
[2.167s] -- Found OpenSSL: /usr/lib/aarch64-linux-gnu/libcrypto.so (found version "3.0.2")  
[2.226s] -- Found FastRTPS: /opt/ros/humble/include  
[2.308s] -- Using RMW implementation 'rmw_fastrtps_cpp' as default
[2.322s] -- Looking for pthread.h
[2.473s] -- Looking for pthread.h - found
[2.473s] -- Performing Test CMAKE_HAVE_LIBC_PTHREAD
[2.624s] -- Performing Test CMAKE_HAVE_LIBC_PTHREAD - Success
[2.626s] -- Found Threads: TRUE  
[2.726s] -- Found ackermann_msgs: 2.0.2 (/opt/ros/humble/share/ackermann_msgs/cmake)
[2.753s] -- Found diagnostic_updater: 4.0.0 (/opt/ros/humble/share/diagnostic_updater/cmake)
[2.796s] -- Found ament_lint_auto: 0.12.11 (/opt/ros/humble/share/ament_lint_auto/cmake)
[3.001s] -- Found python_cmake_module: 0.10.0 (/opt/ros/humble/share/python_cmake_module/cmake)
[3.054s] -- Found PythonInterp: /usr/bin/python3 (found suitable version "3.10.12", minimum required is "3.6") 
[3.066s] -- Found PythonLibs: /usr/lib/aarch64-linux-gnu/libpython3.10.so (found suitable version "3.10.12", minimum required is "3.5") 
[3.067s] -- Using PYTHON_EXECUTABLE: /usr/bin/python3
[3.067s] -- Using PYTHON_INCLUDE_DIRS: /usr/include/python3.10
[3.067s] -- Using PYTHON_LIBRARIES: /usr/lib/aarch64-linux-gnu/libpython3.10.so
[3.126s] -- Found PythonExtra: .so  
[3.155s] -- Added test 'xmllint' to check XML markup files
[3.156s] -- Added test 'copyright' to check source files copyright and LICENSE
[3.161s] -- Added test 'cppcheck' to perform static code analysis on C / C++ code
[3.161s] -- Configured cppcheck include dirs: /home/meric/f1_ws/src/f1tenth_system/ackermann_mux/include
[3.161s] -- Configured cppcheck exclude dirs and/or files: 
[3.165s] -- Added test 'cpplint' to check C / C++ code against the Google style
[3.165s] -- Configured cpplint exclude dirs and/or files: 
[3.166s] -- Added test 'flake8' to check Python code syntax and style conventions
[3.168s] -- Added test 'lint_cmake' to check CMake code style
[3.169s] -- Added test 'pep257' to check Python code against some of the docstring style conventions in PEP 257
[3.172s] -- Added test 'uncrustify' to check C / C++ code style
[3.172s] -- Configured uncrustify additional arguments: 
[3.176s] -- Configuring done
[3.198s] -- Generating done
[3.202s] -- Build files have been written to: /home/meric/f1_ws/build/ackermann_mux
