[0.025s] Invoking command in '/home/meric/f1_ws/build/cpp_right_wall_follower': CMAKE_PREFIX_PATH=${CMAKE_PREFIX_PATH}:/home/meric/f1_ws/install/f1tenth_stack:/home/meric/f1_ws/install/joy_teleop:/home/meric/f1_ws/install/mouse_teleop:/home/meric/f1_ws/install/key_teleop:/opt/ros/humble /usr/bin/cmake --build /home/meric/f1_ws/build/cpp_right_wall_follower -- -j6 -l6
[0.151s] [100%] Built target right_wall_follower_drive_node
[0.178s] Invoked command in '/home/meric/f1_ws/build/cpp_right_wall_follower' returned '0': CMAKE_PREFIX_PATH=${CMAKE_PREFIX_PATH}:/home/meric/f1_ws/install/f1tenth_stack:/home/meric/f1_ws/install/joy_teleop:/home/meric/f1_ws/install/mouse_teleop:/home/meric/f1_ws/install/key_teleop:/opt/ros/humble /usr/bin/cmake --build /home/meric/f1_ws/build/cpp_right_wall_follower -- -j6 -l6
[0.257s] Invoking command in '/home/meric/f1_ws/build/cpp_right_wall_follower': CMAKE_PREFIX_PATH=${CMAKE_PREFIX_PATH}:/home/meric/f1_ws/install/f1tenth_stack:/home/meric/f1_ws/install/joy_teleop:/home/meric/f1_ws/install/mouse_teleop:/home/meric/f1_ws/install/key_teleop:/opt/ros/humble /usr/bin/cmake --install /home/meric/f1_ws/build/cpp_right_wall_follower
[0.278s] -- Install configuration: ""
[0.278s] -- Up-to-date: /home/meric/f1_ws/install/cpp_right_wall_follower/lib/cpp_right_wall_follower/right_wall_follower_drive_node
[0.279s] -- Up-to-date: /home/meric/f1_ws/install/cpp_right_wall_follower/share/cpp_right_wall_follower//launch
[0.279s] -- Up-to-date: /home/meric/f1_ws/install/cpp_right_wall_follower/share/cpp_right_wall_follower//launch/right_wall_follower.launch.py
[0.279s] -- Up-to-date: /home/meric/f1_ws/install/cpp_right_wall_follower/share/ament_index/resource_index/package_run_dependencies/cpp_right_wall_follower
[0.279s] -- Up-to-date: /home/meric/f1_ws/install/cpp_right_wall_follower/share/ament_index/resource_index/parent_prefix_path/cpp_right_wall_follower
[0.280s] -- Up-to-date: /home/meric/f1_ws/install/cpp_right_wall_follower/share/cpp_right_wall_follower/environment/ament_prefix_path.sh
[0.280s] -- Up-to-date: /home/meric/f1_ws/install/cpp_right_wall_follower/share/cpp_right_wall_follower/environment/ament_prefix_path.dsv
[0.280s] -- Up-to-date: /home/meric/f1_ws/install/cpp_right_wall_follower/share/cpp_right_wall_follower/environment/path.sh
[0.280s] -- Up-to-date: /home/meric/f1_ws/install/cpp_right_wall_follower/share/cpp_right_wall_follower/environment/path.dsv
[0.280s] -- Up-to-date: /home/meric/f1_ws/install/cpp_right_wall_follower/share/cpp_right_wall_follower/local_setup.bash
[0.280s] -- Up-to-date: /home/meric/f1_ws/install/cpp_right_wall_follower/share/cpp_right_wall_follower/local_setup.sh
[0.281s] -- Up-to-date: /home/meric/f1_ws/install/cpp_right_wall_follower/share/cpp_right_wall_follower/local_setup.zsh
[0.281s] -- Up-to-date: /home/meric/f1_ws/install/cpp_right_wall_follower/share/cpp_right_wall_follower/local_setup.dsv
[0.281s] -- Installing: /home/meric/f1_ws/install/cpp_right_wall_follower/share/cpp_right_wall_follower/package.dsv
[0.281s] -- Up-to-date: /home/meric/f1_ws/install/cpp_right_wall_follower/share/ament_index/resource_index/packages/cpp_right_wall_follower
[0.281s] -- Up-to-date: /home/meric/f1_ws/install/cpp_right_wall_follower/share/cpp_right_wall_follower/cmake/ament_cmake_export_dependencies-extras.cmake
[0.281s] -- Up-to-date: /home/meric/f1_ws/install/cpp_right_wall_follower/share/cpp_right_wall_follower/cmake/ament_cmake_export_include_directories-extras.cmake
[0.282s] -- Up-to-date: /home/meric/f1_ws/install/cpp_right_wall_follower/share/cpp_right_wall_follower/cmake/cpp_right_wall_followerConfig.cmake
[0.282s] -- Up-to-date: /home/meric/f1_ws/install/cpp_right_wall_follower/share/cpp_right_wall_follower/cmake/cpp_right_wall_followerConfig-version.cmake
[0.282s] -- Up-to-date: /home/meric/f1_ws/install/cpp_right_wall_follower/share/cpp_right_wall_follower/package.xml
[0.286s] Invoked command in '/home/meric/f1_ws/build/cpp_right_wall_follower' returned '0': CMAKE_PREFIX_PATH=${CMAKE_PREFIX_PATH}:/home/meric/f1_ws/install/f1tenth_stack:/home/meric/f1_ws/install/joy_teleop:/home/meric/f1_ws/install/mouse_teleop:/home/meric/f1_ws/install/key_teleop:/opt/ros/humble /usr/bin/cmake --install /home/meric/f1_ws/build/cpp_right_wall_follower
