[0.067s] Invoking command in '/home/meric/f1_ws/build/vesc_msgs': CMAKE_PREFIX_PATH=/opt/ros/humble PS1=(venv) \[\e]0;\u@\h: \w\a\]${debian_chroot:+($debian_chroot)}\[\033[01;32m\]\u@\h\[\033[00m\]:\[\033[01;34m\]\w\[\033[00m\]\$ VIRTUAL_ENV_PROMPT=(venv) /usr/bin/cmake --build /home/meric/f1_ws/build/vesc_msgs -- -j6 -l6
[1.906s] [  1%] Built target vesc_msgs__cpp
[1.907s] [ 12%] Built target vesc_msgs__rosidl_generator_c
[1.907s] [ 12%] Built target ament_cmake_python_copy_vesc_msgs
[1.908s] [ 23%] Built target vesc_msgs__rosidl_typesupport_cpp
[1.908s] [ 34%] Built target vesc_msgs__rosidl_typesupport_fastrtps_cpp
[1.909s] [ 45%] Built target vesc_msgs__rosidl_typesupport_fastrtps_c
[1.910s] [ 56%] Built target vesc_msgs__rosidl_typesupport_introspection_cpp
[1.911s] [ 67%] Built target vesc_msgs__rosidl_typesupport_c
[1.912s] [ 78%] Built target vesc_msgs__rosidl_typesupport_introspection_c
[1.912s] [ 78%] Built target vesc_msgs
[1.913s] [ 80%] Built target vesc_msgs__py
[1.914s] [ 89%] Built target vesc_msgs__rosidl_generator_py
[1.914s] [ 92%] Built target vesc_msgs__rosidl_typesupport_fastrtps_c__pyext
[1.914s] [100%] Built target vesc_msgs__rosidl_typesupport_introspection_c__pyext
[1.915s] [100%] Built target vesc_msgs__rosidl_typesupport_c__pyext
[1.916s] running egg_info
[1.916s] writing vesc_msgs.egg-info/PKG-INFO
[1.916s] writing dependency_links to vesc_msgs.egg-info/dependency_links.txt
[1.916s] writing top-level names to vesc_msgs.egg-info/top_level.txt
[1.916s] reading manifest file 'vesc_msgs.egg-info/SOURCES.txt'
[1.916s] writing manifest file 'vesc_msgs.egg-info/SOURCES.txt'
[1.916s] [100%] Built target ament_cmake_python_build_vesc_msgs_egg
[1.920s] Invoked command in '/home/meric/f1_ws/build/vesc_msgs' returned '0': CMAKE_PREFIX_PATH=/opt/ros/humble PS1=(venv) \[\e]0;\u@\h: \w\a\]${debian_chroot:+($debian_chroot)}\[\033[01;32m\]\u@\h\[\033[00m\]:\[\033[01;34m\]\w\[\033[00m\]\$ VIRTUAL_ENV_PROMPT=(venv) /usr/bin/cmake --build /home/meric/f1_ws/build/vesc_msgs -- -j6 -l6
[2.182s] Invoking command in '/home/meric/f1_ws/build/vesc_msgs': CMAKE_PREFIX_PATH=/opt/ros/humble PS1=(venv) \[\e]0;\u@\h: \w\a\]${debian_chroot:+($debian_chroot)}\[\033[01;32m\]\u@\h\[\033[00m\]:\[\033[01;34m\]\w\[\033[00m\]\$ VIRTUAL_ENV_PROMPT=(venv) /usr/bin/cmake --install /home/meric/f1_ws/build/vesc_msgs
[2.200s] -- Install configuration: ""
[2.200s] -- Up-to-date: /home/meric/f1_ws/install/vesc_msgs/share/ament_index/resource_index/rosidl_interfaces/vesc_msgs
[2.200s] -- Up-to-date: /home/meric/f1_ws/install/vesc_msgs/include/vesc_msgs/vesc_msgs
[2.200s] -- Up-to-date: /home/meric/f1_ws/install/vesc_msgs/include/vesc_msgs/vesc_msgs/msg
[2.200s] -- Up-to-date: /home/meric/f1_ws/install/vesc_msgs/include/vesc_msgs/vesc_msgs/msg/rosidl_generator_c__visibility_control.h
[2.200s] -- Up-to-date: /home/meric/f1_ws/install/vesc_msgs/include/vesc_msgs/vesc_msgs/msg/detail
[2.200s] -- Up-to-date: /home/meric/f1_ws/install/vesc_msgs/include/vesc_msgs/vesc_msgs/msg/detail/vesc_state_stamped__type_support.h
[2.201s] -- Up-to-date: /home/meric/f1_ws/install/vesc_msgs/include/vesc_msgs/vesc_msgs/msg/detail/vesc_imu_stamped__struct.h
[2.201s] -- Up-to-date: /home/meric/f1_ws/install/vesc_msgs/include/vesc_msgs/vesc_msgs/msg/detail/vesc_imu_stamped__functions.h
[2.201s] -- Up-to-date: /home/meric/f1_ws/install/vesc_msgs/include/vesc_msgs/vesc_msgs/msg/detail/vesc_imu_stamped__type_support.h
[2.206s] -- Up-to-date: /home/meric/f1_ws/install/vesc_msgs/include/vesc_msgs/vesc_msgs/msg/detail/vesc_imu__functions.c
[2.206s] -- Up-to-date: /home/meric/f1_ws/install/vesc_msgs/include/vesc_msgs/vesc_msgs/msg/detail/vesc_imu__struct.h
[2.207s] -- Up-to-date: /home/meric/f1_ws/install/vesc_msgs/include/vesc_msgs/vesc_msgs/msg/detail/vesc_state__struct.h
[2.208s] -- Up-to-date: /home/meric/f1_ws/install/vesc_msgs/include/vesc_msgs/vesc_msgs/msg/detail/vesc_state_stamped__struct.h
[2.208s] -- Up-to-date: /home/meric/f1_ws/install/vesc_msgs/include/vesc_msgs/vesc_msgs/msg/detail/vesc_state_stamped__functions.h
[2.208s] -- Up-to-date: /home/meric/f1_ws/install/vesc_msgs/include/vesc_msgs/vesc_msgs/msg/detail/vesc_state__type_support.h
[2.209s] -- Up-to-date: /home/meric/f1_ws/install/vesc_msgs/include/vesc_msgs/vesc_msgs/msg/detail/vesc_state__functions.c
[2.211s] -- Up-to-date: /home/meric/f1_ws/install/vesc_msgs/include/vesc_msgs/vesc_msgs/msg/detail/vesc_imu__functions.h
[2.212s] -- Up-to-date: /home/meric/f1_ws/install/vesc_msgs/include/vesc_msgs/vesc_msgs/msg/detail/vesc_state_stamped__functions.c
[2.213s] -- Up-to-date: /home/meric/f1_ws/install/vesc_msgs/include/vesc_msgs/vesc_msgs/msg/detail/vesc_imu_stamped__functions.c
[2.213s] -- Up-to-date: /home/meric/f1_ws/install/vesc_msgs/include/vesc_msgs/vesc_msgs/msg/detail/vesc_imu__type_support.h
[2.214s] -- Up-to-date: /home/meric/f1_ws/install/vesc_msgs/include/vesc_msgs/vesc_msgs/msg/detail/vesc_state__functions.h
[2.214s] -- Up-to-date: /home/meric/f1_ws/install/vesc_msgs/include/vesc_msgs/vesc_msgs/msg/vesc_state_stamped.h
[2.214s] -- Up-to-date: /home/meric/f1_ws/install/vesc_msgs/include/vesc_msgs/vesc_msgs/msg/vesc_state.h
[2.215s] -- Up-to-date: /home/meric/f1_ws/install/vesc_msgs/include/vesc_msgs/vesc_msgs/msg/vesc_imu.h
[2.215s] -- Up-to-date: /home/meric/f1_ws/install/vesc_msgs/include/vesc_msgs/vesc_msgs/msg/vesc_imu_stamped.h
[2.215s] -- Up-to-date: /home/meric/f1_ws/install/vesc_msgs/share/vesc_msgs/environment/library_path.sh
[2.216s] -- Up-to-date: /home/meric/f1_ws/install/vesc_msgs/share/vesc_msgs/environment/library_path.dsv
[2.216s] -- Up-to-date: /home/meric/f1_ws/install/vesc_msgs/lib/libvesc_msgs__rosidl_generator_c.so
[2.216s] -- Up-to-date: /home/meric/f1_ws/install/vesc_msgs/include/vesc_msgs/vesc_msgs
[2.217s] -- Up-to-date: /home/meric/f1_ws/install/vesc_msgs/include/vesc_msgs/vesc_msgs/msg
[2.218s] -- Up-to-date: /home/meric/f1_ws/install/vesc_msgs/include/vesc_msgs/vesc_msgs/msg/detail
[2.219s] -- Up-to-date: /home/meric/f1_ws/install/vesc_msgs/include/vesc_msgs/vesc_msgs/msg/detail/vesc_imu__rosidl_typesupport_fastrtps_c.h
[2.220s] -- Up-to-date: /home/meric/f1_ws/install/vesc_msgs/include/vesc_msgs/vesc_msgs/msg/detail/vesc_state_stamped__rosidl_typesupport_fastrtps_c.h
[2.220s] -- Up-to-date: /home/meric/f1_ws/install/vesc_msgs/include/vesc_msgs/vesc_msgs/msg/detail/vesc_imu_stamped__rosidl_typesupport_fastrtps_c.h
[2.220s] -- Up-to-date: /home/meric/f1_ws/install/vesc_msgs/include/vesc_msgs/vesc_msgs/msg/detail/vesc_state__rosidl_typesupport_fastrtps_c.h
[2.220s] -- Up-to-date: /home/meric/f1_ws/install/vesc_msgs/include/vesc_msgs/vesc_msgs/msg/rosidl_typesupport_fastrtps_c__visibility_control.h
[2.221s] -- Up-to-date: /home/meric/f1_ws/install/vesc_msgs/lib/libvesc_msgs__rosidl_typesupport_fastrtps_c.so
[2.222s] -- Up-to-date: /home/meric/f1_ws/install/vesc_msgs/include/vesc_msgs/vesc_msgs
[2.225s] -- Up-to-date: /home/meric/f1_ws/install/vesc_msgs/include/vesc_msgs/vesc_msgs/msg
[2.226s] -- Up-to-date: /home/meric/f1_ws/install/vesc_msgs/include/vesc_msgs/vesc_msgs/msg/rosidl_typesupport_introspection_c__visibility_control.h
[2.226s] -- Up-to-date: /home/meric/f1_ws/install/vesc_msgs/include/vesc_msgs/vesc_msgs/msg/detail
[2.226s] -- Up-to-date: /home/meric/f1_ws/install/vesc_msgs/include/vesc_msgs/vesc_msgs/msg/detail/vesc_state_stamped__rosidl_typesupport_introspection_c.h
[2.226s] -- Up-to-date: /home/meric/f1_ws/install/vesc_msgs/include/vesc_msgs/vesc_msgs/msg/detail/vesc_imu_stamped__type_support.c
[2.226s] -- Up-to-date: /home/meric/f1_ws/install/vesc_msgs/include/vesc_msgs/vesc_msgs/msg/detail/vesc_imu__type_support.c
[2.226s] -- Up-to-date: /home/meric/f1_ws/install/vesc_msgs/include/vesc_msgs/vesc_msgs/msg/detail/vesc_state_stamped__type_support.c
[2.226s] -- Up-to-date: /home/meric/f1_ws/install/vesc_msgs/include/vesc_msgs/vesc_msgs/msg/detail/vesc_imu_stamped__rosidl_typesupport_introspection_c.h
[2.227s] -- Up-to-date: /home/meric/f1_ws/install/vesc_msgs/include/vesc_msgs/vesc_msgs/msg/detail/vesc_state__rosidl_typesupport_introspection_c.h
[2.227s] -- Up-to-date: /home/meric/f1_ws/install/vesc_msgs/include/vesc_msgs/vesc_msgs/msg/detail/vesc_state__type_support.c
[2.227s] -- Up-to-date: /home/meric/f1_ws/install/vesc_msgs/include/vesc_msgs/vesc_msgs/msg/detail/vesc_imu__rosidl_typesupport_introspection_c.h
[2.227s] -- Up-to-date: /home/meric/f1_ws/install/vesc_msgs/lib/libvesc_msgs__rosidl_typesupport_introspection_c.so
[2.227s] -- Up-to-date: /home/meric/f1_ws/install/vesc_msgs/lib/libvesc_msgs__rosidl_typesupport_c.so
[2.227s] -- Up-to-date: /home/meric/f1_ws/install/vesc_msgs/include/vesc_msgs/vesc_msgs
[2.227s] -- Up-to-date: /home/meric/f1_ws/install/vesc_msgs/include/vesc_msgs/vesc_msgs/msg
[2.227s] -- Up-to-date: /home/meric/f1_ws/install/vesc_msgs/include/vesc_msgs/vesc_msgs/msg/vesc_state_stamped.hpp
[2.228s] -- Up-to-date: /home/meric/f1_ws/install/vesc_msgs/include/vesc_msgs/vesc_msgs/msg/vesc_imu_stamped.hpp
[2.228s] -- Up-to-date: /home/meric/f1_ws/install/vesc_msgs/include/vesc_msgs/vesc_msgs/msg/detail
[2.228s] -- Up-to-date: /home/meric/f1_ws/install/vesc_msgs/include/vesc_msgs/vesc_msgs/msg/detail/vesc_imu_stamped__struct.hpp
[2.228s] -- Up-to-date: /home/meric/f1_ws/install/vesc_msgs/include/vesc_msgs/vesc_msgs/msg/detail/vesc_imu__builder.hpp
[2.228s] -- Up-to-date: /home/meric/f1_ws/install/vesc_msgs/include/vesc_msgs/vesc_msgs/msg/detail/vesc_state__struct.hpp
[2.228s] -- Up-to-date: /home/meric/f1_ws/install/vesc_msgs/include/vesc_msgs/vesc_msgs/msg/detail/vesc_imu_stamped__traits.hpp
[2.228s] -- Up-to-date: /home/meric/f1_ws/install/vesc_msgs/include/vesc_msgs/vesc_msgs/msg/detail/vesc_state_stamped__traits.hpp
[2.228s] -- Up-to-date: /home/meric/f1_ws/install/vesc_msgs/include/vesc_msgs/vesc_msgs/msg/detail/vesc_imu__traits.hpp
[2.228s] -- Up-to-date: /home/meric/f1_ws/install/vesc_msgs/include/vesc_msgs/vesc_msgs/msg/detail/vesc_state__builder.hpp
[2.229s] -- Up-to-date: /home/meric/f1_ws/install/vesc_msgs/include/vesc_msgs/vesc_msgs/msg/detail/vesc_state_stamped__struct.hpp
[2.229s] -- Up-to-date: /home/meric/f1_ws/install/vesc_msgs/include/vesc_msgs/vesc_msgs/msg/detail/vesc_state__traits.hpp
[2.229s] -- Up-to-date: /home/meric/f1_ws/install/vesc_msgs/include/vesc_msgs/vesc_msgs/msg/detail/vesc_imu__struct.hpp
[2.229s] -- Up-to-date: /home/meric/f1_ws/install/vesc_msgs/include/vesc_msgs/vesc_msgs/msg/detail/vesc_imu_stamped__builder.hpp
[2.230s] -- Up-to-date: /home/meric/f1_ws/install/vesc_msgs/include/vesc_msgs/vesc_msgs/msg/detail/vesc_state_stamped__builder.hpp
[2.230s] -- Up-to-date: /home/meric/f1_ws/install/vesc_msgs/include/vesc_msgs/vesc_msgs/msg/vesc_state.hpp
[2.230s] -- Up-to-date: /home/meric/f1_ws/install/vesc_msgs/include/vesc_msgs/vesc_msgs/msg/vesc_imu.hpp
[2.230s] -- Up-to-date: /home/meric/f1_ws/install/vesc_msgs/include/vesc_msgs/vesc_msgs
[2.231s] -- Up-to-date: /home/meric/f1_ws/install/vesc_msgs/include/vesc_msgs/vesc_msgs/msg
[2.231s] -- Up-to-date: /home/meric/f1_ws/install/vesc_msgs/include/vesc_msgs/vesc_msgs/msg/rosidl_typesupport_fastrtps_cpp__visibility_control.h
[2.231s] -- Up-to-date: /home/meric/f1_ws/install/vesc_msgs/include/vesc_msgs/vesc_msgs/msg/detail
[2.231s] -- Up-to-date: /home/meric/f1_ws/install/vesc_msgs/include/vesc_msgs/vesc_msgs/msg/detail/vesc_imu_stamped__rosidl_typesupport_fastrtps_cpp.hpp
[2.232s] -- Up-to-date: /home/meric/f1_ws/install/vesc_msgs/include/vesc_msgs/vesc_msgs/msg/detail/vesc_state_stamped__rosidl_typesupport_fastrtps_cpp.hpp
[2.232s] -- Up-to-date: /home/meric/f1_ws/install/vesc_msgs/include/vesc_msgs/vesc_msgs/msg/detail/dds_fastrtps
[2.232s] -- Up-to-date: /home/meric/f1_ws/install/vesc_msgs/include/vesc_msgs/vesc_msgs/msg/detail/vesc_state__rosidl_typesupport_fastrtps_cpp.hpp
[2.232s] -- Up-to-date: /home/meric/f1_ws/install/vesc_msgs/include/vesc_msgs/vesc_msgs/msg/detail/vesc_imu__rosidl_typesupport_fastrtps_cpp.hpp
[2.232s] -- Up-to-date: /home/meric/f1_ws/install/vesc_msgs/lib/libvesc_msgs__rosidl_typesupport_fastrtps_cpp.so
[2.232s] -- Up-to-date: /home/meric/f1_ws/install/vesc_msgs/include/vesc_msgs/vesc_msgs
[2.232s] -- Up-to-date: /home/meric/f1_ws/install/vesc_msgs/include/vesc_msgs/vesc_msgs/msg
[2.232s] -- Up-to-date: /home/meric/f1_ws/install/vesc_msgs/include/vesc_msgs/vesc_msgs/msg/detail
[2.232s] -- Up-to-date: /home/meric/f1_ws/install/vesc_msgs/include/vesc_msgs/vesc_msgs/msg/detail/vesc_imu__type_support.cpp
[2.233s] -- Up-to-date: /home/meric/f1_ws/install/vesc_msgs/include/vesc_msgs/vesc_msgs/msg/detail/vesc_state__rosidl_typesupport_introspection_cpp.hpp
[2.233s] -- Up-to-date: /home/meric/f1_ws/install/vesc_msgs/include/vesc_msgs/vesc_msgs/msg/detail/vesc_state__type_support.cpp
[2.233s] -- Up-to-date: /home/meric/f1_ws/install/vesc_msgs/include/vesc_msgs/vesc_msgs/msg/detail/vesc_imu_stamped__type_support.cpp
[2.233s] -- Up-to-date: /home/meric/f1_ws/install/vesc_msgs/include/vesc_msgs/vesc_msgs/msg/detail/vesc_state_stamped__rosidl_typesupport_introspection_cpp.hpp
[2.233s] -- Up-to-date: /home/meric/f1_ws/install/vesc_msgs/include/vesc_msgs/vesc_msgs/msg/detail/vesc_state_stamped__type_support.cpp
[2.234s] -- Up-to-date: /home/meric/f1_ws/install/vesc_msgs/include/vesc_msgs/vesc_msgs/msg/detail/vesc_imu_stamped__rosidl_typesupport_introspection_cpp.hpp
[2.234s] -- Up-to-date: /home/meric/f1_ws/install/vesc_msgs/include/vesc_msgs/vesc_msgs/msg/detail/vesc_imu__rosidl_typesupport_introspection_cpp.hpp
[2.235s] -- Up-to-date: /home/meric/f1_ws/install/vesc_msgs/lib/libvesc_msgs__rosidl_typesupport_introspection_cpp.so
[2.236s] -- Up-to-date: /home/meric/f1_ws/install/vesc_msgs/lib/libvesc_msgs__rosidl_typesupport_cpp.so
[2.236s] -- Up-to-date: /home/meric/f1_ws/install/vesc_msgs/share/vesc_msgs/environment/pythonpath.sh
[2.236s] -- Up-to-date: /home/meric/f1_ws/install/vesc_msgs/share/vesc_msgs/environment/pythonpath.dsv
[2.237s] -- Up-to-date: /home/meric/f1_ws/install/vesc_msgs/local/lib/python3.10/dist-packages/vesc_msgs-1.2.0-py3.10.egg-info
[2.237s] -- Installing: /home/meric/f1_ws/install/vesc_msgs/local/lib/python3.10/dist-packages/vesc_msgs-1.2.0-py3.10.egg-info/dependency_links.txt
[2.237s] -- Installing: /home/meric/f1_ws/install/vesc_msgs/local/lib/python3.10/dist-packages/vesc_msgs-1.2.0-py3.10.egg-info/top_level.txt
[2.238s] -- Installing: /home/meric/f1_ws/install/vesc_msgs/local/lib/python3.10/dist-packages/vesc_msgs-1.2.0-py3.10.egg-info/PKG-INFO
[2.238s] -- Installing: /home/meric/f1_ws/install/vesc_msgs/local/lib/python3.10/dist-packages/vesc_msgs-1.2.0-py3.10.egg-info/SOURCES.txt
[2.239s] -- Up-to-date: /home/meric/f1_ws/install/vesc_msgs/local/lib/python3.10/dist-packages/vesc_msgs
[2.239s] -- Up-to-date: /home/meric/f1_ws/install/vesc_msgs/local/lib/python3.10/dist-packages/vesc_msgs/vesc_msgs_s__rosidl_typesupport_fastrtps_c.cpython-310-aarch64-linux-gnu.so
[2.240s] -- Up-to-date: /home/meric/f1_ws/install/vesc_msgs/local/lib/python3.10/dist-packages/vesc_msgs/_vesc_msgs_s.ep.rosidl_typesupport_introspection_c.c
[2.241s] -- Up-to-date: /home/meric/f1_ws/install/vesc_msgs/local/lib/python3.10/dist-packages/vesc_msgs/msg
[2.243s] -- Up-to-date: /home/meric/f1_ws/install/vesc_msgs/local/lib/python3.10/dist-packages/vesc_msgs/msg/_vesc_state_stamped.py
[2.243s] -- Up-to-date: /home/meric/f1_ws/install/vesc_msgs/local/lib/python3.10/dist-packages/vesc_msgs/msg/_vesc_imu_stamped.py
[2.243s] -- Up-to-date: /home/meric/f1_ws/install/vesc_msgs/local/lib/python3.10/dist-packages/vesc_msgs/msg/_vesc_imu.py
[2.243s] -- Up-to-date: /home/meric/f1_ws/install/vesc_msgs/local/lib/python3.10/dist-packages/vesc_msgs/msg/__init__.py
[2.243s] -- Up-to-date: /home/meric/f1_ws/install/vesc_msgs/local/lib/python3.10/dist-packages/vesc_msgs/msg/_vesc_state.py
[2.244s] -- Up-to-date: /home/meric/f1_ws/install/vesc_msgs/local/lib/python3.10/dist-packages/vesc_msgs/msg/_vesc_state_stamped_s.c
[2.244s] -- Up-to-date: /home/meric/f1_ws/install/vesc_msgs/local/lib/python3.10/dist-packages/vesc_msgs/msg/_vesc_imu_stamped_s.c
[2.244s] -- Up-to-date: /home/meric/f1_ws/install/vesc_msgs/local/lib/python3.10/dist-packages/vesc_msgs/msg/_vesc_imu_s.c
[2.244s] -- Up-to-date: /home/meric/f1_ws/install/vesc_msgs/local/lib/python3.10/dist-packages/vesc_msgs/msg/_vesc_state_s.c
[2.244s] -- Up-to-date: /home/meric/f1_ws/install/vesc_msgs/local/lib/python3.10/dist-packages/vesc_msgs/__init__.py
[2.244s] -- Up-to-date: /home/meric/f1_ws/install/vesc_msgs/local/lib/python3.10/dist-packages/vesc_msgs/libvesc_msgs__rosidl_generator_py.so
[2.244s] -- Up-to-date: /home/meric/f1_ws/install/vesc_msgs/local/lib/python3.10/dist-packages/vesc_msgs/_vesc_msgs_s.ep.rosidl_typesupport_fastrtps_c.c
[2.244s] -- Up-to-date: /home/meric/f1_ws/install/vesc_msgs/local/lib/python3.10/dist-packages/vesc_msgs/vesc_msgs_s__rosidl_typesupport_c.cpython-310-aarch64-linux-gnu.so
[2.245s] -- Up-to-date: /home/meric/f1_ws/install/vesc_msgs/local/lib/python3.10/dist-packages/vesc_msgs/vesc_msgs_s__rosidl_typesupport_introspection_c.cpython-310-aarch64-linux-gnu.so
[2.245s] -- Up-to-date: /home/meric/f1_ws/install/vesc_msgs/local/lib/python3.10/dist-packages/vesc_msgs/_vesc_msgs_s.ep.rosidl_typesupport_c.c
[2.276s] Listing '/home/meric/f1_ws/install/vesc_msgs/local/lib/python3.10/dist-packages/vesc_msgs'...
[2.276s] Listing '/home/meric/f1_ws/install/vesc_msgs/local/lib/python3.10/dist-packages/vesc_msgs/msg'...
[2.288s] -- Up-to-date: /home/meric/f1_ws/install/vesc_msgs/local/lib/python3.10/dist-packages/vesc_msgs/vesc_msgs_s__rosidl_typesupport_fastrtps_c.cpython-310-aarch64-linux-gnu.so
[2.288s] -- Up-to-date: /home/meric/f1_ws/install/vesc_msgs/local/lib/python3.10/dist-packages/vesc_msgs/vesc_msgs_s__rosidl_typesupport_introspection_c.cpython-310-aarch64-linux-gnu.so
[2.288s] -- Up-to-date: /home/meric/f1_ws/install/vesc_msgs/local/lib/python3.10/dist-packages/vesc_msgs/vesc_msgs_s__rosidl_typesupport_c.cpython-310-aarch64-linux-gnu.so
[2.289s] -- Up-to-date: /home/meric/f1_ws/install/vesc_msgs/lib/libvesc_msgs__rosidl_generator_py.so
[2.289s] -- Up-to-date: /home/meric/f1_ws/install/vesc_msgs/share/vesc_msgs/msg/VescState.idl
[2.289s] -- Up-to-date: /home/meric/f1_ws/install/vesc_msgs/share/vesc_msgs/msg/VescStateStamped.idl
[2.290s] -- Up-to-date: /home/meric/f1_ws/install/vesc_msgs/share/vesc_msgs/msg/VescImu.idl
[2.290s] -- Up-to-date: /home/meric/f1_ws/install/vesc_msgs/share/vesc_msgs/msg/VescImuStamped.idl
[2.290s] -- Up-to-date: /home/meric/f1_ws/install/vesc_msgs/share/vesc_msgs/msg/VescState.msg
[2.290s] -- Up-to-date: /home/meric/f1_ws/install/vesc_msgs/share/vesc_msgs/msg/VescStateStamped.msg
[2.290s] -- Up-to-date: /home/meric/f1_ws/install/vesc_msgs/share/vesc_msgs/msg/VescImu.msg
[2.291s] -- Up-to-date: /home/meric/f1_ws/install/vesc_msgs/share/vesc_msgs/msg/VescImuStamped.msg
[2.291s] -- Up-to-date: /home/meric/f1_ws/install/vesc_msgs/share/ament_index/resource_index/package_run_dependencies/vesc_msgs
[2.291s] -- Up-to-date: /home/meric/f1_ws/install/vesc_msgs/share/ament_index/resource_index/parent_prefix_path/vesc_msgs
[2.292s] -- Up-to-date: /home/meric/f1_ws/install/vesc_msgs/share/vesc_msgs/environment/ament_prefix_path.sh
[2.292s] -- Up-to-date: /home/meric/f1_ws/install/vesc_msgs/share/vesc_msgs/environment/ament_prefix_path.dsv
[2.292s] -- Up-to-date: /home/meric/f1_ws/install/vesc_msgs/share/vesc_msgs/environment/path.sh
[2.292s] -- Up-to-date: /home/meric/f1_ws/install/vesc_msgs/share/vesc_msgs/environment/path.dsv
[2.292s] -- Up-to-date: /home/meric/f1_ws/install/vesc_msgs/share/vesc_msgs/local_setup.bash
[2.292s] -- Up-to-date: /home/meric/f1_ws/install/vesc_msgs/share/vesc_msgs/local_setup.sh
[2.292s] -- Up-to-date: /home/meric/f1_ws/install/vesc_msgs/share/vesc_msgs/local_setup.zsh
[2.292s] -- Up-to-date: /home/meric/f1_ws/install/vesc_msgs/share/vesc_msgs/local_setup.dsv
[2.293s] -- Installing: /home/meric/f1_ws/install/vesc_msgs/share/vesc_msgs/package.dsv
[2.293s] -- Up-to-date: /home/meric/f1_ws/install/vesc_msgs/share/ament_index/resource_index/packages/vesc_msgs
[2.293s] -- Up-to-date: /home/meric/f1_ws/install/vesc_msgs/share/vesc_msgs/cmake/export_vesc_msgs__rosidl_generator_cExport.cmake
[2.294s] -- Up-to-date: /home/meric/f1_ws/install/vesc_msgs/share/vesc_msgs/cmake/export_vesc_msgs__rosidl_generator_cExport-noconfig.cmake
[2.294s] -- Up-to-date: /home/meric/f1_ws/install/vesc_msgs/share/vesc_msgs/cmake/export_vesc_msgs__rosidl_typesupport_fastrtps_cExport.cmake
[2.294s] -- Up-to-date: /home/meric/f1_ws/install/vesc_msgs/share/vesc_msgs/cmake/export_vesc_msgs__rosidl_typesupport_fastrtps_cExport-noconfig.cmake
[2.294s] -- Up-to-date: /home/meric/f1_ws/install/vesc_msgs/share/vesc_msgs/cmake/vesc_msgs__rosidl_typesupport_introspection_cExport.cmake
[2.295s] -- Up-to-date: /home/meric/f1_ws/install/vesc_msgs/share/vesc_msgs/cmake/vesc_msgs__rosidl_typesupport_introspection_cExport-noconfig.cmake
[2.295s] -- Up-to-date: /home/meric/f1_ws/install/vesc_msgs/share/vesc_msgs/cmake/vesc_msgs__rosidl_typesupport_cExport.cmake
[2.295s] -- Up-to-date: /home/meric/f1_ws/install/vesc_msgs/share/vesc_msgs/cmake/vesc_msgs__rosidl_typesupport_cExport-noconfig.cmake
[2.295s] -- Up-to-date: /home/meric/f1_ws/install/vesc_msgs/share/vesc_msgs/cmake/export_vesc_msgs__rosidl_generator_cppExport.cmake
[2.295s] -- Up-to-date: /home/meric/f1_ws/install/vesc_msgs/share/vesc_msgs/cmake/export_vesc_msgs__rosidl_typesupport_fastrtps_cppExport.cmake
[2.295s] -- Up-to-date: /home/meric/f1_ws/install/vesc_msgs/share/vesc_msgs/cmake/export_vesc_msgs__rosidl_typesupport_fastrtps_cppExport-noconfig.cmake
[2.295s] -- Up-to-date: /home/meric/f1_ws/install/vesc_msgs/share/vesc_msgs/cmake/vesc_msgs__rosidl_typesupport_introspection_cppExport.cmake
[2.295s] -- Up-to-date: /home/meric/f1_ws/install/vesc_msgs/share/vesc_msgs/cmake/vesc_msgs__rosidl_typesupport_introspection_cppExport-noconfig.cmake
[2.296s] -- Up-to-date: /home/meric/f1_ws/install/vesc_msgs/share/vesc_msgs/cmake/vesc_msgs__rosidl_typesupport_cppExport.cmake
[2.296s] -- Up-to-date: /home/meric/f1_ws/install/vesc_msgs/share/vesc_msgs/cmake/vesc_msgs__rosidl_typesupport_cppExport-noconfig.cmake
[2.296s] -- Up-to-date: /home/meric/f1_ws/install/vesc_msgs/share/vesc_msgs/cmake/export_vesc_msgs__rosidl_generator_pyExport.cmake
[2.296s] -- Up-to-date: /home/meric/f1_ws/install/vesc_msgs/share/vesc_msgs/cmake/export_vesc_msgs__rosidl_generator_pyExport-noconfig.cmake
[2.296s] -- Up-to-date: /home/meric/f1_ws/install/vesc_msgs/share/vesc_msgs/cmake/rosidl_cmake-extras.cmake
[2.296s] -- Up-to-date: /home/meric/f1_ws/install/vesc_msgs/share/vesc_msgs/cmake/ament_cmake_export_dependencies-extras.cmake
[2.296s] -- Up-to-date: /home/meric/f1_ws/install/vesc_msgs/share/vesc_msgs/cmake/ament_cmake_export_include_directories-extras.cmake
[2.297s] -- Up-to-date: /home/meric/f1_ws/install/vesc_msgs/share/vesc_msgs/cmake/ament_cmake_export_libraries-extras.cmake
[2.297s] -- Up-to-date: /home/meric/f1_ws/install/vesc_msgs/share/vesc_msgs/cmake/ament_cmake_export_targets-extras.cmake
[2.297s] -- Up-to-date: /home/meric/f1_ws/install/vesc_msgs/share/vesc_msgs/cmake/rosidl_cmake_export_typesupport_targets-extras.cmake
[2.297s] -- Up-to-date: /home/meric/f1_ws/install/vesc_msgs/share/vesc_msgs/cmake/rosidl_cmake_export_typesupport_libraries-extras.cmake
[2.297s] -- Up-to-date: /home/meric/f1_ws/install/vesc_msgs/share/vesc_msgs/cmake/vesc_msgsConfig.cmake
[2.297s] -- Up-to-date: /home/meric/f1_ws/install/vesc_msgs/share/vesc_msgs/cmake/vesc_msgsConfig-version.cmake
[2.297s] -- Up-to-date: /home/meric/f1_ws/install/vesc_msgs/share/vesc_msgs/package.xml
[2.311s] Invoked command in '/home/meric/f1_ws/build/vesc_msgs' returned '0': CMAKE_PREFIX_PATH=/opt/ros/humble PS1=(venv) \[\e]0;\u@\h: \w\a\]${debian_chroot:+($debian_chroot)}\[\033[01;32m\]\u@\h\[\033[00m\]:\[\033[01;34m\]\w\[\033[00m\]\$ VIRTUAL_ENV_PROMPT=(venv) /usr/bin/cmake --install /home/meric/f1_ws/build/vesc_msgs
