[2.300s] Invoking command in '/home/meric/f1_ws/src/f1tenth_system/teleop_tools/key_teleop': PYTHONPATH=/home/meric/f1_ws/build/key_teleop/prefix_override:/home/meric/.local/lib/python3.10/site-packages/colcon_core/task/python/colcon_distutils_commands:/home/meric/f1_ws/install/key_teleop/lib/python3.10/site-packages:${PYTHONPATH} /usr/bin/python3 -W ignore:setup.py install is deprecated setup.py egg_info --egg-base ../../../../build/key_teleop build --build-base /home/meric/f1_ws/build/key_teleop/build install --record /home/meric/f1_ws/build/key_teleop/install.log --install-scripts $base/lib/key_teleop --single-version-externally-managed install_data
[2.640s] /home/meric/.local/lib/python3.10/site-packages/setuptools/dist.py:452: SetuptoolsDeprecationWarning: Invalid dash-separated options
[2.640s] !!
[2.640s] 
[2.640s]         ********************************************************************************
[2.640s]         Usage of dash-separated 'script-dir' will not be supported in future
[2.640s]         versions. Please use the underscore name 'script_dir' instead.
[2.641s] 
[2.641s]         By 2024-Sep-26, you need to update your project and remove deprecated calls
[2.641s]         or your builds will no longer be supported.
[2.641s] 
[2.641s]         See https://setuptools.pypa.io/en/latest/userguide/declarative_config.html for details.
[2.641s]         ********************************************************************************
[2.641s] 
[2.641s] !!
[2.641s]   opt = self.warn_dash_deprecation(opt, section)
[2.677s] /home/meric/.local/lib/python3.10/site-packages/setuptools/_distutils/dist.py:261: UserWarning: Unknown distribution option: 'tests_require'
[2.677s]   warnings.warn(msg)
[2.901s] running egg_info
[2.902s] creating ../../../../build/key_teleop/key_teleop.egg-info
[2.938s] writing ../../../../build/key_teleop/key_teleop.egg-info/PKG-INFO
[2.940s] writing dependency_links to ../../../../build/key_teleop/key_teleop.egg-info/dependency_links.txt
[2.940s] writing entry points to ../../../../build/key_teleop/key_teleop.egg-info/entry_points.txt
[2.940s] writing requirements to ../../../../build/key_teleop/key_teleop.egg-info/requires.txt
[2.941s] writing top-level names to ../../../../build/key_teleop/key_teleop.egg-info/top_level.txt
[2.941s] writing manifest file '../../../../build/key_teleop/key_teleop.egg-info/SOURCES.txt'
[3.018s] reading manifest file '../../../../build/key_teleop/key_teleop.egg-info/SOURCES.txt'
[3.018s] adding license file 'LICENSE'
[3.019s] Traceback (most recent call last):
[3.019s]   File "/home/meric/f1_ws/src/f1tenth_system/teleop_tools/key_teleop/setup.py", line 11, in <module>
[3.019s]     setup(
[3.019s]   File "/home/meric/.local/lib/python3.10/site-packages/setuptools/__init__.py", line 117, in setup
[3.019s]     return distutils.core.setup(**attrs)
[3.020s]   File "/home/meric/.local/lib/python3.10/site-packages/setuptools/_distutils/core.py", line 183, in setup
[3.020s]     return run_commands(dist)
[3.020s]   File "/home/meric/.local/lib/python3.10/site-packages/setuptools/_distutils/core.py", line 199, in run_commands
[3.020s]     dist.run_commands()
[3.021s]   File "/home/meric/.local/lib/python3.10/site-packages/setuptools/_distutils/dist.py", line 954, in run_commands
[3.021s]     self.run_command(cmd)
[3.021s]   File "/home/meric/.local/lib/python3.10/site-packages/setuptools/dist.py", line 950, in run_command
[3.021s]     super().run_command(command)
[3.021s]   File "/home/meric/.local/lib/python3.10/site-packages/setuptools/_distutils/dist.py", line 973, in run_command
[3.021s]     cmd_obj.run()
[3.021s]   File "/home/meric/.local/lib/python3.10/site-packages/setuptools/command/egg_info.py", line 311, in run
[3.021s]     self.find_sources()
[3.022s]   File "/home/meric/.local/lib/python3.10/site-packages/setuptools/command/egg_info.py", line 319, in find_sources
[3.022s]     mm.run()
[3.022s]   File "/home/meric/.local/lib/python3.10/site-packages/setuptools/command/egg_info.py", line 545, in run
[3.022s]     self.prune_file_list()
[3.022s]   File "/home/meric/.local/lib/python3.10/site-packages/setuptools/command/sdist.py", line 161, in prune_file_list
[3.022s]     super().prune_file_list()
[3.022s]   File "/home/meric/.local/lib/python3.10/site-packages/setuptools/_distutils/command/sdist.py", line 380, in prune_file_list
[3.023s]     base_dir = self.distribution.get_fullname()
[3.023s]   File "/home/meric/.local/lib/python3.10/site-packages/setuptools/_core_metadata.py", line 267, in get_fullname
[3.023s]     return _distribution_fullname(self.get_name(), self.get_version())
[3.023s]   File "/home/meric/.local/lib/python3.10/site-packages/setuptools/_core_metadata.py", line 285, in _distribution_fullname
[3.023s]     canonicalize_version(version, strip_trailing_zero=False),
[3.023s] TypeError: canonicalize_version() got an unexpected keyword argument 'strip_trailing_zero'
