[0.030s] Invoking command in '/home/meric/f1_ws/build/vesc_ackermann': AMENT_PREFIX_PATH=/home/meric/f1_ws/install/vesc_msgs:${AMENT_PREFIX_PATH} CMAKE_PREFIX_PATH=/home/meric/f1_ws/install/vesc_msgs:/opt/ros/humble LD_LIBRARY_PATH=/home/meric/f1_ws/install/vesc_msgs/lib:/opt/ros/humble/opt/rviz_ogre_vendor/lib:/opt/ros/humble/lib/aarch64-linux-gnu:/opt/ros/humble/lib:/usr/local/cuda-12.2/lib64:/home/meric/f1tenth_ws/install/vesc_ackermann/lib PS1=(venv) \[\e]0;\u@\h: \w\a\]${debian_chroot:+($debian_chroot)}\[\033[01;32m\]\u@\h\[\033[00m\]:\[\033[01;34m\]\w\[\033[00m\]\$ PYTHONPATH=/home/meric/f1_ws/install/vesc_msgs/local/lib/python3.10/dist-packages:${PYTHONPATH} VIRTUAL_ENV_PROMPT=(venv) /usr/bin/cmake --build /home/meric/f1_ws/build/vesc_ackermann -- -j6 -l6
[0.174s] [35m[1mConsolidate compiler generated dependencies of target vesc_ackermann[0m
[0.229s] [ 14%] [32mBuilding CXX object CMakeFiles/vesc_ackermann.dir/src/ackermann_to_vesc.cpp.o[0m
[0.247s] [ 42%] Built target ackermann_to_vesc_node
[0.257s] [ 71%] Built target vesc_to_odom_node
[5.363s] [01m[K/home/meric/f1_ws/src/f1tenth_system/vesc/vesc_ackermann/src/ackermann_to_vesc.cpp:[m[K In constructor ‘[01m[Kvesc_ackermann::AckermannToVesc::AckermannToVesc(const rclcpp::NodeOptions&)[m[K’:
[5.363s] [01m[K/home/meric/f1_ws/src/f1tenth_system/vesc/vesc_ackermann/src/ackermann_to_vesc.cpp:51:70:[m[K [01;31m[Kerror: [m[Krequest for member ‘[01m[Kget[m[K’ in ‘[01m[K((vesc_ackermann::AckermannToVesc*)this)->vesc_ackermann::AckermannToVesc::<anonymous>.rclcpp::Node::declare_parameter<double>(std::__cxx11::basic_string<char>(((const char*)"speed_to_erpm_gain"), std::allocator<char>()), 1.0e+0, rcl_interfaces::msg::ParameterDescriptor_<std::allocator<void> >(rosidl_runtime_cpp::MessageInitialization::ALL), false)[m[K’, which is of non-class type ‘[01m[Kdouble[m[K’
[5.363s]    51 | o_erpm_gain_ = declare_parameter("speed_to_erpm_gain", 1.0).[01;31m[Kget[m[K<double>();
[5.363s]       |                                                             [01;31m[K^~~[m[K
[5.363s] 
[5.363s] [01m[K/home/meric/f1_ws/src/f1tenth_system/vesc/vesc_ackermann/src/ackermann_to_vesc.cpp:51:74:[m[K [01;31m[Kerror: [m[Kexpected primary-expression before ‘[01m[Kdouble[m[K’
[5.363s]    51 | rpm_gain_ = declare_parameter("speed_to_erpm_gain", 1.0).get<[01;31m[Kdouble[m[K>();
[5.364s]       |                                                              [01;31m[K^~~~~~[m[K
[5.364s] 
[5.364s] [01m[K/home/meric/f1_ws/src/f1tenth_system/vesc/vesc_ackermann/src/ackermann_to_vesc.cpp:52:74:[m[K [01;31m[Kerror: [m[Krequest for member ‘[01m[Kget[m[K’ in ‘[01m[K((vesc_ackermann::AckermannToVesc*)this)->vesc_ackermann::AckermannToVesc::<anonymous>.rclcpp::Node::declare_parameter<double>(std::__cxx11::basic_string<char>(((const char*)"speed_to_erpm_offset"), std::allocator<char>()), 0.0, rcl_interfaces::msg::ParameterDescriptor_<std::allocator<void> >(rosidl_runtime_cpp::MessageInitialization::ALL), false)[m[K’, which is of non-class type ‘[01m[Kdouble[m[K’
[5.364s]    52 | pm_offset_ = declare_parameter("speed_to_erpm_offset", 0.0).[01;31m[Kget[m[K<double>();
[5.364s]       |                                                             [01;31m[K^~~[m[K
[5.364s] 
[5.364s] [01m[K/home/meric/f1_ws/src/f1tenth_system/vesc/vesc_ackermann/src/ackermann_to_vesc.cpp:52:78:[m[K [01;31m[Kerror: [m[Kexpected primary-expression before ‘[01m[Kdouble[m[K’
[5.364s]    52 | offset_ = declare_parameter("speed_to_erpm_offset", 0.0).get<[01;31m[Kdouble[m[K>();
[5.365s]       |                                                              [01;31m[K^~~~~~[m[K
[5.365s] 
[5.365s] [01m[K/home/meric/f1_ws/src/f1tenth_system/vesc/vesc_ackermann/src/ackermann_to_vesc.cpp:53:84:[m[K [01;31m[Kerror: [m[Krequest for member ‘[01m[Kget[m[K’ in ‘[01m[K((vesc_ackermann::AckermannToVesc*)this)->vesc_ackermann::AckermannToVesc::<anonymous>.rclcpp::Node::declare_parameter<double>(std::__cxx11::basic_string<char>(((const char*)"steering_angle_to_servo_gain"), std::allocator<char>()), 1.0e+0, rcl_interfaces::msg::ParameterDescriptor_<std::allocator<void> >(rosidl_runtime_cpp::MessageInitialization::ALL), false)[m[K’, which is of non-class type ‘[01m[Kdouble[m[K’
[5.365s]    53 | n_ = declare_parameter("steering_angle_to_servo_gain", 1.0).[01;31m[Kget[m[K<double>();
[5.365s]       |                                                             [01;31m[K^~~[m[K
[5.365s] 
[5.365s] [01m[K/home/meric/f1_ws/src/f1tenth_system/vesc/vesc_ackermann/src/ackermann_to_vesc.cpp:53:88:[m[K [01;31m[Kerror: [m[Kexpected primary-expression before ‘[01m[Kdouble[m[K’
[5.365s]    53 | = declare_parameter("steering_angle_to_servo_gain", 1.0).get<[01;31m[Kdouble[m[K>();
[5.365s]       |                                                              [01;31m[K^~~~~~[m[K
[5.366s] 
[5.366s] [01m[K/home/meric/f1_ws/src/f1tenth_system/vesc/vesc_ackermann/src/ackermann_to_vesc.cpp:54:88:[m[K [01;31m[Kerror: [m[Krequest for member ‘[01m[Kget[m[K’ in ‘[01m[K((vesc_ackermann::AckermannToVesc*)this)->vesc_ackermann::AckermannToVesc::<anonymous>.rclcpp::Node::declare_parameter<double>(std::__cxx11::basic_string<char>(((const char*)"steering_angle_to_servo_offset"), std::allocator<char>()), 0.0, rcl_interfaces::msg::ParameterDescriptor_<std::allocator<void> >(rosidl_runtime_cpp::MessageInitialization::ALL), false)[m[K’, which is of non-class type ‘[01m[Kdouble[m[K’
[5.366s]    54 |  = declare_parameter("steering_angle_to_servo_offset", 0.0).[01;31m[Kget[m[K<double>();
[5.366s]       |                                                             [01;31m[K^~~[m[K
[5.366s] 
[5.366s] [01m[K/home/meric/f1_ws/src/f1tenth_system/vesc/vesc_ackermann/src/ackermann_to_vesc.cpp:54:92:[m[K [01;31m[Kerror: [m[Kexpected primary-expression before ‘[01m[Kdouble[m[K’
[5.366s]    54 | declare_parameter("steering_angle_to_servo_offset", 0.0).get<[01;31m[Kdouble[m[K>();
[5.367s]       |                                                              [01;31m[K^~~~~~[m[K
[5.367s] 
[11.152s] gmake[2]: *** [CMakeFiles/vesc_ackermann.dir/build.make:76: CMakeFiles/vesc_ackermann.dir/src/ackermann_to_vesc.cpp.o] Error 1
[11.152s] gmake[1]: *** [CMakeFiles/Makefile2:141: CMakeFiles/vesc_ackermann.dir/all] Error 2
[11.153s] gmake: *** [Makefile:146: all] Error 2
[11.160s] Invoked command in '/home/meric/f1_ws/build/vesc_ackermann' returned '2': AMENT_PREFIX_PATH=/home/meric/f1_ws/install/vesc_msgs:${AMENT_PREFIX_PATH} CMAKE_PREFIX_PATH=/home/meric/f1_ws/install/vesc_msgs:/opt/ros/humble LD_LIBRARY_PATH=/home/meric/f1_ws/install/vesc_msgs/lib:/opt/ros/humble/opt/rviz_ogre_vendor/lib:/opt/ros/humble/lib/aarch64-linux-gnu:/opt/ros/humble/lib:/usr/local/cuda-12.2/lib64:/home/meric/f1tenth_ws/install/vesc_ackermann/lib PS1=(venv) \[\e]0;\u@\h: \w\a\]${debian_chroot:+($debian_chroot)}\[\033[01;32m\]\u@\h\[\033[00m\]:\[\033[01;34m\]\w\[\033[00m\]\$ PYTHONPATH=/home/meric/f1_ws/install/vesc_msgs/local/lib/python3.10/dist-packages:${PYTHONPATH} VIRTUAL_ENV_PROMPT=(venv) /usr/bin/cmake --build /home/meric/f1_ws/build/vesc_ackermann -- -j6 -l6
