[0.073s] Invoking command in '/home/meric/f1_ws/build/vesc_msgs': CMAKE_PREFIX_PATH=${CMAKE_PREFIX_PATH}:/home/meric/f1_ws/install/f1tenth_stack:/home/meric/f1_ws/install/joy_teleop:/home/meric/f1_ws/install/mouse_teleop:/home/meric/f1_ws/install/key_teleop:/opt/ros/humble /usr/bin/cmake --build /home/meric/f1_ws/build/vesc_msgs -- -j6 -l6
[0.801s] [  1%] Built target vesc_msgs__cpp
[0.803s] [ 12%] Built target vesc_msgs__rosidl_generator_c
[0.805s] [ 12%] Built target ament_cmake_python_symlink_vesc_msgs
[0.805s] [ 23%] Built target vesc_msgs__rosidl_typesupport_cpp
[0.805s] [ 34%] Built target vesc_msgs__rosidl_typesupport_fastrtps_cpp
[0.805s] [ 45%] Built target vesc_msgs__rosidl_typesupport_fastrtps_c
[0.805s] [ 56%] Built target vesc_msgs__rosidl_typesupport_introspection_cpp
[0.806s] [ 67%] Built target vesc_msgs__rosidl_typesupport_introspection_c
[0.806s] [ 78%] Built target vesc_msgs__rosidl_typesupport_c
[0.806s] [ 78%] Built target vesc_msgs
[0.806s] [ 80%] Built target vesc_msgs__py
[0.806s] [ 89%] Built target vesc_msgs__rosidl_generator_py
[0.806s] [ 92%] Built target vesc_msgs__rosidl_typesupport_introspection_c__pyext
[0.806s] [ 96%] Built target vesc_msgs__rosidl_typesupport_fastrtps_c__pyext
[0.806s] [100%] Built target vesc_msgs__rosidl_typesupport_c__pyext
[0.896s] running egg_info
[0.897s] writing vesc_msgs.egg-info/PKG-INFO
[0.898s] writing dependency_links to vesc_msgs.egg-info/dependency_links.txt
[0.898s] writing top-level names to vesc_msgs.egg-info/top_level.txt
[0.903s] reading manifest file 'vesc_msgs.egg-info/SOURCES.txt'
[0.905s] writing manifest file 'vesc_msgs.egg-info/SOURCES.txt'
[0.980s] [100%] Built target ament_cmake_python_build_vesc_msgs_egg
[1.490s] Invoked command in '/home/meric/f1_ws/build/vesc_msgs' returned '0': CMAKE_PREFIX_PATH=${CMAKE_PREFIX_PATH}:/home/meric/f1_ws/install/f1tenth_stack:/home/meric/f1_ws/install/joy_teleop:/home/meric/f1_ws/install/mouse_teleop:/home/meric/f1_ws/install/key_teleop:/opt/ros/humble /usr/bin/cmake --build /home/meric/f1_ws/build/vesc_msgs -- -j6 -l6
[1.754s] Invoking command in '/home/meric/f1_ws/build/vesc_msgs': CMAKE_PREFIX_PATH=${CMAKE_PREFIX_PATH}:/home/meric/f1_ws/install/f1tenth_stack:/home/meric/f1_ws/install/joy_teleop:/home/meric/f1_ws/install/mouse_teleop:/home/meric/f1_ws/install/key_teleop:/opt/ros/humble /usr/bin/cmake --install /home/meric/f1_ws/build/vesc_msgs
[1.772s] -- Install configuration: ""
[1.773s] -- Execute custom install script
[1.774s] -- Up-to-date symlink: /home/meric/f1_ws/install/vesc_msgs/share/ament_index/resource_index/rosidl_interfaces/vesc_msgs
[1.775s] -- Up-to-date symlink: /home/meric/f1_ws/install/vesc_msgs/include/vesc_msgs/vesc_msgs/msg/detail/vesc_imu__functions.h
[1.776s] -- Up-to-date symlink: /home/meric/f1_ws/install/vesc_msgs/include/vesc_msgs/vesc_msgs/msg/detail/vesc_imu__struct.h
[1.776s] -- Up-to-date symlink: /home/meric/f1_ws/install/vesc_msgs/include/vesc_msgs/vesc_msgs/msg/detail/vesc_imu__type_support.h
[1.776s] -- Up-to-date symlink: /home/meric/f1_ws/install/vesc_msgs/include/vesc_msgs/vesc_msgs/msg/detail/vesc_imu_stamped__functions.h
[1.777s] -- Up-to-date symlink: /home/meric/f1_ws/install/vesc_msgs/include/vesc_msgs/vesc_msgs/msg/detail/vesc_imu_stamped__struct.h
[1.777s] -- Up-to-date symlink: /home/meric/f1_ws/install/vesc_msgs/include/vesc_msgs/vesc_msgs/msg/detail/vesc_imu_stamped__type_support.h
[1.778s] -- Up-to-date symlink: /home/meric/f1_ws/install/vesc_msgs/include/vesc_msgs/vesc_msgs/msg/detail/vesc_state__functions.h
[1.778s] -- Up-to-date symlink: /home/meric/f1_ws/install/vesc_msgs/include/vesc_msgs/vesc_msgs/msg/detail/vesc_state__struct.h
[1.778s] -- Up-to-date symlink: /home/meric/f1_ws/install/vesc_msgs/include/vesc_msgs/vesc_msgs/msg/detail/vesc_state__type_support.h
[1.778s] -- Up-to-date symlink: /home/meric/f1_ws/install/vesc_msgs/include/vesc_msgs/vesc_msgs/msg/detail/vesc_state_stamped__functions.h
[1.778s] -- Up-to-date symlink: /home/meric/f1_ws/install/vesc_msgs/include/vesc_msgs/vesc_msgs/msg/detail/vesc_state_stamped__struct.h
[1.779s] -- Up-to-date symlink: /home/meric/f1_ws/install/vesc_msgs/include/vesc_msgs/vesc_msgs/msg/detail/vesc_state_stamped__type_support.h
[1.779s] -- Up-to-date symlink: /home/meric/f1_ws/install/vesc_msgs/include/vesc_msgs/vesc_msgs/msg/rosidl_generator_c__visibility_control.h
[1.779s] -- Up-to-date symlink: /home/meric/f1_ws/install/vesc_msgs/include/vesc_msgs/vesc_msgs/msg/vesc_imu.h
[1.779s] -- Up-to-date symlink: /home/meric/f1_ws/install/vesc_msgs/include/vesc_msgs/vesc_msgs/msg/vesc_imu_stamped.h
[1.779s] -- Up-to-date symlink: /home/meric/f1_ws/install/vesc_msgs/include/vesc_msgs/vesc_msgs/msg/vesc_state.h
[1.780s] -- Up-to-date symlink: /home/meric/f1_ws/install/vesc_msgs/include/vesc_msgs/vesc_msgs/msg/vesc_state_stamped.h
[1.780s] -- Up-to-date symlink: /home/meric/f1_ws/install/vesc_msgs/share/vesc_msgs/environment/library_path.sh
[1.780s] -- Up-to-date symlink: /home/meric/f1_ws/install/vesc_msgs/share/vesc_msgs/environment/library_path.dsv
[1.787s] -- Up-to-date symlink: /home/meric/f1_ws/install/vesc_msgs/include/vesc_msgs/vesc_msgs/msg/detail/vesc_imu__rosidl_typesupport_fastrtps_c.h
[1.787s] -- Up-to-date symlink: /home/meric/f1_ws/install/vesc_msgs/include/vesc_msgs/vesc_msgs/msg/detail/vesc_imu_stamped__rosidl_typesupport_fastrtps_c.h
[1.792s] -- Up-to-date symlink: /home/meric/f1_ws/install/vesc_msgs/include/vesc_msgs/vesc_msgs/msg/detail/vesc_state__rosidl_typesupport_fastrtps_c.h
[1.792s] -- Up-to-date symlink: /home/meric/f1_ws/install/vesc_msgs/include/vesc_msgs/vesc_msgs/msg/detail/vesc_state_stamped__rosidl_typesupport_fastrtps_c.h
[1.808s] -- Up-to-date symlink: /home/meric/f1_ws/install/vesc_msgs/include/vesc_msgs/vesc_msgs/msg/rosidl_typesupport_fastrtps_c__visibility_control.h
[1.808s] -- Up-to-date symlink: /home/meric/f1_ws/install/vesc_msgs/include/vesc_msgs/vesc_msgs/msg/detail/vesc_imu__rosidl_typesupport_introspection_c.h
[1.808s] -- Up-to-date symlink: /home/meric/f1_ws/install/vesc_msgs/include/vesc_msgs/vesc_msgs/msg/detail/vesc_imu_stamped__rosidl_typesupport_introspection_c.h
[1.809s] -- Up-to-date symlink: /home/meric/f1_ws/install/vesc_msgs/include/vesc_msgs/vesc_msgs/msg/detail/vesc_state__rosidl_typesupport_introspection_c.h
[1.809s] -- Up-to-date symlink: /home/meric/f1_ws/install/vesc_msgs/include/vesc_msgs/vesc_msgs/msg/detail/vesc_state_stamped__rosidl_typesupport_introspection_c.h
[1.809s] -- Up-to-date symlink: /home/meric/f1_ws/install/vesc_msgs/include/vesc_msgs/vesc_msgs/msg/rosidl_typesupport_introspection_c__visibility_control.h
[1.809s] -- Up-to-date symlink: /home/meric/f1_ws/install/vesc_msgs/include/vesc_msgs/vesc_msgs/msg/detail/vesc_imu__builder.hpp
[1.809s] -- Up-to-date symlink: /home/meric/f1_ws/install/vesc_msgs/include/vesc_msgs/vesc_msgs/msg/detail/vesc_imu__struct.hpp
[1.809s] -- Up-to-date symlink: /home/meric/f1_ws/install/vesc_msgs/include/vesc_msgs/vesc_msgs/msg/detail/vesc_imu__traits.hpp
[1.809s] -- Up-to-date symlink: /home/meric/f1_ws/install/vesc_msgs/include/vesc_msgs/vesc_msgs/msg/detail/vesc_imu_stamped__builder.hpp
[1.810s] -- Up-to-date symlink: /home/meric/f1_ws/install/vesc_msgs/include/vesc_msgs/vesc_msgs/msg/detail/vesc_imu_stamped__struct.hpp
[1.810s] -- Up-to-date symlink: /home/meric/f1_ws/install/vesc_msgs/include/vesc_msgs/vesc_msgs/msg/detail/vesc_imu_stamped__traits.hpp
[1.810s] -- Up-to-date symlink: /home/meric/f1_ws/install/vesc_msgs/include/vesc_msgs/vesc_msgs/msg/detail/vesc_state__builder.hpp
[1.810s] -- Up-to-date symlink: /home/meric/f1_ws/install/vesc_msgs/include/vesc_msgs/vesc_msgs/msg/detail/vesc_state__struct.hpp
[1.810s] -- Up-to-date symlink: /home/meric/f1_ws/install/vesc_msgs/include/vesc_msgs/vesc_msgs/msg/detail/vesc_state__traits.hpp
[1.810s] -- Up-to-date symlink: /home/meric/f1_ws/install/vesc_msgs/include/vesc_msgs/vesc_msgs/msg/detail/vesc_state_stamped__builder.hpp
[1.810s] -- Up-to-date symlink: /home/meric/f1_ws/install/vesc_msgs/include/vesc_msgs/vesc_msgs/msg/detail/vesc_state_stamped__struct.hpp
[1.810s] -- Up-to-date symlink: /home/meric/f1_ws/install/vesc_msgs/include/vesc_msgs/vesc_msgs/msg/detail/vesc_state_stamped__traits.hpp
[1.811s] -- Up-to-date symlink: /home/meric/f1_ws/install/vesc_msgs/include/vesc_msgs/vesc_msgs/msg/vesc_imu.hpp
[1.811s] -- Up-to-date symlink: /home/meric/f1_ws/install/vesc_msgs/include/vesc_msgs/vesc_msgs/msg/vesc_imu_stamped.hpp
[1.811s] -- Up-to-date symlink: /home/meric/f1_ws/install/vesc_msgs/include/vesc_msgs/vesc_msgs/msg/vesc_state.hpp
[1.811s] -- Up-to-date symlink: /home/meric/f1_ws/install/vesc_msgs/include/vesc_msgs/vesc_msgs/msg/vesc_state_stamped.hpp
[1.811s] -- Up-to-date symlink: /home/meric/f1_ws/install/vesc_msgs/include/vesc_msgs/vesc_msgs/msg/detail/vesc_imu__rosidl_typesupport_fastrtps_cpp.hpp
[1.811s] -- Up-to-date symlink: /home/meric/f1_ws/install/vesc_msgs/include/vesc_msgs/vesc_msgs/msg/detail/vesc_imu_stamped__rosidl_typesupport_fastrtps_cpp.hpp
[1.811s] -- Up-to-date symlink: /home/meric/f1_ws/install/vesc_msgs/include/vesc_msgs/vesc_msgs/msg/detail/vesc_state__rosidl_typesupport_fastrtps_cpp.hpp
[1.811s] -- Up-to-date symlink: /home/meric/f1_ws/install/vesc_msgs/include/vesc_msgs/vesc_msgs/msg/detail/vesc_state_stamped__rosidl_typesupport_fastrtps_cpp.hpp
[1.811s] -- Up-to-date symlink: /home/meric/f1_ws/install/vesc_msgs/include/vesc_msgs/vesc_msgs/msg/rosidl_typesupport_fastrtps_cpp__visibility_control.h
[1.812s] -- Up-to-date symlink: /home/meric/f1_ws/install/vesc_msgs/include/vesc_msgs/vesc_msgs/msg/detail/vesc_imu__rosidl_typesupport_introspection_cpp.hpp
[1.812s] -- Up-to-date symlink: /home/meric/f1_ws/install/vesc_msgs/include/vesc_msgs/vesc_msgs/msg/detail/vesc_imu_stamped__rosidl_typesupport_introspection_cpp.hpp
[1.813s] -- Up-to-date symlink: /home/meric/f1_ws/install/vesc_msgs/include/vesc_msgs/vesc_msgs/msg/detail/vesc_state__rosidl_typesupport_introspection_cpp.hpp
[1.814s] -- Up-to-date symlink: /home/meric/f1_ws/install/vesc_msgs/include/vesc_msgs/vesc_msgs/msg/detail/vesc_state_stamped__rosidl_typesupport_introspection_cpp.hpp
[1.815s] -- Up-to-date symlink: /home/meric/f1_ws/install/vesc_msgs/share/vesc_msgs/environment/pythonpath.sh
[1.816s] -- Up-to-date symlink: /home/meric/f1_ws/install/vesc_msgs/share/vesc_msgs/environment/pythonpath.dsv
[1.817s] -- Up-to-date symlink: /home/meric/f1_ws/install/vesc_msgs/local/lib/python3.10/dist-packages/vesc_msgs-1.2.0-py3.10.egg-info/PKG-INFO
[1.817s] -- Up-to-date symlink: /home/meric/f1_ws/install/vesc_msgs/local/lib/python3.10/dist-packages/vesc_msgs-1.2.0-py3.10.egg-info/SOURCES.txt
[1.818s] -- Up-to-date symlink: /home/meric/f1_ws/install/vesc_msgs/local/lib/python3.10/dist-packages/vesc_msgs-1.2.0-py3.10.egg-info/dependency_links.txt
[1.819s] -- Up-to-date symlink: /home/meric/f1_ws/install/vesc_msgs/local/lib/python3.10/dist-packages/vesc_msgs-1.2.0-py3.10.egg-info/top_level.txt
[1.821s] -- Up-to-date symlink: /home/meric/f1_ws/install/vesc_msgs/local/lib/python3.10/dist-packages/vesc_msgs/__init__.py
[1.821s] -- Up-to-date symlink: /home/meric/f1_ws/install/vesc_msgs/local/lib/python3.10/dist-packages/vesc_msgs/_vesc_msgs_s.ep.rosidl_typesupport_c.c
[1.822s] -- Up-to-date symlink: /home/meric/f1_ws/install/vesc_msgs/local/lib/python3.10/dist-packages/vesc_msgs/_vesc_msgs_s.ep.rosidl_typesupport_fastrtps_c.c
[1.823s] -- Up-to-date symlink: /home/meric/f1_ws/install/vesc_msgs/local/lib/python3.10/dist-packages/vesc_msgs/_vesc_msgs_s.ep.rosidl_typesupport_introspection_c.c
[1.823s] -- Up-to-date symlink: /home/meric/f1_ws/install/vesc_msgs/local/lib/python3.10/dist-packages/vesc_msgs/libvesc_msgs__rosidl_generator_py.so
[1.824s] -- Up-to-date symlink: /home/meric/f1_ws/install/vesc_msgs/local/lib/python3.10/dist-packages/vesc_msgs/msg/__init__.py
[1.825s] -- Up-to-date symlink: /home/meric/f1_ws/install/vesc_msgs/local/lib/python3.10/dist-packages/vesc_msgs/msg/_vesc_imu.py
[1.826s] -- Up-to-date symlink: /home/meric/f1_ws/install/vesc_msgs/local/lib/python3.10/dist-packages/vesc_msgs/msg/_vesc_imu_s.c
[1.826s] -- Up-to-date symlink: /home/meric/f1_ws/install/vesc_msgs/local/lib/python3.10/dist-packages/vesc_msgs/msg/_vesc_imu_stamped.py
[1.827s] -- Up-to-date symlink: /home/meric/f1_ws/install/vesc_msgs/local/lib/python3.10/dist-packages/vesc_msgs/msg/_vesc_imu_stamped_s.c
[1.828s] -- Up-to-date symlink: /home/meric/f1_ws/install/vesc_msgs/local/lib/python3.10/dist-packages/vesc_msgs/msg/_vesc_state.py
[1.834s] -- Up-to-date symlink: /home/meric/f1_ws/install/vesc_msgs/local/lib/python3.10/dist-packages/vesc_msgs/msg/_vesc_state_s.c
[1.837s] -- Up-to-date symlink: /home/meric/f1_ws/install/vesc_msgs/local/lib/python3.10/dist-packages/vesc_msgs/msg/_vesc_state_stamped.py
[1.840s] -- Up-to-date symlink: /home/meric/f1_ws/install/vesc_msgs/local/lib/python3.10/dist-packages/vesc_msgs/msg/_vesc_state_stamped_s.c
[1.842s] -- Up-to-date symlink: /home/meric/f1_ws/install/vesc_msgs/local/lib/python3.10/dist-packages/vesc_msgs/vesc_msgs_s__rosidl_typesupport_c.cpython-310-aarch64-linux-gnu.so
[1.842s] -- Up-to-date symlink: /home/meric/f1_ws/install/vesc_msgs/local/lib/python3.10/dist-packages/vesc_msgs/vesc_msgs_s__rosidl_typesupport_fastrtps_c.cpython-310-aarch64-linux-gnu.so
[1.843s] -- Up-to-date symlink: /home/meric/f1_ws/install/vesc_msgs/local/lib/python3.10/dist-packages/vesc_msgs/vesc_msgs_s__rosidl_typesupport_introspection_c.cpython-310-aarch64-linux-gnu.so
[1.844s] -- Up-to-date symlink: /home/meric/f1_ws/install/vesc_msgs/local/lib/python3.10/dist-packages/vesc_msgs/vesc_msgs_s__rosidl_typesupport_fastrtps_c.cpython-310-aarch64-linux-gnu.so
[1.845s] -- Up-to-date symlink: /home/meric/f1_ws/install/vesc_msgs/local/lib/python3.10/dist-packages/vesc_msgs/vesc_msgs_s__rosidl_typesupport_introspection_c.cpython-310-aarch64-linux-gnu.so
[1.846s] -- Up-to-date symlink: /home/meric/f1_ws/install/vesc_msgs/local/lib/python3.10/dist-packages/vesc_msgs/vesc_msgs_s__rosidl_typesupport_c.cpython-310-aarch64-linux-gnu.so
[1.847s] -- Up-to-date symlink: /home/meric/f1_ws/install/vesc_msgs/share/vesc_msgs/msg/VescState.idl
[1.848s] -- Up-to-date symlink: /home/meric/f1_ws/install/vesc_msgs/share/vesc_msgs/msg/VescStateStamped.idl
[1.848s] -- Up-to-date symlink: /home/meric/f1_ws/install/vesc_msgs/share/vesc_msgs/msg/VescImu.idl
[1.849s] -- Up-to-date symlink: /home/meric/f1_ws/install/vesc_msgs/share/vesc_msgs/msg/VescImuStamped.idl
[1.850s] -- Up-to-date symlink: /home/meric/f1_ws/install/vesc_msgs/share/vesc_msgs/msg/VescState.msg
[1.854s] -- Up-to-date symlink: /home/meric/f1_ws/install/vesc_msgs/share/vesc_msgs/msg/VescStateStamped.msg
[1.855s] -- Up-to-date symlink: /home/meric/f1_ws/install/vesc_msgs/share/vesc_msgs/msg/VescImu.msg
[1.856s] -- Up-to-date symlink: /home/meric/f1_ws/install/vesc_msgs/share/vesc_msgs/msg/VescImuStamped.msg
[1.857s] -- Up-to-date symlink: /home/meric/f1_ws/install/vesc_msgs/share/ament_index/resource_index/package_run_dependencies/vesc_msgs
[1.858s] -- Up-to-date symlink: /home/meric/f1_ws/install/vesc_msgs/share/ament_index/resource_index/parent_prefix_path/vesc_msgs
[1.859s] -- Up-to-date symlink: /home/meric/f1_ws/install/vesc_msgs/share/vesc_msgs/environment/ament_prefix_path.sh
[1.859s] -- Up-to-date symlink: /home/meric/f1_ws/install/vesc_msgs/share/vesc_msgs/environment/ament_prefix_path.dsv
[1.860s] -- Up-to-date symlink: /home/meric/f1_ws/install/vesc_msgs/share/vesc_msgs/environment/path.sh
[1.861s] -- Up-to-date symlink: /home/meric/f1_ws/install/vesc_msgs/share/vesc_msgs/environment/path.dsv
[1.862s] -- Up-to-date symlink: /home/meric/f1_ws/install/vesc_msgs/share/vesc_msgs/local_setup.bash
[1.862s] -- Up-to-date symlink: /home/meric/f1_ws/install/vesc_msgs/share/vesc_msgs/local_setup.sh
[1.863s] -- Up-to-date symlink: /home/meric/f1_ws/install/vesc_msgs/share/vesc_msgs/local_setup.zsh
[1.864s] -- Up-to-date symlink: /home/meric/f1_ws/install/vesc_msgs/share/vesc_msgs/local_setup.dsv
[1.865s] -- Symlinking: /home/meric/f1_ws/install/vesc_msgs/share/vesc_msgs/package.dsv
[1.895s] -- Up-to-date symlink: /home/meric/f1_ws/install/vesc_msgs/share/ament_index/resource_index/packages/vesc_msgs
[1.895s] -- Up-to-date symlink: /home/meric/f1_ws/install/vesc_msgs/share/vesc_msgs/cmake/rosidl_cmake-extras.cmake
[1.896s] -- Up-to-date symlink: /home/meric/f1_ws/install/vesc_msgs/share/vesc_msgs/cmake/ament_cmake_export_dependencies-extras.cmake
[1.896s] -- Up-to-date symlink: /home/meric/f1_ws/install/vesc_msgs/share/vesc_msgs/cmake/ament_cmake_export_include_directories-extras.cmake
[1.896s] -- Up-to-date symlink: /home/meric/f1_ws/install/vesc_msgs/share/vesc_msgs/cmake/ament_cmake_export_libraries-extras.cmake
[1.896s] -- Up-to-date symlink: /home/meric/f1_ws/install/vesc_msgs/share/vesc_msgs/cmake/ament_cmake_export_targets-extras.cmake
[1.896s] -- Up-to-date symlink: /home/meric/f1_ws/install/vesc_msgs/share/vesc_msgs/cmake/rosidl_cmake_export_typesupport_targets-extras.cmake
[1.896s] -- Up-to-date symlink: /home/meric/f1_ws/install/vesc_msgs/share/vesc_msgs/cmake/rosidl_cmake_export_typesupport_libraries-extras.cmake
[1.896s] -- Up-to-date symlink: /home/meric/f1_ws/install/vesc_msgs/share/vesc_msgs/cmake/vesc_msgsConfig.cmake
[1.897s] -- Up-to-date symlink: /home/meric/f1_ws/install/vesc_msgs/share/vesc_msgs/cmake/vesc_msgsConfig-version.cmake
[1.897s] -- Up-to-date symlink: /home/meric/f1_ws/install/vesc_msgs/share/vesc_msgs/package.xml
[1.897s] -- Up-to-date: /home/meric/f1_ws/install/vesc_msgs/lib/libvesc_msgs__rosidl_generator_c.so
[1.897s] -- Up-to-date: /home/meric/f1_ws/install/vesc_msgs/lib/libvesc_msgs__rosidl_typesupport_fastrtps_c.so
[1.898s] -- Up-to-date: /home/meric/f1_ws/install/vesc_msgs/lib/libvesc_msgs__rosidl_typesupport_introspection_c.so
[1.898s] -- Up-to-date: /home/meric/f1_ws/install/vesc_msgs/lib/libvesc_msgs__rosidl_typesupport_c.so
[1.898s] -- Up-to-date: /home/meric/f1_ws/install/vesc_msgs/lib/libvesc_msgs__rosidl_typesupport_fastrtps_cpp.so
[1.899s] -- Up-to-date: /home/meric/f1_ws/install/vesc_msgs/lib/libvesc_msgs__rosidl_typesupport_introspection_cpp.so
[1.899s] -- Up-to-date: /home/meric/f1_ws/install/vesc_msgs/lib/libvesc_msgs__rosidl_typesupport_cpp.so
[1.977s] Listing '/home/meric/f1_ws/install/vesc_msgs/local/lib/python3.10/dist-packages/vesc_msgs'...
[1.977s] Listing '/home/meric/f1_ws/install/vesc_msgs/local/lib/python3.10/dist-packages/vesc_msgs/msg'...
[1.989s] -- Up-to-date: /home/meric/f1_ws/install/vesc_msgs/lib/libvesc_msgs__rosidl_generator_py.so
[1.990s] -- Up-to-date: /home/meric/f1_ws/install/vesc_msgs/share/vesc_msgs/cmake/export_vesc_msgs__rosidl_generator_cExport.cmake
[1.990s] -- Up-to-date: /home/meric/f1_ws/install/vesc_msgs/share/vesc_msgs/cmake/export_vesc_msgs__rosidl_generator_cExport-noconfig.cmake
[1.990s] -- Up-to-date: /home/meric/f1_ws/install/vesc_msgs/share/vesc_msgs/cmake/export_vesc_msgs__rosidl_typesupport_fastrtps_cExport.cmake
[1.990s] -- Up-to-date: /home/meric/f1_ws/install/vesc_msgs/share/vesc_msgs/cmake/export_vesc_msgs__rosidl_typesupport_fastrtps_cExport-noconfig.cmake
[1.990s] -- Up-to-date: /home/meric/f1_ws/install/vesc_msgs/share/vesc_msgs/cmake/vesc_msgs__rosidl_typesupport_introspection_cExport.cmake
[1.990s] -- Up-to-date: /home/meric/f1_ws/install/vesc_msgs/share/vesc_msgs/cmake/vesc_msgs__rosidl_typesupport_introspection_cExport-noconfig.cmake
[1.991s] -- Up-to-date: /home/meric/f1_ws/install/vesc_msgs/share/vesc_msgs/cmake/vesc_msgs__rosidl_typesupport_cExport.cmake
[1.991s] -- Up-to-date: /home/meric/f1_ws/install/vesc_msgs/share/vesc_msgs/cmake/vesc_msgs__rosidl_typesupport_cExport-noconfig.cmake
[1.991s] -- Up-to-date: /home/meric/f1_ws/install/vesc_msgs/share/vesc_msgs/cmake/export_vesc_msgs__rosidl_generator_cppExport.cmake
[1.991s] -- Up-to-date: /home/meric/f1_ws/install/vesc_msgs/share/vesc_msgs/cmake/export_vesc_msgs__rosidl_typesupport_fastrtps_cppExport.cmake
[1.992s] -- Up-to-date: /home/meric/f1_ws/install/vesc_msgs/share/vesc_msgs/cmake/export_vesc_msgs__rosidl_typesupport_fastrtps_cppExport-noconfig.cmake
[1.992s] -- Up-to-date: /home/meric/f1_ws/install/vesc_msgs/share/vesc_msgs/cmake/vesc_msgs__rosidl_typesupport_introspection_cppExport.cmake
[1.992s] -- Up-to-date: /home/meric/f1_ws/install/vesc_msgs/share/vesc_msgs/cmake/vesc_msgs__rosidl_typesupport_introspection_cppExport-noconfig.cmake
[1.992s] -- Up-to-date: /home/meric/f1_ws/install/vesc_msgs/share/vesc_msgs/cmake/vesc_msgs__rosidl_typesupport_cppExport.cmake
[1.992s] -- Up-to-date: /home/meric/f1_ws/install/vesc_msgs/share/vesc_msgs/cmake/vesc_msgs__rosidl_typesupport_cppExport-noconfig.cmake
[1.992s] -- Up-to-date: /home/meric/f1_ws/install/vesc_msgs/share/vesc_msgs/cmake/export_vesc_msgs__rosidl_generator_pyExport.cmake
[1.992s] -- Up-to-date: /home/meric/f1_ws/install/vesc_msgs/share/vesc_msgs/cmake/export_vesc_msgs__rosidl_generator_pyExport-noconfig.cmake
[2.480s] Invoked command in '/home/meric/f1_ws/build/vesc_msgs' returned '0': CMAKE_PREFIX_PATH=${CMAKE_PREFIX_PATH}:/home/meric/f1_ws/install/f1tenth_stack:/home/meric/f1_ws/install/joy_teleop:/home/meric/f1_ws/install/mouse_teleop:/home/meric/f1_ws/install/key_teleop:/opt/ros/humble /usr/bin/cmake --install /home/meric/f1_ws/build/vesc_msgs
