[0.058s] Invoking command in '/home/meric/f1_ws/build/ackermann_mux': CMAKE_PREFIX_PATH=/opt/ros/humble PS1=(venv) \[\e]0;\u@\h: \w\a\]${debian_chroot:+($debian_chroot)}\[\033[01;32m\]\u@\h\[\033[00m\]:\[\033[01;34m\]\w\[\033[00m\]\$ VIRTUAL_ENV_PROMPT=(venv) /usr/bin/cmake --build /home/meric/f1_ws/build/ackermann_mux -- -j6 -l6
[1.957s] [100%] Built target ackermann_mux
[1.957s] Invoked command in '/home/meric/f1_ws/build/ackermann_mux' returned '0': CMAKE_PREFIX_PATH=/opt/ros/humble PS1=(venv) \[\e]0;\u@\h: \w\a\]${debian_chroot:+($debian_chroot)}\[\033[01;32m\]\u@\h\[\033[00m\]:\[\033[01;34m\]\w\[\033[00m\]\$ VIRTUAL_ENV_PROMPT=(venv) /usr/bin/cmake --build /home/meric/f1_ws/build/ackermann_mux -- -j6 -l6
[2.039s] Invoking command in '/home/meric/f1_ws/build/ackermann_mux': CMAKE_PREFIX_PATH=/opt/ros/humble PS1=(venv) \[\e]0;\u@\h: \w\a\]${debian_chroot:+($debian_chroot)}\[\033[01;32m\]\u@\h\[\033[00m\]:\[\033[01;34m\]\w\[\033[00m\]\$ VIRTUAL_ENV_PROMPT=(venv) /usr/bin/cmake --install /home/meric/f1_ws/build/ackermann_mux
[2.058s] -- Install configuration: ""
[2.060s] -- Up-to-date: /home/meric/f1_ws/install/ackermann_mux/lib/ackermann_mux/ackermann_mux
[2.060s] -- Up-to-date: /home/meric/f1_ws/install/ackermann_mux/share/ackermann_mux/launch
[2.060s] -- Up-to-date: /home/meric/f1_ws/install/ackermann_mux/share/ackermann_mux/launch/ackermann_mux_launch.py
[2.060s] -- Up-to-date: /home/meric/f1_ws/install/ackermann_mux/share/ackermann_mux/config
[2.060s] -- Up-to-date: /home/meric/f1_ws/install/ackermann_mux/share/ackermann_mux/config/ackermann_mux_locks.yaml
[2.060s] -- Up-to-date: /home/meric/f1_ws/install/ackermann_mux/share/ackermann_mux/config/joystick.yaml
[2.061s] -- Up-to-date: /home/meric/f1_ws/install/ackermann_mux/share/ackermann_mux/config/ackermann_mux_topics.yaml
[2.061s] -- Up-to-date: /home/meric/f1_ws/install/ackermann_mux/include
[2.061s] -- Up-to-date: /home/meric/f1_ws/install/ackermann_mux/include/ackermann_mux
[2.061s] -- Up-to-date: /home/meric/f1_ws/install/ackermann_mux/include/ackermann_mux/topic_handle.hpp
[2.061s] -- Up-to-date: /home/meric/f1_ws/install/ackermann_mux/include/ackermann_mux/params_helpers.hpp
[2.061s] -- Up-to-date: /home/meric/f1_ws/install/ackermann_mux/include/ackermann_mux/utils.hpp
[2.061s] -- Up-to-date: /home/meric/f1_ws/install/ackermann_mux/include/ackermann_mux/ackermann_mux.hpp
[2.061s] -- Up-to-date: /home/meric/f1_ws/install/ackermann_mux/include/ackermann_mux/ackermann_mux_diagnostics.hpp
[2.062s] -- Up-to-date: /home/meric/f1_ws/install/ackermann_mux/include/ackermann_mux/ackermann_mux_diagnostics_status.hpp
[2.062s] -- Up-to-date: /home/meric/f1_ws/install/ackermann_mux/share/ament_index/resource_index/package_run_dependencies/ackermann_mux
[2.062s] -- Up-to-date: /home/meric/f1_ws/install/ackermann_mux/share/ament_index/resource_index/parent_prefix_path/ackermann_mux
[2.062s] -- Up-to-date: /home/meric/f1_ws/install/ackermann_mux/share/ackermann_mux/environment/ament_prefix_path.sh
[2.062s] -- Up-to-date: /home/meric/f1_ws/install/ackermann_mux/share/ackermann_mux/environment/ament_prefix_path.dsv
[2.063s] -- Up-to-date: /home/meric/f1_ws/install/ackermann_mux/share/ackermann_mux/environment/path.sh
[2.063s] -- Up-to-date: /home/meric/f1_ws/install/ackermann_mux/share/ackermann_mux/environment/path.dsv
[2.063s] -- Up-to-date: /home/meric/f1_ws/install/ackermann_mux/share/ackermann_mux/local_setup.bash
[2.063s] -- Up-to-date: /home/meric/f1_ws/install/ackermann_mux/share/ackermann_mux/local_setup.sh
[2.063s] -- Up-to-date: /home/meric/f1_ws/install/ackermann_mux/share/ackermann_mux/local_setup.zsh
[2.063s] -- Up-to-date: /home/meric/f1_ws/install/ackermann_mux/share/ackermann_mux/local_setup.dsv
[2.063s] -- Installing: /home/meric/f1_ws/install/ackermann_mux/share/ackermann_mux/package.dsv
[2.063s] -- Up-to-date: /home/meric/f1_ws/install/ackermann_mux/share/ament_index/resource_index/packages/ackermann_mux
[2.073s] -- Up-to-date: /home/meric/f1_ws/install/ackermann_mux/share/ackermann_mux/cmake/ament_cmake_export_include_directories-extras.cmake
[2.073s] -- Up-to-date: /home/meric/f1_ws/install/ackermann_mux/share/ackermann_mux/cmake/ament_cmake_export_dependencies-extras.cmake
[2.073s] -- Up-to-date: /home/meric/f1_ws/install/ackermann_mux/share/ackermann_mux/cmake/ackermann_muxConfig.cmake
[2.073s] -- Up-to-date: /home/meric/f1_ws/install/ackermann_mux/share/ackermann_mux/cmake/ackermann_muxConfig-version.cmake
[2.073s] -- Up-to-date: /home/meric/f1_ws/install/ackermann_mux/share/ackermann_mux/package.xml
[2.074s] Invoked command in '/home/meric/f1_ws/build/ackermann_mux' returned '0': CMAKE_PREFIX_PATH=/opt/ros/humble PS1=(venv) \[\e]0;\u@\h: \w\a\]${debian_chroot:+($debian_chroot)}\[\033[01;32m\]\u@\h\[\033[00m\]:\[\033[01;34m\]\w\[\033[00m\]\$ VIRTUAL_ENV_PROMPT=(venv) /usr/bin/cmake --install /home/meric/f1_ws/build/ackermann_mux
