[0.036s] Invoking command in '/home/meric/f1_ws/build/vesc': CMAKE_PREFIX_PATH=/home/meric/f1_ws/install/vesc_driver:/home/meric/f1_ws/install/vesc_ackermann:/home/meric/f1_ws/install/vesc_msgs:/home/meric/f1_ws/install/vesc:/home/meric/f1_ws/install/teleop_tools:/home/meric/f1_ws/install/teleop_tools_msgs:/home/meric/f1_ws/install/keyboard:/home/meric/f1_ws/install/keyboard_msgs:/home/meric/f1_ws/install/ackermann_mux:/home/meric/f1_ws/install/f1tenth_stack:/home/meric/f1_ws/install/joy_teleop:/home/meric/f1_ws/install/mouse_teleop:/home/meric/f1_ws/install/key_teleop:/opt/ros/humble LD_LIBRARY_PATH=/home/meric/f1_ws/install/vesc_driver/lib:/home/meric/f1_ws/install/vesc_ackermann/lib:/home/meric/f1_ws/install/vesc_msgs/lib:/home/meric/f1_ws/install/teleop_tools_msgs/lib:/home/meric/f1_ws/install/keyboard_msgs/lib:/opt/ros/humble/opt/rviz_ogre_vendor/lib:/opt/ros/humble/lib/aarch64-linux-gnu:/opt/ros/humble/lib:/usr/local/cuda-12.2/lib64:/home/meric/f1tenth_ws/install/vesc_ackermann/lib /usr/bin/cmake --build /home/meric/f1_ws/build/vesc -- -j6 -l6
[0.121s] Invoked command in '/home/meric/f1_ws/build/vesc' returned '0': CMAKE_PREFIX_PATH=/home/meric/f1_ws/install/vesc_driver:/home/meric/f1_ws/install/vesc_ackermann:/home/meric/f1_ws/install/vesc_msgs:/home/meric/f1_ws/install/vesc:/home/meric/f1_ws/install/teleop_tools:/home/meric/f1_ws/install/teleop_tools_msgs:/home/meric/f1_ws/install/keyboard:/home/meric/f1_ws/install/keyboard_msgs:/home/meric/f1_ws/install/ackermann_mux:/home/meric/f1_ws/install/f1tenth_stack:/home/meric/f1_ws/install/joy_teleop:/home/meric/f1_ws/install/mouse_teleop:/home/meric/f1_ws/install/key_teleop:/opt/ros/humble LD_LIBRARY_PATH=/home/meric/f1_ws/install/vesc_driver/lib:/home/meric/f1_ws/install/vesc_ackermann/lib:/home/meric/f1_ws/install/vesc_msgs/lib:/home/meric/f1_ws/install/teleop_tools_msgs/lib:/home/meric/f1_ws/install/keyboard_msgs/lib:/opt/ros/humble/opt/rviz_ogre_vendor/lib:/opt/ros/humble/lib/aarch64-linux-gnu:/opt/ros/humble/lib:/usr/local/cuda-12.2/lib64:/home/meric/f1tenth_ws/install/vesc_ackermann/lib /usr/bin/cmake --build /home/meric/f1_ws/build/vesc -- -j6 -l6
[0.170s] Invoking command in '/home/meric/f1_ws/build/vesc': CMAKE_PREFIX_PATH=/home/meric/f1_ws/install/vesc_driver:/home/meric/f1_ws/install/vesc_ackermann:/home/meric/f1_ws/install/vesc_msgs:/home/meric/f1_ws/install/vesc:/home/meric/f1_ws/install/teleop_tools:/home/meric/f1_ws/install/teleop_tools_msgs:/home/meric/f1_ws/install/keyboard:/home/meric/f1_ws/install/keyboard_msgs:/home/meric/f1_ws/install/ackermann_mux:/home/meric/f1_ws/install/f1tenth_stack:/home/meric/f1_ws/install/joy_teleop:/home/meric/f1_ws/install/mouse_teleop:/home/meric/f1_ws/install/key_teleop:/opt/ros/humble LD_LIBRARY_PATH=/home/meric/f1_ws/install/vesc_driver/lib:/home/meric/f1_ws/install/vesc_ackermann/lib:/home/meric/f1_ws/install/vesc_msgs/lib:/home/meric/f1_ws/install/teleop_tools_msgs/lib:/home/meric/f1_ws/install/keyboard_msgs/lib:/opt/ros/humble/opt/rviz_ogre_vendor/lib:/opt/ros/humble/lib/aarch64-linux-gnu:/opt/ros/humble/lib:/usr/local/cuda-12.2/lib64:/home/meric/f1tenth_ws/install/vesc_ackermann/lib /usr/bin/cmake --install /home/meric/f1_ws/build/vesc
[0.187s] -- Install configuration: ""
[0.188s] -- Up-to-date: /home/meric/f1_ws/install/vesc/share/ament_index/resource_index/package_run_dependencies/vesc
[0.188s] -- Up-to-date: /home/meric/f1_ws/install/vesc/share/ament_index/resource_index/parent_prefix_path/vesc
[0.189s] -- Up-to-date: /home/meric/f1_ws/install/vesc/share/vesc/environment/ament_prefix_path.sh
[0.189s] -- Up-to-date: /home/meric/f1_ws/install/vesc/share/vesc/environment/ament_prefix_path.dsv
[0.189s] -- Up-to-date: /home/meric/f1_ws/install/vesc/share/vesc/environment/path.sh
[0.189s] -- Up-to-date: /home/meric/f1_ws/install/vesc/share/vesc/environment/path.dsv
[0.190s] -- Up-to-date: /home/meric/f1_ws/install/vesc/share/vesc/local_setup.bash
[0.190s] -- Up-to-date: /home/meric/f1_ws/install/vesc/share/vesc/local_setup.sh
[0.191s] -- Up-to-date: /home/meric/f1_ws/install/vesc/share/vesc/local_setup.zsh
[0.191s] -- Up-to-date: /home/meric/f1_ws/install/vesc/share/vesc/local_setup.dsv
[0.192s] -- Installing: /home/meric/f1_ws/install/vesc/share/vesc/package.dsv
[0.193s] -- Up-to-date: /home/meric/f1_ws/install/vesc/share/ament_index/resource_index/packages/vesc
[0.194s] -- Up-to-date: /home/meric/f1_ws/install/vesc/share/vesc/cmake/vescConfig.cmake
[0.194s] -- Up-to-date: /home/meric/f1_ws/install/vesc/share/vesc/cmake/vescConfig-version.cmake
[0.194s] -- Up-to-date: /home/meric/f1_ws/install/vesc/share/vesc/package.xml
[0.203s] Invoked command in '/home/meric/f1_ws/build/vesc' returned '0': CMAKE_PREFIX_PATH=/home/meric/f1_ws/install/vesc_driver:/home/meric/f1_ws/install/vesc_ackermann:/home/meric/f1_ws/install/vesc_msgs:/home/meric/f1_ws/install/vesc:/home/meric/f1_ws/install/teleop_tools:/home/meric/f1_ws/install/teleop_tools_msgs:/home/meric/f1_ws/install/keyboard:/home/meric/f1_ws/install/keyboard_msgs:/home/meric/f1_ws/install/ackermann_mux:/home/meric/f1_ws/install/f1tenth_stack:/home/meric/f1_ws/install/joy_teleop:/home/meric/f1_ws/install/mouse_teleop:/home/meric/f1_ws/install/key_teleop:/opt/ros/humble LD_LIBRARY_PATH=/home/meric/f1_ws/install/vesc_driver/lib:/home/meric/f1_ws/install/vesc_ackermann/lib:/home/meric/f1_ws/install/vesc_msgs/lib:/home/meric/f1_ws/install/teleop_tools_msgs/lib:/home/meric/f1_ws/install/keyboard_msgs/lib:/opt/ros/humble/opt/rviz_ogre_vendor/lib:/opt/ros/humble/lib/aarch64-linux-gnu:/opt/ros/humble/lib:/usr/local/cuda-12.2/lib64:/home/meric/f1tenth_ws/install/vesc_ackermann/lib /usr/bin/cmake --install /home/meric/f1_ws/build/vesc
