[0.053s] Invoking command in '/home/meric/f1_ws/build/vesc_msgs': CMAKE_PREFIX_PATH=/opt/ros/humble /usr/bin/cmake --build /home/meric/f1_ws/build/vesc_msgs -- -j6 -l6
[1.157s] [35m[1mConsolidate compiler generated dependencies of target vesc_msgs__rosidl_generator_c[0m
[1.157s] [  1%] Built target vesc_msgs__cpp
[1.157s] [ 12%] Built target vesc_msgs__rosidl_generator_c
[1.157s] [ 12%] Built target ament_cmake_python_copy_vesc_msgs
[1.158s] [ 14%] [34m[1mGenerating C++ type support dispatch for ROS interfaces[0m
[1.158s] [ 16%] [34m[1mGenerating C++ type support for eProsima Fast-RTPS[0m
[1.158s] [ 18%] [34m[1mGenerating C type support for eProsima Fast-RTPS[0m
[1.158s] [ 20%] [34m[1mGenerating C++ introspection for ROS interfaces[0m
[1.158s] [ 21%] [34m[1mGenerating C type support dispatch for ROS interfaces[0m
[1.158s] [ 23%] [34m[1mGenerating C introspection for ROS interfaces[0m
[2.429s] [ 25%] [32mBuilding CXX object CMakeFiles/vesc_msgs__rosidl_typesupport_c.dir/rosidl_typesupport_c/vesc_msgs/msg/vesc_state__type_support.cpp.o[0m
[2.527s] [ 27%] [32mBuilding CXX object CMakeFiles/vesc_msgs__rosidl_typesupport_cpp.dir/rosidl_typesupport_cpp/vesc_msgs/msg/vesc_state__type_support.cpp.o[0m
[2.596s] [ 29%] [32mBuilding CXX object CMakeFiles/vesc_msgs__rosidl_typesupport_c.dir/rosidl_typesupport_c/vesc_msgs/msg/vesc_state_stamped__type_support.cpp.o[0m
[2.789s] [ 30%] [32mBuilding CXX object CMakeFiles/vesc_msgs__rosidl_typesupport_c.dir/rosidl_typesupport_c/vesc_msgs/msg/vesc_imu__type_support.cpp.o[0m
[2.969s] [ 32%] [32mBuilding CXX object CMakeFiles/vesc_msgs__rosidl_typesupport_c.dir/rosidl_typesupport_c/vesc_msgs/msg/vesc_imu_stamped__type_support.cpp.o[0m
[3.004s] [ 34%] [32mBuilding CXX object CMakeFiles/vesc_msgs__rosidl_typesupport_introspection_cpp.dir/rosidl_typesupport_introspection_cpp/vesc_msgs/msg/detail/vesc_state__type_support.cpp.o[0m
[3.072s] [ 36%] [32mBuilding C object CMakeFiles/vesc_msgs__rosidl_typesupport_introspection_c.dir/rosidl_typesupport_introspection_c/vesc_msgs/msg/detail/vesc_state__type_support.c.o[0m
[3.206s] [ 38%] [32m[1mLinking CXX shared library libvesc_msgs__rosidl_typesupport_c.so[0m
[3.300s] [ 40%] [32mBuilding C object CMakeFiles/vesc_msgs__rosidl_typesupport_introspection_c.dir/rosidl_typesupport_introspection_c/vesc_msgs/msg/detail/vesc_state_stamped__type_support.c.o[0m
[3.440s] [ 41%] [32mBuilding CXX object CMakeFiles/vesc_msgs__rosidl_typesupport_fastrtps_cpp.dir/rosidl_typesupport_fastrtps_cpp/vesc_msgs/msg/detail/dds_fastrtps/vesc_state__type_support.cpp.o[0m
[3.440s] [ 43%] [32mBuilding CXX object CMakeFiles/vesc_msgs__rosidl_typesupport_fastrtps_c.dir/rosidl_typesupport_fastrtps_c/vesc_msgs/msg/detail/vesc_state__type_support_c.cpp.o[0m
[3.486s] [ 43%] Built target vesc_msgs__rosidl_typesupport_c
[3.545s] [ 45%] [32mBuilding C object CMakeFiles/vesc_msgs__rosidl_typesupport_introspection_c.dir/rosidl_typesupport_introspection_c/vesc_msgs/msg/detail/vesc_imu__type_support.c.o[0m
[3.780s] [ 47%] [32mBuilding C object CMakeFiles/vesc_msgs__rosidl_typesupport_introspection_c.dir/rosidl_typesupport_introspection_c/vesc_msgs/msg/detail/vesc_imu_stamped__type_support.c.o[0m
[3.951s] [ 49%] [32m[1mLinking C shared library libvesc_msgs__rosidl_typesupport_introspection_c.so[0m
[3.993s] [ 50%] [32mBuilding CXX object CMakeFiles/vesc_msgs__rosidl_typesupport_cpp.dir/rosidl_typesupport_cpp/vesc_msgs/msg/vesc_state_stamped__type_support.cpp.o[0m
[4.149s] [ 50%] Built target vesc_msgs__rosidl_typesupport_introspection_c
[4.223s] [ 52%] [32mBuilding CXX object CMakeFiles/vesc_msgs__rosidl_typesupport_cpp.dir/rosidl_typesupport_cpp/vesc_msgs/msg/vesc_imu__type_support.cpp.o[0m
[4.679s] running egg_info
[4.776s] writing vesc_msgs.egg-info/PKG-INFO
[4.778s] writing dependency_links to vesc_msgs.egg-info/dependency_links.txt
[4.779s] writing top-level names to vesc_msgs.egg-info/top_level.txt
[4.898s] [ 54%] [32mBuilding CXX object CMakeFiles/vesc_msgs__rosidl_typesupport_introspection_cpp.dir/rosidl_typesupport_introspection_cpp/vesc_msgs/msg/detail/vesc_state_stamped__type_support.cpp.o[0m
[4.959s] reading manifest file 'vesc_msgs.egg-info/SOURCES.txt'
[4.990s] [ 56%] [32mBuilding CXX object CMakeFiles/vesc_msgs__rosidl_typesupport_fastrtps_cpp.dir/rosidl_typesupport_fastrtps_cpp/vesc_msgs/msg/detail/dds_fastrtps/vesc_state_stamped__type_support.cpp.o[0m
[5.006s] Traceback (most recent call last):
[5.006s]   File "/home/meric/f1_ws/build/vesc_msgs/ament_cmake_python/vesc_msgs/setup.py", line 4, in <module>
[5.007s]     setup(
[5.007s]   File "/home/meric/.local/lib/python3.10/site-packages/setuptools/__init__.py", line 117, in setup
[5.008s]     return distutils.core.setup(**attrs)
[5.008s]   File "/home/meric/.local/lib/python3.10/site-packages/setuptools/_distutils/core.py", line 183, in setup
[5.009s]     return run_commands(dist)
[5.009s] [ 58%] [32mBuilding CXX object CMakeFiles/vesc_msgs__rosidl_typesupport_cpp.dir/rosidl_typesupport_cpp/vesc_msgs/msg/vesc_imu_stamped__type_support.cpp.o[0m
[5.010s]   File "/home/meric/.local/lib/python3.10/site-packages/setuptools/_distutils/core.py", line 199, in run_commands
[5.010s]     dist.run_commands()
[5.010s]   File "/home/meric/.local/lib/python3.10/site-packages/setuptools/_distutils/dist.py", line 954, in run_commands
[5.011s]     self.run_command(cmd)
[5.011s]   File "/home/meric/.local/lib/python3.10/site-packages/setuptools/dist.py", line 950, in run_command
[5.012s]     super().run_command(command)
[5.012s]   File "/home/meric/.local/lib/python3.10/site-packages/setuptools/_distutils/dist.py", line 973, in run_command
[5.013s]     cmd_obj.run()
[5.013s]   File "/home/meric/.local/lib/python3.10/site-packages/setuptools/command/egg_info.py", line 311, in run
[5.014s]     self.find_sources()
[5.014s]   File "/home/meric/.local/lib/python3.10/site-packages/setuptools/command/egg_info.py", line 319, in find_sources
[5.014s]     mm.run()
[5.014s]   File "/home/meric/.local/lib/python3.10/site-packages/setuptools/command/egg_info.py", line 545, in run
[5.015s]     self.prune_file_list()
[5.015s]   File "/home/meric/.local/lib/python3.10/site-packages/setuptools/command/sdist.py", line 161, in prune_file_list
[5.016s]     super().prune_file_list()
[5.016s]   File "/home/meric/.local/lib/python3.10/site-packages/setuptools/_distutils/command/sdist.py", line 380, in prune_file_list
[5.016s]     base_dir = self.distribution.get_fullname()
[5.017s]   File "/home/meric/.local/lib/python3.10/site-packages/setuptools/_core_metadata.py", line 267, in get_fullname
[5.017s]     return _distribution_fullname(self.get_name(), self.get_version())
[5.017s]   File "/home/meric/.local/lib/python3.10/site-packages/setuptools/_core_metadata.py", line 285, in _distribution_fullname
[5.018s]     canonicalize_version(version, strip_trailing_zero=False),
[5.018s] TypeError: canonicalize_version() got an unexpected keyword argument 'strip_trailing_zero'
[5.025s] [ 60%] [32mBuilding CXX object CMakeFiles/vesc_msgs__rosidl_typesupport_fastrtps_c.dir/rosidl_typesupport_fastrtps_c/vesc_msgs/msg/detail/vesc_state_stamped__type_support_c.cpp.o[0m
[5.047s] [ 61%] [32mBuilding CXX object CMakeFiles/vesc_msgs__rosidl_typesupport_fastrtps_cpp.dir/rosidl_typesupport_fastrtps_cpp/vesc_msgs/msg/detail/dds_fastrtps/vesc_imu__type_support.cpp.o[0m
[5.167s] gmake[2]: *** [CMakeFiles/ament_cmake_python_build_vesc_msgs_egg.dir/build.make:70: CMakeFiles/ament_cmake_python_build_vesc_msgs_egg] Error 1
[5.168s] gmake[1]: *** [CMakeFiles/Makefile2:447: CMakeFiles/ament_cmake_python_build_vesc_msgs_egg.dir/all] Error 2
[5.168s] gmake[1]: *** Waiting for unfinished jobs....
[5.216s] [ 63%] [32mBuilding CXX object CMakeFiles/vesc_msgs__rosidl_typesupport_fastrtps_c.dir/rosidl_typesupport_fastrtps_c/vesc_msgs/msg/detail/vesc_imu__type_support_c.cpp.o[0m
[5.971s] [ 65%] [32mBuilding CXX object CMakeFiles/vesc_msgs__rosidl_typesupport_fastrtps_c.dir/rosidl_typesupport_fastrtps_c/vesc_msgs/msg/detail/vesc_imu_stamped__type_support_c.cpp.o[0m
[6.000s] [ 67%] [32mBuilding CXX object CMakeFiles/vesc_msgs__rosidl_typesupport_introspection_cpp.dir/rosidl_typesupport_introspection_cpp/vesc_msgs/msg/detail/vesc_imu__type_support.cpp.o[0m
[6.143s] [ 69%] [32mBuilding CXX object CMakeFiles/vesc_msgs__rosidl_typesupport_introspection_cpp.dir/rosidl_typesupport_introspection_cpp/vesc_msgs/msg/detail/vesc_imu_stamped__type_support.cpp.o[0m
[6.145s] [ 70%] [32m[1mLinking CXX shared library libvesc_msgs__rosidl_typesupport_cpp.so[0m
[6.258s] [ 70%] Built target vesc_msgs__rosidl_typesupport_cpp
[6.269s] [ 72%] [32mBuilding CXX object CMakeFiles/vesc_msgs__rosidl_typesupport_fastrtps_cpp.dir/rosidl_typesupport_fastrtps_cpp/vesc_msgs/msg/detail/dds_fastrtps/vesc_imu_stamped__type_support.cpp.o[0m
[6.785s] [ 74%] [32m[1mLinking CXX shared library libvesc_msgs__rosidl_typesupport_fastrtps_c.so[0m
[6.943s] [ 74%] Built target vesc_msgs__rosidl_typesupport_fastrtps_c
[6.999s] [ 76%] [32m[1mLinking CXX shared library libvesc_msgs__rosidl_typesupport_introspection_cpp.so[0m
[7.121s] [ 76%] Built target vesc_msgs__rosidl_typesupport_introspection_cpp
[7.160s] [ 78%] [32m[1mLinking CXX shared library libvesc_msgs__rosidl_typesupport_fastrtps_cpp.so[0m
[7.324s] [ 78%] Built target vesc_msgs__rosidl_typesupport_fastrtps_cpp
[7.327s] gmake: *** [Makefile:146: all] Error 2
