-- Found ament_cmake: 1.3.10 (/opt/ros/humble/share/ament_cmake/cmake)
-- Found rclcpp: 16.0.10 (/opt/ros/humble/share/rclcpp/cmake)
-- Found rosidl_generator_c: 3.1.5 (/opt/ros/humble/share/rosidl_generator_c/cmake)
-- Found rosidl_adapter: 3.1.5 (/opt/ros/humble/share/rosidl_adapter/cmake)
-- Found rosidl_generator_cpp: 3.1.5 (/opt/ros/humble/share/rosidl_generator_cpp/cmake)
-- Using all available rosidl_typesupport_c: rosidl_typesupport_fastrtps_c;rosidl_typesupport_introspection_c
-- Using all available rosidl_typesupport_cpp: rosidl_typesupport_fastrtps_cpp;rosidl_typesupport_introspection_cpp
-- Found rmw_implementation_cmake: 6.1.2 (/opt/ros/humble/share/rmw_implementation_cmake/cmake)
-- Found rmw_fastrtps_cpp: 6.2.7 (/opt/ros/humble/share/rmw_fastrtps_cpp/cmake)
-- Using RMW implementation 'rmw_fastrtps_cpp' as default
-- Found geometry_msgs: 4.2.4 (/opt/ros/humble/share/geometry_msgs/cmake)
-- Found sensor_msgs: 4.2.4 (/opt/ros/humble/share/sensor_msgs/cmake)
-- Found tf2: 0.25.8 (/opt/ros/humble/share/tf2/cmake)
-- Found tf2_ros: 0.25.8 (/opt/ros/humble/share/tf2_ros/cmake)
-- Found tf2_geometry_msgs: 0.25.8 (/opt/ros/humble/share/tf2_geometry_msgs/cmake)
-- Found eigen3_cmake_module: 0.1.1 (/opt/ros/humble/share/eigen3_cmake_module/cmake)
-- Ensuring Eigen3 include directory is part of orocos-kdl CMake target
-- Found ament_lint_auto: 0.12.11 (/opt/ros/humble/share/ament_lint_auto/cmake)
-- Added test 'copyright' to check source files copyright and LICENSE
-- Added test 'cppcheck' to perform static code analysis on C / C++ code
-- Configured cppcheck include dirs: $<BUILD_INTERFACE:/home/meric/f1_ws/src/F1tenth_wall_follower_ROS2/include>
-- Configured cppcheck exclude dirs and/or files: 
-- Added test 'cpplint' to check C / C++ code against the Google style
-- Configured cpplint exclude dirs and/or files: 
-- Added test 'flake8' to check Python code syntax and style conventions
-- Added test 'lint_cmake' to check CMake code style
-- Added test 'pep257' to check Python code against some of the docstring style conventions in PEP 257
-- Added test 'uncrustify' to check C / C++ code style
-- Configured uncrustify additional arguments: 
-- Added test 'xmllint' to check XML markup files
-- Configuring done
-- Generating done
-- Build files have been written to: /home/meric/f1_ws/build/cpp_right_wall_follower
[35m[1mConsolidate compiler generated dependencies of target right_wall_follower_drive_node[0m
[100%] Built target right_wall_follower_drive_node
-- Install configuration: ""
-- Up-to-date: /home/meric/f1_ws/install/cpp_right_wall_follower/lib/cpp_right_wall_follower/right_wall_follower_drive_node
-- Installing: /home/meric/f1_ws/install/cpp_right_wall_follower/share/cpp_right_wall_follower//launch
-- Installing: /home/meric/f1_ws/install/cpp_right_wall_follower/share/cpp_right_wall_follower//launch/right_wall_follower.launch.py
-- Installing: /home/meric/f1_ws/install/cpp_right_wall_follower/share/ament_index/resource_index/package_run_dependencies/cpp_right_wall_follower
-- Installing: /home/meric/f1_ws/install/cpp_right_wall_follower/share/ament_index/resource_index/parent_prefix_path/cpp_right_wall_follower
-- Installing: /home/meric/f1_ws/install/cpp_right_wall_follower/share/cpp_right_wall_follower/environment/ament_prefix_path.sh
-- Installing: /home/meric/f1_ws/install/cpp_right_wall_follower/share/cpp_right_wall_follower/environment/ament_prefix_path.dsv
-- Installing: /home/meric/f1_ws/install/cpp_right_wall_follower/share/cpp_right_wall_follower/environment/path.sh
-- Installing: /home/meric/f1_ws/install/cpp_right_wall_follower/share/cpp_right_wall_follower/environment/path.dsv
-- Installing: /home/meric/f1_ws/install/cpp_right_wall_follower/share/cpp_right_wall_follower/local_setup.bash
-- Installing: /home/meric/f1_ws/install/cpp_right_wall_follower/share/cpp_right_wall_follower/local_setup.sh
-- Installing: /home/meric/f1_ws/install/cpp_right_wall_follower/share/cpp_right_wall_follower/local_setup.zsh
-- Installing: /home/meric/f1_ws/install/cpp_right_wall_follower/share/cpp_right_wall_follower/local_setup.dsv
-- Installing: /home/meric/f1_ws/install/cpp_right_wall_follower/share/cpp_right_wall_follower/package.dsv
-- Installing: /home/meric/f1_ws/install/cpp_right_wall_follower/share/ament_index/resource_index/packages/cpp_right_wall_follower
-- Installing: /home/meric/f1_ws/install/cpp_right_wall_follower/share/cpp_right_wall_follower/cmake/ament_cmake_export_dependencies-extras.cmake
-- Installing: /home/meric/f1_ws/install/cpp_right_wall_follower/share/cpp_right_wall_follower/cmake/ament_cmake_export_include_directories-extras.cmake
-- Installing: /home/meric/f1_ws/install/cpp_right_wall_follower/share/cpp_right_wall_follower/cmake/cpp_right_wall_followerConfig.cmake
-- Installing: /home/meric/f1_ws/install/cpp_right_wall_follower/share/cpp_right_wall_follower/cmake/cpp_right_wall_followerConfig-version.cmake
-- Installing: /home/meric/f1_ws/install/cpp_right_wall_follower/share/cpp_right_wall_follower/package.xml
