[2.497s] Invoking command in '/home/meric/f1_ws/src/f1tenth_system/teleop_tools/mouse_teleop': PYTHONPATH=/home/meric/f1_ws/src/build/mouse_teleop/prefix_override:/home/meric/.local/lib/python3.10/site-packages/colcon_core/task/python/colcon_distutils_commands:/home/meric/f1_ws/src/install/mouse_teleop/lib/python3.10/site-packages:${PYTHONPATH} /usr/bin/python3 -W ignore:setup.py install is deprecated setup.py egg_info --egg-base ../../../build/mouse_teleop build --build-base /home/meric/f1_ws/src/build/mouse_teleop/build install --record /home/meric/f1_ws/src/build/mouse_teleop/install.log --single-version-externally-managed install_data
[3.437s] running egg_info
[3.437s] creating ../../../build/mouse_teleop/mouse_teleop.egg-info
[3.437s] writing ../../../build/mouse_teleop/mouse_teleop.egg-info/PKG-INFO
[3.437s] writing dependency_links to ../../../build/mouse_teleop/mouse_teleop.egg-info/dependency_links.txt
[3.437s] writing entry points to ../../../build/mouse_teleop/mouse_teleop.egg-info/entry_points.txt
[3.438s] writing requirements to ../../../build/mouse_teleop/mouse_teleop.egg-info/requires.txt
[3.438s] writing top-level names to ../../../build/mouse_teleop/mouse_teleop.egg-info/top_level.txt
[3.438s] writing manifest file '../../../build/mouse_teleop/mouse_teleop.egg-info/SOURCES.txt'
[3.438s] reading manifest file '../../../build/mouse_teleop/mouse_teleop.egg-info/SOURCES.txt'
[3.438s] adding license file 'LICENSE'
[3.438s] writing manifest file '../../../build/mouse_teleop/mouse_teleop.egg-info/SOURCES.txt'
[3.438s] running build
[3.438s] running build_py
[3.438s] creating /home/meric/f1_ws/src/build/mouse_teleop/build
[3.439s] creating /home/meric/f1_ws/src/build/mouse_teleop/build/lib
[3.439s] creating /home/meric/f1_ws/src/build/mouse_teleop/build/lib/mouse_teleop
[3.439s] copying mouse_teleop/__init__.py -> /home/meric/f1_ws/src/build/mouse_teleop/build/lib/mouse_teleop
[3.439s] copying mouse_teleop/mouse_teleop.py -> /home/meric/f1_ws/src/build/mouse_teleop/build/lib/mouse_teleop
[3.439s] running install
[3.439s] running install_lib
[3.439s] creating /home/meric/f1_ws/src/install/mouse_teleop/lib/python3.10/site-packages/mouse_teleop
[3.439s] copying /home/meric/f1_ws/src/build/mouse_teleop/build/lib/mouse_teleop/__init__.py -> /home/meric/f1_ws/src/install/mouse_teleop/lib/python3.10/site-packages/mouse_teleop
[3.439s] copying /home/meric/f1_ws/src/build/mouse_teleop/build/lib/mouse_teleop/mouse_teleop.py -> /home/meric/f1_ws/src/install/mouse_teleop/lib/python3.10/site-packages/mouse_teleop
[3.440s] byte-compiling /home/meric/f1_ws/src/install/mouse_teleop/lib/python3.10/site-packages/mouse_teleop/__init__.py to __init__.cpython-310.pyc
[3.440s] byte-compiling /home/meric/f1_ws/src/install/mouse_teleop/lib/python3.10/site-packages/mouse_teleop/mouse_teleop.py to mouse_teleop.cpython-310.pyc
[3.440s] running install_data
[3.440s] copying package.xml -> /home/meric/f1_ws/src/install/mouse_teleop/share/mouse_teleop
[3.440s] creating /home/meric/f1_ws/src/install/mouse_teleop/share/mouse_teleop/config
[3.440s] copying config/mouse_teleop.yaml -> /home/meric/f1_ws/src/install/mouse_teleop/share/mouse_teleop/config
[3.440s] creating /home/meric/f1_ws/src/install/mouse_teleop/share/mouse_teleop/launch
[3.440s] copying launch/mouse_teleop.launch.py -> /home/meric/f1_ws/src/install/mouse_teleop/share/mouse_teleop/launch
[3.440s] creating /home/meric/f1_ws/src/install/mouse_teleop/share/ament_index
[3.441s] creating /home/meric/f1_ws/src/install/mouse_teleop/share/ament_index/resource_index
[3.441s] creating /home/meric/f1_ws/src/install/mouse_teleop/share/ament_index/resource_index/packages
[3.441s] copying resource/mouse_teleop -> /home/meric/f1_ws/src/install/mouse_teleop/share/ament_index/resource_index/packages
[3.441s] running install_egg_info
[3.441s] Copying ../../../build/mouse_teleop/mouse_teleop.egg-info to /home/meric/f1_ws/src/install/mouse_teleop/lib/python3.10/site-packages/mouse_teleop-0.3.0-py3.10.egg-info
[3.441s] running install_scripts
[3.441s] Installing mouse_teleop script to /home/meric/f1_ws/src/install/mouse_teleop/lib/mouse_teleop
[3.443s] writing list of installed files to '/home/meric/f1_ws/src/build/mouse_teleop/install.log'
[3.494s] Invoked command in '/home/meric/f1_ws/src/f1tenth_system/teleop_tools/mouse_teleop' returned '0': PYTHONPATH=/home/meric/f1_ws/src/build/mouse_teleop/prefix_override:/home/meric/.local/lib/python3.10/site-packages/colcon_core/task/python/colcon_distutils_commands:/home/meric/f1_ws/src/install/mouse_teleop/lib/python3.10/site-packages:${PYTHONPATH} /usr/bin/python3 -W ignore:setup.py install is deprecated setup.py egg_info --egg-base ../../../build/mouse_teleop build --build-base /home/meric/f1_ws/src/build/mouse_teleop/build install --record /home/meric/f1_ws/src/build/mouse_teleop/install.log --single-version-externally-managed install_data
