[3.086s] Invoking command in '/home/meric/f1_ws/src/f1tenth_system/teleop_tools/mouse_teleop': PYTHONPATH=/home/meric/f1_ws/build/mouse_teleop/prefix_override:/home/meric/.local/lib/python3.10/site-packages/colcon_core/task/python/colcon_distutils_commands:/home/meric/f1_ws/install/mouse_teleop/lib/python3.10/site-packages:${PYTHONPATH} /usr/bin/python3 -W ignore:setup.py install is deprecated setup.py egg_info --egg-base ../../../../build/mouse_teleop build --build-base /home/meric/f1_ws/build/mouse_teleop/build install --record /home/meric/f1_ws/build/mouse_teleop/install.log --single-version-externally-managed install_data
[3.689s] running egg_info
[3.690s] writing ../../../../build/mouse_teleop/mouse_teleop.egg-info/PKG-INFO
[3.691s] writing dependency_links to ../../../../build/mouse_teleop/mouse_teleop.egg-info/dependency_links.txt
[3.692s] writing entry points to ../../../../build/mouse_teleop/mouse_teleop.egg-info/entry_points.txt
[3.692s] writing requirements to ../../../../build/mouse_teleop/mouse_teleop.egg-info/requires.txt
[3.693s] writing top-level names to ../../../../build/mouse_teleop/mouse_teleop.egg-info/top_level.txt
[3.700s] reading manifest file '../../../../build/mouse_teleop/mouse_teleop.egg-info/SOURCES.txt'
[3.702s] adding license file 'LICENSE'
[3.704s] writing manifest file '../../../../build/mouse_teleop/mouse_teleop.egg-info/SOURCES.txt'
[3.705s] running build
[3.705s] running build_py
[3.705s] running install
[3.705s] running install_lib
[3.708s] running install_data
[3.708s] running install_egg_info
[3.713s] removing '/home/meric/f1_ws/install/mouse_teleop/lib/python3.10/site-packages/mouse_teleop-0.3.0-py3.10.egg-info' (and everything under it)
[3.714s] Copying ../../../../build/mouse_teleop/mouse_teleop.egg-info to /home/meric/f1_ws/install/mouse_teleop/lib/python3.10/site-packages/mouse_teleop-0.3.0-py3.10.egg-info
[3.717s] running install_scripts
[3.763s] Installing mouse_teleop script to /home/meric/f1_ws/install/mouse_teleop/lib/mouse_teleop
[3.764s] writing list of installed files to '/home/meric/f1_ws/build/mouse_teleop/install.log'
[3.870s] Invoked command in '/home/meric/f1_ws/src/f1tenth_system/teleop_tools/mouse_teleop' returned '0': PYTHONPATH=/home/meric/f1_ws/build/mouse_teleop/prefix_override:/home/meric/.local/lib/python3.10/site-packages/colcon_core/task/python/colcon_distutils_commands:/home/meric/f1_ws/install/mouse_teleop/lib/python3.10/site-packages:${PYTHONPATH} /usr/bin/python3 -W ignore:setup.py install is deprecated setup.py egg_info --egg-base ../../../../build/mouse_teleop build --build-base /home/meric/f1_ws/build/mouse_teleop/build install --record /home/meric/f1_ws/build/mouse_teleop/install.log --single-version-externally-managed install_data
