[0.070s] Invoking command in '/home/meric/f1_ws/build/teleop_tools_msgs': CMAKE_PREFIX_PATH=${CMAKE_PREFIX_PATH}:/home/meric/f1_ws/install/f1tenth_stack:/home/meric/f1_ws/install/joy_teleop:/home/meric/f1_ws/install/mouse_teleop:/home/meric/f1_ws/install/key_teleop:/opt/ros/humble /usr/bin/cmake /home/meric/f1_ws/src/f1tenth_system/teleop_tools/teleop_tools_msgs -DAMENT_CMAKE_SYMLINK_INSTALL=1 -DCMAKE_INSTALL_PREFIX=/home/meric/f1_ws/install/teleop_tools_msgs
[1.370s] -- Found ament_cmake: 1.3.10 (/opt/ros/humble/share/ament_cmake/cmake)
[1.370s] -- Override CMake install command with custom implementation using symlinks instead of copying resources
[1.370s] -- Found rosidl_default_generators: 1.2.0 (/opt/ros/humble/share/rosidl_default_generators/cmake)
[1.370s] -- Using all available rosidl_typesupport_c: rosidl_typesupport_fastrtps_c;rosidl_typesupport_introspection_c
[1.371s] -- Found rosidl_adapter: 3.1.5 (/opt/ros/humble/share/rosidl_adapter/cmake)
[1.372s] -- Using all available rosidl_typesupport_cpp: rosidl_typesupport_fastrtps_cpp;rosidl_typesupport_introspection_cpp
[1.372s] -- Found ament_lint_auto: 0.12.11 (/opt/ros/humble/share/ament_lint_auto/cmake)
[1.373s] -- Found ament_cmake_ros: 0.10.0 (/opt/ros/humble/share/ament_cmake_ros/cmake)
[1.631s] -- Using all available rosidl_typesupport_c: rosidl_typesupport_fastrtps_c;rosidl_typesupport_introspection_c
[2.226s] -- Using all available rosidl_typesupport_cpp: rosidl_typesupport_fastrtps_cpp;rosidl_typesupport_introspection_cpp
[2.283s] -- Found python_cmake_module: 0.10.0 (/opt/ros/humble/share/python_cmake_module/cmake)
[2.347s] -- Using PYTHON_EXECUTABLE: /usr/bin/python3
[2.348s] -- Using PYTHON_INCLUDE_DIRS: /usr/include/python3.10
[2.348s] -- Using PYTHON_LIBRARIES: /usr/lib/aarch64-linux-gnu/libpython3.10.so
[2.428s] -- Added test 'copyright' to check source files copyright and LICENSE
[2.430s] -- Added test 'lint_cmake' to check CMake code style
[2.432s] -- Added test 'xmllint' to check XML markup files
[2.442s] -- Configuring done
[2.564s] -- Generating done
[2.567s] -- Build files have been written to: /home/meric/f1_ws/build/teleop_tools_msgs
[3.255s] Invoked command in '/home/meric/f1_ws/build/teleop_tools_msgs' returned '0': CMAKE_PREFIX_PATH=${CMAKE_PREFIX_PATH}:/home/meric/f1_ws/install/f1tenth_stack:/home/meric/f1_ws/install/joy_teleop:/home/meric/f1_ws/install/mouse_teleop:/home/meric/f1_ws/install/key_teleop:/opt/ros/humble /usr/bin/cmake /home/meric/f1_ws/src/f1tenth_system/teleop_tools/teleop_tools_msgs -DAMENT_CMAKE_SYMLINK_INSTALL=1 -DCMAKE_INSTALL_PREFIX=/home/meric/f1_ws/install/teleop_tools_msgs
[3.259s] Invoking command in '/home/meric/f1_ws/build/teleop_tools_msgs': CMAKE_PREFIX_PATH=${CMAKE_PREFIX_PATH}:/home/meric/f1_ws/install/f1tenth_stack:/home/meric/f1_ws/install/joy_teleop:/home/meric/f1_ws/install/mouse_teleop:/home/meric/f1_ws/install/key_teleop:/opt/ros/humble /usr/bin/cmake --build /home/meric/f1_ws/build/teleop_tools_msgs -- -j6 -l6
[3.360s] [  3%] [34m[1mGenerating C code for ROS interfaces[0m
[3.453s] [  6%] [34m[1mGenerating C++ code for ROS interfaces[0m
[3.489s] [  6%] Built target ament_cmake_python_symlink_teleop_tools_msgs
[4.257s] running egg_info
[4.258s] creating teleop_tools_msgs.egg-info
[4.259s] writing teleop_tools_msgs.egg-info/PKG-INFO
[4.259s] writing dependency_links to teleop_tools_msgs.egg-info/dependency_links.txt
[4.260s] writing top-level names to teleop_tools_msgs.egg-info/top_level.txt
[4.260s] writing manifest file 'teleop_tools_msgs.egg-info/SOURCES.txt'
[4.265s] reading manifest file 'teleop_tools_msgs.egg-info/SOURCES.txt'
[4.266s] writing manifest file 'teleop_tools_msgs.egg-info/SOURCES.txt'
[4.400s] [  6%] Built target ament_cmake_python_build_teleop_tools_msgs_egg
[4.670s] [  9%] [32mBuilding C object CMakeFiles/teleop_tools_msgs__rosidl_generator_c.dir/rosidl_generator_c/teleop_tools_msgs/action/detail/increment__functions.c.o[0m
[4.879s] [  9%] Built target teleop_tools_msgs__cpp
[4.901s] [ 19%] [34m[1mGenerating C++ type support for eProsima Fast-RTPS[0m
[4.901s] [ 19%] [34m[1mGenerating C++ type support dispatch for ROS interfaces[0m
[4.902s] [ 19%] [34m[1mGenerating C++ introspection for ROS interfaces[0m
[4.984s] [ 22%] [32m[1mLinking C shared library libteleop_tools_msgs__rosidl_generator_c.so[0m
[5.068s] [ 22%] Built target teleop_tools_msgs__rosidl_generator_c
[5.093s] [ 29%] [34m[1mGenerating C introspection for ROS interfaces[0m
[5.093s] [ 29%] [34m[1mGenerating C type support for eProsima Fast-RTPS[0m
[5.123s] [ 32%] [34m[1mGenerating C type support dispatch for ROS interfaces[0m
[5.616s] [ 35%] [32mBuilding CXX object CMakeFiles/teleop_tools_msgs__rosidl_typesupport_cpp.dir/rosidl_typesupport_cpp/teleop_tools_msgs/action/increment__type_support.cpp.o[0m
[5.707s] [ 38%] [32mBuilding CXX object CMakeFiles/teleop_tools_msgs__rosidl_typesupport_introspection_cpp.dir/rosidl_typesupport_introspection_cpp/teleop_tools_msgs/action/detail/increment__type_support.cpp.o[0m
[5.784s] [ 41%] [32mBuilding CXX object CMakeFiles/teleop_tools_msgs__rosidl_typesupport_c.dir/rosidl_typesupport_c/teleop_tools_msgs/action/increment__type_support.cpp.o[0m
[5.807s] [ 45%] [32mBuilding CXX object CMakeFiles/teleop_tools_msgs__rosidl_typesupport_fastrtps_cpp.dir/rosidl_typesupport_fastrtps_cpp/teleop_tools_msgs/action/detail/dds_fastrtps/increment__type_support.cpp.o[0m
[5.913s] [ 48%] [32m[1mLinking CXX shared library libteleop_tools_msgs__rosidl_typesupport_c.so[0m
[5.955s] [ 51%] [32mBuilding C object CMakeFiles/teleop_tools_msgs__rosidl_typesupport_introspection_c.dir/rosidl_typesupport_introspection_c/teleop_tools_msgs/action/detail/increment__type_support.c.o[0m
[6.005s] [ 54%] [32mBuilding CXX object CMakeFiles/teleop_tools_msgs__rosidl_typesupport_fastrtps_c.dir/rosidl_typesupport_fastrtps_c/teleop_tools_msgs/action/detail/increment__type_support_c.cpp.o[0m
[6.019s] [ 54%] Built target teleop_tools_msgs__rosidl_typesupport_c
[6.087s] [ 58%] [32m[1mLinking C shared library libteleop_tools_msgs__rosidl_typesupport_introspection_c.so[0m
[6.163s] [ 58%] Built target teleop_tools_msgs__rosidl_typesupport_introspection_c
[6.747s] [ 61%] [32m[1mLinking CXX shared library libteleop_tools_msgs__rosidl_typesupport_cpp.so[0m
[6.828s] [ 61%] Built target teleop_tools_msgs__rosidl_typesupport_cpp
[6.891s] [ 64%] [32m[1mLinking CXX shared library libteleop_tools_msgs__rosidl_typesupport_fastrtps_c.so[0m
[7.053s] [ 64%] Built target teleop_tools_msgs__rosidl_typesupport_fastrtps_c
[7.112s] [ 67%] [32m[1mLinking CXX shared library libteleop_tools_msgs__rosidl_typesupport_introspection_cpp.so[0m
[7.216s] [ 70%] [32m[1mLinking CXX shared library libteleop_tools_msgs__rosidl_typesupport_fastrtps_cpp.so[0m
[7.263s] [ 70%] Built target teleop_tools_msgs__rosidl_typesupport_introspection_cpp
[7.370s] [ 70%] Built target teleop_tools_msgs__rosidl_typesupport_fastrtps_cpp
[7.419s] [ 70%] Built target teleop_tools_msgs
[7.469s] [ 74%] [34m[1mGenerating Python code for ROS interfaces[0m
[8.916s] [ 74%] Built target teleop_tools_msgs__py
[8.968s] [ 77%] [32mBuilding C object CMakeFiles/teleop_tools_msgs__rosidl_generator_py.dir/rosidl_generator_py/teleop_tools_msgs/action/_increment_s.c.o[0m
[9.302s] [ 80%] [32m[1mLinking C shared library rosidl_generator_py/teleop_tools_msgs/libteleop_tools_msgs__rosidl_generator_py.so[0m
[9.394s] [ 80%] Built target teleop_tools_msgs__rosidl_generator_py
[9.439s] [ 87%] [32mBuilding C object CMakeFiles/teleop_tools_msgs__rosidl_typesupport_c__pyext.dir/rosidl_generator_py/teleop_tools_msgs/_teleop_tools_msgs_s.ep.rosidl_typesupport_c.c.o[0m
[9.439s] [ 87%] [32mBuilding C object CMakeFiles/teleop_tools_msgs__rosidl_typesupport_introspection_c__pyext.dir/rosidl_generator_py/teleop_tools_msgs/_teleop_tools_msgs_s.ep.rosidl_typesupport_introspection_c.c.o[0m
[9.440s] [ 90%] [32mBuilding C object CMakeFiles/teleop_tools_msgs__rosidl_typesupport_fastrtps_c__pyext.dir/rosidl_generator_py/teleop_tools_msgs/_teleop_tools_msgs_s.ep.rosidl_typesupport_fastrtps_c.c.o[0m
[9.692s] [ 93%] [32m[1mLinking C shared library rosidl_generator_py/teleop_tools_msgs/teleop_tools_msgs_s__rosidl_typesupport_fastrtps_c.cpython-310-aarch64-linux-gnu.so[0m
[9.693s] [ 96%] [32m[1mLinking C shared library rosidl_generator_py/teleop_tools_msgs/teleop_tools_msgs_s__rosidl_typesupport_introspection_c.cpython-310-aarch64-linux-gnu.so[0m
[9.697s] [100%] [32m[1mLinking C shared library rosidl_generator_py/teleop_tools_msgs/teleop_tools_msgs_s__rosidl_typesupport_c.cpython-310-aarch64-linux-gnu.so[0m
[9.785s] [100%] Built target teleop_tools_msgs__rosidl_typesupport_c__pyext
[9.785s] [100%] Built target teleop_tools_msgs__rosidl_typesupport_introspection_c__pyext
[9.786s] [100%] Built target teleop_tools_msgs__rosidl_typesupport_fastrtps_c__pyext
