[35m[1mConsolidate compiler generated dependencies of target ackermann_mux[0m
[100%] Built target ackermann_mux
-- Install configuration: ""
-- Installing: /home/meric/f1_ws/src/install/ackermann_mux/lib/ackermann_mux/ackermann_mux
-- Set runtime path of "/home/meric/f1_ws/src/install/ackermann_mux/lib/ackermann_mux/ackermann_mux" to ""
-- Installing: /home/meric/f1_ws/src/install/ackermann_mux/share/ackermann_mux/launch
-- Installing: /home/meric/f1_ws/src/install/ackermann_mux/share/ackermann_mux/launch/ackermann_mux_launch.py
-- Installing: /home/meric/f1_ws/src/install/ackermann_mux/share/ackermann_mux/config
-- Installing: /home/meric/f1_ws/src/install/ackermann_mux/share/ackermann_mux/config/ackermann_mux_locks.yaml
-- Installing: /home/meric/f1_ws/src/install/ackermann_mux/share/ackermann_mux/config/joystick.yaml
-- Installing: /home/meric/f1_ws/src/install/ackermann_mux/share/ackermann_mux/config/ackermann_mux_topics.yaml
-- Installing: /home/meric/f1_ws/src/install/ackermann_mux/include
-- Installing: /home/meric/f1_ws/src/install/ackermann_mux/include/ackermann_mux
-- Installing: /home/meric/f1_ws/src/install/ackermann_mux/include/ackermann_mux/topic_handle.hpp
-- Installing: /home/meric/f1_ws/src/install/ackermann_mux/include/ackermann_mux/params_helpers.hpp
-- Installing: /home/meric/f1_ws/src/install/ackermann_mux/include/ackermann_mux/utils.hpp
-- Installing: /home/meric/f1_ws/src/install/ackermann_mux/include/ackermann_mux/ackermann_mux.hpp
-- Installing: /home/meric/f1_ws/src/install/ackermann_mux/include/ackermann_mux/ackermann_mux_diagnostics.hpp
-- Installing: /home/meric/f1_ws/src/install/ackermann_mux/include/ackermann_mux/ackermann_mux_diagnostics_status.hpp
-- Installing: /home/meric/f1_ws/src/install/ackermann_mux/share/ament_index/resource_index/package_run_dependencies/ackermann_mux
-- Installing: /home/meric/f1_ws/src/install/ackermann_mux/share/ament_index/resource_index/parent_prefix_path/ackermann_mux
-- Installing: /home/meric/f1_ws/src/install/ackermann_mux/share/ackermann_mux/environment/ament_prefix_path.sh
-- Installing: /home/meric/f1_ws/src/install/ackermann_mux/share/ackermann_mux/environment/ament_prefix_path.dsv
-- Installing: /home/meric/f1_ws/src/install/ackermann_mux/share/ackermann_mux/environment/path.sh
-- Installing: /home/meric/f1_ws/src/install/ackermann_mux/share/ackermann_mux/environment/path.dsv
-- Installing: /home/meric/f1_ws/src/install/ackermann_mux/share/ackermann_mux/local_setup.bash
-- Installing: /home/meric/f1_ws/src/install/ackermann_mux/share/ackermann_mux/local_setup.sh
-- Installing: /home/meric/f1_ws/src/install/ackermann_mux/share/ackermann_mux/local_setup.zsh
-- Installing: /home/meric/f1_ws/src/install/ackermann_mux/share/ackermann_mux/local_setup.dsv
-- Installing: /home/meric/f1_ws/src/install/ackermann_mux/share/ackermann_mux/package.dsv
-- Installing: /home/meric/f1_ws/src/install/ackermann_mux/share/ament_index/resource_index/packages/ackermann_mux
-- Installing: /home/meric/f1_ws/src/install/ackermann_mux/share/ackermann_mux/cmake/ament_cmake_export_include_directories-extras.cmake
-- Installing: /home/meric/f1_ws/src/install/ackermann_mux/share/ackermann_mux/cmake/ament_cmake_export_dependencies-extras.cmake
-- Installing: /home/meric/f1_ws/src/install/ackermann_mux/share/ackermann_mux/cmake/ackermann_muxConfig.cmake
-- Installing: /home/meric/f1_ws/src/install/ackermann_mux/share/ackermann_mux/cmake/ackermann_muxConfig-version.cmake
-- Installing: /home/meric/f1_ws/src/install/ackermann_mux/share/ackermann_mux/package.xml
