[0.054s] Invoking command in '/home/meric/f1_ws/src/build/ackermann_mux': CMAKE_PREFIX_PATH=/opt/ros/humble /usr/bin/cmake --build /home/meric/f1_ws/src/build/ackermann_mux -- -j6 -l6
[1.325s] [35m[1mConsolidate compiler generated dependencies of target ackermann_mux[0m
[1.325s] [100%] Built target ackermann_mux
[1.325s] Invoked command in '/home/meric/f1_ws/src/build/ackermann_mux' returned '0': CMAKE_PREFIX_PATH=/opt/ros/humble /usr/bin/cmake --build /home/meric/f1_ws/src/build/ackermann_mux -- -j6 -l6
[1.406s] Invoking command in '/home/meric/f1_ws/src/build/ackermann_mux': CMAKE_PREFIX_PATH=/opt/ros/humble /usr/bin/cmake --install /home/meric/f1_ws/src/build/ackermann_mux
[1.428s] -- Install configuration: ""
[1.429s] -- Installing: /home/meric/f1_ws/src/install/ackermann_mux/lib/ackermann_mux/ackermann_mux
[1.446s] -- Set runtime path of "/home/meric/f1_ws/src/install/ackermann_mux/lib/ackermann_mux/ackermann_mux" to ""
[1.447s] -- Installing: /home/meric/f1_ws/src/install/ackermann_mux/share/ackermann_mux/launch
[1.447s] -- Installing: /home/meric/f1_ws/src/install/ackermann_mux/share/ackermann_mux/launch/ackermann_mux_launch.py
[1.447s] -- Installing: /home/meric/f1_ws/src/install/ackermann_mux/share/ackermann_mux/config
[1.448s] -- Installing: /home/meric/f1_ws/src/install/ackermann_mux/share/ackermann_mux/config/ackermann_mux_locks.yaml
[1.448s] -- Installing: /home/meric/f1_ws/src/install/ackermann_mux/share/ackermann_mux/config/joystick.yaml
[1.449s] -- Installing: /home/meric/f1_ws/src/install/ackermann_mux/share/ackermann_mux/config/ackermann_mux_topics.yaml
[1.449s] -- Installing: /home/meric/f1_ws/src/install/ackermann_mux/include
[1.449s] -- Installing: /home/meric/f1_ws/src/install/ackermann_mux/include/ackermann_mux
[1.449s] -- Installing: /home/meric/f1_ws/src/install/ackermann_mux/include/ackermann_mux/topic_handle.hpp
[1.450s] -- Installing: /home/meric/f1_ws/src/install/ackermann_mux/include/ackermann_mux/params_helpers.hpp
[1.450s] -- Installing: /home/meric/f1_ws/src/install/ackermann_mux/include/ackermann_mux/utils.hpp
[1.451s] -- Installing: /home/meric/f1_ws/src/install/ackermann_mux/include/ackermann_mux/ackermann_mux.hpp
[1.451s] -- Installing: /home/meric/f1_ws/src/install/ackermann_mux/include/ackermann_mux/ackermann_mux_diagnostics.hpp
[1.451s] -- Installing: /home/meric/f1_ws/src/install/ackermann_mux/include/ackermann_mux/ackermann_mux_diagnostics_status.hpp
[1.451s] -- Installing: /home/meric/f1_ws/src/install/ackermann_mux/share/ament_index/resource_index/package_run_dependencies/ackermann_mux
[1.452s] -- Installing: /home/meric/f1_ws/src/install/ackermann_mux/share/ament_index/resource_index/parent_prefix_path/ackermann_mux
[1.452s] -- Installing: /home/meric/f1_ws/src/install/ackermann_mux/share/ackermann_mux/environment/ament_prefix_path.sh
[1.452s] -- Installing: /home/meric/f1_ws/src/install/ackermann_mux/share/ackermann_mux/environment/ament_prefix_path.dsv
[1.454s] -- Installing: /home/meric/f1_ws/src/install/ackermann_mux/share/ackermann_mux/environment/path.sh
[1.456s] -- Installing: /home/meric/f1_ws/src/install/ackermann_mux/share/ackermann_mux/environment/path.dsv
[1.458s] -- Installing: /home/meric/f1_ws/src/install/ackermann_mux/share/ackermann_mux/local_setup.bash
[1.458s] -- Installing: /home/meric/f1_ws/src/install/ackermann_mux/share/ackermann_mux/local_setup.sh
[1.458s] -- Installing: /home/meric/f1_ws/src/install/ackermann_mux/share/ackermann_mux/local_setup.zsh
[1.458s] -- Installing: /home/meric/f1_ws/src/install/ackermann_mux/share/ackermann_mux/local_setup.dsv
[1.459s] -- Installing: /home/meric/f1_ws/src/install/ackermann_mux/share/ackermann_mux/package.dsv
[1.459s] -- Installing: /home/meric/f1_ws/src/install/ackermann_mux/share/ament_index/resource_index/packages/ackermann_mux
[1.459s] -- Installing: /home/meric/f1_ws/src/install/ackermann_mux/share/ackermann_mux/cmake/ament_cmake_export_include_directories-extras.cmake
[1.459s] -- Installing: /home/meric/f1_ws/src/install/ackermann_mux/share/ackermann_mux/cmake/ament_cmake_export_dependencies-extras.cmake
[1.459s] -- Installing: /home/meric/f1_ws/src/install/ackermann_mux/share/ackermann_mux/cmake/ackermann_muxConfig.cmake
[1.459s] -- Installing: /home/meric/f1_ws/src/install/ackermann_mux/share/ackermann_mux/cmake/ackermann_muxConfig-version.cmake
[1.460s] -- Installing: /home/meric/f1_ws/src/install/ackermann_mux/share/ackermann_mux/package.xml
[1.464s] Invoked command in '/home/meric/f1_ws/src/build/ackermann_mux' returned '0': CMAKE_PREFIX_PATH=/opt/ros/humble /usr/bin/cmake --install /home/meric/f1_ws/src/build/ackermann_mux
