[3.452s] Invoking command in '/home/meric/f1_ws/src/f1tenth_system/teleop_tools/mouse_teleop': PYTHONPATH=/home/meric/f1_ws/build/mouse_teleop/prefix_override:/home/meric/.local/lib/python3.10/site-packages/colcon_core/task/python/colcon_distutils_commands:/home/meric/f1_ws/install/mouse_teleop/lib/python3.10/site-packages:${PYTHONPATH} /usr/bin/python3 -W ignore:setup.py install is deprecated setup.py egg_info --egg-base ../../../../build/mouse_teleop build --build-base /home/meric/f1_ws/build/mouse_teleop/build install --record /home/meric/f1_ws/build/mouse_teleop/install.log --single-version-externally-managed install_data
[4.092s] running egg_info
[4.094s] writing ../../../../build/mouse_teleop/mouse_teleop.egg-info/PKG-INFO
[4.095s] writing dependency_links to ../../../../build/mouse_teleop/mouse_teleop.egg-info/dependency_links.txt
[4.096s] writing entry points to ../../../../build/mouse_teleop/mouse_teleop.egg-info/entry_points.txt
[4.097s] writing requirements to ../../../../build/mouse_teleop/mouse_teleop.egg-info/requires.txt
[4.097s] writing top-level names to ../../../../build/mouse_teleop/mouse_teleop.egg-info/top_level.txt
[4.102s] reading manifest file '../../../../build/mouse_teleop/mouse_teleop.egg-info/SOURCES.txt'
[4.103s] adding license file 'LICENSE'
[4.104s] writing manifest file '../../../../build/mouse_teleop/mouse_teleop.egg-info/SOURCES.txt'
[4.105s] running build
[4.105s] running build_py
[4.107s] running install
[4.108s] running install_lib
[4.111s] running install_data
[4.112s] running install_egg_info
[4.116s] removing '/home/meric/f1_ws/install/mouse_teleop/lib/python3.10/site-packages/mouse_teleop-0.3.0-py3.10.egg-info' (and everything under it)
[4.117s] Copying ../../../../build/mouse_teleop/mouse_teleop.egg-info to /home/meric/f1_ws/install/mouse_teleop/lib/python3.10/site-packages/mouse_teleop-0.3.0-py3.10.egg-info
[4.119s] running install_scripts
[4.166s] Installing mouse_teleop script to /home/meric/f1_ws/install/mouse_teleop/lib/mouse_teleop
[4.167s] writing list of installed files to '/home/meric/f1_ws/build/mouse_teleop/install.log'
[4.268s] Invoked command in '/home/meric/f1_ws/src/f1tenth_system/teleop_tools/mouse_teleop' returned '0': PYTHONPATH=/home/meric/f1_ws/build/mouse_teleop/prefix_override:/home/meric/.local/lib/python3.10/site-packages/colcon_core/task/python/colcon_distutils_commands:/home/meric/f1_ws/install/mouse_teleop/lib/python3.10/site-packages:${PYTHONPATH} /usr/bin/python3 -W ignore:setup.py install is deprecated setup.py egg_info --egg-base ../../../../build/mouse_teleop build --build-base /home/meric/f1_ws/build/mouse_teleop/build install --record /home/meric/f1_ws/build/mouse_teleop/install.log --single-version-externally-managed install_data
