[3.049s] Invoking command in '/home/meric/f1_ws/build/mouse_teleop': PYTHONPATH=/home/meric/f1_ws/build/mouse_teleop/prefix_override:/home/meric/.local/lib/python3.10/site-packages/colcon_core/task/python/colcon_distutils_commands:/home/meric/f1_ws/install/mouse_teleop/lib/python3.10/site-packages:${PYTHONPATH} /usr/bin/python3 -W ignore:setup.py install is deprecated setup.py develop --uninstall --editable --build-directory /home/meric/f1_ws/build/mouse_teleop/build
[3.705s] running develop
[4.207s] Invoked command in '/home/meric/f1_ws/build/mouse_teleop' returned '0': PYTHONPATH=/home/meric/f1_ws/build/mouse_teleop/prefix_override:/home/meric/.local/lib/python3.10/site-packages/colcon_core/task/python/colcon_distutils_commands:/home/meric/f1_ws/install/mouse_teleop/lib/python3.10/site-packages:${PYTHONPATH} /usr/bin/python3 -W ignore:setup.py install is deprecated setup.py develop --uninstall --editable --build-directory /home/meric/f1_ws/build/mouse_teleop/build
[4.208s] Invoking command in '/home/meric/f1_ws/src/f1tenth_system/teleop_tools/mouse_teleop': PYTHONPATH=/home/meric/f1_ws/build/mouse_teleop/prefix_override:/home/meric/.local/lib/python3.10/site-packages/colcon_core/task/python/colcon_distutils_commands:/home/meric/f1_ws/install/mouse_teleop/lib/python3.10/site-packages:${PYTHONPATH} /usr/bin/python3 -W ignore:setup.py install is deprecated setup.py egg_info --egg-base ../../../../build/mouse_teleop build --build-base /home/meric/f1_ws/build/mouse_teleop/build install --record /home/meric/f1_ws/build/mouse_teleop/install.log --single-version-externally-managed install_data --force
[4.780s] running egg_info
[4.781s] writing ../../../../build/mouse_teleop/mouse_teleop.egg-info/PKG-INFO
[4.782s] writing dependency_links to ../../../../build/mouse_teleop/mouse_teleop.egg-info/dependency_links.txt
[4.783s] writing entry points to ../../../../build/mouse_teleop/mouse_teleop.egg-info/entry_points.txt
[4.783s] writing requirements to ../../../../build/mouse_teleop/mouse_teleop.egg-info/requires.txt
[4.783s] writing top-level names to ../../../../build/mouse_teleop/mouse_teleop.egg-info/top_level.txt
[4.786s] reading manifest file '../../../../build/mouse_teleop/mouse_teleop.egg-info/SOURCES.txt'
[4.787s] adding license file 'LICENSE'
[4.788s] writing manifest file '../../../../build/mouse_teleop/mouse_teleop.egg-info/SOURCES.txt'
[4.789s] running build
[4.789s] running build_py
[4.789s] running install
[4.790s] running install_lib
[4.791s] creating /home/meric/f1_ws/install/mouse_teleop/lib/python3.10/site-packages/mouse_teleop
[4.791s] copying /home/meric/f1_ws/build/mouse_teleop/build/lib/mouse_teleop/__init__.py -> /home/meric/f1_ws/install/mouse_teleop/lib/python3.10/site-packages/mouse_teleop
[4.792s] copying /home/meric/f1_ws/build/mouse_teleop/build/lib/mouse_teleop/mouse_teleop.py -> /home/meric/f1_ws/install/mouse_teleop/lib/python3.10/site-packages/mouse_teleop
[4.793s] byte-compiling /home/meric/f1_ws/install/mouse_teleop/lib/python3.10/site-packages/mouse_teleop/__init__.py to __init__.cpython-310.pyc
[4.793s] byte-compiling /home/meric/f1_ws/install/mouse_teleop/lib/python3.10/site-packages/mouse_teleop/mouse_teleop.py to mouse_teleop.cpython-310.pyc
[4.797s] running install_data
[4.798s] copying package.xml -> /home/meric/f1_ws/install/mouse_teleop/share/mouse_teleop
[4.798s] copying config/mouse_teleop.yaml -> /home/meric/f1_ws/install/mouse_teleop/share/mouse_teleop/config
[4.798s] copying launch/mouse_teleop.launch.py -> /home/meric/f1_ws/install/mouse_teleop/share/mouse_teleop/launch
[4.799s] copying resource/mouse_teleop -> /home/meric/f1_ws/install/mouse_teleop/share/ament_index/resource_index/packages
[4.799s] running install_egg_info
[4.803s] Copying ../../../../build/mouse_teleop/mouse_teleop.egg-info to /home/meric/f1_ws/install/mouse_teleop/lib/python3.10/site-packages/mouse_teleop-0.3.0-py3.10.egg-info
[4.805s] running install_scripts
[4.850s] Installing mouse_teleop script to /home/meric/f1_ws/install/mouse_teleop/lib/mouse_teleop
[4.851s] writing list of installed files to '/home/meric/f1_ws/build/mouse_teleop/install.log'
[4.935s] Invoked command in '/home/meric/f1_ws/src/f1tenth_system/teleop_tools/mouse_teleop' returned '0': PYTHONPATH=/home/meric/f1_ws/build/mouse_teleop/prefix_override:/home/meric/.local/lib/python3.10/site-packages/colcon_core/task/python/colcon_distutils_commands:/home/meric/f1_ws/install/mouse_teleop/lib/python3.10/site-packages:${PYTHONPATH} /usr/bin/python3 -W ignore:setup.py install is deprecated setup.py egg_info --egg-base ../../../../build/mouse_teleop build --build-base /home/meric/f1_ws/build/mouse_teleop/build install --record /home/meric/f1_ws/build/mouse_teleop/install.log --single-version-externally-managed install_data --force
