[3.202s] Invoking command in '/home/meric/f1_ws/src/f1tenth_system/teleop_tools/key_teleop': PYTHONPATH=/home/meric/f1_ws/build/key_teleop/prefix_override:/home/meric/.local/lib/python3.10/site-packages/colcon_core/task/python/colcon_distutils_commands:/home/meric/f1_ws/install/key_teleop/lib/python3.10/site-packages:${PYTHONPATH} /usr/bin/python3 -W ignore:setup.py install is deprecated setup.py egg_info --egg-base ../../../../build/key_teleop build --build-base /home/meric/f1_ws/build/key_teleop/build install --record /home/meric/f1_ws/build/key_teleop/install.log --single-version-externally-managed install_data
[3.797s] running egg_info
[3.798s] writing ../../../../build/key_teleop/key_teleop.egg-info/PKG-INFO
[3.799s] writing dependency_links to ../../../../build/key_teleop/key_teleop.egg-info/dependency_links.txt
[3.800s] writing entry points to ../../../../build/key_teleop/key_teleop.egg-info/entry_points.txt
[3.800s] writing requirements to ../../../../build/key_teleop/key_teleop.egg-info/requires.txt
[3.801s] writing top-level names to ../../../../build/key_teleop/key_teleop.egg-info/top_level.txt
[3.805s] reading manifest file '../../../../build/key_teleop/key_teleop.egg-info/SOURCES.txt'
[3.805s] adding license file 'LICENSE'
[3.807s] writing manifest file '../../../../build/key_teleop/key_teleop.egg-info/SOURCES.txt'
[3.807s] running build
[3.808s] running build_py
[3.809s] running install
[3.810s] running install_lib
[3.813s] running install_data
[3.814s] running install_egg_info
[3.819s] removing '/home/meric/f1_ws/install/key_teleop/lib/python3.10/site-packages/key_teleop-0.3.0-py3.10.egg-info' (and everything under it)
[3.820s] Copying ../../../../build/key_teleop/key_teleop.egg-info to /home/meric/f1_ws/install/key_teleop/lib/python3.10/site-packages/key_teleop-0.3.0-py3.10.egg-info
[3.823s] running install_scripts
[3.870s] Installing key_teleop script to /home/meric/f1_ws/install/key_teleop/lib/key_teleop
[3.871s] writing list of installed files to '/home/meric/f1_ws/build/key_teleop/install.log'
[3.993s] Invoked command in '/home/meric/f1_ws/src/f1tenth_system/teleop_tools/key_teleop' returned '0': PYTHONPATH=/home/meric/f1_ws/build/key_teleop/prefix_override:/home/meric/.local/lib/python3.10/site-packages/colcon_core/task/python/colcon_distutils_commands:/home/meric/f1_ws/install/key_teleop/lib/python3.10/site-packages:${PYTHONPATH} /usr/bin/python3 -W ignore:setup.py install is deprecated setup.py egg_info --egg-base ../../../../build/key_teleop build --build-base /home/meric/f1_ws/build/key_teleop/build install --record /home/meric/f1_ws/build/key_teleop/install.log --single-version-externally-managed install_data
