[2.246s] Invoking command in '/home/meric/f1_ws/src/avoid': PYTHONPATH=/home/meric/f1_ws/build/avoid/prefix_override:/home/meric/.local/lib/python3.10/site-packages/colcon_core/task/python/colcon_distutils_commands:/home/meric/f1_ws/install/avoid/lib/python3.10/site-packages:${PYTHONPATH} /usr/bin/python3 -W ignore:setup.py install is deprecated setup.py egg_info --egg-base ../../build/avoid build --build-base /home/meric/f1_ws/build/avoid/build install --record /home/meric/f1_ws/build/avoid/install.log --single-version-externally-managed
[2.917s] running egg_info
[2.919s] creating ../../build/avoid/avoid.egg-info
[2.920s] writing ../../build/avoid/avoid.egg-info/PKG-INFO
[2.921s] writing dependency_links to ../../build/avoid/avoid.egg-info/dependency_links.txt
[2.921s] writing entry points to ../../build/avoid/avoid.egg-info/entry_points.txt
[2.922s] writing requirements to ../../build/avoid/avoid.egg-info/requires.txt
[2.922s] writing top-level names to ../../build/avoid/avoid.egg-info/top_level.txt
[2.923s] writing manifest file '../../build/avoid/avoid.egg-info/SOURCES.txt'
[2.928s] reading manifest file '../../build/avoid/avoid.egg-info/SOURCES.txt'
[2.928s] adding license file 'LICENSE'
[2.930s] writing manifest file '../../build/avoid/avoid.egg-info/SOURCES.txt'
[2.930s] running build
[2.930s] running build_py
[2.931s] creating /home/meric/f1_ws/build/avoid/build
[2.931s] creating /home/meric/f1_ws/build/avoid/build/lib
[2.931s] creating /home/meric/f1_ws/build/avoid/build/lib/avoid
[2.931s] copying avoid/simple_controller_launch.py -> /home/meric/f1_ws/build/avoid/build/lib/avoid
[2.932s] copying avoid/__init__.py -> /home/meric/f1_ws/build/avoid/build/lib/avoid
[2.933s] running install
[2.934s] running install_lib
[2.936s] creating /home/meric/f1_ws/install/avoid/lib/python3.10/site-packages/avoid
[2.936s] copying /home/meric/f1_ws/build/avoid/build/lib/avoid/simple_controller_launch.py -> /home/meric/f1_ws/install/avoid/lib/python3.10/site-packages/avoid
[2.936s] copying /home/meric/f1_ws/build/avoid/build/lib/avoid/__init__.py -> /home/meric/f1_ws/install/avoid/lib/python3.10/site-packages/avoid
[2.938s] byte-compiling /home/meric/f1_ws/install/avoid/lib/python3.10/site-packages/avoid/simple_controller_launch.py to simple_controller_launch.cpython-310.pyc
[2.940s] byte-compiling /home/meric/f1_ws/install/avoid/lib/python3.10/site-packages/avoid/__init__.py to __init__.cpython-310.pyc
[2.940s] running install_egg_info
[2.945s] Copying ../../build/avoid/avoid.egg-info to /home/meric/f1_ws/install/avoid/lib/python3.10/site-packages/avoid-0.0.0-py3.10.egg-info
[2.948s] running install_scripts
[2.995s] Installing simple_controller script to /home/meric/f1_ws/install/avoid/lib/avoid
[2.996s] writing list of installed files to '/home/meric/f1_ws/build/avoid/install.log'
[3.179s] Invoked command in '/home/meric/f1_ws/src/avoid' returned '0': PYTHONPATH=/home/meric/f1_ws/build/avoid/prefix_override:/home/meric/.local/lib/python3.10/site-packages/colcon_core/task/python/colcon_distutils_commands:/home/meric/f1_ws/install/avoid/lib/python3.10/site-packages:${PYTHONPATH} /usr/bin/python3 -W ignore:setup.py install is deprecated setup.py egg_info --egg-base ../../build/avoid build --build-base /home/meric/f1_ws/build/avoid/build install --record /home/meric/f1_ws/build/avoid/install.log --single-version-externally-managed
