-- Found ament_cmake_auto: 1.3.10 (/opt/ros/humble/share/ament_cmake_auto/cmake)
-- Configuring done
-- Generating done
-- Build files have been written to: /home/meric/f1_ws/build/vesc
-- Install configuration: ""
-- Installing: /home/meric/f1_ws/install/vesc/share/ament_index/resource_index/package_run_dependencies/vesc
-- Installing: /home/meric/f1_ws/install/vesc/share/ament_index/resource_index/parent_prefix_path/vesc
-- Installing: /home/meric/f1_ws/install/vesc/share/vesc/environment/ament_prefix_path.sh
-- Installing: /home/meric/f1_ws/install/vesc/share/vesc/environment/ament_prefix_path.dsv
-- Installing: /home/meric/f1_ws/install/vesc/share/vesc/environment/path.sh
-- Installing: /home/meric/f1_ws/install/vesc/share/vesc/environment/path.dsv
-- Installing: /home/meric/f1_ws/install/vesc/share/vesc/local_setup.bash
-- Installing: /home/meric/f1_ws/install/vesc/share/vesc/local_setup.sh
-- Installing: /home/meric/f1_ws/install/vesc/share/vesc/local_setup.zsh
-- Installing: /home/meric/f1_ws/install/vesc/share/vesc/local_setup.dsv
-- Installing: /home/meric/f1_ws/install/vesc/share/vesc/package.dsv
-- Installing: /home/meric/f1_ws/install/vesc/share/ament_index/resource_index/packages/vesc
-- Installing: /home/meric/f1_ws/install/vesc/share/vesc/cmake/vescConfig.cmake
-- Installing: /home/meric/f1_ws/install/vesc/share/vesc/cmake/vescConfig-version.cmake
-- Installing: /home/meric/f1_ws/install/vesc/share/vesc/package.xml
