[0.044s] Invoking command in '/home/meric/f1_ws/build/vesc': AMENT_PREFIX_PATH=/home/meric/f1_ws/install/vesc_driver:/home/meric/f1_ws/install/vesc_ackermann:/home/meric/f1_ws/install/vesc_msgs:${AMENT_PREFIX_PATH} CMAKE_PREFIX_PATH=/home/meric/f1_ws/install/vesc_driver:/home/meric/f1_ws/install/vesc_ackermann:/home/meric/f1_ws/install/vesc_msgs:/opt/ros/humble LD_LIBRARY_PATH=/home/meric/f1_ws/install/vesc_driver/lib:/home/meric/f1_ws/install/vesc_ackermann/lib:/home/meric/f1_ws/install/vesc_msgs/lib:/opt/ros/humble/opt/rviz_ogre_vendor/lib:/opt/ros/humble/lib/aarch64-linux-gnu:/opt/ros/humble/lib:/usr/local/cuda-12.2/lib64:/home/meric/f1tenth_ws/install/vesc_ackermann/lib PS1=(venv) \[\e]0;\u@\h: \w\a\]${debian_chroot:+($debian_chroot)}\[\033[01;32m\]\u@\h\[\033[00m\]:\[\033[01;34m\]\w\[\033[00m\]\$ PYTHONPATH=/home/meric/f1_ws/install/vesc_msgs/local/lib/python3.10/dist-packages:${PYTHONPATH} VIRTUAL_ENV_PROMPT=(venv) /usr/bin/cmake /home/meric/f1_ws/src/f1tenth_system/vesc/vesc -DCMAKE_INSTALL_PREFIX=/home/meric/f1_ws/install/vesc
[0.070s] -- Found ament_cmake_auto: 1.3.10 (/opt/ros/humble/share/ament_cmake_auto/cmake)
[0.514s] -- Configuring done
[0.520s] -- Generating done
[0.523s] -- Build files have been written to: /home/meric/f1_ws/build/vesc
[0.528s] Invoked command in '/home/meric/f1_ws/build/vesc' returned '0': AMENT_PREFIX_PATH=/home/meric/f1_ws/install/vesc_driver:/home/meric/f1_ws/install/vesc_ackermann:/home/meric/f1_ws/install/vesc_msgs:${AMENT_PREFIX_PATH} CMAKE_PREFIX_PATH=/home/meric/f1_ws/install/vesc_driver:/home/meric/f1_ws/install/vesc_ackermann:/home/meric/f1_ws/install/vesc_msgs:/opt/ros/humble LD_LIBRARY_PATH=/home/meric/f1_ws/install/vesc_driver/lib:/home/meric/f1_ws/install/vesc_ackermann/lib:/home/meric/f1_ws/install/vesc_msgs/lib:/opt/ros/humble/opt/rviz_ogre_vendor/lib:/opt/ros/humble/lib/aarch64-linux-gnu:/opt/ros/humble/lib:/usr/local/cuda-12.2/lib64:/home/meric/f1tenth_ws/install/vesc_ackermann/lib PS1=(venv) \[\e]0;\u@\h: \w\a\]${debian_chroot:+($debian_chroot)}\[\033[01;32m\]\u@\h\[\033[00m\]:\[\033[01;34m\]\w\[\033[00m\]\$ PYTHONPATH=/home/meric/f1_ws/install/vesc_msgs/local/lib/python3.10/dist-packages:${PYTHONPATH} VIRTUAL_ENV_PROMPT=(venv) /usr/bin/cmake /home/meric/f1_ws/src/f1tenth_system/vesc/vesc -DCMAKE_INSTALL_PREFIX=/home/meric/f1_ws/install/vesc
[0.531s] Invoking command in '/home/meric/f1_ws/build/vesc': AMENT_PREFIX_PATH=/home/meric/f1_ws/install/vesc_driver:/home/meric/f1_ws/install/vesc_ackermann:/home/meric/f1_ws/install/vesc_msgs:${AMENT_PREFIX_PATH} CMAKE_PREFIX_PATH=/home/meric/f1_ws/install/vesc_driver:/home/meric/f1_ws/install/vesc_ackermann:/home/meric/f1_ws/install/vesc_msgs:/opt/ros/humble LD_LIBRARY_PATH=/home/meric/f1_ws/install/vesc_driver/lib:/home/meric/f1_ws/install/vesc_ackermann/lib:/home/meric/f1_ws/install/vesc_msgs/lib:/opt/ros/humble/opt/rviz_ogre_vendor/lib:/opt/ros/humble/lib/aarch64-linux-gnu:/opt/ros/humble/lib:/usr/local/cuda-12.2/lib64:/home/meric/f1tenth_ws/install/vesc_ackermann/lib PS1=(venv) \[\e]0;\u@\h: \w\a\]${debian_chroot:+($debian_chroot)}\[\033[01;32m\]\u@\h\[\033[00m\]:\[\033[01;34m\]\w\[\033[00m\]\$ PYTHONPATH=/home/meric/f1_ws/install/vesc_msgs/local/lib/python3.10/dist-packages:${PYTHONPATH} VIRTUAL_ENV_PROMPT=(venv) /usr/bin/cmake --build /home/meric/f1_ws/build/vesc -- -j6 -l6
[0.601s] Invoked command in '/home/meric/f1_ws/build/vesc' returned '0': AMENT_PREFIX_PATH=/home/meric/f1_ws/install/vesc_driver:/home/meric/f1_ws/install/vesc_ackermann:/home/meric/f1_ws/install/vesc_msgs:${AMENT_PREFIX_PATH} CMAKE_PREFIX_PATH=/home/meric/f1_ws/install/vesc_driver:/home/meric/f1_ws/install/vesc_ackermann:/home/meric/f1_ws/install/vesc_msgs:/opt/ros/humble LD_LIBRARY_PATH=/home/meric/f1_ws/install/vesc_driver/lib:/home/meric/f1_ws/install/vesc_ackermann/lib:/home/meric/f1_ws/install/vesc_msgs/lib:/opt/ros/humble/opt/rviz_ogre_vendor/lib:/opt/ros/humble/lib/aarch64-linux-gnu:/opt/ros/humble/lib:/usr/local/cuda-12.2/lib64:/home/meric/f1tenth_ws/install/vesc_ackermann/lib PS1=(venv) \[\e]0;\u@\h: \w\a\]${debian_chroot:+($debian_chroot)}\[\033[01;32m\]\u@\h\[\033[00m\]:\[\033[01;34m\]\w\[\033[00m\]\$ PYTHONPATH=/home/meric/f1_ws/install/vesc_msgs/local/lib/python3.10/dist-packages:${PYTHONPATH} VIRTUAL_ENV_PROMPT=(venv) /usr/bin/cmake --build /home/meric/f1_ws/build/vesc -- -j6 -l6
[0.638s] Invoking command in '/home/meric/f1_ws/build/vesc': AMENT_PREFIX_PATH=/home/meric/f1_ws/install/vesc_driver:/home/meric/f1_ws/install/vesc_ackermann:/home/meric/f1_ws/install/vesc_msgs:${AMENT_PREFIX_PATH} CMAKE_PREFIX_PATH=/home/meric/f1_ws/install/vesc_driver:/home/meric/f1_ws/install/vesc_ackermann:/home/meric/f1_ws/install/vesc_msgs:/opt/ros/humble LD_LIBRARY_PATH=/home/meric/f1_ws/install/vesc_driver/lib:/home/meric/f1_ws/install/vesc_ackermann/lib:/home/meric/f1_ws/install/vesc_msgs/lib:/opt/ros/humble/opt/rviz_ogre_vendor/lib:/opt/ros/humble/lib/aarch64-linux-gnu:/opt/ros/humble/lib:/usr/local/cuda-12.2/lib64:/home/meric/f1tenth_ws/install/vesc_ackermann/lib PS1=(venv) \[\e]0;\u@\h: \w\a\]${debian_chroot:+($debian_chroot)}\[\033[01;32m\]\u@\h\[\033[00m\]:\[\033[01;34m\]\w\[\033[00m\]\$ PYTHONPATH=/home/meric/f1_ws/install/vesc_msgs/local/lib/python3.10/dist-packages:${PYTHONPATH} VIRTUAL_ENV_PROMPT=(venv) /usr/bin/cmake --install /home/meric/f1_ws/build/vesc
[0.653s] -- Install configuration: ""
[0.653s] -- Installing: /home/meric/f1_ws/install/vesc/share/ament_index/resource_index/package_run_dependencies/vesc
[0.653s] -- Installing: /home/meric/f1_ws/install/vesc/share/ament_index/resource_index/parent_prefix_path/vesc
[0.654s] -- Installing: /home/meric/f1_ws/install/vesc/share/vesc/environment/ament_prefix_path.sh
[0.654s] -- Installing: /home/meric/f1_ws/install/vesc/share/vesc/environment/ament_prefix_path.dsv
[0.654s] -- Installing: /home/meric/f1_ws/install/vesc/share/vesc/environment/path.sh
[0.655s] -- Installing: /home/meric/f1_ws/install/vesc/share/vesc/environment/path.dsv
[0.655s] -- Installing: /home/meric/f1_ws/install/vesc/share/vesc/local_setup.bash
[0.655s] -- Installing: /home/meric/f1_ws/install/vesc/share/vesc/local_setup.sh
[0.655s] -- Installing: /home/meric/f1_ws/install/vesc/share/vesc/local_setup.zsh
[0.656s] -- Installing: /home/meric/f1_ws/install/vesc/share/vesc/local_setup.dsv
[0.656s] -- Installing: /home/meric/f1_ws/install/vesc/share/vesc/package.dsv
[0.656s] -- Installing: /home/meric/f1_ws/install/vesc/share/ament_index/resource_index/packages/vesc
[0.656s] -- Installing: /home/meric/f1_ws/install/vesc/share/vesc/cmake/vescConfig.cmake
[0.657s] -- Installing: /home/meric/f1_ws/install/vesc/share/vesc/cmake/vescConfig-version.cmake
[0.657s] -- Installing: /home/meric/f1_ws/install/vesc/share/vesc/package.xml
[0.661s] Invoked command in '/home/meric/f1_ws/build/vesc' returned '0': AMENT_PREFIX_PATH=/home/meric/f1_ws/install/vesc_driver:/home/meric/f1_ws/install/vesc_ackermann:/home/meric/f1_ws/install/vesc_msgs:${AMENT_PREFIX_PATH} CMAKE_PREFIX_PATH=/home/meric/f1_ws/install/vesc_driver:/home/meric/f1_ws/install/vesc_ackermann:/home/meric/f1_ws/install/vesc_msgs:/opt/ros/humble LD_LIBRARY_PATH=/home/meric/f1_ws/install/vesc_driver/lib:/home/meric/f1_ws/install/vesc_ackermann/lib:/home/meric/f1_ws/install/vesc_msgs/lib:/opt/ros/humble/opt/rviz_ogre_vendor/lib:/opt/ros/humble/lib/aarch64-linux-gnu:/opt/ros/humble/lib:/usr/local/cuda-12.2/lib64:/home/meric/f1tenth_ws/install/vesc_ackermann/lib PS1=(venv) \[\e]0;\u@\h: \w\a\]${debian_chroot:+($debian_chroot)}\[\033[01;32m\]\u@\h\[\033[00m\]:\[\033[01;34m\]\w\[\033[00m\]\$ PYTHONPATH=/home/meric/f1_ws/install/vesc_msgs/local/lib/python3.10/dist-packages:${PYTHONPATH} VIRTUAL_ENV_PROMPT=(venv) /usr/bin/cmake --install /home/meric/f1_ws/build/vesc
