[0.779s] Invoking command in '/home/meric/f1_ws/build/cpp_right_wall_follower': CMAKE_PREFIX_PATH=${CMAKE_PREFIX_PATH}:/home/meric/f1_ws/install/f1tenth_stack:/home/meric/f1_ws/install/joy_teleop:/home/meric/f1_ws/install/mouse_teleop:/home/meric/f1_ws/install/key_teleop:/opt/ros/humble /usr/bin/cmake --build /home/meric/f1_ws/build/cpp_right_wall_follower -- -j6 -l6
[0.830s] -- Found ament_cmake: 1.3.10 (/opt/ros/humble/share/ament_cmake/cmake)
[1.177s] -- Found rclcpp: 16.0.10 (/opt/ros/humble/share/rclcpp/cmake)
[1.246s] -- Found rosidl_generator_c: 3.1.5 (/opt/ros/humble/share/rosidl_generator_c/cmake)
[1.251s] -- Found rosidl_adapter: 3.1.5 (/opt/ros/humble/share/rosidl_adapter/cmake)
[1.261s] -- Found rosidl_generator_cpp: 3.1.5 (/opt/ros/humble/share/rosidl_generator_cpp/cmake)
[1.280s] -- Using all available rosidl_typesupport_c: rosidl_typesupport_fastrtps_c;rosidl_typesupport_introspection_c
[1.303s] -- Using all available rosidl_typesupport_cpp: rosidl_typesupport_fastrtps_cpp;rosidl_typesupport_introspection_cpp
[1.363s] -- Found rmw_implementation_cmake: 6.1.2 (/opt/ros/humble/share/rmw_implementation_cmake/cmake)
[1.366s] -- Found rmw_fastrtps_cpp: 6.2.7 (/opt/ros/humble/share/rmw_fastrtps_cpp/cmake)
[1.575s] -- Using RMW implementation 'rmw_fastrtps_cpp' as default
[1.673s] -- Found geometry_msgs: 4.2.4 (/opt/ros/humble/share/geometry_msgs/cmake)
[1.697s] -- Found sensor_msgs: 4.2.4 (/opt/ros/humble/share/sensor_msgs/cmake)
[1.740s] -- Found tf2: 0.25.8 (/opt/ros/humble/share/tf2/cmake)
[1.768s] -- Found tf2_ros: 0.25.8 (/opt/ros/humble/share/tf2_ros/cmake)
[2.004s] -- Found tf2_geometry_msgs: 0.25.8 (/opt/ros/humble/share/tf2_geometry_msgs/cmake)
[2.041s] -- Found eigen3_cmake_module: 0.1.1 (/opt/ros/humble/share/eigen3_cmake_module/cmake)
[2.044s] -- Found Eigen3: TRUE (found version "3.4.0") 
[2.044s] -- Ensuring Eigen3 include directory is part of orocos-kdl CMake target
[2.054s] -- Found ament_lint_auto: 0.12.11 (/opt/ros/humble/share/ament_lint_auto/cmake)
[2.218s] -- Added test 'copyright' to check source files copyright and LICENSE
[2.223s] -- Added test 'cppcheck' to perform static code analysis on C / C++ code
[2.223s] -- Configured cppcheck include dirs: $<BUILD_INTERFACE:/home/meric/f1_ws/src/F1tenth_wall_follower_ROS2/include>
[2.223s] -- Configured cppcheck exclude dirs and/or files: 
[2.228s] -- Added test 'cpplint' to check C / C++ code against the Google style
[2.228s] -- Configured cpplint exclude dirs and/or files: 
[2.230s] -- Added test 'flake8' to check Python code syntax and style conventions
[2.232s] -- Added test 'lint_cmake' to check CMake code style
[2.233s] -- Added test 'pep257' to check Python code against some of the docstring style conventions in PEP 257
[2.237s] -- Added test 'uncrustify' to check C / C++ code style
[2.238s] -- Configured uncrustify additional arguments: 
[2.239s] -- Added test 'xmllint' to check XML markup files
[2.242s] -- Configuring done
[2.275s] -- Generating done
[2.279s] -- Build files have been written to: /home/meric/f1_ws/build/cpp_right_wall_follower
[2.373s] [ 50%] [32mBuilding CXX object CMakeFiles/right_wall_follower_drive_node.dir/src/right_wall_follower_drive_node.cpp.o[0m
[21.590s] [100%] [32m[1mLinking CXX executable right_wall_follower_drive_node[0m
[22.583s] [100%] Built target right_wall_follower_drive_node
[22.611s] Invoked command in '/home/meric/f1_ws/build/cpp_right_wall_follower' returned '0': CMAKE_PREFIX_PATH=${CMAKE_PREFIX_PATH}:/home/meric/f1_ws/install/f1tenth_stack:/home/meric/f1_ws/install/joy_teleop:/home/meric/f1_ws/install/mouse_teleop:/home/meric/f1_ws/install/key_teleop:/opt/ros/humble /usr/bin/cmake --build /home/meric/f1_ws/build/cpp_right_wall_follower -- -j6 -l6
[22.668s] Invoking command in '/home/meric/f1_ws/build/cpp_right_wall_follower': CMAKE_PREFIX_PATH=${CMAKE_PREFIX_PATH}:/home/meric/f1_ws/install/f1tenth_stack:/home/meric/f1_ws/install/joy_teleop:/home/meric/f1_ws/install/mouse_teleop:/home/meric/f1_ws/install/key_teleop:/opt/ros/humble /usr/bin/cmake --install /home/meric/f1_ws/build/cpp_right_wall_follower
[22.687s] -- Install configuration: ""
[22.688s] -- Installing: /home/meric/f1_ws/install/cpp_right_wall_follower/lib/cpp_right_wall_follower/right_wall_follower_drive_node
[22.697s] -- Set runtime path of "/home/meric/f1_ws/install/cpp_right_wall_follower/lib/cpp_right_wall_follower/right_wall_follower_drive_node" to ""
[22.697s] [31mCMake Error at cmake_install.cmake:66 (file):
[22.698s]   file INSTALL cannot find
[22.698s]   "/home/meric/f1_ws/src/F1tenth_wall_follower_ROS2/include": No such file or
[22.698s]   directory.
[22.698s] 
[22.698s] [0m
[22.701s] Invoked command in '/home/meric/f1_ws/build/cpp_right_wall_follower' returned '1': CMAKE_PREFIX_PATH=${CMAKE_PREFIX_PATH}:/home/meric/f1_ws/install/f1tenth_stack:/home/meric/f1_ws/install/joy_teleop:/home/meric/f1_ws/install/mouse_teleop:/home/meric/f1_ws/install/key_teleop:/opt/ros/humble /usr/bin/cmake --install /home/meric/f1_ws/build/cpp_right_wall_follower
