[2.119s] Invoking command in '/home/meric/f1_ws/src/avoid': PYTHONPATH=/home/meric/f1_ws/build/avoid/prefix_override:/home/meric/.local/lib/python3.10/site-packages/colcon_core/task/python/colcon_distutils_commands:/home/meric/f1_ws/install/avoid/lib/python3.10/site-packages:${PYTHONPATH} /usr/bin/python3 -W ignore:setup.py install is deprecated setup.py egg_info --egg-base ../../build/avoid build --build-base /home/meric/f1_ws/build/avoid/build install --record /home/meric/f1_ws/build/avoid/install.log --single-version-externally-managed
[2.699s] running egg_info
[2.701s] writing ../../build/avoid/avoid.egg-info/PKG-INFO
[2.701s] writing dependency_links to ../../build/avoid/avoid.egg-info/dependency_links.txt
[2.701s] writing entry points to ../../build/avoid/avoid.egg-info/entry_points.txt
[2.702s] writing requirements to ../../build/avoid/avoid.egg-info/requires.txt
[2.702s] writing top-level names to ../../build/avoid/avoid.egg-info/top_level.txt
[2.708s] reading manifest file '../../build/avoid/avoid.egg-info/SOURCES.txt'
[2.708s] adding license file 'LICENSE'
[2.709s] writing manifest file '../../build/avoid/avoid.egg-info/SOURCES.txt'
[2.709s] running build
[2.709s] running build_py
[2.709s] running install
[2.710s] running install_lib
[2.713s] running install_egg_info
[2.717s] removing '/home/meric/f1_ws/install/avoid/lib/python3.10/site-packages/avoid-0.0.0-py3.10.egg-info' (and everything under it)
[2.717s] Copying ../../build/avoid/avoid.egg-info to /home/meric/f1_ws/install/avoid/lib/python3.10/site-packages/avoid-0.0.0-py3.10.egg-info
[2.719s] running install_scripts
[2.766s] Installing simple_controller script to /home/meric/f1_ws/install/avoid/lib/avoid
[2.767s] writing list of installed files to '/home/meric/f1_ws/build/avoid/install.log'
[2.871s] Invoked command in '/home/meric/f1_ws/src/avoid' returned '0': PYTHONPATH=/home/meric/f1_ws/build/avoid/prefix_override:/home/meric/.local/lib/python3.10/site-packages/colcon_core/task/python/colcon_distutils_commands:/home/meric/f1_ws/install/avoid/lib/python3.10/site-packages:${PYTHONPATH} /usr/bin/python3 -W ignore:setup.py install is deprecated setup.py egg_info --egg-base ../../build/avoid build --build-base /home/meric/f1_ws/build/avoid/build install --record /home/meric/f1_ws/build/avoid/install.log --single-version-externally-managed
