[2.257s] Invoking command in '/home/meric/f1_ws/src/f1tenth_system/teleop_tools/mouse_teleop': PYTHONPATH=/home/meric/f1_ws/build/mouse_teleop/prefix_override:/home/meric/.local/lib/python3.10/site-packages/colcon_core/task/python/colcon_distutils_commands:/home/meric/f1_ws/install/mouse_teleop/lib/python3.10/site-packages:${PYTHONPATH} /usr/bin/python3 -W ignore:setup.py install is deprecated setup.py egg_info --egg-base ../../../../build/mouse_teleop build --build-base /home/meric/f1_ws/build/mouse_teleop/build install --record /home/meric/f1_ws/build/mouse_teleop/install.log --install-scripts $base/lib/mouse_teleop --single-version-externally-managed install_data
[2.613s] /home/meric/.local/lib/python3.10/site-packages/setuptools/dist.py:452: SetuptoolsDeprecationWarning: Invalid dash-separated options
[2.613s] !!
[2.613s] 
[2.613s]         ********************************************************************************
[2.614s]         Usage of dash-separated 'script-dir' will not be supported in future
[2.614s]         versions. Please use the underscore name 'script_dir' instead.
[2.614s] 
[2.614s]         By 2024-Sep-26, you need to update your project and remove deprecated calls
[2.614s]         or your builds will no longer be supported.
[2.614s] 
[2.614s]         See https://setuptools.pypa.io/en/latest/userguide/declarative_config.html for details.
[2.614s]         ********************************************************************************
[2.614s] 
[2.615s] !!
[2.615s]   opt = self.warn_dash_deprecation(opt, section)
[2.649s] /home/meric/.local/lib/python3.10/site-packages/setuptools/_distutils/dist.py:261: UserWarning: Unknown distribution option: 'tests_require'
[2.649s]   warnings.warn(msg)
[2.870s] running egg_info
[2.872s] creating ../../../../build/mouse_teleop/mouse_teleop.egg-info
[2.907s] writing ../../../../build/mouse_teleop/mouse_teleop.egg-info/PKG-INFO
[2.909s] writing dependency_links to ../../../../build/mouse_teleop/mouse_teleop.egg-info/dependency_links.txt
[2.910s] writing entry points to ../../../../build/mouse_teleop/mouse_teleop.egg-info/entry_points.txt
[2.911s] writing requirements to ../../../../build/mouse_teleop/mouse_teleop.egg-info/requires.txt
[2.912s] writing top-level names to ../../../../build/mouse_teleop/mouse_teleop.egg-info/top_level.txt
[2.913s] writing manifest file '../../../../build/mouse_teleop/mouse_teleop.egg-info/SOURCES.txt'
[2.990s] reading manifest file '../../../../build/mouse_teleop/mouse_teleop.egg-info/SOURCES.txt'
[2.990s] adding license file 'LICENSE'
[2.990s] Traceback (most recent call last):
[2.991s]   File "/home/meric/f1_ws/src/f1tenth_system/teleop_tools/mouse_teleop/setup.py", line 11, in <module>
[2.991s]     setup(
[2.991s]   File "/home/meric/.local/lib/python3.10/site-packages/setuptools/__init__.py", line 117, in setup
[2.991s]     return distutils.core.setup(**attrs)
[2.991s]   File "/home/meric/.local/lib/python3.10/site-packages/setuptools/_distutils/core.py", line 183, in setup
[2.992s]     return run_commands(dist)
[2.992s]   File "/home/meric/.local/lib/python3.10/site-packages/setuptools/_distutils/core.py", line 199, in run_commands
[2.992s]     dist.run_commands()
[2.992s]   File "/home/meric/.local/lib/python3.10/site-packages/setuptools/_distutils/dist.py", line 954, in run_commands
[2.993s]     self.run_command(cmd)
[2.993s]   File "/home/meric/.local/lib/python3.10/site-packages/setuptools/dist.py", line 950, in run_command
[2.993s]     super().run_command(command)
[2.993s]   File "/home/meric/.local/lib/python3.10/site-packages/setuptools/_distutils/dist.py", line 973, in run_command
[2.993s]     cmd_obj.run()
[2.993s]   File "/home/meric/.local/lib/python3.10/site-packages/setuptools/command/egg_info.py", line 311, in run
[2.993s]     self.find_sources()
[2.993s]   File "/home/meric/.local/lib/python3.10/site-packages/setuptools/command/egg_info.py", line 319, in find_sources
[2.993s]     mm.run()
[2.994s]   File "/home/meric/.local/lib/python3.10/site-packages/setuptools/command/egg_info.py", line 545, in run
[2.994s]     self.prune_file_list()
[2.994s]   File "/home/meric/.local/lib/python3.10/site-packages/setuptools/command/sdist.py", line 161, in prune_file_list
[2.994s]     super().prune_file_list()
[2.994s]   File "/home/meric/.local/lib/python3.10/site-packages/setuptools/_distutils/command/sdist.py", line 380, in prune_file_list
[2.994s]     base_dir = self.distribution.get_fullname()
[2.995s]   File "/home/meric/.local/lib/python3.10/site-packages/setuptools/_core_metadata.py", line 267, in get_fullname
[2.995s]     return _distribution_fullname(self.get_name(), self.get_version())
[2.995s]   File "/home/meric/.local/lib/python3.10/site-packages/setuptools/_core_metadata.py", line 285, in _distribution_fullname
[2.995s]     canonicalize_version(version, strip_trailing_zero=False),
[2.995s] TypeError: canonicalize_version() got an unexpected keyword argument 'strip_trailing_zero'
[3.072s] Invoked command in '/home/meric/f1_ws/src/f1tenth_system/teleop_tools/mouse_teleop' returned '1': PYTHONPATH=/home/meric/f1_ws/build/mouse_teleop/prefix_override:/home/meric/.local/lib/python3.10/site-packages/colcon_core/task/python/colcon_distutils_commands:/home/meric/f1_ws/install/mouse_teleop/lib/python3.10/site-packages:${PYTHONPATH} /usr/bin/python3 -W ignore:setup.py install is deprecated setup.py egg_info --egg-base ../../../../build/mouse_teleop build --build-base /home/meric/f1_ws/build/mouse_teleop/build install --record /home/meric/f1_ws/build/mouse_teleop/install.log --install-scripts $base/lib/mouse_teleop --single-version-externally-managed install_data
